Java HotSpot(TM) 64-Bit Server VM (25.144-b01) for windows-amd64 JRE (1.8.0_144-b01), built on Jul 21 2017 21:57:33 by "java_re" with MS VC++ 10.0 (VS2010)
Memory: 4k page, physical 33408000k(21259460k free), swap 38388736k(22452672k free)
CommandLine flags: -XX:InitialHeapSize=1073741824 -XX:MaxHeapSize=21474836480 -XX:MaxNewSize=697933824 -XX:MaxTenuringThreshold=6 -XX:NewSize=697933824 -XX:OldPLABSize=16 -XX:OldSize=1395867648 -XX:+PrintGC -XX:+PrintGCDetails -XX:+PrintGCTimeStamps -XX:+UseCompressedClassPointers -XX:+UseCompressedOops -XX:+UseConcMarkSweepGC -XX:-UseLargePagesIndividualAllocation -XX:+UseParNewGC 
2.218: [GC (CMS Initial Mark) [1 CMS-initial-mark: 0K(367040K)] 185497K(980480K), 0.0300606 secs] [Times: user=0.03 sys=0.00, real=0.03 secs] 
2.248: [CMS-concurrent-mark-start]
2.250: [CMS-concurrent-mark: 0.002/0.002 secs] [Times: user=0.00 sys=0.00, real=0.00 secs] 
2.250: [CMS-concurrent-preclean-start]
2.254: [CMS-concurrent-preclean: 0.004/0.004 secs] [Times: user=0.00 sys=0.00, real=0.01 secs] 
2.254: [CMS-concurrent-abortable-preclean-start]
4.814: [GC (Allocation Failure) 4.814: [ParNew: 545344K->21826K(613440K), 0.0179105 secs] 545344K->21826K(980480K), 0.0180174 secs] [Times: user=0.02 sys=0.00, real=0.02 secs] 
5.267: [CMS-concurrent-abortable-preclean: 0.427/3.013 secs] [Times: user=4.33 sys=0.94, real=3.01 secs] 
5.267: [GC (CMS Final Remark) [YG occupancy: 337584 K (613440 K)]5.267: [Rescan (parallel) , 0.0295399 secs]5.297: [weak refs processing, 0.0000239 secs]5.297: [class unloading, 0.0041520 secs]5.301: [scrub symbol table, 0.0063330 secs]5.308: [scrub string table, 0.0004740 secs][1 CMS-remark: 0K(367040K)] 337584K(980480K), 0.0412724 secs] [Times: user=0.22 sys=0.00, real=0.04 secs] 
5.309: [CMS-concurrent-sweep-start]
5.309: [CMS-concurrent-sweep: 0.000/0.000 secs] [Times: user=0.00 sys=0.00, real=0.00 secs] 
5.309: [CMS-concurrent-reset-start]
5.553: [CMS-concurrent-reset: 0.229/0.244 secs] [Times: user=1.25 sys=0.27, real=0.24 secs] 
6.193: [GC (Allocation Failure) 6.193: [ParNew: 567170K->45362K(613440K), 0.0193635 secs] 567170K->45362K(980480K), 0.0194272 secs] [Times: user=0.06 sys=0.05, real=0.02 secs] 
19.506: [GC (Allocation Failure) 19.506: [ParNew: 590706K->60362K(613440K), 0.0761570 secs] 590706K->77023K(980480K), 0.0762587 secs] [Times: user=0.34 sys=0.02, real=0.08 secs] 
20.082: [GC (Allocation Failure) 20.082: [ParNew: 605706K->68096K(613440K), 0.0455113 secs] 622367K->152121K(980480K), 0.0455817 secs] [Times: user=0.30 sys=0.06, real=0.04 secs] 
20.773: [GC (Allocation Failure) 20.773: [ParNew: 613440K->68096K(613440K), 0.0381391 secs] 697465K->208640K(980480K), 0.0381996 secs] [Times: user=0.19 sys=0.06, real=0.04 secs] 
53.939: [GC (Allocation Failure) 53.939: [ParNew: 613440K->68096K(613440K), 0.0591717 secs] 753984K->265096K(980480K), 0.0593850 secs] [Times: user=0.30 sys=0.03, real=0.06 secs] 
61.842: [Full GC (System.gc()) 61.842: [CMS: 197000K->224727K(367040K), 0.3303951 secs] 532518K->224727K(980480K), [Metaspace: 67520K->67520K(1112064K)], 0.3305732 secs] [Times: user=0.31 sys=0.02, real=0.33 secs] 
121.842: [Full GC (System.gc()) 121.842: [CMS: 224727K->215121K(374548K), 0.2442216 secs] 266809K->215121K(987988K), [Metaspace: 67524K->67524K(1112064K)], 0.2443382 secs] [Times: user=0.23 sys=0.00, real=0.24 secs] 
181.842: [Full GC (System.gc()) 181.842: [CMS: 215121K->214922K(374548K), 0.2376804 secs] 238446K->214922K(987988K), [Metaspace: 67525K->67525K(1112064K)], 0.2379340 secs] [Times: user=0.22 sys=0.00, real=0.24 secs] 
241.843: [Full GC (System.gc()) 241.843: [CMS: 214922K->214922K(374548K), 0.1918140 secs] 238246K->214922K(987988K), [Metaspace: 67525K->67525K(1112064K)], 0.1919364 secs] [Times: user=0.19 sys=0.00, real=0.19 secs] 
301.843: [Full GC (System.gc()) 301.844: [CMS: 214922K->214922K(374548K), 0.1796847 secs] 238879K->214922K(987988K), [Metaspace: 67530K->67530K(1112064K)], 0.1797760 secs] [Times: user=0.17 sys=0.00, real=0.18 secs] 
361.843: [Full GC (System.gc()) 361.843: [CMS: 214922K->214922K(374548K), 0.1792267 secs] 238247K->214922K(987988K), [Metaspace: 67531K->67531K(1112064K)], 0.1794299 secs] [Times: user=0.17 sys=0.00, real=0.18 secs] 
421.842: [Full GC (System.gc()) 421.842: [CMS: 214922K->214923K(374548K), 0.1948869 secs] 238247K->214923K(987988K), [Metaspace: 67531K->67531K(1112064K)], 0.1950188 secs] [Times: user=0.19 sys=0.00, real=0.19 secs] 
481.843: [Full GC (System.gc()) 481.843: [CMS: 214923K->214924K(374548K), 0.1799960 secs] 238248K->214924K(987988K), [Metaspace: 67531K->67531K(1112064K)], 0.1800987 secs] [Times: user=0.17 sys=0.00, real=0.18 secs] 
541.843: [Full GC (System.gc()) 541.843: [CMS: 214924K->214924K(374548K), 0.1850232 secs] 238248K->214924K(987988K), [Metaspace: 67531K->67531K(1112064K)], 0.1851133 secs] [Times: user=0.17 sys=0.00, real=0.18 secs] 
601.842: [Full GC (System.gc()) 601.842: [CMS: 214924K->214911K(374548K), 0.2261718 secs] 242102K->214911K(987988K), [Metaspace: 67532K->67532K(1112064K)], 0.2262630 secs] [Times: user=0.22 sys=0.00, real=0.23 secs] 
661.842: [Full GC (System.gc()) 661.842: [CMS: 214911K->214911K(374548K), 0.1965448 secs] 238235K->214911K(987988K), [Metaspace: 67532K->67532K(1112064K)], 0.1966961 secs] [Times: user=0.19 sys=0.00, real=0.20 secs] 
721.843: [Full GC (System.gc()) 721.843: [CMS: 214911K->214911K(374548K), 0.1821655 secs] 238235K->214911K(987988K), [Metaspace: 67532K->67532K(1112064K)], 0.1822669 secs] [Times: user=0.17 sys=0.00, real=0.18 secs] 
781.843: [Full GC (System.gc()) 781.843: [CMS: 214911K->214911K(374548K), 0.1792784 secs] 238235K->214911K(987988K), [Metaspace: 67532K->67532K(1112064K)], 0.1793749 secs] [Times: user=0.17 sys=0.00, real=0.18 secs] 
841.842: [Full GC (System.gc()) 841.842: [CMS: 214911K->214911K(374548K), 0.1952106 secs] 238235K->214911K(987988K), [Metaspace: 67532K->67532K(1112064K)], 0.1953252 secs] [Times: user=0.19 sys=0.00, real=0.19 secs] 
901.842: [Full GC (System.gc()) 901.842: [CMS: 214911K->214911K(374548K), 0.1996250 secs] 238235K->214911K(987988K), [Metaspace: 67533K->67533K(1112064K)], 0.1997404 secs] [Times: user=0.17 sys=0.00, real=0.20 secs] 
961.842: [Full GC (System.gc()) 961.842: [CMS: 214911K->214911K(374548K), 0.1973858 secs] 238235K->214911K(987988K), [Metaspace: 67533K->67533K(1112064K)], 0.1974807 secs] [Times: user=0.19 sys=0.00, real=0.20 secs] 
1021.843: [Full GC (System.gc()) 1021.843: [CMS: 214911K->214911K(374548K), 0.2128557 secs] 238235K->214911K(987988K), [Metaspace: 67533K->67533K(1112064K)], 0.2130221 secs] [Times: user=0.22 sys=0.00, real=0.21 secs] 
Heap
 par new generation   total 613440K, used 66138K [0x00000002c0000000, 0x00000002e9990000, 0x00000002e9990000)
  eden space 545344K,  12% used [0x00000002c0000000, 0x00000002c4096848, 0x00000002e1490000)
  from space 68096K,   0% used [0x00000002e1490000, 0x00000002e1490000, 0x00000002e5710000)
  to   space 68096K,   0% used [0x00000002e5710000, 0x00000002e5710000, 0x00000002e9990000)
 concurrent mark-sweep generation total 374548K, used 214911K [0x00000002e9990000, 0x0000000300755000, 0x00000007c0000000)
 Metaspace       used 67637K, capacity 70497K, committed 70704K, reserved 1112064K
  class space    used 8042K, capacity 8516K, committed 8608K, reserved 1048576K
