#
# A fatal error has been detected by the Java Runtime Environment:
#
#  EXCEPTION_ACCESS_VIOLATION (0xc0000005) at pc=0x000000005959b860, pid=6116, tid=0x0000000000003130
#
# JRE version: Java(TM) SE Runtime Environment (8.0_101-b13) (build 1.8.0_101-b13)
# Java VM: Java HotSpot(TM) 64-Bit Server VM (25.101-b13 mixed mode windows-amd64 compressed oops)
# Problematic frame:
# V  [jvm.dll+0x1ab860]
#
# Failed to write core dump. Minidumps are not enabled by default on client versions of Windows
#
# If you would like to submit a bug report, please visit:
#   http://bugreport.java.com/bugreport/crash.jsp
#

---------------  T H R E A D  ---------------

Current thread (0x0000000030fd9000):  JavaThread "JDWP Transport Listener: dt_socket" daemon [_thread_in_vm, id=12592, stack(0x0000000031ad0000,0x0000000031bd0000)]

siginfo: ExceptionCode=0xc0000005, writing address 0x00000003694749b0

Registers:
RAX=0x00000000462569c8, RBX=0x0000000064646400, RCX=0x0000000045bd2510, RDX=0x0000000000000001
RSP=0x0000000031bcf290, RBP=0x0000000031bcf3d8, RSI=0x00000007c044e2a8, RDI=0x000000000000000d
R8 =0x0000000030fe1d00, R9 =0x0000000000000001, R10=0x0000000000000000, R11=0x00000000462569c8
R12=0x00000000462429b0, R13=0x0000000031bcf390, R14=0x0000000031bcf3d8, R15=0x000000000000000d
RIP=0x000000005959b860, EFLAGS=0x0000000000010202

Top of Stack: (sp=0x0000000031bcf290)
0x0000000031bcf290:   0000000064646400 0000000031bcf3d8
0x0000000031bcf2a0:   00000007c044e2a8 000000005b880c18
0x0000000031bcf2b0:   0000000030fd9000 0000000030fd6c00
0x0000000031bcf2c0:   0000000030fd93f0 0000000030fd9400
0x0000000031bcf2d0:   0000000030fd94d8 00000000000000d8
0x0000000031bcf2e0:   0000000031bcf6b0 000000005966b3b4
0x0000000031bcf2f0:   0000000000000000 0000000000000000
0x0000000031bcf300:   0000000030fe2c28 00000006c09fd1f8
0x0000000031bcf310:   0000000030fd9000 0000000059736c73
0x0000000031bcf320:   0000000031bcf3d8 0000000031bcf390
0x0000000031bcf330:   0000000002918810 000000005b876c0e
0x0000000031bcf340:   0000000030fd9000 0000000000000000
0x0000000031bcf350:   0000000000000000 0000000000000000
0x0000000031bcf360:   0000000000000000 000000005b86551f
0x0000000031bcf370:   0000000031bcf420 0000000000000001
0x0000000031bcf380:   0000000039da3640 0000000031bcf450 

Instructions: (pc=0x000000005959b860)
0x000000005959b840:   48 8b 8e 80 01 00 00 48 8b 86 a0 01 00 00 48 8b
0x000000005959b850:   4c f9 08 48 63 5c b8 04 e8 83 14 ef ff 48 ff c7
0x000000005959b860:   49 89 04 dc 49 3b ff 7c d7 eb 23 45 85 ff 7e 1e
0x000000005959b870:   48 8b 86 80 01 00 00 48 8b 4c f8 08 e8 5f 14 ef 


Register to memory mapping:

RAX=0x00000000462569c8 is an unknown value
RBX=0x0000000064646400 is an unknown value
RCX=0x0000000045bd2510 is an unknown value
RDX=0x0000000000000001 is an unknown value
RSP=0x0000000031bcf290 is pointing into the stack for thread: 0x0000000030fd9000
RBP=0x0000000031bcf3d8 is pointing into the stack for thread: 0x0000000030fd9000
RSI=0x00000007c044e2a8 is pointing into metadata
RDI=0x000000000000000d is an unknown value
R8 =0x0000000030fe1d00 is an unknown value
R9 =0x0000000000000001 is an unknown value
R10=0x0000000000000000 is an unknown value
R11=0x00000000462569c8 is an unknown value
R12=0x00000000462429b0 is an unknown value
R13=0x0000000031bcf390 is pointing into the stack for thread: 0x0000000030fd9000
R14=0x0000000031bcf3d8 is pointing into the stack for thread: 0x0000000030fd9000
R15=0x000000000000000d is an unknown value


Stack: [0x0000000031ad0000,0x0000000031bd0000],  sp=0x0000000031bcf290,  free space=1020k
Native frames: (J=compiled Java code, j=interpreted, Vv=VM code, C=native code)
V  [jvm.dll+0x1ab860]
V  [jvm.dll+0x346c73]
C  [jdwp.dll+0x551f]
C  [jdwp.dll+0xf0a8]
C  [jdwp.dll+0x1f2d5]
C  [jdwp.dll+0x1f4aa]
V  [jvm.dll+0x1bd258]
V  [jvm.dll+0x2451a4]
V  [jvm.dll+0x29c18a]
C  [msvcr100.dll+0x21d9f]
C  [msvcr100.dll+0x21e3b]
C  [KERNEL32.DLL+0x8364]
C  [ntdll.dll+0x65e91]


---------------  P R O C E S S  ---------------

Java Threads: ( => current thread )
  0x000000003a06f000 JavaThread "Idle World Wind Task " daemon [_thread_blocked, id=14328, stack(0x000000004b2e0000,0x000000004b3e0000)]
  0x000000003a06e800 JavaThread "Idle World Wind Task " daemon [_thread_blocked, id=14716, stack(0x000000004b1e0000,0x000000004b2e0000)]
  0x000000003a06d800 JavaThread "Idle World Wind Task " daemon [_thread_blocked, id=10764, stack(0x000000004b0e0000,0x000000004b1e0000)]
  0x0000000039ad3000 JavaThread "Idle World Wind Task " daemon [_thread_blocked, id=10288, stack(0x000000004afe0000,0x000000004b0e0000)]
  0x0000000039ad0000 JavaThread "Idle World Wind Task " daemon [_thread_blocked, id=4444, stack(0x000000004aee0000,0x000000004afe0000)]
  0x0000000039acc800 JavaThread "AWT-EventQueue-0" [_thread_blocked, id=14672, stack(0x0000000047520000,0x0000000047620000)]
  0x0000000039acf800 JavaThread "AWT-Shutdown" [_thread_blocked, id=14396, stack(0x0000000047420000,0x0000000047520000)]
  0x0000000039ad2800 JavaThread "Thread-18" daemon [_thread_blocked, id=14644, stack(0x0000000047320000,0x0000000047420000)]
  0x0000000039ace800 JavaThread "TimerQueue" daemon [_thread_blocked, id=13056, stack(0x0000000047220000,0x0000000047320000)]
  0x0000000039ad1800 JavaThread "Thread-4-SharedResourceRunner" daemon [_thread_blocked, id=1576, stack(0x0000000043cc0000,0x0000000043dc0000)]
  0x0000000039acd000 JavaThread "Prism Font Disposer" daemon [_thread_blocked, id=3424, stack(0x000000003da60000,0x000000003db60000)]
  0x0000000039c76800 JavaThread "AWT-Windows" daemon [_thread_in_native, id=7400, stack(0x000000003b9b0000,0x000000003bab0000)]
  0x0000000039cd1800 JavaThread "Java2D Disposer" daemon [_thread_blocked, id=4240, stack(0x000000003b6e0000,0x000000003b7e0000)]
  0x0000000032b1b800 JavaThread "JavaFX-Launcher" [_thread_blocked, id=11448, stack(0x000000003a960000,0x000000003aa60000)]
  0x00000000324f3000 JavaThread "Thread-2" daemon [_thread_in_native, id=5628, stack(0x0000000039690000,0x0000000039790000)]
  0x000000003244c800 JavaThread "JavaFX Application Thread" [_thread_blocked, id=13840, stack(0x0000000032f20000,0x0000000033020000)]
  0x000000003244b800 JavaThread "Thread-1" daemon [_thread_blocked, id=15040, stack(0x0000000032e20000,0x0000000032f20000)]
  0x000000003139e000 JavaThread "QuantumRenderer-0" daemon [_thread_blocked, id=15328, stack(0x0000000032bd0000,0x0000000032cd0000)]
  0x0000000031095000 JavaThread "Service Thread" daemon [_thread_blocked, id=11332, stack(0x00000000321d0000,0x00000000322d0000)]
  0x0000000031000800 JavaThread "C1 CompilerThread3" daemon [_thread_blocked, id=9640, stack(0x00000000320d0000,0x00000000321d0000)]
  0x0000000030ffe800 JavaThread "C2 CompilerThread2" daemon [_thread_blocked, id=13960, stack(0x0000000031fd0000,0x00000000320d0000)]
  0x0000000030ffe000 JavaThread "C2 CompilerThread1" daemon [_thread_blocked, id=14772, stack(0x0000000031ed0000,0x0000000031fd0000)]
  0x0000000030ff5000 JavaThread "C2 CompilerThread0" daemon [_thread_blocked, id=15340, stack(0x0000000031dd0000,0x0000000031ed0000)]
  0x0000000030fe7000 JavaThread "JDWP Command Reader" daemon [_thread_in_native, id=15060, stack(0x0000000031cd0000,0x0000000031dd0000)]
  0x0000000030fe6000 JavaThread "JDWP Event Helper Thread" daemon [_thread_blocked, id=7980, stack(0x0000000031bd0000,0x0000000031cd0000)]
=>0x0000000030fd9000 JavaThread "JDWP Transport Listener: dt_socket" daemon [_thread_in_vm, id=12592, stack(0x0000000031ad0000,0x0000000031bd0000)]
  0x0000000030fcc800 JavaThread "Attach Listener" daemon [_thread_blocked, id=6812, stack(0x0000000031690000,0x0000000031790000)]
  0x0000000030fcb000 JavaThread "Signal Dispatcher" daemon [_thread_blocked, id=15108, stack(0x0000000031590000,0x0000000031690000)]
  0x0000000030fc0800 JavaThread "Finalizer" daemon [_thread_blocked, id=5336, stack(0x00000000313a0000,0x00000000314a0000)]
  0x000000002f0cd800 JavaThread "Reference Handler" daemon [_thread_blocked, id=14344, stack(0x0000000030ea0000,0x0000000030fa0000)]
  0x0000000002923800 JavaThread "main" [_thread_blocked, id=10236, stack(0x00000000027a0000,0x00000000028a0000)]

Other Threads:
  0x000000002f0c8800 VMThread [stack: 0x0000000030da0000,0x0000000030ea0000] [id=8956]
  0x00000000310a6000 WatcherThread [stack: 0x00000000322d0000,0x00000000323d0000] [id=6612]

VM state:not at safepoint (normal execution)

VM Mutex/Monitor currently owned by a thread: None

Heap:
 PSYoungGen      total 202240K, used 48293K [0x00000006c0000000, 0x00000006fdd80000, 0x00000007c0000000)
  eden space 180736K, 26% used [0x00000006c0000000,0x00000006c2f29700,0x00000006cb080000)
  from space 21504K, 0% used [0x00000006cb080000,0x00000006cb080000,0x00000006cc580000)
  to   space 344576K, 0% used [0x00000006e8d00000,0x00000006e8d00000,0x00000006fdd80000)
 ParOldGen       total 956928K, used 326840K [0x00000004c0000000, 0x00000004fa680000, 0x00000006c0000000)
  object space 956928K, 34% used [0x00000004c0000000,0x00000004d3f2e2f8,0x00000004fa680000)
 Metaspace       used 34342K, capacity 35369K, committed 35456K, reserved 1081344K
  class space    used 4243K, capacity 4462K, committed 4480K, reserved 1048576K

Card table byte_map: [0x0000000011de0000,0x00000000135f0000] byte_map_base: 0x000000000f7e0000

Marking Bits: (ParMarkBitMap*) 0x0000000059c0a6d0
 Begin Bits: [0x0000000014df0000, 0x0000000020df0000)
 End Bits:   [0x0000000020df0000, 0x000000002cdf0000)

Polling page: 0x0000000002730000

CodeCache: size=245760Kb used=10922Kb max_used=10922Kb free=234837Kb
 bounds [0x0000000002a20000, 0x00000000034e0000, 0x0000000011a20000]
 total_blobs=4574 nmethods=3369 adapters=1124
 compilation: enabled

Compilation events (10 events):
Event: 28.040 Thread 0x0000000031000800 3366       3       java.util.ResourceBundle$Control::getCandidateLocales (33 bytes)
Event: 28.040 Thread 0x0000000031000800 nmethod 3366 0x00000000034cf090 code [0x00000000034cf240, 0x00000000034cf788]
Event: 28.542 Thread 0x0000000031000800 3367       3       gov.nasa.worldwind.util.StatusBar$1::actionPerformed (202 bytes)
Event: 28.543 Thread 0x0000000031000800 nmethod 3367 0x00000000034cf950 code [0x00000000034cfc20, 0x00000000034d1188]
Event: 28.543 Thread 0x0000000031000800 3368       3       sun.awt.NullComponentPeer::setForeground (1 bytes)
Event: 28.543 Thread 0x0000000031000800 nmethod 3368 0x00000000034c9d90 code [0x00000000034c9ee0, 0x00000000034ca030]
Event: 28.743 Thread 0x0000000031000800 3369       3       java.util.ResourceBundle::getDefaultControl (55 bytes)
Event: 28.743 Thread 0x0000000031000800 nmethod 3369 0x00000000034d1a50 code [0x00000000034d1bc0, 0x00000000034d1d70]
Event: 28.743 Thread 0x0000000031000800 3370       3       java.util.ResourceBundle$Control::getFallbackLocale (30 bytes)
Event: 28.744 Thread 0x0000000031000800 nmethod 3370 0x00000000034d1e10 code [0x00000000034d1fa0, 0x00000000034d2378]

GC Heap History (10 events):
Event: 2.036 GC heap before
{Heap before GC invocations=3 (full 1):
 PSYoungGen      total 153088K, used 131584K [0x00000006c0000000, 0x00000006caa80000, 0x00000007c0000000)
  eden space 131584K, 100% used [0x00000006c0000000,0x00000006c8080000,0x00000006c8080000)
  from space 21504K, 0% used [0x00000006c8080000,0x00000006c8080000,0x00000006c9580000)
  to   space 21504K, 0% used [0x00000006c9580000,0x00000006c9580000,0x00000006caa80000)
 ParOldGen       total 349696K, used 6606K [0x00000004c0000000, 0x00000004d5580000, 0x00000006c0000000)
  object space 349696K, 1% used [0x00000004c0000000,0x00000004c06739c8,0x00000004d5580000)
 Metaspace       used 28078K, capacity 28783K, committed 29056K, reserved 1075200K
  class space    used 3440K, capacity 3599K, committed 3712K, reserved 1048576K
Event: 2.040 GC heap after
Heap after GC invocations=3 (full 1):
 PSYoungGen      total 153088K, used 5837K [0x00000006c0000000, 0x00000006cc000000, 0x00000007c0000000)
  eden space 131584K, 0% used [0x00000006c0000000,0x00000006c0000000,0x00000006c8080000)
  from space 21504K, 27% used [0x00000006c9580000,0x00000006c9b33488,0x00000006caa80000)
  to   space 21504K, 0% used [0x00000006c8080000,0x00000006c8080000,0x00000006c9580000)
 ParOldGen       total 349696K, used 6614K [0x00000004c0000000, 0x00000004d5580000, 0x00000006c0000000)
  object space 349696K, 1% used [0x00000004c0000000,0x00000004c06759c8,0x00000004d5580000)
 Metaspace       used 28078K, capacity 28783K, committed 29056K, reserved 1075200K
  class space    used 3440K, capacity 3599K, committed 3712K, reserved 1048576K
}
Event: 2.122 GC heap before
{Heap before GC invocations=4 (full 1):
 PSYoungGen      total 153088K, used 137421K [0x00000006c0000000, 0x00000006cc000000, 0x00000007c0000000)
  eden space 131584K, 100% used [0x00000006c0000000,0x00000006c8080000,0x00000006c8080000)
  from space 21504K, 27% used [0x00000006c9580000,0x00000006c9b33488,0x00000006caa80000)
  to   space 21504K, 0% used [0x00000006c8080000,0x00000006c8080000,0x00000006c9580000)
 ParOldGen       total 349696K, used 6614K [0x00000004c0000000, 0x00000004d5580000, 0x00000006c0000000)
  object space 349696K, 1% used [0x00000004c0000000,0x00000004c06759c8,0x00000004d5580000)
 Metaspace       used 28192K, capacity 28911K, committed 29056K, reserved 1075200K
  class space    used 3441K, capacity 3599K, committed 3712K, reserved 1048576K
Event: 2.125 GC heap after
Heap after GC invocations=4 (full 1):
 PSYoungGen      total 153088K, used 3025K [0x00000006c0000000, 0x00000006cdb00000, 0x00000007c0000000)
  eden space 131584K, 0% used [0x00000006c0000000,0x00000006c0000000,0x00000006c8080000)
  from space 21504K, 14% used [0x00000006c8080000,0x00000006c8374748,0x00000006c9580000)
  to   space 21504K, 0% used [0x00000006cc600000,0x00000006cc600000,0x00000006cdb00000)
 ParOldGen       total 349696K, used 6622K [0x00000004c0000000, 0x00000004d5580000, 0x00000006c0000000)
  object space 349696K, 1% used [0x00000004c0000000,0x00000004c06779c8,0x00000004d5580000)
 Metaspace       used 28192K, capacity 28911K, committed 29056K, reserved 1075200K
  class space    used 3441K, capacity 3599K, committed 3712K, reserved 1048576K
}
Event: 2.348 GC heap before
{Heap before GC invocations=5 (full 1):
 PSYoungGen      total 153088K, used 134160K [0x00000006c0000000, 0x00000006cdb00000, 0x00000007c0000000)
  eden space 131584K, 99% used [0x00000006c0000000,0x00000006c800fa00,0x00000006c8080000)
  from space 21504K, 14% used [0x00000006c8080000,0x00000006c8374748,0x00000006c9580000)
  to   space 21504K, 0% used [0x00000006cc600000,0x00000006cc600000,0x00000006cdb00000)
 ParOldGen       total 349696K, used 6622K [0x00000004c0000000, 0x00000004d5580000, 0x00000006c0000000)
  object space 349696K, 1% used [0x00000004c0000000,0x00000004c06779c8,0x00000004d5580000)
 Metaspace       used 31457K, capacity 32401K, committed 32640K, reserved 1077248K
  class space    used 3918K, capacity 4112K, committed 4224K, reserved 1048576K
Event: 2.351 GC heap after
Heap after GC invocations=5 (full 1):
 PSYoungGen      total 201728K, used 4757K [0x00000006c0000000, 0x00000006cda80000, 0x00000007c0000000)
  eden space 180736K, 0% used [0x00000006c0000000,0x00000006c0000000,0x00000006cb080000)
  from space 20992K, 22% used [0x00000006cc600000,0x00000006ccaa54f0,0x00000006cda80000)
  to   space 21504K, 0% used [0x00000006cb080000,0x00000006cb080000,0x00000006cc580000)
 ParOldGen       total 349696K, used 6630K [0x00000004c0000000, 0x00000004d5580000, 0x00000006c0000000)
  object space 349696K, 1% used [0x00000004c0000000,0x00000004c06799c8,0x00000004d5580000)
 Metaspace       used 31457K, capacity 32401K, committed 32640K, reserved 1077248K
  class space    used 3918K, capacity 4112K, committed 4224K, reserved 1048576K
}
Event: 2.563 GC heap before
{Heap before GC invocations=6 (full 1):
 PSYoungGen      total 201728K, used 185493K [0x00000006c0000000, 0x00000006cda80000, 0x00000007c0000000)
  eden space 180736K, 100% used [0x00000006c0000000,0x00000006cb080000,0x00000006cb080000)
  from space 20992K, 22% used [0x00000006cc600000,0x00000006ccaa54f0,0x00000006cda80000)
  to   space 21504K, 0% used [0x00000006cb080000,0x00000006cb080000,0x00000006cc580000)
 ParOldGen       total 349696K, used 154707K [0x00000004c0000000, 0x00000004d5580000, 0x00000006c0000000)
  object space 349696K, 44% used [0x00000004c0000000,0x00000004c9714ed8,0x00000004d5580000)
 Metaspace       used 32220K, capacity 33257K, committed 33536K, reserved 1079296K
  class space    used 3999K, capacity 4226K, committed 4352K, reserved 1048576K
Event: 2.663 GC heap after
Heap after GC invocations=6 (full 1):
 PSYoungGen      total 202240K, used 21485K [0x00000006c0000000, 0x00000006fdd80000, 0x00000007c0000000)
  eden space 180736K, 0% used [0x00000006c0000000,0x00000006c0000000,0x00000006cb080000)
  from space 21504K, 99% used [0x00000006cb080000,0x00000006cc57b4a0,0x00000006cc580000)
  to   space 344576K, 0% used [0x00000006e8d00000,0x00000006e8d00000,0x00000006fdd80000)
 ParOldGen       total 646656K, used 634555K [0x00000004c0000000, 0x00000004e7780000, 0x00000006c0000000)
  object space 646656K, 98% used [0x00000004c0000000,0x00000004e6baef68,0x00000004e7780000)
 Metaspace       used 32220K, capacity 33257K, committed 33536K, reserved 1079296K
  class space    used 3999K, capacity 4226K, committed 4352K, reserved 1048576K
}
Event: 2.663 GC heap before
{Heap before GC invocations=7 (full 2):
 PSYoungGen      total 202240K, used 21485K [0x00000006c0000000, 0x00000006fdd80000, 0x00000007c0000000)
  eden space 180736K, 0% used [0x00000006c0000000,0x00000006c0000000,0x00000006cb080000)
  from space 21504K, 99% used [0x00000006cb080000,0x00000006cc57b4a0,0x00000006cc580000)
  to   space 344576K, 0% used [0x00000006e8d00000,0x00000006e8d00000,0x00000006fdd80000)
 ParOldGen       total 646656K, used 634555K [0x00000004c0000000, 0x00000004e7780000, 0x00000006c0000000)
  object space 646656K, 98% used [0x00000004c0000000,0x00000004e6baef68,0x00000004e7780000)
 Metaspace       used 32220K, capacity 33257K, committed 33536K, reserved 1079296K
  class space    used 3999K, capacity 4226K, committed 4352K, reserved 1048576K
Event: 2.703 GC heap after
Heap after GC invocations=7 (full 2):
 PSYoungGen      total 202240K, used 0K [0x00000006c0000000, 0x00000006fdd80000, 0x00000007c0000000)
  eden space 180736K, 0% used [0x00000006c0000000,0x00000006c0000000,0x00000006cb080000)
  from space 21504K, 0% used [0x00000006cb080000,0x00000006cb080000,0x00000006cc580000)
  to   space 344576K, 0% used [0x00000006e8d00000,0x00000006e8d00000,0x00000006fdd80000)
 ParOldGen       total 956928K, used 326840K [0x00000004c0000000, 0x00000004fa680000, 0x00000006c0000000)
  object space 956928K, 34% used [0x00000004c0000000,0x00000004d3f2e2f8,0x00000004fa680000)
 Metaspace       used 32220K, capacity 33257K, committed 33536K, reserved 1079296K
  class space    used 3999K, capacity 4226K, committed 4352K, reserved 1048576K
}

Deoptimization events (10 events):
Event: 2.766 Thread 0x000000003244c800 Uncommon trap: reason=array_check action=maybe_recompile pc=0x000000000321ee00 method=com.sun.javafx.css.SimpleSelector.applies(Ljavafx/css/Styleable;[Ljava/util/Set;I)Z @ 37
Event: 2.766 Thread 0x000000003244c800 Uncommon trap: reason=array_check action=maybe_recompile pc=0x00000000031fc6e8 method=com.sun.javafx.css.SimpleSelector.applies(Ljavafx/css/Styleable;[Ljava/util/Set;I)Z @ 37
Event: 2.766 Thread 0x000000003244c800 Uncommon trap: reason=array_check action=maybe_recompile pc=0x000000000321ee00 method=com.sun.javafx.css.SimpleSelector.applies(Ljavafx/css/Styleable;[Ljava/util/Set;I)Z @ 37
Event: 2.766 Thread 0x000000003244c800 Uncommon trap: reason=array_check action=maybe_recompile pc=0x000000000321ee00 method=com.sun.javafx.css.SimpleSelector.applies(Ljavafx/css/Styleable;[Ljava/util/Set;I)Z @ 37
Event: 2.766 Thread 0x000000003244c800 Uncommon trap: reason=array_check action=maybe_recompile pc=0x00000000031fc6e8 method=com.sun.javafx.css.SimpleSelector.applies(Ljavafx/css/Styleable;[Ljava/util/Set;I)Z @ 37
Event: 2.800 Thread 0x000000003244c800 Uncommon trap: reason=unstable_if action=reinterpret pc=0x0000000002d4b7b8 method=jdk.internal.org.objectweb.asm.Type.getArgumentsAndReturnSizes(Ljava/lang/String;)I @ 47
Event: 2.817 Thread 0x0000000039acc800 Uncommon trap: reason=unstable_if action=reinterpret pc=0x000000000331b944 method=gov.nasa.worldwind.render.SurfaceTileRenderer.fillByteBuffer(Ljava/nio/ByteBuffer;B)V @ 7
Event: 2.822 Thread 0x0000000039acc800 Uncommon trap: reason=unstable_if action=reinterpret pc=0x0000000003111358 method=java.util.BitSet.get(I)Z @ 60
Event: 2.872 Thread 0x0000000039acc800 Uncommon trap: reason=null_check action=make_not_entrant pc=0x000000000329694c method=gov.nasa.worldwind.terrain.BasicElevationModel.getExtremeElevations(Lgov/nasa/worldwind/geom/Sector;)[D @ 36
Event: 2.966 Thread 0x0000000039acc800 Uncommon trap: reason=unstable_if action=reinterpret pc=0x00000000033adca8 method=sun.awt.image.ByteInterleavedRaster.getDataElements(IILjava/lang/Object;)Ljava/lang/Object; @ 43

Internal exceptions (10 events):
Event: 12.209 Thread 0x0000000039ad2800 Exception <a 'java/net/UnknownHostException': worldwind.arc.nasa.gov> (0x00000006c2c83c98) thrown at [C:\re\workspace\8-2-build-windows-amd64-cygwin\jdk8u101\7261\hotspot\src\share\vm\prims\jni.cpp, line 735]
Event: 12.209 Thread 0x0000000039ad2800 Exception <a 'java/net/UnknownHostException': www.nasa.gov> (0x00000006c2c85060) thrown at [C:\re\workspace\8-2-build-windows-amd64-cygwin\jdk8u101\7261\hotspot\src\share\vm\prims\jni.cpp, line 735]
Event: 12.210 Thread 0x0000000039ad2800 Exception <a 'java/net/UnknownHostException': google.com> (0x00000006c2c86070) thrown at [C:\re\workspace\8-2-build-windows-amd64-cygwin\jdk8u101\7261\hotspot\src\share\vm\prims\jni.cpp, line 735]
Event: 12.210 Thread 0x0000000039ad2800 Exception <a 'java/net/UnknownHostException': microsoft.com> (0x00000006c2c868b0) thrown at [C:\re\workspace\8-2-build-windows-amd64-cygwin\jdk8u101\7261\hotspot\src\share\vm\prims\jni.cpp, line 735]
Event: 12.210 Thread 0x0000000039ad2800 Exception <a 'java/net/UnknownHostException': yahoo.com> (0x00000006c2c87190) thrown at [C:\re\workspace\8-2-build-windows-amd64-cygwin\jdk8u101\7261\hotspot\src\share\vm\prims\jni.cpp, line 735]
Event: 22.218 Thread 0x0000000039ad2800 Exception <a 'java/net/UnknownHostException': worldwind.arc.nasa.gov> (0x00000006c2c8bc10) thrown at [C:\re\workspace\8-2-build-windows-amd64-cygwin\jdk8u101\7261\hotspot\src\share\vm\prims\jni.cpp, line 735]
Event: 22.218 Thread 0x0000000039ad2800 Exception <a 'java/net/UnknownHostException': www.nasa.gov> (0x00000006c2c8c578) thrown at [C:\re\workspace\8-2-build-windows-amd64-cygwin\jdk8u101\7261\hotspot\src\share\vm\prims\jni.cpp, line 735]
Event: 22.219 Thread 0x0000000039ad2800 Exception <a 'java/net/UnknownHostException': google.com> (0x00000006c2c8d588) thrown at [C:\re\workspace\8-2-build-windows-amd64-cygwin\jdk8u101\7261\hotspot\src\share\vm\prims\jni.cpp, line 735]
Event: 22.219 Thread 0x0000000039ad2800 Exception <a 'java/net/UnknownHostException': microsoft.com> (0x00000006c2c8ddc8) thrown at [C:\re\workspace\8-2-build-windows-amd64-cygwin\jdk8u101\7261\hotspot\src\share\vm\prims\jni.cpp, line 735]
Event: 22.219 Thread 0x0000000039ad2800 Exception <a 'java/net/UnknownHostException': yahoo.com> (0x00000006c2c8e6a8) thrown at [C:\re\workspace\8-2-build-windows-amd64-cygwin\jdk8u101\7261\hotspot\src\share\vm\prims\jni.cpp, line 735]

Events (10 events):
Event: 30.642 Executing VM operation: EnterInterpOnlyMode
Event: 30.642 Executing nested VM operation: Deoptimize
Event: 30.643 Executing nested VM operation: Deoptimize done
Event: 30.643 Executing VM operation: EnterInterpOnlyMode done
Event: 30.643 Executing VM operation: GetCurrentLocation
Event: 30.643 Executing VM operation: GetCurrentLocation done
Event: 30.643 Executing VM operation: ChangeSingleStep
Event: 30.643 Executing VM operation: ChangeSingleStep done
Event: 30.644 Executing VM operation: ChangeSingleStep
Event: 30.644 Executing VM operation: ChangeSingleStep done


Dynamic libraries:
0x00007ff626920000 - 0x00007ff626957000 	C:\Program Files\Java\jdk1.8.0_101\bin\javaw.exe
0x00007ffb88fb0000 - 0x00007ffb89181000 	C:\WINDOWS\SYSTEM32\ntdll.dll
0x00007ffb88870000 - 0x00007ffb8891b000 	C:\WINDOWS\System32\KERNEL32.DLL
0x00007ffb85950000 - 0x00007ffb85b6d000 	C:\WINDOWS\System32\KERNELBASE.dll
0x00007ffb88610000 - 0x00007ffb886b2000 	C:\WINDOWS\System32\ADVAPI32.dll
0x00007ffb86ba0000 - 0x00007ffb86c3e000 	C:\WINDOWS\System32\msvcrt.dll
0x00007ffb870a0000 - 0x00007ffb870f9000 	C:\WINDOWS\System32\sechost.dll
0x00007ffb86970000 - 0x00007ffb86a91000 	C:\WINDOWS\System32\RPCRT4.dll
0x00007ffb86e50000 - 0x00007ffb86fb5000 	C:\WINDOWS\System32\USER32.dll
0x00007ffb854a0000 - 0x00007ffb854be000 	C:\WINDOWS\System32\win32u.dll
0x00007ffb86aa0000 - 0x00007ffb86ad4000 	C:\WINDOWS\System32\GDI32.dll
0x00007ffb856c0000 - 0x00007ffb85842000 	C:\WINDOWS\System32\gdi32full.dll
0x00007ffb7fbd0000 - 0x00007ffb7fe49000 	C:\WINDOWS\WinSxS\amd64_microsoft.windows.common-controls_6595b64144ccf1df_6.0.14393.0_none_2d0f50fcbdb171b8\COMCTL32.dll
0x00007ffb86540000 - 0x00007ffb86807000 	C:\WINDOWS\System32\combase.dll
0x00007ffb854c0000 - 0x00007ffb855b5000 	C:\WINDOWS\System32\ucrtbase.dll
0x00007ffb85c20000 - 0x00007ffb85c8a000 	C:\WINDOWS\System32\bcryptPrimitives.dll
0x00007ffb86fc0000 - 0x00007ffb86fee000 	C:\WINDOWS\System32\IMM32.DLL
0x000000005b8e0000 - 0x000000005b9b2000 	C:\Program Files\Java\jdk1.8.0_101\jre\bin\msvcr100.dll
0x00000000593f0000 - 0x0000000059c8a000 	C:\Program Files\Java\jdk1.8.0_101\jre\bin\server\jvm.dll
0x00007ffb87090000 - 0x00007ffb87098000 	C:\WINDOWS\System32\PSAPI.DLL
0x00007ffb830d0000 - 0x00007ffb830f3000 	C:\WINDOWS\SYSTEM32\WINMM.dll
0x00007ffb82870000 - 0x00007ffb82879000 	C:\WINDOWS\SYSTEM32\WSOCK32.dll
0x00007ffb7ff20000 - 0x00007ffb7ff2a000 	C:\WINDOWS\SYSTEM32\VERSION.dll
0x00007ffb86de0000 - 0x00007ffb86e4a000 	C:\WINDOWS\System32\WS2_32.dll
0x00007ffb830a0000 - 0x00007ffb830cb000 	C:\WINDOWS\SYSTEM32\WINMMBASE.dll
0x00007ffb85900000 - 0x00007ffb85942000 	C:\WINDOWS\System32\cfgmgr32.dll
0x000000005b8d0000 - 0x000000005b8df000 	C:\Program Files\Java\jdk1.8.0_101\jre\bin\verify.dll
0x000000005b8a0000 - 0x000000005b8c9000 	C:\Program Files\Java\jdk1.8.0_101\jre\bin\java.dll
0x000000005b860000 - 0x000000005b895000 	C:\Program Files\Java\jdk1.8.0_101\jre\bin\jdwp.dll
0x000000005b850000 - 0x000000005b858000 	C:\Program Files\Java\jdk1.8.0_101\jre\bin\npt.dll
0x00000000593d0000 - 0x00000000593e6000 	C:\Program Files\Java\jdk1.8.0_101\jre\bin\zip.dll
0x00007ffb87100000 - 0x00007ffb88608000 	C:\WINDOWS\System32\SHELL32.dll
0x00007ffb85c90000 - 0x00007ffb8636a000 	C:\WINDOWS\System32\windows.storage.dll
0x00007ffb85410000 - 0x00007ffb8545c000 	C:\WINDOWS\System32\powrprof.dll
0x00007ffb86c40000 - 0x00007ffb86c92000 	C:\WINDOWS\System32\shlwapi.dll
0x00007ffb85490000 - 0x00007ffb8549f000 	C:\WINDOWS\System32\kernel.appcore.dll
0x00007ffb85850000 - 0x00007ffb858f9000 	C:\WINDOWS\System32\shcore.dll
0x00007ffb85460000 - 0x00007ffb85474000 	C:\WINDOWS\System32\profapi.dll
0x000000005b840000 - 0x000000005b849000 	C:\Program Files\Java\jdk1.8.0_101\jre\bin\dt_socket.dll
0x00007ffb6f130000 - 0x00007ffb6f146000 	C:\WINDOWS\system32\napinsp.dll
0x00007ffb6f150000 - 0x00007ffb6f16a000 	C:\WINDOWS\system32\pnrpnsp.dll
0x00007ffb80280000 - 0x00007ffb80298000 	C:\WINDOWS\system32\NLAapi.dll
0x00007ffb84b00000 - 0x00007ffb84b5c000 	C:\WINDOWS\System32\mswsock.dll
0x00007ffb848f0000 - 0x00007ffb84990000 	C:\WINDOWS\SYSTEM32\DNSAPI.dll
0x00007ffb88860000 - 0x00007ffb88868000 	C:\WINDOWS\System32\NSI.dll
0x00007ffb848b0000 - 0x00007ffb848e8000 	C:\WINDOWS\SYSTEM32\IPHLPAPI.DLL
0x00007ffb6f1a0000 - 0x00007ffb6f1ae000 	C:\WINDOWS\System32\winrnr.dll
0x00007ffb6f170000 - 0x00007ffb6f185000 	C:\WINDOWS\System32\wshbth.dll
0x000000005b810000 - 0x000000005b836000 	C:\Program Files\Bonjour\mdnsNSP.dll
0x00007ffb7ab50000 - 0x00007ffb7abba000 	C:\WINDOWS\System32\fwpuclnt.dll
0x00007ffb85350000 - 0x00007ffb8537b000 	C:\WINDOWS\SYSTEM32\bcrypt.dll
0x00007ffb77300000 - 0x00007ffb7730a000 	C:\Windows\System32\rasadhlp.dll
0x00007ffb5c600000 - 0x00007ffb5c6ef000 	C:\Program Files\Java\jdk1.8.0_101\jre\bin\msvcr120.dll
0x00007ffb622b0000 - 0x00007ffb62356000 	C:\Program Files\Java\jdk1.8.0_101\jre\bin\msvcp120.dll
0x00000000593a0000 - 0x00000000593c2000 	C:\Program Files\Java\jdk1.8.0_101\jre\bin\prism_d3d.dll
0x00007ffb6f680000 - 0x00007ffb6f80d000 	C:\WINDOWS\system32\d3d9.dll
0x00007ffb828e0000 - 0x00007ffb82906000 	C:\WINDOWS\SYSTEM32\dwmapi.dll
0x00007ffb83ba0000 - 0x00007ffb83c35000 	C:\WINDOWS\system32\uxtheme.dll
0x00007ffb51750000 - 0x00007ffb53809000 	C:\WINDOWS\SYSTEM32\igdumdim64.dll
0x00007ffb88a20000 - 0x00007ffb88e49000 	C:\WINDOWS\System32\SETUPAPI.dll
0x00007ffb86ae0000 - 0x00007ffb86b9f000 	C:\WINDOWS\System32\OLEAUT32.dll
0x00007ffb855c0000 - 0x00007ffb8565c000 	C:\WINDOWS\System32\msvcp_win.dll
0x00007ffb86ca0000 - 0x00007ffb86dd7000 	C:\WINDOWS\System32\ole32.dll
0x0000000059350000 - 0x0000000059393000 	C:\Program Files\Java\jdk1.8.0_101\jre\bin\glass.dll
0x00007ffb86870000 - 0x00007ffb8696a000 	C:\WINDOWS\System32\COMDLG32.dll
0x00007ffb88e50000 - 0x00007ffb88fab000 	C:\WINDOWS\System32\MSCTF.dll
0x00007ffb733e0000 - 0x00007ffb73478000 	C:\Program Files\Common Files\microsoft shared\ink\tiptsf.dll
0x00007ffb7e7a0000 - 0x00007ffb7f60c000 	C:\WINDOWS\SYSTEM32\igc64.dll
0x00000000591b0000 - 0x0000000059348000 	C:\Program Files\Java\jdk1.8.0_101\jre\bin\awt.dll
0x00007ffb838d0000 - 0x00007ffb8394a000 	C:\WINDOWS\SYSTEM32\apphelp.dll
0x0000000059190000 - 0x00000000591a4000 	C:\Program Files\Java\jdk1.8.0_101\jre\bin\javafx_font.dll
0x00007ffb6fb80000 - 0x00007ffb6fde9000 	C:\WINDOWS\SYSTEM32\dwrite.dll
0x00007ffb86ff0000 - 0x00007ffb8708f000 	C:\WINDOWS\System32\clbcatq.dll
0x00007ffb82350000 - 0x00007ffb824f8000 	C:\WINDOWS\SYSTEM32\WindowsCodecs.dll
0x00007ffb5efd0000 - 0x00007ffb5f019000 	C:\WINDOWS\system32\dataexchange.dll
0x00007ffb82910000 - 0x00007ffb82bc6000 	C:\WINDOWS\system32\d3d11.dll
0x00007ffb833a0000 - 0x00007ffb834f1000 	C:\WINDOWS\system32\dcomp.dll
0x00007ffb843a0000 - 0x00007ffb8443f000 	C:\WINDOWS\system32\dxgi.dll
0x00007ffb83e70000 - 0x00007ffb83f8c000 	C:\WINDOWS\system32\twinapi.appcore.dll
0x00007ffb7db90000 - 0x00007ffb7dbc2000 	C:\Program Files\Common Files\Microsoft Shared\Ink\rtscom.dll
0x00007ffb651d0000 - 0x00007ffb65210000 	C:\Program Files\WIDCOMM\Bluetooth Software\btmmhook.dll
0x00007ffb84ee0000 - 0x00007ffb84ef7000 	C:\WINDOWS\SYSTEM32\CRYPTSP.dll
0x00007ffb84cc0000 - 0x00007ffb84cf3000 	C:\WINDOWS\system32\rsaenh.dll
0x00007ffb84d60000 - 0x00007ffb84d7f000 	C:\WINDOWS\SYSTEM32\USERENV.dll
0x00007ffb84f00000 - 0x00007ffb84f0b000 	C:\WINDOWS\SYSTEM32\CRYPTBASE.dll
0x0000000059170000 - 0x000000005918a000 	C:\Program Files\Java\jdk1.8.0_101\jre\bin\net.dll
0x00007ffb7a660000 - 0x00007ffb7a676000 	C:\WINDOWS\SYSTEM32\dhcpcsvc6.DLL
0x00007ffb7a6f0000 - 0x00007ffb7a70a000 	C:\WINDOWS\SYSTEM32\dhcpcsvc.DLL
0x0000000059150000 - 0x0000000059161000 	C:\Program Files\Java\jdk1.8.0_101\jre\bin\nio.dll
0x00000000637c0000 - 0x00000000637cd000 	C:\Users\quero\AppData\Local\Temp\jogamp_0000\file_cache\jln8456426136388057324\jln3463344058776997116\gluegen-rt.dll
0x00007ffb71520000 - 0x00007ffb716cb000 	C:\Windows\System32\uiautomationcore.dll
0x00007ffb852b0000 - 0x00007ffb85348000 	C:\WINDOWS\SYSTEM32\sxs.dll
0x00007ffb7fa50000 - 0x00007ffb7fab5000 	C:\WINDOWS\SYSTEM32\OLEACC.dll
0x0000000059140000 - 0x0000000059147000 	C:\Program Files\Java\jdk1.8.0_101\jre\bin\jawt.dll
0x000000006a440000 - 0x000000006a44d000 	C:\Users\quero\AppData\Local\Temp\jogamp_0000\file_cache\jln8456426136388057324\jln3463344058776997116\nativewindow_awt.dll
0x000000006c100000 - 0x000000006c10f000 	C:\Users\quero\AppData\Local\Temp\jogamp_0000\file_cache\jln8456426136388057324\jln3463344058776997116\nativewindow_win32.dll
0x00007ffb61b70000 - 0x00007ffb61c93000 	C:\WINDOWS\SYSTEM32\OpenGL32.dll
0x00007ffb6aab0000 - 0x00007ffb6aadd000 	C:\WINDOWS\SYSTEM32\GLU32.dll
0x00007ffb619c0000 - 0x00007ffb61ab7000 	C:\WINDOWS\SYSTEM32\DDRAW.dll
0x00007ffb71d50000 - 0x00007ffb71d58000 	C:\WINDOWS\SYSTEM32\DCIMAN32.dll
0x0000000064500000 - 0x00000000645a0000 	C:\Users\quero\AppData\Local\Temp\jogamp_0000\file_cache\jln8456426136388057324\jln3463344058776997116\jogl_desktop.dll
0x00007ffb35a80000 - 0x00007ffb36772000 	C:\WINDOWS\SYSTEM32\ig9icd64.dll
0x00007ffb826b0000 - 0x00007ffb826c3000 	C:\WINDOWS\SYSTEM32\WTSAPI32.dll
0x00000000590f0000 - 0x0000000059137000 	C:\Program Files\Java\jdk1.8.0_101\jre\bin\fontmanager.dll
0x00000000590a0000 - 0x00000000590e2000 	C:\Program Files\Java\jdk1.8.0_101\jre\bin\t2k.dll
0x0000000059080000 - 0x0000000059091000 	C:\Program Files\Java\jdk1.8.0_101\jre\bin\prism_common.dll
0x00007ffb820c0000 - 0x00007ffb82252000 	C:\WINDOWS\SYSTEM32\dbghelp.dll

VM Arguments:
jvm_args: -agentlib:jdwp=transport=dt_socket,suspend=y,address=localhost:61455 -Xms512m -Xmx12G -Dfile.encoding=Cp1252 
java_command: mmg.gui.JFXMain
java_class_path (initial): C:\Users\quero\workspaceHackaton2015\WorldWindMarginMap\bin;C:\Users\quero\workspaceHackaton2015\WorldWindMarginMap\libs\gdal.jar;C:\Users\quero\workspaceHackaton2015\WorldWindMarginMap\libs\gluegen-rt-natives-windows-amd64.jar;C:\Users\quero\workspaceHackaton2015\WorldWindMarginMap\libs\gluegen-rt-natives-windows-i586.jar;C:\Users\quero\workspaceHackaton2015\WorldWindMarginMap\libs\gluegen-rt.jar;C:\Users\quero\workspaceHackaton2015\WorldWindMarginMap\libs\jogl-all-natives-windows-amd64.jar;C:\Users\quero\workspaceHackaton2015\WorldWindMarginMap\libs\jogl-all-natives-windows-i586.jar;C:\Users\quero\workspaceHackaton2015\WorldWindMarginMap\libs\jogl-all.jar;C:\Users\quero\workspaceHackaton2015\WorldWindMarginMap\libs\worldwind.jar;C:\Users\quero\workspaceHackaton2015\WorldWindMarginMap\libs\worldwindx.jar;C:\Users\quero\workspaceHackaton2015\WorldWindMarginMap\libs\lib\commons-pool-1.5.4.jar;C:\Users\quero\workspaceHackaton2015\WorldWindMarginMap\libs\lib\vecmath-1.3.2.jar;C:\Users\quero\workspaceHackaton2015\WorldWindMarginMap\libs\lib\jsr-275-1.0-beta-2.jar;C:\Users\quero\workspaceHackaton2015\WorldWindMarginMap\libs\lib\gt-opengis-8.0-M0.jar;C:\Users\quero\workspaceHackaton2015\WorldWindMarginMap\libs\lib\gt-metadata-8.0-M0.jar;C:\Users\quero\workspaceHackaton2015\WorldWindMarginMap\libs\lib\gt-referencing-8.0-M0.jar;C:\Users\quero\workspaceHackaton2015\WorldWindMarginMap\libs\lib\gt-api-8.0-M0.jar;C:\Users\quero\workspaceHackaton2015\WorldWindMarginMap\libs\lib\jdom-1.0.jar;C:\Users\quero\workspaceHackaton2015\WorldWindMarginMap\libs\lib\gt-main-8.0-M0.jar;C:\Users\quero\workspaceHackaton2015\WorldWindMarginMap\libs\lib\imageio-ext-tiff-1.1-RC1.jar;C:\Users\quero\workspaceHackaton2015\WorldWindMarginMap\libs\lib\imageio-ext-utilities-1.1-RC1.jar;C:\Users\quero\workspaceHackaton2015\WorldWindMarginMap\libs\lib\gt-coverage-8.0-M0.jar;C:\Users\quero\workspaceHackaton2015\WorldWindMarginMap\libs\lib\gt-cql-8.0-M0.jar;C:\Users\quero\works
Launcher Type: SUN_STANDARD

Environment Variables:
JAVA_HOME=C:\Program Files\Java\jre8
PATH=C:\Program Files\Java\jdk1.8.0_101\jre\bin;C:/Program Files/Java/jre1.8.0_101/bin/server;C:/Program Files/Java/jre1.8.0_101/bin;C:/Program Files/Java/jre1.8.0_101/lib/amd64;C:\ProgramData\Oracle\Java\javapath;C:\Program Files\Dell\DW WLAN Card;C:\Windows\system32;C:\Windows;C:\Windows\System32\Wbem;C:\Windows\System32\WindowsPowerShell\v1.0\;C:\Program Files\WIDCOMM\Bluetooth Software\;C:\Program Files\WIDCOMM\Bluetooth Software\syswow64;C:\Program Files (x86)\NVIDIA Corporation\PhysX\Common;C:\Program Files\Java\jre8;C:\Program Files (x86)\Heroku\bin;C:\Program Files (x86)\git\cmd;C:\Program Files (x86)\Git\cmd;C:\WINDOWS\system32;C:\WINDOWS;C:\WINDOWS\System32\Wbem;C:\WINDOWS\System32\WindowsPowerShell\v1.0\;C:\Users\quero\Miniconda2;C:\Users\quero\Miniconda2\Scripts;C:\Users\quero\Miniconda2\Library\bin;C:\Program Files (x86)\apache-maven-3.3.9\bin;%USERPROFILE%\AppData\Local\Microsoft\WindowsApps;;C:\Users\quero\eclipse\java-neon\eclipse;
USERNAME=quero
OS=Windows_NT
PROCESSOR_IDENTIFIER=Intel64 Family 6 Model 94 Stepping 3, GenuineIntel



---------------  S Y S T E M  ---------------

OS: Windows 10.0 , 64 bit Build 14393 (10.0.14393.0)

CPU:total 8 (4 cores per cpu, 2 threads per core) family 6 model 94 stepping 3, cmov, cx8, fxsr, mmx, sse, sse2, sse3, ssse3, sse4.1, sse4.2, popcnt, avx, avx2, aes, clmul, erms, rtm, 3dnowpref, lzcnt, ht, tsc, tscinvbit, bmi1, bmi2, adx

Memory: 4k page, physical 33408000k(25947200k free), swap 38650880k(26435708k free)

vm_info: Java HotSpot(TM) 64-Bit Server VM (25.101-b13) for windows-amd64 JRE (1.8.0_101-b13), built on Jun 22 2016 01:21:29 by "java_re" with MS VC++ 10.0 (VS2010)

time: Sat Oct 01 23:42:23 2016
elapsed time: 30 seconds (0d 0h 0m 30s)

