#
# A fatal error has been detected by the Java Runtime Environment:
#
#  EXCEPTION_ACCESS_VIOLATION (0xc0000005) at pc=0x0000000000000000, pid=8732, tid=0x0000000000003e8c
#
# JRE version: Java(TM) SE Runtime Environment (8.0_101-b13) (build 1.8.0_101-b13)
# Java VM: Java HotSpot(TM) 64-Bit Server VM (25.101-b13 mixed mode windows-amd64 compressed oops)
# Problematic frame:
# C  0x0000000000000000
#
# Failed to write core dump. Minidumps are not enabled by default on client versions of Windows
#
# If you would like to submit a bug report, please visit:
#   http://bugreport.java.com/bugreport/crash.jsp
# The crash happened outside the Java Virtual Machine in native code.
# See problematic frame for where to report the bug.
#

---------------  T H R E A D  ---------------

Current thread (0x000000002844f800):  JavaThread "JavaFX Application Thread" [_thread_in_native, id=16012, stack(0x0000000028f00000,0x0000000029000000)]

siginfo: ExceptionCode=0xc0000005, ExceptionInformation=0x0000000000000008 0x0000000000000000

Registers:
RAX=0x0000000000000168, RBX=0x00000000348f45a0, RCX=0x000000000000d10d, RDX=0x0000000028ffd540
RSP=0x0000000028ffd518, RBP=0x0000000028ffd580, RSI=0x000000003aaecd00, RDI=0x00007ffd8aebc950
R8 =0x000000000000d10d, R9 =0x00007ffd8aebc950, R10=0x0000000003517e3b, R11=0x00000000036098a0
R12=0x0000000000000000, R13=0x0000000028ffd6f0, R14=0x0000000000000000, R15=0x000000002844f800
RIP=0x0000000000000000, EFLAGS=0x0000000000010246

Top of Stack: (sp=0x0000000028ffd518)
0x0000000028ffd518:   0000000003517eb9 0000000028ffdf28
0x0000000028ffd528:   0000000028ffd620 0000000036077030
0x0000000028ffd538:   0000000036077030 00000005c7daef38
0x0000000028ffd548:   000000002844f800 0000000028ffd6f0
0x0000000028ffd558:   00000000027d3b63 00000000027b56d0
0x0000000028ffd568:   0000000000000000 0000000028ffd748
0x0000000028ffd578:   0000000028ffd6f0 0000000028ffd748
0x0000000028ffd588:   000000000351a0d4 00000000348f45a0
0x0000000028ffd598:   000000002844f800 00000000348f45a0
0x0000000028ffd5a8:   000000002844f800 0000000f00000001
0x0000000028ffd5b8:   0000000000000000 0000000000000000
0x0000000028ffd5c8:   0000000000000000 000000003607deb8
0x0000000028ffd5d8:   000000002844f800 000000003607deb8
0x0000000028ffd5e8:   000000002844f800 0000000036077030
0x0000000028ffd5f8:   000000002844f800 00000000256dbf08
0x0000000028ffd608:   000000003607ddff 00000000000000b6 

Instructions: (pc=0x0000000000000000)
0xffffffffffffffe0:   


Register to memory mapping:

RAX=0x0000000000000168 is an unknown value
RBX={method} {0x00000000348f45a8} 'pushAttrib' '(Ljavax/media/opengl/GL2;I)V' in 'gov/nasa/worldwind/util/OGLStackHandler'
RCX=0x000000000000d10d is an unknown value
RDX=0x0000000028ffd540 is pointing into the stack for thread: 0x000000002844f800
RSP=0x0000000028ffd518 is pointing into the stack for thread: 0x000000002844f800
RBP=0x0000000028ffd580 is pointing into the stack for thread: 0x000000002844f800
RSI=0x000000003aaecd00 is pointing into metadata
RDI=0x00007ffd8aebc950 is an unknown value
R8 =0x000000000000d10d is an unknown value
R9 =0x00007ffd8aebc950 is an unknown value
R10=0x0000000003517e3b is at entry_point+59 in (nmethod*)0x0000000003517c90
R11=0x00000000036098a0 is at entry_point+32 in (nmethod*)0x0000000003609710
R12=0x0000000000000000 is an unknown value
R13=0x0000000028ffd6f0 is pointing into the stack for thread: 0x000000002844f800
R14=0x0000000000000000 is an unknown value
R15=0x000000002844f800 is a thread


Stack: [0x0000000028f00000,0x0000000029000000],  sp=0x0000000028ffd518,  free space=1013k
Native frames: (J=compiled Java code, j=interpreted, Vv=VM code, C=native code)

Java frames: (J=compiled Java code, j=interpreted, Vv=VM code)
J 4130  jogamp.opengl.gl4.GL4bcImpl.dispatch_glPushAttrib1(IJ)V (0 bytes) @ 0x0000000003517e3b [0x0000000003517e00+0x3b]
J 4129 C1 jogamp.opengl.gl4.GL4bcImpl.glPushAttrib(I)V (50 bytes) @ 0x000000000351a0d4 [0x0000000003519560+0xb74]
J 4501 C1 gov.nasa.worldwind.util.OGLStackHandler.pushAttrib(Ljavax/media/opengl/GL2;I)V (13 bytes) @ 0x0000000003609994 [0x0000000003609880+0x114]
j  gov.nasa.worldwind.render.AbstractShape.beginDrawing(Lgov/nasa/worldwind/render/DrawContext;I)Lgov/nasa/worldwind/util/OGLStackHandler;+31
j  gov.nasa.worldwind.render.ExtrudedPolygon.beginDrawing(Lgov/nasa/worldwind/render/DrawContext;I)Lgov/nasa/worldwind/util/OGLStackHandler;+3
j  gov.nasa.worldwind.render.AbstractShape.drawOrderedRenderable(Lgov/nasa/worldwind/render/DrawContext;)V+3
j  gov.nasa.worldwind.render.AbstractShape.render(Lgov/nasa/worldwind/render/DrawContext;)V+201
j  gov.nasa.worldwind.render.ExtrudedPolygon.render(Lgov/nasa/worldwind/render/DrawContext;)V+10
j  gov.nasa.worldwind.layers.RenderableLayer.doRender(Lgov/nasa/worldwind/render/DrawContext;Ljava/lang/Iterable;)V+28
j  gov.nasa.worldwind.layers.RenderableLayer.doRender(Lgov/nasa/worldwind/render/DrawContext;)V+6
J 4251 C1 gov.nasa.worldwind.layers.AbstractLayer.render(Lgov/nasa/worldwind/render/DrawContext;)V (120 bytes) @ 0x00000000035679a4 [0x0000000003566020+0x1984]
j  gui.nww.LaborLayer.lambda$0(Lgov/nasa/worldwind/render/DrawContext;)V+47
j  gui.nww.LaborLayer$$Lambda$594.run()V+8
J 8262 C2 com.sun.javafx.application.PlatformImpl$$Lambda$50.run()Ljava/lang/Object; (8 bytes) @ 0x0000000002dc0840 [0x0000000002dc07a0+0xa0]
v  ~StubRoutines::call_stub
J 2056  java.security.AccessController.doPrivileged(Ljava/security/PrivilegedAction;Ljava/security/AccessControlContext;)Ljava/lang/Object; (0 bytes) @ 0x0000000002e8d626 [0x0000000002e8d5c0+0x66]
J 8233 C2 com.sun.javafx.application.PlatformImpl$$Lambda$49.run()V (12 bytes) @ 0x0000000002acacd4 [0x0000000002acac40+0x94]
J 8222 C2 com.sun.glass.ui.InvokeLaterDispatcher$Future.run()V (91 bytes) @ 0x000000000398c3cc [0x000000000398c380+0x4c]
v  ~StubRoutines::call_stub
j  com.sun.glass.ui.win.WinApplication._runLoop(Ljava/lang/Runnable;)V+0
j  com.sun.glass.ui.win.WinApplication.lambda$null$148(ILjava/lang/Runnable;)V+8
j  com.sun.glass.ui.win.WinApplication$$Lambda$38.run()V+12
j  java.lang.Thread.run()V+11
v  ~StubRoutines::call_stub

---------------  P R O C E S S  ---------------

Java Threads: ( => current thread )
  0x000000002dc53000 JavaThread "ForkJoinPool.commonPool-worker-7" daemon [_thread_blocked, id=16128, stack(0x00000000462b0000,0x00000000463b0000)]
  0x000000002dc58000 JavaThread "ForkJoinPool.commonPool-worker-6" daemon [_thread_blocked, id=10804, stack(0x00000000461b0000,0x00000000462b0000)]
  0x000000002e8db800 JavaThread "ForkJoinPool.commonPool-worker-5" daemon [_thread_blocked, id=3716, stack(0x00000000450a0000,0x00000000451a0000)]
  0x000000002e8dd800 JavaThread "ForkJoinPool.commonPool-worker-4" daemon [_thread_blocked, id=8696, stack(0x0000000044fa0000,0x00000000450a0000)]
  0x000000002e8da800 JavaThread "ForkJoinPool.commonPool-worker-3" daemon [_thread_blocked, id=8244, stack(0x0000000043e80000,0x0000000043f80000)]
  0x000000002e8da000 JavaThread "ForkJoinPool.commonPool-worker-2" daemon [_thread_blocked, id=512, stack(0x0000000043d80000,0x0000000043e80000)]
  0x000000002e8d9000 JavaThread "ForkJoinPool.commonPool-worker-1" daemon [_thread_blocked, id=18888, stack(0x0000000043c80000,0x0000000043d80000)]
  0x000000002e8d7800 JavaThread "WeakCollectionCleaner" daemon [_thread_blocked, id=2056, stack(0x0000000041be0000,0x0000000041ce0000)]
  0x000000002e8dc000 JavaThread "GT authority factory disposer" daemon [_thread_blocked, id=260, stack(0x0000000040ae0000,0x0000000040be0000)]
  0x000000002e8d8800 JavaThread "Idle World Wind Task " daemon [_thread_blocked, id=10152, stack(0x000000003db80000,0x000000003dc80000)]
  0x000000002e8d0000 JavaThread "Idle World Wind Task " daemon [_thread_blocked, id=9692, stack(0x000000003da80000,0x000000003db80000)]
  0x000000002e8d6000 JavaThread "Idle World Wind Task " daemon [_thread_blocked, id=17736, stack(0x000000003d980000,0x000000003da80000)]
  0x000000002e8de800 JavaThread "Idle World Wind Task " daemon [_thread_blocked, id=8904, stack(0x000000003a860000,0x000000003a960000)]
  0x000000002e8d1800 JavaThread "Idle World Wind Task " daemon [_thread_blocked, id=8340, stack(0x000000003a760000,0x000000003a860000)]
  0x000000002e8d1000 JavaThread "Idle World Wind Task " daemon [_thread_blocked, id=1948, stack(0x000000003a660000,0x000000003a760000)]
  0x000000002e8d7000 JavaThread "Idle World Wind Task " daemon [_thread_blocked, id=10964, stack(0x000000003a560000,0x000000003a660000)]
  0x000000002e8d4800 JavaThread "Idle World Wind Task " daemon [_thread_blocked, id=11380, stack(0x0000000039380000,0x0000000039480000)]
  0x000000002e8d4000 JavaThread "AWT-EventQueue-0" [_thread_in_vm, id=2072, stack(0x0000000036830000,0x0000000036930000)]
  0x000000002e8d5800 JavaThread "AWT-Shutdown" [_thread_blocked, id=19316, stack(0x0000000036730000,0x0000000036830000)]
  0x000000002e8d2800 JavaThread "Thread-17" daemon [_thread_blocked, id=12764, stack(0x0000000036630000,0x0000000036730000)]
  0x000000002e8d3000 JavaThread "TimerQueue" daemon [_thread_blocked, id=15664, stack(0x0000000036530000,0x0000000036630000)]
  0x000000002dc55800 JavaThread "pool-2-thread-2-SharedResourceRunner" daemon [_thread_blocked, id=19804, stack(0x0000000033330000,0x0000000033430000)]
  0x000000002dc59800 JavaThread "Prism Font Disposer" daemon [_thread_blocked, id=19792, stack(0x00000000320f0000,0x00000000321f0000)]
  0x000000002dc3a000 JavaThread "AWT-Windows" daemon [_thread_in_native, id=3708, stack(0x000000002fa60000,0x000000002fb60000)]
  0x000000002dcd0000 JavaThread "Java2D Disposer" daemon [_thread_blocked, id=20252, stack(0x000000002f860000,0x000000002f960000)]
  0x000000002e407000 JavaThread "pool-2-thread-2" [_thread_blocked, id=20060, stack(0x000000002f290000,0x000000002f390000)]
  0x000000002daa7000 JavaThread "pool-2-thread-1" [_thread_blocked, id=4460, stack(0x000000002ef90000,0x000000002f090000)]
  0x000000002da98800 JavaThread "JavaFX-Launcher" [_thread_blocked, id=12912, stack(0x000000002ea60000,0x000000002eb60000)]
  0x0000000028561000 JavaThread "Thread-2" daemon [_thread_in_native, id=1140, stack(0x000000002d790000,0x000000002d890000)]
=>0x000000002844f800 JavaThread "JavaFX Application Thread" [_thread_in_native, id=16012, stack(0x0000000028f00000,0x0000000029000000)]
  0x000000002844c800 JavaThread "Thread-1" daemon [_thread_blocked, id=20924, stack(0x0000000028e00000,0x0000000028f00000)]
  0x00000000283db000 JavaThread "QuantumRenderer-0" daemon [_thread_blocked, id=15496, stack(0x0000000028b90000,0x0000000028c90000)]
  0x00000000275f8800 JavaThread "Service Thread" daemon [_thread_blocked, id=20056, stack(0x0000000028190000,0x0000000028290000)]
  0x00000000275dd800 JavaThread "C1 CompilerThread3" daemon [_thread_blocked, id=8000, stack(0x0000000028090000,0x0000000028190000)]
  0x00000000275d6000 JavaThread "C2 CompilerThread2" daemon [_thread_in_native, id=16000, stack(0x0000000027f90000,0x0000000028090000)]
  0x00000000275d4800 JavaThread "C2 CompilerThread1" daemon [_thread_in_native, id=19508, stack(0x0000000027e90000,0x0000000027f90000)]
  0x00000000275d1000 JavaThread "C2 CompilerThread0" daemon [_thread_in_native, id=19676, stack(0x0000000027d90000,0x0000000027e90000)]
  0x00000000275cf800 JavaThread "Attach Listener" daemon [_thread_blocked, id=19740, stack(0x0000000027c90000,0x0000000027d90000)]
  0x00000000275ce800 JavaThread "Signal Dispatcher" daemon [_thread_blocked, id=1792, stack(0x0000000027b90000,0x0000000027c90000)]
  0x00000000275c0800 JavaThread "Finalizer" daemon [_thread_blocked, id=16680, stack(0x00000000279a0000,0x0000000027aa0000)]
  0x00000000027ab000 JavaThread "Reference Handler" daemon [_thread_blocked, id=19324, stack(0x00000000274a0000,0x00000000275a0000)]
  0x00000000026b4000 JavaThread "main" [_thread_blocked, id=10352, stack(0x0000000002550000,0x0000000002650000)]

Other Threads:
  0x00000000256c9000 VMThread [stack: 0x00000000273a0000,0x00000000274a0000] [id=5864]
  0x0000000027692800 WatcherThread [stack: 0x0000000028290000,0x0000000028390000] [id=18284]

VM state:not at safepoint (normal execution)

VM Mutex/Monitor currently owned by a thread: None

Heap:
 PSYoungGen      total 638976K, used 134914K [0x0000000716100000, 0x0000000748800000, 0x00000007c0000000)
  eden space 519168K, 4% used [0x0000000716100000,0x0000000717928ac0,0x0000000735c00000)
  from space 119808K, 91% used [0x000000073e200000,0x0000000744d980a0,0x0000000745700000)
  to   space 137216K, 0% used [0x0000000735c00000,0x0000000735c00000,0x000000073e200000)
 ParOldGen       total 381440K, used 192835K [0x00000005c2200000, 0x00000005d9680000, 0x0000000716100000)
  object space 381440K, 50% used [0x00000005c2200000,0x00000005cde50fb0,0x00000005d9680000)
 Metaspace       used 55984K, capacity 58493K, committed 58712K, reserved 1101824K
  class space    used 6795K, capacity 7212K, committed 7296K, reserved 1048576K

Card table byte_map: [0x0000000011b70000,0x0000000012b60000] byte_map_base: 0x000000000ed5f000

Marking Bits: (ParMarkBitMap*) 0x000000007447a6d0
 Begin Bits: [0x0000000013e00000, 0x000000001bd78000)
 End Bits:   [0x000000001bd78000, 0x0000000023cf0000)

Polling page: 0x0000000000cf0000

CodeCache: size=245760Kb used=25801Kb max_used=26813Kb free=219958Kb
 bounds [0x00000000027b0000, 0x0000000004210000, 0x00000000117b0000]
 total_blobs=8966 nmethods=7620 adapters=1255
 compilation: enabled

Compilation events (10 events):
Event: 20.596 Thread 0x00000000275dd800 nmethod 9065 0x0000000003d56810 code [0x0000000003d56980, 0x0000000003d56b90]
Event: 20.596 Thread 0x00000000275dd800 9066       2       jogamp.opengl.glu.tessellator.Geom::VertEq (30 bytes)
Event: 20.597 Thread 0x00000000275dd800 nmethod 9066 0x00000000039cad50 code [0x00000000039caea0, 0x00000000039cb010]
Event: 20.597 Thread 0x00000000275dd800 9067       2       jogamp.opengl.glu.tessellator.GLUtessellatorImpl::requireState (14 bytes)
Event: 20.597 Thread 0x00000000275dd800 nmethod 9067 0x00000000039ca9d0 code [0x00000000039cab40, 0x00000000039cacc8]
Event: 20.597 Thread 0x00000000275dd800 9068       2       jogamp.opengl.glu.tessellator.Mesh::MakeEdge (136 bytes)
Event: 20.597 Thread 0x00000000275dd800 nmethod 9068 0x0000000003c53d10 code [0x0000000003c53e80, 0x0000000003c54210]
Event: 20.597 Thread 0x00000000275dd800 9070       2       java.nio.ByteBuffer::<init> (12 bytes)
Event: 20.597 Thread 0x00000000275dd800 nmethod 9070 0x00000000039ca650 code [0x00000000039ca7c0, 0x00000000039ca948]
Event: 20.597 Thread 0x00000000275dd800 9069       2       java.nio.ByteBuffer::allocateDirect (9 bytes)

GC Heap History (10 events):
Event: 17.607 GC heap before
{Heap before GC invocations=10 (full 2):
 PSYoungGen      total 284160K, used 278864K [0x0000000716100000, 0x000000072f180000, 0x00000007c0000000)
  eden space 249856K, 100% used [0x0000000716100000,0x0000000725500000,0x0000000725500000)
  from space 34304K, 84% used [0x0000000725500000,0x00000007271541f0,0x0000000727680000)
  to   space 38912K, 0% used [0x000000072cb80000,0x000000072cb80000,0x000000072f180000)
 ParOldGen       total 381440K, used 57907K [0x00000005c2200000, 0x00000005d9680000, 0x0000000716100000)
  object space 381440K, 15% used [0x00000005c2200000,0x00000005c5a8cd60,0x00000005d9680000)
 Metaspace       used 54430K, capacity 56815K, committed 57048K, reserved 1099776K
  class space    used 6641K, capacity 7055K, committed 7168K, reserved 1048576K
Event: 17.633 GC heap after
Heap after GC invocations=10 (full 2):
 PSYoungGen      total 356864K, used 38886K [0x0000000716100000, 0x0000000731900000, 0x00000007c0000000)
  eden space 317952K, 0% used [0x0000000716100000,0x0000000716100000,0x0000000729780000)
  from space 38912K, 99% used [0x000000072cb80000,0x000000072f179940,0x000000072f180000)
  to   space 53248K, 0% used [0x0000000729780000,0x0000000729780000,0x000000072cb80000)
 ParOldGen       total 381440K, used 74027K [0x00000005c2200000, 0x00000005d9680000, 0x0000000716100000)
  object space 381440K, 19% used [0x00000005c2200000,0x00000005c6a4ad60,0x00000005d9680000)
 Metaspace       used 54430K, capacity 56815K, committed 57048K, reserved 1099776K
  class space    used 6641K, capacity 7055K, committed 7168K, reserved 1048576K
}
Event: 18.168 GC heap before
{Heap before GC invocations=11 (full 2):
 PSYoungGen      total 356864K, used 356838K [0x0000000716100000, 0x0000000731900000, 0x00000007c0000000)
  eden space 317952K, 100% used [0x0000000716100000,0x0000000729780000,0x0000000729780000)
  from space 38912K, 99% used [0x000000072cb80000,0x000000072f179940,0x000000072f180000)
  to   space 53248K, 0% used [0x0000000729780000,0x0000000729780000,0x000000072cb80000)
 ParOldGen       total 381440K, used 74027K [0x00000005c2200000, 0x00000005d9680000, 0x0000000716100000)
  object space 381440K, 19% used [0x00000005c2200000,0x00000005c6a4ad60,0x00000005d9680000)
 Metaspace       used 54455K, capacity 56815K, committed 57048K, reserved 1099776K
  class space    used 6641K, capacity 7055K, committed 7168K, reserved 1048576K
Event: 18.200 GC heap after
Heap after GC invocations=11 (full 2):
 PSYoungGen      total 371200K, used 53229K [0x0000000716100000, 0x0000000736f00000, 0x00000007c0000000)
  eden space 317952K, 0% used [0x0000000716100000,0x0000000716100000,0x0000000729780000)
  from space 53248K, 99% used [0x0000000729780000,0x000000072cb7b560,0x000000072cb80000)
  to   space 66560K, 0% used [0x0000000732e00000,0x0000000732e00000,0x0000000736f00000)
 ParOldGen       total 381440K, used 83427K [0x00000005c2200000, 0x00000005d9680000, 0x0000000716100000)
  object space 381440K, 21% used [0x00000005c2200000,0x00000005c7378d60,0x00000005d9680000)
 Metaspace       used 54455K, capacity 56815K, committed 57048K, reserved 1099776K
  class space    used 6641K, capacity 7055K, committed 7168K, reserved 1048576K
}
Event: 18.599 GC heap before
{Heap before GC invocations=12 (full 2):
 PSYoungGen      total 371200K, used 371181K [0x0000000716100000, 0x0000000736f00000, 0x00000007c0000000)
  eden space 317952K, 100% used [0x0000000716100000,0x0000000729780000,0x0000000729780000)
  from space 53248K, 99% used [0x0000000729780000,0x000000072cb7b560,0x000000072cb80000)
  to   space 66560K, 0% used [0x0000000732e00000,0x0000000732e00000,0x0000000736f00000)
 ParOldGen       total 381440K, used 83427K [0x00000005c2200000, 0x00000005d9680000, 0x0000000716100000)
  object space 381440K, 21% used [0x00000005c2200000,0x00000005c7378d60,0x00000005d9680000)
 Metaspace       used 54502K, capacity 56943K, committed 57304K, reserved 1099776K
  class space    used 6643K, capacity 7055K, committed 7168K, reserved 1048576K
Event: 18.632 GC heap after
Heap after GC invocations=12 (full 2):
 PSYoungGen      total 459776K, used 66553K [0x0000000716100000, 0x0000000739580000, 0x00000007c0000000)
  eden space 393216K, 0% used [0x0000000716100000,0x0000000716100000,0x000000072e100000)
  from space 66560K, 99% used [0x0000000732e00000,0x0000000736efe5a8,0x0000000736f00000)
  to   space 78848K, 0% used [0x000000072e100000,0x000000072e100000,0x0000000732e00000)
 ParOldGen       total 381440K, used 85795K [0x00000005c2200000, 0x00000005d9680000, 0x0000000716100000)
  object space 381440K, 22% used [0x00000005c2200000,0x00000005c75c8d60,0x00000005d9680000)
 Metaspace       used 54502K, capacity 56943K, committed 57304K, reserved 1099776K
  class space    used 6643K, capacity 7055K, committed 7168K, reserved 1048576K
}
Event: 19.461 GC heap before
{Heap before GC invocations=13 (full 2):
 PSYoungGen      total 459776K, used 459769K [0x0000000716100000, 0x0000000739580000, 0x00000007c0000000)
  eden space 393216K, 100% used [0x0000000716100000,0x000000072e100000,0x000000072e100000)
  from space 66560K, 99% used [0x0000000732e00000,0x0000000736efe5a8,0x0000000736f00000)
  to   space 78848K, 0% used [0x000000072e100000,0x000000072e100000,0x0000000732e00000)
 ParOldGen       total 381440K, used 85795K [0x00000005c2200000, 0x00000005d9680000, 0x0000000716100000)
  object space 381440K, 22% used [0x00000005c2200000,0x00000005c75c8d60,0x00000005d9680000)
 Metaspace       used 54846K, capacity 57263K, committed 57560K, reserved 1099776K
  class space    used 6659K, capacity 7055K, committed 7168K, reserved 1048576K
Event: 19.551 GC heap after
Heap after GC invocations=13 (full 2):
 PSYoungGen      total 472064K, used 78837K [0x0000000716100000, 0x0000000745700000, 0x00000007c0000000)
  eden space 393216K, 0% used [0x0000000716100000,0x0000000716100000,0x000000072e100000)
  from space 78848K, 99% used [0x000000072e100000,0x0000000732dfd7a0,0x0000000732e00000)
  to   space 119808K, 0% used [0x000000073e200000,0x000000073e200000,0x0000000745700000)
 ParOldGen       total 381440K, used 160251K [0x00000005c2200000, 0x00000005d9680000, 0x0000000716100000)
  object space 381440K, 42% used [0x00000005c2200000,0x00000005cbe7efb0,0x00000005d9680000)
 Metaspace       used 54846K, capacity 57263K, committed 57560K, reserved 1099776K
  class space    used 6659K, capacity 7055K, committed 7168K, reserved 1048576K
}
Event: 20.319 GC heap before
{Heap before GC invocations=14 (full 2):
 PSYoungGen      total 472064K, used 472053K [0x0000000716100000, 0x0000000745700000, 0x00000007c0000000)
  eden space 393216K, 100% used [0x0000000716100000,0x000000072e100000,0x000000072e100000)
  from space 78848K, 99% used [0x000000072e100000,0x0000000732dfd7a0,0x0000000732e00000)
  to   space 119808K, 0% used [0x000000073e200000,0x000000073e200000,0x0000000745700000)
 ParOldGen       total 381440K, used 160251K [0x00000005c2200000, 0x00000005d9680000, 0x0000000716100000)
  object space 381440K, 42% used [0x00000005c2200000,0x00000005cbe7efb0,0x00000005d9680000)
 Metaspace       used 55784K, capacity 58263K, committed 58456K, reserved 1099776K
  class space    used 6771K, capacity 7179K, committed 7296K, reserved 1048576K
Event: 20.431 GC heap after
Heap after GC invocations=14 (full 2):
 PSYoungGen      total 638976K, used 110176K [0x0000000716100000, 0x0000000748800000, 0x00000007c0000000)
  eden space 519168K, 0% used [0x0000000716100000,0x0000000716100000,0x0000000735c00000)
  from space 119808K, 91% used [0x000000073e200000,0x0000000744d980a0,0x0000000745700000)
  to   space 137216K, 0% used [0x0000000735c00000,0x0000000735c00000,0x000000073e200000)
 ParOldGen       total 381440K, used 192835K [0x00000005c2200000, 0x00000005d9680000, 0x0000000716100000)
  object space 381440K, 50% used [0x00000005c2200000,0x00000005cde50fb0,0x00000005d9680000)
 Metaspace       used 55784K, capacity 58263K, committed 58456K, reserved 1099776K
  class space    used 6771K, capacity 7179K, committed 7296K, reserved 1048576K
}

Deoptimization events (10 events):
Event: 20.437 Thread 0x000000002844f800 Uncommon trap: reason=unstable_if action=reinterpret pc=0x0000000003e7ef50 method=javafx.scene.Node.updateBounds()V @ 70
Event: 20.439 Thread 0x00000000283db000 Uncommon trap: reason=unstable_if action=reinterpret pc=0x0000000003f424c8 method=com.sun.javafx.geom.transform.AffineBase.updateState2D()V @ 33
Event: 20.439 Thread 0x00000000283db000 Uncommon trap: reason=unstable_if action=reinterpret pc=0x0000000003ff2f88 method=com.sun.javafx.geom.transform.AffineBase.translate(DD)V @ 438
Event: 20.445 Thread 0x00000000283db000 Uncommon trap: reason=unstable_if action=reinterpret pc=0x00000000031abdc4 method=com.sun.javafx.sg.prism.NGRegion.renderContent(Lcom/sun/prism/Graphics;)V @ 101
Event: 20.580 Thread 0x000000002844f800 Uncommon trap: reason=class_check action=maybe_recompile pc=0x0000000003397b78 method=gov.nasa.worldwind.geom.Vec4.computeAveragePoint(Ljava/lang/Iterable;)Lgov/nasa/worldwind/geom/Vec4; @ 41
Event: 20.590 Thread 0x000000002844f800 Uncommon trap: reason=class_check action=maybe_recompile pc=0x0000000003397b78 method=gov.nasa.worldwind.geom.Vec4.computeAveragePoint(Ljava/lang/Iterable;)Lgov/nasa/worldwind/geom/Vec4; @ 41
Event: 20.590 Thread 0x000000002844f800 Uncommon trap: reason=class_check action=maybe_recompile pc=0x0000000003397b78 method=gov.nasa.worldwind.geom.Vec4.computeAveragePoint(Ljava/lang/Iterable;)Lgov/nasa/worldwind/geom/Vec4; @ 41
Event: 20.591 Thread 0x000000002844f800 Uncommon trap: reason=class_check action=maybe_recompile pc=0x0000000003397b78 method=gov.nasa.worldwind.geom.Vec4.computeAveragePoint(Ljava/lang/Iterable;)Lgov/nasa/worldwind/geom/Vec4; @ 41
Event: 20.591 Thread 0x000000002844f800 Uncommon trap: reason=class_check action=maybe_recompile pc=0x000000000339212c method=gov.nasa.worldwind.geom.Vec4.computeAveragePoint(Ljava/lang/Iterable;)Lgov/nasa/worldwind/geom/Vec4; @ 41
Event: 20.591 Thread 0x000000002844f800 Uncommon trap: reason=class_check action=maybe_recompile pc=0x000000000337ed80 method=gov.nasa.worldwind.geom.Vec4.computeAveragePoint(Ljava/lang/Iterable;)Lgov/nasa/worldwind/geom/Vec4; @ 41

Internal exceptions (10 events):
Event: 3.436 Thread 0x000000002dc58000 Exception <a 'java/lang/NullPointerException'> (0x0000000719883218) thrown at [C:\re\workspace\8-2-build-windows-amd64-cygwin\jdk8u101\7261\hotspot\src\share\vm\interpreter\linkResolver.cpp, line 1178]
Event: 7.573 Thread 0x000000002844f800 Implicit null exception at 0x000000000393d316 to 0x000000000393d55d
Event: 7.941 Thread 0x000000002844f800 Implicit null exception at 0x00000000030618b9 to 0x0000000003061f2d
Event: 14.086 Thread 0x000000002844f800 Exception <a 'java/io/FileNotFoundException'> (0x000000071e1c99a0) thrown at [C:\re\workspace\8-2-build-windows-amd64-cygwin\jdk8u101\7261\hotspot\src\share\vm\prims\jni.cpp, line 709]
Event: 14.646 Thread 0x000000002844f800 Exception <a 'java/lang/ArrayIndexOutOfBoundsException': 78> (0x0000000720de91d0) thrown at [C:\re\workspace\8-2-build-windows-amd64-cygwin\jdk8u101\7261\hotspot\src\share\vm\interpreter\interpreterRuntime.cpp, line 366]
Event: 14.646 Thread 0x000000002844f800 Exception <a 'java/lang/ArrayIndexOutOfBoundsException': 86> (0x0000000720deaa28) thrown at [C:\re\workspace\8-2-build-windows-amd64-cygwin\jdk8u101\7261\hotspot\src\share\vm\interpreter\interpreterRuntime.cpp, line 366]
Event: 14.731 Thread 0x000000002844f800 Implicit null exception at 0x0000000003052db1 to 0x000000000305331d
Event: 15.021 Thread 0x000000002844f800 Implicit null exception at 0x00000000029ad696 to 0x00000000029ad9e9
Event: 16.550 Thread 0x000000002844f800 Implicit null exception at 0x00000000039e7f4e to 0x00000000039e8759
Event: 17.877 Thread 0x000000002e407000 Implicit null exception at 0x0000000002fcff29 to 0x0000000002fd038d

Events (10 events):
Event: 20.590 Thread 0x000000002844f800 DEOPT UNPACKING pc=0x00000000027f582a sp=0x0000000028ffd348 mode 2
Event: 20.591 Thread 0x000000002844f800 Uncommon trap: trap_request=0xffffffde fr.pc=0x0000000003397b78
Event: 20.591 Thread 0x000000002844f800 DEOPT PACKING pc=0x0000000003397b78 sp=0x0000000028ffd5d0
Event: 20.591 Thread 0x000000002844f800 DEOPT UNPACKING pc=0x00000000027f582a sp=0x0000000028ffd348 mode 2
Event: 20.591 Thread 0x000000002844f800 Uncommon trap: trap_request=0xffffffde fr.pc=0x000000000339212c
Event: 20.591 Thread 0x000000002844f800 DEOPT PACKING pc=0x000000000339212c sp=0x0000000028ffd380
Event: 20.591 Thread 0x000000002844f800 DEOPT UNPACKING pc=0x00000000027f582a sp=0x0000000028ffd250 mode 2
Event: 20.591 Thread 0x000000002844f800 Uncommon trap: trap_request=0xffffffde fr.pc=0x000000000337ed80
Event: 20.591 Thread 0x000000002844f800 DEOPT PACKING pc=0x000000000337ed80 sp=0x0000000028ffd2c0
Event: 20.591 Thread 0x000000002844f800 DEOPT UNPACKING pc=0x00000000027f582a sp=0x0000000028ffd240 mode 2


Dynamic libraries:
0x00007ff7aa820000 - 0x00007ff7aa857000 	C:\Program Files\Java\jdk1.8.0_101\bin\javaw.exe
0x00007ffdb86b0000 - 0x00007ffdb8881000 	C:\WINDOWS\SYSTEM32\ntdll.dll
0x00007ffdb8540000 - 0x00007ffdb85ec000 	C:\WINDOWS\System32\KERNEL32.DLL
0x00007ffdb4fc0000 - 0x00007ffdb51dd000 	C:\WINDOWS\System32\KERNELBASE.dll
0x00007ffdb5e70000 - 0x00007ffdb5f12000 	C:\WINDOWS\System32\ADVAPI32.dll
0x00007ffdb5cd0000 - 0x00007ffdb5d6e000 	C:\WINDOWS\System32\msvcrt.dll
0x00007ffdb6b80000 - 0x00007ffdb6bd9000 	C:\WINDOWS\System32\sechost.dll
0x00007ffdb6a50000 - 0x00007ffdb6b71000 	C:\WINDOWS\System32\RPCRT4.dll
0x00007ffdb6360000 - 0x00007ffdb64c5000 	C:\WINDOWS\System32\USER32.dll
0x00007ffdb4ba0000 - 0x00007ffdb4bbe000 	C:\WINDOWS\System32\win32u.dll
0x00007ffdb6ff0000 - 0x00007ffdb7024000 	C:\WINDOWS\System32\GDI32.dll
0x00007ffdb4ce0000 - 0x00007ffdb4e62000 	C:\WINDOWS\System32\gdi32full.dll
0x00007ffdabbf0000 - 0x00007ffdabe6a000 	C:\WINDOWS\WinSxS\amd64_microsoft.windows.common-controls_6595b64144ccf1df_6.0.14393.953_none_42151e83c686086b\COMCTL32.dll
0x00007ffdb64d0000 - 0x00007ffdb6798000 	C:\WINDOWS\System32\combase.dll
0x00007ffdb5460000 - 0x00007ffdb5555000 	C:\WINDOWS\System32\ucrtbase.dll
0x00007ffdb4bc0000 - 0x00007ffdb4c2a000 	C:\WINDOWS\System32\bcryptPrimitives.dll
0x00007ffdb69b0000 - 0x00007ffdb69de000 	C:\WINDOWS\System32\IMM32.DLL
0x0000000075e90000 - 0x0000000075f62000 	C:\Program Files\Java\jdk1.8.0_101\jre\bin\msvcr100.dll
0x0000000073c60000 - 0x00000000744fa000 	C:\Program Files\Java\jdk1.8.0_101\jre\bin\server\jvm.dll
0x00007ffdb6840000 - 0x00007ffdb6848000 	C:\WINDOWS\System32\PSAPI.DLL
0x00007ffdb1660000 - 0x00007ffdb1669000 	C:\WINDOWS\SYSTEM32\WSOCK32.dll
0x00007ffdb2ea0000 - 0x00007ffdb2ec3000 	C:\WINDOWS\SYSTEM32\WINMM.dll
0x00007ffdaf170000 - 0x00007ffdaf17a000 	C:\WINDOWS\SYSTEM32\VERSION.dll
0x00007ffdb69e0000 - 0x00007ffdb6a4a000 	C:\WINDOWS\System32\WS2_32.dll
0x00007ffdb2e40000 - 0x00007ffdb2e6b000 	C:\WINDOWS\SYSTEM32\WINMMBASE.dll
0x00007ffdb51e0000 - 0x00007ffdb5222000 	C:\WINDOWS\System32\cfgmgr32.dll
0x0000000075e80000 - 0x0000000075e8f000 	C:\Program Files\Java\jdk1.8.0_101\jre\bin\verify.dll
0x0000000075e50000 - 0x0000000075e79000 	C:\Program Files\Java\jdk1.8.0_101\jre\bin\java.dll
0x0000000075e30000 - 0x0000000075e46000 	C:\Program Files\Java\jdk1.8.0_101\jre\bin\zip.dll
0x00007ffdb7030000 - 0x00007ffdb8538000 	C:\WINDOWS\System32\SHELL32.dll
0x00007ffdb5560000 - 0x00007ffdb5c3a000 	C:\WINDOWS\System32\windows.storage.dll
0x00007ffdb4b40000 - 0x00007ffdb4b8c000 	C:\WINDOWS\System32\powrprof.dll
0x00007ffdb8650000 - 0x00007ffdb86a2000 	C:\WINDOWS\System32\shlwapi.dll
0x00007ffdb4b90000 - 0x00007ffdb4b9f000 	C:\WINDOWS\System32\kernel.appcore.dll
0x00007ffdb4c30000 - 0x00007ffdb4cd9000 	C:\WINDOWS\System32\shcore.dll
0x00007ffdb4b20000 - 0x00007ffdb4b34000 	C:\WINDOWS\System32\profapi.dll
0x00007ffd9dfa0000 - 0x00007ffd9e08f000 	C:\Program Files\Java\jdk1.8.0_101\jre\bin\msvcr120.dll
0x00007ffd9ead0000 - 0x00007ffd9eb76000 	C:\Program Files\Java\jdk1.8.0_101\jre\bin\msvcp120.dll
0x0000000075e00000 - 0x0000000075e22000 	C:\Program Files\Java\jdk1.8.0_101\jre\bin\prism_d3d.dll
0x00007ffd9f830000 - 0x00007ffd9f9bd000 	C:\WINDOWS\system32\d3d9.dll
0x00007ffdb2ba0000 - 0x00007ffdb2bc6000 	C:\WINDOWS\SYSTEM32\dwmapi.dll
0x00007ffdb3290000 - 0x00007ffdb3325000 	C:\WINDOWS\system32\uxtheme.dll
0x00007ffd6f300000 - 0x00007ffd74aec000 	C:\WINDOWS\System32\DriverStore\FileRepository\ki120637.inf_amd64_edd2419f06af898d\igdumdim64.dll
0x00007ffdb6be0000 - 0x00007ffdb6c9f000 	C:\WINDOWS\System32\OLEAUT32.dll
0x00007ffdb4e70000 - 0x00007ffdb4f0c000 	C:\WINDOWS\System32\msvcp_win.dll
0x00007ffdb6cb0000 - 0x00007ffdb6de8000 	C:\WINDOWS\System32\ole32.dll
0x00007ffdb5f20000 - 0x00007ffdb6349000 	C:\WINDOWS\System32\SETUPAPI.dll
0x0000000075db0000 - 0x0000000075df3000 	C:\Program Files\Java\jdk1.8.0_101\jre\bin\glass.dll
0x00007ffdb5d70000 - 0x00007ffdb5e6a000 	C:\WINDOWS\System32\COMDLG32.dll
0x00007ffdb6850000 - 0x00007ffdb69aa000 	C:\WINDOWS\System32\MSCTF.dll
0x00007ffdaf630000 - 0x00007ffdb078f000 	C:\WINDOWS\System32\DriverStore\FileRepository\ki120637.inf_amd64_edd2419f06af898d\igc64.dll
0x0000000073850000 - 0x00000000739e8000 	C:\Program Files\Java\jdk1.8.0_101\jre\bin\awt.dll
0x00007ffdb2bd0000 - 0x00007ffdb2c4a000 	C:\WINDOWS\SYSTEM32\apphelp.dll
0x0000000075d90000 - 0x0000000075da4000 	C:\Program Files\Java\jdk1.8.0_101\jre\bin\javafx_font.dll
0x00007ffda49a0000 - 0x00007ffda4c09000 	C:\WINDOWS\SYSTEM32\dwrite.dll
0x00007ffdb67a0000 - 0x00007ffdb683f000 	C:\WINDOWS\System32\clbcatq.dll
0x00007ffdb1710000 - 0x00007ffdb18b8000 	C:\WINDOWS\SYSTEM32\WindowsCodecs.dll
0x00007ffd96c60000 - 0x00007ffd96ca9000 	C:\WINDOWS\system32\dataexchange.dll
0x00007ffdb2250000 - 0x00007ffdb2506000 	C:\WINDOWS\system32\d3d11.dll
0x00007ffdb1e90000 - 0x00007ffdb1fe1000 	C:\WINDOWS\system32\dcomp.dll
0x00007ffdb3a90000 - 0x00007ffdb3b2f000 	C:\WINDOWS\system32\dxgi.dll
0x00007ffdb3560000 - 0x00007ffdb367c000 	C:\WINDOWS\system32\twinapi.appcore.dll
0x00007ffdb4a50000 - 0x00007ffdb4a7b000 	C:\WINDOWS\system32\bcrypt.dll
0x00007ffd9f180000 - 0x00007ffd9f1b2000 	C:\Program Files\Common Files\Microsoft Shared\Ink\rtscom.dll
0x0000000073830000 - 0x000000007384a000 	C:\Program Files\Java\jdk1.8.0_101\jre\bin\net.dll
0x00007ffdb4440000 - 0x00007ffdb449c000 	C:\WINDOWS\system32\mswsock.dll
0x00007ffdb4200000 - 0x00007ffdb42a1000 	C:\WINDOWS\SYSTEM32\DNSAPI.dll
0x00007ffdb6ca0000 - 0x00007ffdb6ca8000 	C:\WINDOWS\System32\NSI.dll
0x00007ffdb41c0000 - 0x00007ffdb41f8000 	C:\WINDOWS\SYSTEM32\IPHLPAPI.DLL
0x00000000500a0000 - 0x00000000500c6000 	C:\Program Files\Bonjour\mdnsNSP.dll
0x00007ffda7d10000 - 0x00007ffda7d1a000 	C:\Windows\System32\rasadhlp.dll
0x00007ffdab2c0000 - 0x00007ffdab32a000 	C:\WINDOWS\System32\fwpuclnt.dll
0x00007ffdb1380000 - 0x00007ffdb13c0000 	C:\Program Files\WIDCOMM\Bluetooth Software\btmmhook.dll
0x00000000737e0000 - 0x0000000073827000 	C:\Program Files\Java\jdk1.8.0_101\jre\bin\fontmanager.dll
0x00000000737c0000 - 0x00000000737d1000 	C:\Program Files\Java\jdk1.8.0_101\jre\bin\nio.dll
0x0000000073790000 - 0x00000000737b4000 	C:\Program Files\Java\jdk1.8.0_101\jre\bin\sunec.dll
0x00007ffdb45e0000 - 0x00007ffdb45f7000 	C:\WINDOWS\SYSTEM32\CRYPTSP.dll
0x00007ffdb4040000 - 0x00007ffdb4073000 	C:\WINDOWS\system32\rsaenh.dll
0x00007ffdb42c0000 - 0x00007ffdb42df000 	C:\WINDOWS\SYSTEM32\USERENV.dll
0x00007ffdb4600000 - 0x00007ffdb460b000 	C:\WINDOWS\SYSTEM32\CRYPTBASE.dll
0x00007ffdab2a0000 - 0x00007ffdab2b6000 	C:\WINDOWS\SYSTEM32\dhcpcsvc6.DLL
0x00007ffdab280000 - 0x00007ffdab29a000 	C:\WINDOWS\SYSTEM32\dhcpcsvc.DLL
0x0000000073780000 - 0x000000007378b000 	C:\Program Files\Java\jdk1.8.0_101\jre\bin\sunmscapi.dll
0x00007ffdb5290000 - 0x00007ffdb5459000 	C:\WINDOWS\System32\CRYPT32.dll
0x00007ffdb4b10000 - 0x00007ffdb4b20000 	C:\WINDOWS\System32\MSASN1.dll
0x0000000076b50000 - 0x0000000076b59000 	C:\Program Files\Java\jdk1.8.0_101\jre\bin\w2k_lsa_auth.dll
0x00007ffda5c70000 - 0x00007ffda5c7c000 	C:\WINDOWS\SYSTEM32\Secur32.dll
0x00007ffdb47e0000 - 0x00007ffdb480c000 	C:\WINDOWS\SYSTEM32\SSPICLI.DLL
0x00007ffda3280000 - 0x00007ffda3296000 	C:\WINDOWS\system32\napinsp.dll
0x00007ffda32a0000 - 0x00007ffda32ba000 	C:\WINDOWS\system32\pnrpnsp.dll
0x00007ffdaeae0000 - 0x00007ffdaeaf8000 	C:\WINDOWS\system32\NLAapi.dll
0x00007ffda33a0000 - 0x00007ffda33ae000 	C:\WINDOWS\System32\winrnr.dll
0x00007ffda32c0000 - 0x00007ffda32d5000 	C:\WINDOWS\System32\wshbth.dll
0x00007ffdb43d0000 - 0x00007ffdb4437000 	C:\WINDOWS\system32\msv1_0.DLL
0x00007ffdb43c0000 - 0x00007ffdb43cc000 	C:\WINDOWS\SYSTEM32\NtlmShared.dll
0x00007ffdb44a0000 - 0x00007ffdb44b5000 	C:\WINDOWS\SYSTEM32\cryptdll.dll
0x00000000637c0000 - 0x00000000637cd000 	C:\Users\quero\AppData\Local\Temp\jogamp_0000\file_cache\jln6284708514992388205\jln7076650086319059053\gluegen-rt.dll
0x0000000073c50000 - 0x0000000073c57000 	C:\Program Files\Java\jdk1.8.0_101\jre\bin\jawt.dll
0x000000006a440000 - 0x000000006a44d000 	C:\Users\quero\AppData\Local\Temp\jogamp_0000\file_cache\jln6284708514992388205\jln7076650086319059053\nativewindow_awt.dll
0x000000006c100000 - 0x000000006c10f000 	C:\Users\quero\AppData\Local\Temp\jogamp_0000\file_cache\jln6284708514992388205\jln7076650086319059053\nativewindow_win32.dll
0x00007ffd8ade0000 - 0x00007ffd8af03000 	C:\WINDOWS\SYSTEM32\OpenGL32.dll
0x00007ffd8b9c0000 - 0x00007ffd8bab7000 	C:\WINDOWS\SYSTEM32\DDRAW.dll
0x00007ffd9cac0000 - 0x00007ffd9caed000 	C:\WINDOWS\SYSTEM32\GLU32.dll
0x00007ffda5bb0000 - 0x00007ffda5bb8000 	C:\WINDOWS\SYSTEM32\DCIMAN32.dll
0x0000000064500000 - 0x00000000645a0000 	C:\Users\quero\AppData\Local\Temp\jogamp_0000\file_cache\jln6284708514992388205\jln7076650086319059053\jogl_desktop.dll
0x00007ffd6ad30000 - 0x00007ffd6ba8b000 	C:\WINDOWS\System32\DriverStore\FileRepository\ki120637.inf_amd64_edd2419f06af898d\ig9icd64.dll
0x00007ffdb1ff0000 - 0x00007ffdb2003000 	C:\WINDOWS\SYSTEM32\WTSAPI32.dll
0x0000000073730000 - 0x0000000073772000 	C:\Program Files\Java\jdk1.8.0_101\jre\bin\t2k.dll
0x0000000073710000 - 0x0000000073721000 	C:\Program Files\Java\jdk1.8.0_101\jre\bin\prism_common.dll
0x00007ffdb2a10000 - 0x00007ffdb2b95000 	C:\WINDOWS\system32\propsys.dll
0x00007ffd9b9e0000 - 0x00007ffd9ba78000 	C:\Program Files\Common Files\microsoft shared\ink\tiptsf.dll
0x00007ffd965c0000 - 0x00007ffd96602000 	C:\WINDOWS\SYSTEM32\edputil.dll
0x00007ffd8bac0000 - 0x00007ffd8bf44000 	C:\WINDOWS\system32\explorerframe.dll
0x00007ffd9f450000 - 0x00007ffd9f5f8000 	C:\WINDOWS\system32\DUI70.dll
0x00007ffdaf380000 - 0x00007ffdaf414000 	C:\WINDOWS\system32\DUser.dll
0x00007ffd914e0000 - 0x00007ffd91533000 	C:\Windows\System32\thumbcache.dll
0x00007ffdb0980000 - 0x00007ffdb0b0a000 	C:\Windows\System32\Windows.Globalization.dll
0x00007ffdb2760000 - 0x00007ffdb27c7000 	C:\Windows\System32\Bcp47Langs.dll
0x00007ffdb1b90000 - 0x00007ffdb1bbe000 	C:\WINDOWS\SYSTEM32\globinputhost.dll
0x00007ffd9c9f0000 - 0x00007ffd9c9f9000 	C:\WINDOWS\SYSTEM32\atlthunk.dll
0x00007ffdabe70000 - 0x00007ffdabf10000 	C:\WINDOWS\System32\StructuredQuery.dll
0x00007ffd88e90000 - 0x00007ffd88f5a000 	C:\WINDOWS\system32\Windows.Storage.Search.dll
0x00007ffdb5c40000 - 0x00007ffdb5cae000 	C:\WINDOWS\System32\coml2.dll
0x00007ffda2020000 - 0x00007ffda2385000 	C:\Windows\System32\ActXPrxy.dll
0x00007ffda4550000 - 0x00007ffda4560000 	C:\WINDOWS\SYSTEM32\LINKINFO.dll
0x00007ffda0080000 - 0x00007ffda009b000 	C:\WINDOWS\SYSTEM32\MPR.dll
0x00007ffdaea50000 - 0x00007ffdaea66000 	C:\WINDOWS\System32\ntlanman.dll
0x00007ffdb2010000 - 0x00007ffdb201b000 	C:\WINDOWS\System32\drprov.dll

VM Arguments:
jvm_args: -Dfile.encoding=Cp1252 
java_command: gui.JFXMain
java_class_path (initial): C:\Users\quero\workspaceHackaton2015\UrsulaGIS-Desktop\bin;C:\Users\quero\workspaceHackaton2015\UrsulaGIS-Desktop\libs\gluegen-rt-natives-windows-amd64.jar;C:\Users\quero\workspaceHackaton2015\UrsulaGIS-Desktop\libs\gluegen-rt-natives-windows-i586.jar;C:\Users\quero\workspaceHackaton2015\UrsulaGIS-Desktop\libs\gluegen-rt.jar;C:\Users\quero\workspaceHackaton2015\UrsulaGIS-Desktop\libs\jogl-all-natives-windows-amd64.jar;C:\Users\quero\workspaceHackaton2015\UrsulaGIS-Desktop\libs\jogl-all-natives-windows-i586.jar;C:\Users\quero\workspaceHackaton2015\UrsulaGIS-Desktop\libs\jogl-all.jar;C:\Users\quero\workspaceHackaton2015\UrsulaGIS-Desktop\libs\lib\commons-pool-1.5.4.jar;C:\Users\quero\workspaceHackaton2015\UrsulaGIS-Desktop\libs\lib\vecmath-1.3.2.jar;C:\Users\quero\workspaceHackaton2015\UrsulaGIS-Desktop\libs\lib\jsr-275-1.0-beta-2.jar;C:\Users\quero\workspaceHackaton2015\UrsulaGIS-Desktop\libs\lib\gt-opengis-8.0-M0.jar;C:\Users\quero\workspaceHackaton2015\UrsulaGIS-Desktop\libs\lib\gt-metadata-8.0-M0.jar;C:\Users\quero\workspaceHackaton2015\UrsulaGIS-Desktop\libs\lib\gt-referencing-8.0-M0.jar;C:\Users\quero\workspaceHackaton2015\UrsulaGIS-Desktop\libs\lib\gt-api-8.0-M0.jar;C:\Users\quero\workspaceHackaton2015\UrsulaGIS-Desktop\libs\lib\jdom-1.0.jar;C:\Users\quero\workspaceHackaton2015\UrsulaGIS-Desktop\libs\lib\gt-main-8.0-M0.jar;C:\Users\quero\workspaceHackaton2015\UrsulaGIS-Desktop\libs\lib\imageio-ext-tiff-1.1-RC1.jar;C:\Users\quero\workspaceHackaton2015\UrsulaGIS-Desktop\libs\lib\imageio-ext-utilities-1.1-RC1.jar;C:\Users\quero\workspaceHackaton2015\UrsulaGIS-Desktop\libs\lib\gt-coverage-8.0-M0.jar;C:\Users\quero\workspaceHackaton2015\UrsulaGIS-Desktop\libs\lib\gt-cql-8.0-M0.jar;C:\Users\quero\workspaceHackaton2015\UrsulaGIS-Desktop\libs\lib\gt-data-8.0-M0.jar;C:\Users\quero\workspaceHackaton2015\UrsulaGIS-Desktop\libs\lib\gt-render-8.0-M0.jar;C:\Users\quero\workspaceHackaton2015\UrsulaGIS-Desktop\libs\lib\gt-shapefile-8.0-M0.jar;C:\Us
Launcher Type: SUN_STANDARD

Environment Variables:
JAVA_HOME=C:\Program Files\Java\jdk1.8.0_101
PATH=C:/Program Files/Java/jre1.8.0_131/bin/server;C:/Program Files/Java/jre1.8.0_131/bin;C:/Program Files/Java/jre1.8.0_131/lib/amd64;C:\ProgramData\Oracle\Java\javapath;C:\Program Files\Dell\DW WLAN Card;C:\Windows\system32;C:\Windows;C:\Windows\System32\Wbem;C:\Windows\System32\WindowsPowerShell\v1.0\;C:\Program Files\WIDCOMM\Bluetooth Software\;C:\Program Files\WIDCOMM\Bluetooth Software\syswow64;C:\Program Files (x86)\NVIDIA Corporation\PhysX\Common;C:\Program Files\Java\jre8;C:\Program Files (x86)\Heroku\bin;C:\Program Files (x86)\git\cmd;C:\Program Files (x86)\Git\cmd;C:\WINDOWS\system32;C:\WINDOWS;C:\WINDOWS\System32\Wbem;C:\WINDOWS\System32\WindowsPowerShell\v1.0\;C:\Program Files\PostgreSQL\pg95\bin;C:\Program Files (x86)\Skype\Phone\;C:\Program Files (x86)\PuTTY\;C:\Program Files (x86)\Windows Kits\10\Windows Performance Toolkit\;C:\Users\quero\Miniconda2;C:\Users\quero\Miniconda2\Scripts;C:\Users\quero\Miniconda2\Library\bin;C:\Program Files (x86)\apache-maven-3.3.9\bin;C:\Users\quero\AppData\Local\Microsoft\WindowsApps;C:\Users\quero\AppData\Local\atom\bin;C:\Program Files (x86)\WiX Toolset v3.10\bin;"C:\Program Files\PostgreSQL\pg95\bin";C:\Program Files\snap\bin;C:\Users\quero\eclipse\java-neon\eclipse;
USERNAME=quero
OS=Windows_NT
PROCESSOR_IDENTIFIER=Intel64 Family 6 Model 94 Stepping 3, GenuineIntel



---------------  S Y S T E M  ---------------

OS: Windows 10.0 , 64 bit Build 14393 (10.0.14393.1198)

CPU:total 8 (4 cores per cpu, 2 threads per core) family 6 model 94 stepping 3, cmov, cx8, fxsr, mmx, sse, sse2, sse3, ssse3, sse4.1, sse4.2, popcnt, avx, avx2, aes, clmul, erms, rtm, 3dnowpref, lzcnt, ht, tsc, tscinvbit, bmi1, bmi2, adx

Memory: 4k page, physical 33408000k(20247284k free), swap 38388736k(23011636k free)

vm_info: Java HotSpot(TM) 64-Bit Server VM (25.101-b13) for windows-amd64 JRE (1.8.0_101-b13), built on Jun 22 2016 01:21:29 by "java_re" with MS VC++ 10.0 (VS2010)

time: Mon May 22 11:39:50 2017
elapsed time: 20 seconds (0d 0h 0m 20s)

