#
# A fatal error has been detected by the Java Runtime Environment:
#
#  EXCEPTION_ACCESS_VIOLATION (0xc0000005) at pc=0x000000005951a0a5, pid=7980, tid=0x0000000000001eac
#
# JRE version: Java(TM) SE Runtime Environment (8.0_101-b13) (build 1.8.0_101-b13)
# Java VM: Java HotSpot(TM) 64-Bit Server VM (25.101-b13 mixed mode windows-amd64 compressed oops)
# Problematic frame:
# V  [jvm.dll+0x12a0a5]
#
# Failed to write core dump. Minidumps are not enabled by default on client versions of Windows
#
# If you would like to submit a bug report, please visit:
#   http://bugreport.java.com/bugreport/crash.jsp
#

---------------  T H R E A D  ---------------

Current thread (0x0000000030f77800):  JavaThread "JDWP Transport Listener: dt_socket" daemon [_thread_in_vm, id=7852, stack(0x0000000031730000,0x0000000031830000)]

siginfo: ExceptionCode=0xc0000005, reading address 0xffffffffffffffff

Registers:
RAX=0x000000003182f301, RBX=0x0000000030f77800, RCX=0x0074006100440064, RDX=0x0000000000000000
RSP=0x000000003182f340, RBP=0x0074006100440064, RSI=0x000000003182f458, RDI=0x0000000002748810
R8 =0x0000000030f77800, R9 =0x0000000002652280, R10=0x0000000002650180, R11=0x0000000030fbde60
R12=0x0000000000000000, R13=0x0000000030f78418, R14=0x0000000000000000, R15=0x0000000000000000
RIP=0x000000005951a0a5, EFLAGS=0x0000000000010202

Top of Stack: (sp=0x000000003182f340)
0x000000003182f340:   0000000030f77800 0000000030f77800
0x000000003182f350:   000000003182f408 0000000059722f0b
0x000000003182f360:   0000000030f77800 000000005973f76d
0x000000003182f370:   0000000000000000 000000005b879155
0x000000003182f380:   000000003a2e78f0 000000005b88291e
0x000000003182f390:   0000000030f77800 0000000000000000
0x000000003182f3a0:   0000000000000000 0000000000000000
0x000000003182f3b0:   0074006100440064 000000005b881a15
0x000000003182f3c0:   000000003182f458 000000003182f430
0x000000003182f3d0:   0000000000000001 000000003a2e78f0
0x000000003182f3e0:   0074006100440064 000000005b8653b3
0x000000003182f3f0:   000000003182f520 0000000000000001
0x000000003182f400:   0000000000000001 000000003a2e78f0
0x000000003182f410:   00000000f000100a 0000000000000000
0x000000003182f420:   0000000000000000 0000000000000000
0x000000003182f430:   0000000000000001 000000005b865571 

Instructions: (pc=0x000000005951a0a5)
0x000000005951a085:   cc cc cc cc cc cc cc cc cc cc cc 48 83 ec 28 48
0x000000005951a095:   85 c9 75 07 33 c0 48 83 c4 28 c3 48 89 5c 24 20
0x000000005951a0a5:   48 8b 19 48 85 db 74 20 48 83 fb 37 74 1a 48 8b
0x000000005951a0b5:   13 48 8b cb ff 52 10 84 c0 74 0d 48 8b c3 48 8b 


Register to memory mapping:

RAX=0x000000003182f301 is pointing into the stack for thread: 0x0000000030f77800
RBX=0x0000000030f77800 is a thread
RCX=0x0074006100440064 is an unknown value
RDX=0x0000000000000000 is an unknown value
RSP=0x000000003182f340 is pointing into the stack for thread: 0x0000000030f77800
RBP=0x0074006100440064 is an unknown value
RSI=0x000000003182f458 is pointing into the stack for thread: 0x0000000030f77800
RDI=0x0000000002748810 is an unknown value
R8 =0x0000000030f77800 is a thread
R9 =0x0000000002652280 is an unknown value
R10=0x0000000002650180 is an unknown value
R11=0x0000000030fbde60 is an unknown value
R12=0x0000000000000000 is an unknown value
R13=0x0000000030f78418 is an unknown value
R14=0x0000000000000000 is an unknown value
R15=0x0000000000000000 is an unknown value


Stack: [0x0000000031730000,0x0000000031830000],  sp=0x000000003182f340,  free space=1020k
Native frames: (J=compiled Java code, j=interpreted, Vv=VM code, C=native code)
V  [jvm.dll+0x12a0a5]
V  [jvm.dll+0x34f76d]
C  [jdwp.dll+0x21a15]
C  [jdwp.dll+0x53b3]
C  [jdwp.dll+0x5571]
C  [jdwp.dll+0xf0a8]
C  [jdwp.dll+0x1f2d5]
C  [jdwp.dll+0x1f4aa]
V  [jvm.dll+0x1bd258]
V  [jvm.dll+0x2451a4]
V  [jvm.dll+0x29c18a]
C  [msvcr100.dll+0x21d9f]
C  [msvcr100.dll+0x21e3b]
C  [KERNEL32.DLL+0x8364]
C  [ntdll.dll+0x65e91]


---------------  P R O C E S S  ---------------

Java Threads: ( => current thread )
  0x0000000045cff800 JavaThread "Idle World Wind Task " daemon [_thread_blocked, id=14384, stack(0x000000004d0b0000,0x000000004d1b0000)]
  0x0000000045cfb800 JavaThread "Idle World Wind Task " daemon [_thread_blocked, id=10504, stack(0x000000004cfb0000,0x000000004d0b0000)]
  0x0000000045cfd000 JavaThread "Idle World Wind Task " daemon [_thread_blocked, id=5452, stack(0x000000004ceb0000,0x000000004cfb0000)]
  0x0000000039cf3800 JavaThread "Idle World Wind Task " daemon [_thread_blocked, id=12888, stack(0x000000004cdb0000,0x000000004ceb0000)]
  0x0000000039cf5000 JavaThread "Idle World Wind Task " daemon [_thread_blocked, id=11944, stack(0x000000004ccb0000,0x000000004cdb0000)]
  0x0000000039cf2800 JavaThread "AWT-EventQueue-0" [_thread_blocked, id=9896, stack(0x00000000472f0000,0x00000000473f0000)]
  0x0000000039cf1000 JavaThread "AWT-Shutdown" [_thread_blocked, id=960, stack(0x00000000471f0000,0x00000000472f0000)]
  0x0000000039cf5800 JavaThread "Thread-18" daemon [_thread_blocked, id=13840, stack(0x00000000470f0000,0x00000000471f0000)]
  0x0000000039cf7000 JavaThread "TimerQueue" daemon [_thread_blocked, id=8416, stack(0x0000000046ff0000,0x00000000470f0000)]
  0x0000000039cf8000 JavaThread "Thread-4-SharedResourceRunner" daemon [_thread_blocked, id=13556, stack(0x0000000043cf0000,0x0000000043df0000)]
  0x0000000039cf4000 JavaThread "Prism Font Disposer" daemon [_thread_blocked, id=10608, stack(0x000000003dbc0000,0x000000003dcc0000)]
  0x0000000039e8d000 JavaThread "AWT-Windows" daemon [_thread_in_native, id=4864, stack(0x000000003b890000,0x000000003b990000)]
  0x0000000039df4000 JavaThread "Java2D Disposer" daemon [_thread_blocked, id=8344, stack(0x000000003b690000,0x000000003b790000)]
  0x0000000032728800 JavaThread "JavaFX-Launcher" [_thread_blocked, id=14488, stack(0x000000003a9e0000,0x000000003aae0000)]
  0x00000000324d8000 JavaThread "Thread-2" daemon [_thread_in_native, id=1100, stack(0x0000000039710000,0x0000000039810000)]
  0x0000000032427000 JavaThread "JavaFX Application Thread" [_thread_blocked, id=3008, stack(0x0000000032fa0000,0x00000000330a0000)]
  0x0000000032418000 JavaThread "Thread-1" daemon [_thread_blocked, id=15328, stack(0x0000000032ea0000,0x0000000032fa0000)]
  0x00000000323e4800 JavaThread "QuantumRenderer-0" daemon [_thread_blocked, id=8944, stack(0x0000000032be0000,0x0000000032ce0000)]
  0x0000000031041800 JavaThread "Service Thread" daemon [_thread_blocked, id=10292, stack(0x00000000321e0000,0x00000000322e0000)]
  0x0000000030f9f800 JavaThread "C1 CompilerThread3" daemon [_thread_blocked, id=14872, stack(0x00000000320e0000,0x00000000321e0000)]
  0x0000000030f9d800 JavaThread "C2 CompilerThread2" daemon [_thread_blocked, id=11188, stack(0x0000000031fe0000,0x00000000320e0000)]
  0x0000000030f9d000 JavaThread "C2 CompilerThread1" daemon [_thread_blocked, id=10096, stack(0x0000000031ee0000,0x0000000031fe0000)]
  0x0000000030f94000 JavaThread "C2 CompilerThread0" daemon [_thread_blocked, id=8100, stack(0x0000000031de0000,0x0000000031ee0000)]
  0x0000000030f86000 JavaThread "JDWP Command Reader" daemon [_thread_in_native, id=7676, stack(0x0000000031ce0000,0x0000000031de0000)]
  0x0000000030f85000 JavaThread "JDWP Event Helper Thread" daemon [_thread_blocked, id=4116, stack(0x0000000031be0000,0x0000000031ce0000)]
=>0x0000000030f77800 JavaThread "JDWP Transport Listener: dt_socket" daemon [_thread_in_vm, id=7852, stack(0x0000000031730000,0x0000000031830000)]
  0x0000000030f6b000 JavaThread "Attach Listener" daemon [_thread_blocked, id=7420, stack(0x0000000031630000,0x0000000031730000)]
  0x0000000030f6a000 JavaThread "Signal Dispatcher" daemon [_thread_blocked, id=6492, stack(0x0000000031530000,0x0000000031630000)]
  0x0000000030f60800 JavaThread "Finalizer" daemon [_thread_blocked, id=11512, stack(0x0000000031340000,0x0000000031440000)]
  0x000000002f06d800 JavaThread "Reference Handler" daemon [_thread_blocked, id=1552, stack(0x0000000030e40000,0x0000000030f40000)]
  0x00000000028c3800 JavaThread "main" [_thread_blocked, id=4636, stack(0x00000000027c0000,0x00000000028c0000)]

Other Threads:
  0x000000002f068800 VMThread [stack: 0x0000000030d40000,0x0000000030e40000] [id=14536]
  0x0000000030ffb000 WatcherThread [stack: 0x00000000322e0000,0x00000000323e0000] [id=6768]

VM state:not at safepoint (normal execution)

VM Mutex/Monitor currently owned by a thread: None

Heap:
 PSYoungGen      total 206336K, used 48738K [0x00000006c0000000, 0x00000006fea80000, 0x00000007c0000000)
  eden space 184832K, 26% used [0x00000006c0000000,0x00000006c2f98870,0x00000006cb480000)
  from space 21504K, 0% used [0x00000006cb480000,0x00000006cb480000,0x00000006cc980000)
  to   space 344576K, 0% used [0x00000006e9a00000,0x00000006e9a00000,0x00000006fea80000)
 ParOldGen       total 949760K, used 326868K [0x00000004c0000000, 0x00000004f9f80000, 0x00000006c0000000)
  object space 949760K, 34% used [0x00000004c0000000,0x00000004d3f35270,0x00000004f9f80000)
 Metaspace       used 34307K, capacity 35429K, committed 35456K, reserved 1081344K
  class space    used 4235K, capacity 4460K, committed 4480K, reserved 1048576K

Card table byte_map: [0x0000000011d80000,0x0000000013590000] byte_map_base: 0x000000000f780000

Marking Bits: (ParMarkBitMap*) 0x0000000059c0a6d0
 Begin Bits: [0x0000000014d90000, 0x0000000020d90000)
 End Bits:   [0x0000000020d90000, 0x000000002cd90000)

Polling page: 0x0000000000ed0000

CodeCache: size=245760Kb used=9688Kb max_used=9688Kb free=236072Kb
 bounds [0x00000000029c0000, 0x0000000003340000, 0x00000000119c0000]
 total_blobs=4174 nmethods=2969 adapters=1124
 compilation: enabled

Compilation events (10 events):
Event: 20.149 Thread 0x0000000030f9f800 3287       3       java.util.ResourceBundle$Control::access$300 (4 bytes)
Event: 20.149 Thread 0x0000000030f9f800 nmethod 3287 0x000000000333a350 code [0x000000000333a4a0, 0x000000000333a5d0]
Event: 20.449 Thread 0x0000000030f9f800 3288   !   3       java.util.ResourceBundle::findBundleInCache (308 bytes)
Event: 20.455 Thread 0x0000000030f9f800 nmethod 3288 0x000000000333a650 code [0x000000000333a980, 0x000000000333c648]
Event: 20.685 Thread 0x0000000030f9f800 3290       3       java.awt.EventQueue::uncacheEQItem (53 bytes)
Event: 20.686 Thread 0x0000000030f9f800 nmethod 3290 0x000000000333d490 code [0x000000000333d620, 0x000000000333dd08]
Event: 20.686 Thread 0x0000000030f9f800 3291   !   3       java.awt.event.InvocationEvent::dispatch (69 bytes)
Event: 20.687 Thread 0x0000000030f9f800 nmethod 3291 0x000000000333df10 code [0x000000000333e0c0, 0x000000000333e738]
Event: 20.687 Thread 0x0000000030f9f800 3289       3       java.util.concurrent.locks.AbstractQueuedSynchronizer$ConditionObject::doSignalAll (36 bytes)
Event: 20.687 Thread 0x0000000030f9f800 nmethod 3289 0x000000000333e950 code [0x000000000333eac0, 0x000000000333ede8]

GC Heap History (10 events):
Event: 5.682 GC heap before
{Heap before GC invocations=3 (full 1):
 PSYoungGen      total 153088K, used 131584K [0x00000006c0000000, 0x00000006caa80000, 0x00000007c0000000)
  eden space 131584K, 100% used [0x00000006c0000000,0x00000006c8080000,0x00000006c8080000)
  from space 21504K, 0% used [0x00000006c8080000,0x00000006c8080000,0x00000006c9580000)
  to   space 21504K, 0% used [0x00000006c9580000,0x00000006c9580000,0x00000006caa80000)
 ParOldGen       total 349696K, used 6606K [0x00000004c0000000, 0x00000004d5580000, 0x00000006c0000000)
  object space 349696K, 1% used [0x00000004c0000000,0x00000004c0673888,0x00000004d5580000)
 Metaspace       used 29102K, capacity 29927K, committed 30208K, reserved 1075200K
  class space    used 3647K, capacity 3831K, committed 3840K, reserved 1048576K
Event: 5.690 GC heap after
Heap after GC invocations=3 (full 1):
 PSYoungGen      total 153088K, used 6158K [0x00000006c0000000, 0x00000006cbe80000, 0x00000007c0000000)
  eden space 131584K, 0% used [0x00000006c0000000,0x00000006c0000000,0x00000006c8080000)
  from space 21504K, 28% used [0x00000006c9580000,0x00000006c9b83b68,0x00000006caa80000)
  to   space 21504K, 0% used [0x00000006c8080000,0x00000006c8080000,0x00000006c9580000)
 ParOldGen       total 349696K, used 6614K [0x00000004c0000000, 0x00000004d5580000, 0x00000006c0000000)
  object space 349696K, 1% used [0x00000004c0000000,0x00000004c0675888,0x00000004d5580000)
 Metaspace       used 29102K, capacity 29927K, committed 30208K, reserved 1075200K
  class space    used 3647K, capacity 3831K, committed 3840K, reserved 1048576K
}
Event: 5.854 GC heap before
{Heap before GC invocations=4 (full 1):
 PSYoungGen      total 153088K, used 137742K [0x00000006c0000000, 0x00000006cbe80000, 0x00000007c0000000)
  eden space 131584K, 100% used [0x00000006c0000000,0x00000006c8080000,0x00000006c8080000)
  from space 21504K, 28% used [0x00000006c9580000,0x00000006c9b83b68,0x00000006caa80000)
  to   space 21504K, 0% used [0x00000006c8080000,0x00000006c8080000,0x00000006c9580000)
 ParOldGen       total 349696K, used 6614K [0x00000004c0000000, 0x00000004d5580000, 0x00000006c0000000)
  object space 349696K, 1% used [0x00000004c0000000,0x00000004c0675888,0x00000004d5580000)
 Metaspace       used 29271K, capacity 30119K, committed 30208K, reserved 1075200K
  class space    used 3651K, capacity 3831K, committed 3840K, reserved 1048576K
Event: 5.860 GC heap after
Heap after GC invocations=4 (full 1):
 PSYoungGen      total 153088K, used 3457K [0x00000006c0000000, 0x00000006cde80000, 0x00000007c0000000)
  eden space 131584K, 0% used [0x00000006c0000000,0x00000006c0000000,0x00000006c8080000)
  from space 21504K, 16% used [0x00000006c8080000,0x00000006c83e07a8,0x00000006c9580000)
  to   space 21504K, 0% used [0x00000006cc980000,0x00000006cc980000,0x00000006cde80000)
 ParOldGen       total 349696K, used 6622K [0x00000004c0000000, 0x00000004d5580000, 0x00000006c0000000)
  object space 349696K, 1% used [0x00000004c0000000,0x00000004c0677888,0x00000004d5580000)
 Metaspace       used 29271K, capacity 30119K, committed 30208K, reserved 1075200K
  class space    used 3651K, capacity 3831K, committed 3840K, reserved 1048576K
}
Event: 6.210 GC heap before
{Heap before GC invocations=5 (full 1):
 PSYoungGen      total 153088K, used 135041K [0x00000006c0000000, 0x00000006cde80000, 0x00000007c0000000)
  eden space 131584K, 100% used [0x00000006c0000000,0x00000006c8080000,0x00000006c8080000)
  from space 21504K, 16% used [0x00000006c8080000,0x00000006c83e07a8,0x00000006c9580000)
  to   space 21504K, 0% used [0x00000006cc980000,0x00000006cc980000,0x00000006cde80000)
 ParOldGen       total 349696K, used 6622K [0x00000004c0000000, 0x00000004d5580000, 0x00000006c0000000)
  object space 349696K, 1% used [0x00000004c0000000,0x00000004c0677888,0x00000004d5580000)
 Metaspace       used 31636K, capacity 32565K, committed 32640K, reserved 1077248K
  class space    used 3962K, capacity 4190K, committed 4224K, reserved 1048576K
Event: 6.217 GC heap after
Heap after GC invocations=5 (full 1):
 PSYoungGen      total 206336K, used 4753K [0x00000006c0000000, 0x00000006ce180000, 0x00000007c0000000)
  eden space 184832K, 0% used [0x00000006c0000000,0x00000006c0000000,0x00000006cb480000)
  from space 21504K, 22% used [0x00000006cc980000,0x00000006cce24748,0x00000006cde80000)
  to   space 21504K, 0% used [0x00000006cb480000,0x00000006cb480000,0x00000006cc980000)
 ParOldGen       total 349696K, used 6630K [0x00000004c0000000, 0x00000004d5580000, 0x00000006c0000000)
  object space 349696K, 1% used [0x00000004c0000000,0x00000004c0679888,0x00000004d5580000)
 Metaspace       used 31636K, capacity 32565K, committed 32640K, reserved 1077248K
  class space    used 3962K, capacity 4190K, committed 4224K, reserved 1048576K
}
Event: 6.803 GC heap before
{Heap before GC invocations=6 (full 1):
 PSYoungGen      total 206336K, used 189585K [0x00000006c0000000, 0x00000006ce180000, 0x00000007c0000000)
  eden space 184832K, 100% used [0x00000006c0000000,0x00000006cb480000,0x00000006cb480000)
  from space 21504K, 22% used [0x00000006cc980000,0x00000006cce24748,0x00000006cde80000)
  to   space 21504K, 0% used [0x00000006cb480000,0x00000006cb480000,0x00000006cc980000)
 ParOldGen       total 349696K, used 154707K [0x00000004c0000000, 0x00000004d5580000, 0x00000006c0000000)
  object space 349696K, 44% used [0x00000004c0000000,0x00000004c9714d98,0x00000004d5580000)
 Metaspace       used 32921K, capacity 34035K, committed 34176K, reserved 1079296K
  class space    used 4116K, capacity 4361K, committed 4480K, reserved 1048576K
Event: 7.094 GC heap after
Heap after GC invocations=6 (full 1):
 PSYoungGen      total 206336K, used 21501K [0x00000006c0000000, 0x00000006fea80000, 0x00000007c0000000)
  eden space 184832K, 0% used [0x00000006c0000000,0x00000006c0000000,0x00000006cb480000)
  from space 21504K, 99% used [0x00000006cb480000,0x00000006cc97f450,0x00000006cc980000)
  to   space 344576K, 0% used [0x00000006e9a00000,0x00000006e9a00000,0x00000006fea80000)
 ParOldGen       total 646656K, used 634462K [0x00000004c0000000, 0x00000004e7780000, 0x00000006c0000000)
  object space 646656K, 98% used [0x00000004c0000000,0x00000004e6b979b8,0x00000004e7780000)
 Metaspace       used 32921K, capacity 34035K, committed 34176K, reserved 1079296K
  class space    used 4116K, capacity 4361K, committed 4480K, reserved 1048576K
}
Event: 7.094 GC heap before
{Heap before GC invocations=7 (full 2):
 PSYoungGen      total 206336K, used 21501K [0x00000006c0000000, 0x00000006fea80000, 0x00000007c0000000)
  eden space 184832K, 0% used [0x00000006c0000000,0x00000006c0000000,0x00000006cb480000)
  from space 21504K, 99% used [0x00000006cb480000,0x00000006cc97f450,0x00000006cc980000)
  to   space 344576K, 0% used [0x00000006e9a00000,0x00000006e9a00000,0x00000006fea80000)
 ParOldGen       total 646656K, used 634462K [0x00000004c0000000, 0x00000004e7780000, 0x00000006c0000000)
  object space 646656K, 98% used [0x00000004c0000000,0x00000004e6b979b8,0x00000004e7780000)
 Metaspace       used 32921K, capacity 34035K, committed 34176K, reserved 1079296K
  class space    used 4116K, capacity 4361K, committed 4480K, reserved 1048576K
Event: 7.174 GC heap after
Heap after GC invocations=7 (full 2):
 PSYoungGen      total 206336K, used 0K [0x00000006c0000000, 0x00000006fea80000, 0x00000007c0000000)
  eden space 184832K, 0% used [0x00000006c0000000,0x00000006c0000000,0x00000006cb480000)
  from space 21504K, 0% used [0x00000006cb480000,0x00000006cb480000,0x00000006cc980000)
  to   space 344576K, 0% used [0x00000006e9a00000,0x00000006e9a00000,0x00000006fea80000)
 ParOldGen       total 949760K, used 326868K [0x00000004c0000000, 0x00000004f9f80000, 0x00000006c0000000)
  object space 949760K, 34% used [0x00000004c0000000,0x00000004d3f35270,0x00000004f9f80000)
 Metaspace       used 32921K, capacity 34035K, committed 34176K, reserved 1079296K
  class space    used 4116K, capacity 4361K, committed 4480K, reserved 1048576K
}

Deoptimization events (10 events):
Event: 6.580 Thread 0x0000000032427000 Uncommon trap: reason=array_check action=maybe_recompile pc=0x0000000002c6b48c method=com.sun.javafx.css.SimpleSelector.applies(Ljavafx/css/Styleable;[Ljava/util/Set;I)Z @ 37
Event: 6.789 Thread 0x0000000039cf3800 Uncommon trap: reason=class_check action=maybe_recompile pc=0x0000000002ece77c method=gov.nasa.worldwind.util.BufferWrapper$ShortBufferWrapper.getDouble(I)D @ 4
Event: 6.789 Thread 0x0000000039cf3800 Uncommon trap: reason=class_check action=maybe_recompile pc=0x0000000002ece77c method=gov.nasa.worldwind.util.BufferWrapper$ShortBufferWrapper.getDouble(I)D @ 4
Event: 6.789 Thread 0x0000000039cf3800 Uncommon trap: reason=class_check action=maybe_recompile pc=0x0000000002ece77c method=gov.nasa.worldwind.util.BufferWrapper$ShortBufferWrapper.getDouble(I)D @ 4
Event: 6.789 Thread 0x0000000039cf3800 Uncommon trap: reason=class_check action=maybe_recompile pc=0x0000000002ece77c method=gov.nasa.worldwind.util.BufferWrapper$ShortBufferWrapper.getDouble(I)D @ 4
Event: 7.243 Thread 0x0000000039cf3800 Uncommon trap: reason=unstable_if action=reinterpret pc=0x0000000002bf11d0 method=gov.nasa.worldwind.terrain.BasicElevationModel.determineExtremes(D[D)V @ 6
Event: 7.507 Thread 0x0000000039cf2800 Uncommon trap: reason=unstable_if action=reinterpret pc=0x0000000002f9ee84 method=gov.nasa.worldwind.render.SurfaceTileRenderer.fillByteBuffer(Ljava/nio/ByteBuffer;B)V @ 7
Event: 7.520 Thread 0x0000000039cf2800 Uncommon trap: reason=unstable_if action=reinterpret pc=0x0000000002fcd718 method=java.util.BitSet.get(I)Z @ 60
Event: 7.670 Thread 0x0000000039cf2800 Uncommon trap: reason=null_check action=make_not_entrant pc=0x0000000002dd650c method=gov.nasa.worldwind.terrain.BasicElevationModel.getExtremeElevations(Lgov/nasa/worldwind/geom/Sector;)[D @ 36
Event: 7.973 Thread 0x0000000039cf2800 Uncommon trap: reason=unstable_if action=reinterpret pc=0x000000000325ab28 method=sun.awt.image.ByteInterleavedRaster.getDataElements(IILjava/lang/Object;)Ljava/lang/Object; @ 43

Internal exceptions (10 events):
Event: 5.613 Thread 0x0000000039cf1000 Exception <a 'java/net/UnknownHostException': worldwind25.arc.nasa.gov> (0x00000006c6440bf0) thrown at [C:\re\workspace\8-2-build-windows-amd64-cygwin\jdk8u101\7261\hotspot\src\share\vm\prims\jni.cpp, line 735]
Event: 5.798 Thread 0x0000000039cf7000 Exception <a 'java/net/UnknownHostException': worldwind27.arc.nasa.gov> (0x00000006c565aa28) thrown at [C:\re\workspace\8-2-build-windows-amd64-cygwin\jdk8u101\7261\hotspot\src\share\vm\prims\jni.cpp, line 735]
Event: 5.828 Thread 0x0000000039cf2800 Exception <a 'java/net/UnknownHostException': worldwind47.arc.nasa.gov> (0x00000006c6cffe18) thrown at [C:\re\workspace\8-2-build-windows-amd64-cygwin\jdk8u101\7261\hotspot\src\share\vm\prims\jni.cpp, line 735]
Event: 5.977 Thread 0x0000000039cf5000 Exception <a 'java/net/UnknownHostException': worldwind20.arc.nasa.gov> (0x00000006c5f518a0) thrown at [C:\re\workspace\8-2-build-windows-amd64-cygwin\jdk8u101\7261\hotspot\src\share\vm\prims\jni.cpp, line 735]
Event: 7.973 Thread 0x0000000039cf2800 Implicit null exception at 0x000000000325a683 to 0x000000000325ab0d
Event: 16.182 Thread 0x0000000039cf5800 Exception <a 'java/net/UnknownHostException': worldwind.arc.nasa.gov> (0x00000006c2d11ba0) thrown at [C:\re\workspace\8-2-build-windows-amd64-cygwin\jdk8u101\7261\hotspot\src\share\vm\prims\jni.cpp, line 735]
Event: 16.183 Thread 0x0000000039cf5800 Exception <a 'java/net/UnknownHostException': www.nasa.gov> (0x00000006c2d12f68) thrown at [C:\re\workspace\8-2-build-windows-amd64-cygwin\jdk8u101\7261\hotspot\src\share\vm\prims\jni.cpp, line 735]
Event: 16.184 Thread 0x0000000039cf5800 Exception <a 'java/net/UnknownHostException': google.com> (0x00000006c2d13f78) thrown at [C:\re\workspace\8-2-build-windows-amd64-cygwin\jdk8u101\7261\hotspot\src\share\vm\prims\jni.cpp, line 735]
Event: 16.184 Thread 0x0000000039cf5800 Exception <a 'java/net/UnknownHostException': microsoft.com> (0x00000006c2d147b8) thrown at [C:\re\workspace\8-2-build-windows-amd64-cygwin\jdk8u101\7261\hotspot\src\share\vm\prims\jni.cpp, line 735]
Event: 16.185 Thread 0x0000000039cf5800 Exception <a 'java/net/UnknownHostException': yahoo.com> (0x00000006c2d15098) thrown at [C:\re\workspace\8-2-build-windows-amd64-cygwin\jdk8u101\7261\hotspot\src\share\vm\prims\jni.cpp, line 735]

Events (10 events):
Event: 20.912 Executing VM operation: EnterInterpOnlyMode
Event: 20.913 Executing nested VM operation: Deoptimize
Event: 20.913 Executing nested VM operation: Deoptimize done
Event: 20.913 Executing VM operation: EnterInterpOnlyMode done
Event: 20.913 Executing VM operation: GetCurrentLocation
Event: 20.913 Executing VM operation: GetCurrentLocation done
Event: 20.914 Executing VM operation: ChangeSingleStep
Event: 20.914 Executing VM operation: ChangeSingleStep done
Event: 20.915 Executing VM operation: ChangeSingleStep
Event: 20.915 Executing VM operation: ChangeSingleStep done


Dynamic libraries:
0x00007ff626920000 - 0x00007ff626957000 	C:\Program Files\Java\jdk1.8.0_101\bin\javaw.exe
0x00007ffb88fb0000 - 0x00007ffb89181000 	C:\WINDOWS\SYSTEM32\ntdll.dll
0x00007ffb88870000 - 0x00007ffb8891b000 	C:\WINDOWS\System32\KERNEL32.DLL
0x00007ffb85950000 - 0x00007ffb85b6d000 	C:\WINDOWS\System32\KERNELBASE.dll
0x00007ffb88610000 - 0x00007ffb886b2000 	C:\WINDOWS\System32\ADVAPI32.dll
0x00007ffb86ba0000 - 0x00007ffb86c3e000 	C:\WINDOWS\System32\msvcrt.dll
0x00007ffb870a0000 - 0x00007ffb870f9000 	C:\WINDOWS\System32\sechost.dll
0x00007ffb86970000 - 0x00007ffb86a91000 	C:\WINDOWS\System32\RPCRT4.dll
0x00007ffb86e50000 - 0x00007ffb86fb5000 	C:\WINDOWS\System32\USER32.dll
0x00007ffb854a0000 - 0x00007ffb854be000 	C:\WINDOWS\System32\win32u.dll
0x00007ffb86aa0000 - 0x00007ffb86ad4000 	C:\WINDOWS\System32\GDI32.dll
0x00007ffb856c0000 - 0x00007ffb85842000 	C:\WINDOWS\System32\gdi32full.dll
0x00007ffb7fbd0000 - 0x00007ffb7fe49000 	C:\WINDOWS\WinSxS\amd64_microsoft.windows.common-controls_6595b64144ccf1df_6.0.14393.0_none_2d0f50fcbdb171b8\COMCTL32.dll
0x00007ffb86540000 - 0x00007ffb86807000 	C:\WINDOWS\System32\combase.dll
0x00007ffb854c0000 - 0x00007ffb855b5000 	C:\WINDOWS\System32\ucrtbase.dll
0x00007ffb85c20000 - 0x00007ffb85c8a000 	C:\WINDOWS\System32\bcryptPrimitives.dll
0x00007ffb86fc0000 - 0x00007ffb86fee000 	C:\WINDOWS\System32\IMM32.DLL
0x000000005b8e0000 - 0x000000005b9b2000 	C:\Program Files\Java\jdk1.8.0_101\jre\bin\msvcr100.dll
0x00000000593f0000 - 0x0000000059c8a000 	C:\Program Files\Java\jdk1.8.0_101\jre\bin\server\jvm.dll
0x00007ffb87090000 - 0x00007ffb87098000 	C:\WINDOWS\System32\PSAPI.DLL
0x00007ffb82870000 - 0x00007ffb82879000 	C:\WINDOWS\SYSTEM32\WSOCK32.dll
0x00007ffb830d0000 - 0x00007ffb830f3000 	C:\WINDOWS\SYSTEM32\WINMM.dll
0x00007ffb7ff20000 - 0x00007ffb7ff2a000 	C:\WINDOWS\SYSTEM32\VERSION.dll
0x00007ffb86de0000 - 0x00007ffb86e4a000 	C:\WINDOWS\System32\WS2_32.dll
0x00007ffb830a0000 - 0x00007ffb830cb000 	C:\WINDOWS\SYSTEM32\WINMMBASE.dll
0x00007ffb85900000 - 0x00007ffb85942000 	C:\WINDOWS\System32\cfgmgr32.dll
0x000000005b8d0000 - 0x000000005b8df000 	C:\Program Files\Java\jdk1.8.0_101\jre\bin\verify.dll
0x000000005b8a0000 - 0x000000005b8c9000 	C:\Program Files\Java\jdk1.8.0_101\jre\bin\java.dll
0x000000005b860000 - 0x000000005b895000 	C:\Program Files\Java\jdk1.8.0_101\jre\bin\jdwp.dll
0x000000005b850000 - 0x000000005b858000 	C:\Program Files\Java\jdk1.8.0_101\jre\bin\npt.dll
0x00000000593d0000 - 0x00000000593e6000 	C:\Program Files\Java\jdk1.8.0_101\jre\bin\zip.dll
0x00007ffb87100000 - 0x00007ffb88608000 	C:\WINDOWS\System32\SHELL32.dll
0x00007ffb85c90000 - 0x00007ffb8636a000 	C:\WINDOWS\System32\windows.storage.dll
0x00007ffb85410000 - 0x00007ffb8545c000 	C:\WINDOWS\System32\powrprof.dll
0x00007ffb86c40000 - 0x00007ffb86c92000 	C:\WINDOWS\System32\shlwapi.dll
0x00007ffb85490000 - 0x00007ffb8549f000 	C:\WINDOWS\System32\kernel.appcore.dll
0x00007ffb85850000 - 0x00007ffb858f9000 	C:\WINDOWS\System32\shcore.dll
0x00007ffb85460000 - 0x00007ffb85474000 	C:\WINDOWS\System32\profapi.dll
0x000000005b840000 - 0x000000005b849000 	C:\Program Files\Java\jdk1.8.0_101\jre\bin\dt_socket.dll
0x00007ffb6f130000 - 0x00007ffb6f146000 	C:\WINDOWS\system32\napinsp.dll
0x00007ffb6f150000 - 0x00007ffb6f16a000 	C:\WINDOWS\system32\pnrpnsp.dll
0x00007ffb80280000 - 0x00007ffb80298000 	C:\WINDOWS\system32\NLAapi.dll
0x00007ffb84b00000 - 0x00007ffb84b5c000 	C:\WINDOWS\System32\mswsock.dll
0x00007ffb848f0000 - 0x00007ffb84990000 	C:\WINDOWS\SYSTEM32\DNSAPI.dll
0x00007ffb88860000 - 0x00007ffb88868000 	C:\WINDOWS\System32\NSI.dll
0x00007ffb848b0000 - 0x00007ffb848e8000 	C:\WINDOWS\SYSTEM32\IPHLPAPI.DLL
0x00007ffb6f1a0000 - 0x00007ffb6f1ae000 	C:\WINDOWS\System32\winrnr.dll
0x00007ffb6f170000 - 0x00007ffb6f185000 	C:\WINDOWS\System32\wshbth.dll
0x000000005b810000 - 0x000000005b836000 	C:\Program Files\Bonjour\mdnsNSP.dll
0x00007ffb7ab50000 - 0x00007ffb7abba000 	C:\WINDOWS\System32\fwpuclnt.dll
0x00007ffb85350000 - 0x00007ffb8537b000 	C:\WINDOWS\SYSTEM32\bcrypt.dll
0x00007ffb77300000 - 0x00007ffb7730a000 	C:\Windows\System32\rasadhlp.dll
0x00007ffb62240000 - 0x00007ffb6232f000 	C:\Program Files\Java\jdk1.8.0_101\jre\bin\msvcr120.dll
0x00007ffb5c640000 - 0x00007ffb5c6e6000 	C:\Program Files\Java\jdk1.8.0_101\jre\bin\msvcp120.dll
0x00000000593a0000 - 0x00000000593c2000 	C:\Program Files\Java\jdk1.8.0_101\jre\bin\prism_d3d.dll
0x00007ffb6f680000 - 0x00007ffb6f80d000 	C:\WINDOWS\system32\d3d9.dll
0x00007ffb828e0000 - 0x00007ffb82906000 	C:\WINDOWS\SYSTEM32\dwmapi.dll
0x00007ffb83ba0000 - 0x00007ffb83c35000 	C:\WINDOWS\system32\uxtheme.dll
0x00007ffb51750000 - 0x00007ffb53809000 	C:\WINDOWS\SYSTEM32\igdumdim64.dll
0x00007ffb88a20000 - 0x00007ffb88e49000 	C:\WINDOWS\System32\SETUPAPI.dll
0x00007ffb86ae0000 - 0x00007ffb86b9f000 	C:\WINDOWS\System32\OLEAUT32.dll
0x00007ffb855c0000 - 0x00007ffb8565c000 	C:\WINDOWS\System32\msvcp_win.dll
0x00007ffb86ca0000 - 0x00007ffb86dd7000 	C:\WINDOWS\System32\ole32.dll
0x0000000059350000 - 0x0000000059393000 	C:\Program Files\Java\jdk1.8.0_101\jre\bin\glass.dll
0x00007ffb86870000 - 0x00007ffb8696a000 	C:\WINDOWS\System32\COMDLG32.dll
0x00007ffb88e50000 - 0x00007ffb88fab000 	C:\WINDOWS\System32\MSCTF.dll
0x00007ffb733e0000 - 0x00007ffb73478000 	C:\Program Files\Common Files\microsoft shared\ink\tiptsf.dll
0x00007ffb7e7a0000 - 0x00007ffb7f60c000 	C:\WINDOWS\SYSTEM32\igc64.dll
0x00000000591b0000 - 0x0000000059348000 	C:\Program Files\Java\jdk1.8.0_101\jre\bin\awt.dll
0x00007ffb838d0000 - 0x00007ffb8394a000 	C:\WINDOWS\SYSTEM32\apphelp.dll
0x0000000059190000 - 0x00000000591a4000 	C:\Program Files\Java\jdk1.8.0_101\jre\bin\javafx_font.dll
0x00007ffb6fb80000 - 0x00007ffb6fde9000 	C:\WINDOWS\SYSTEM32\dwrite.dll
0x00007ffb86ff0000 - 0x00007ffb8708f000 	C:\WINDOWS\System32\clbcatq.dll
0x00007ffb82350000 - 0x00007ffb824f8000 	C:\WINDOWS\SYSTEM32\WindowsCodecs.dll
0x00007ffb5efd0000 - 0x00007ffb5f019000 	C:\WINDOWS\system32\dataexchange.dll
0x00007ffb82910000 - 0x00007ffb82bc6000 	C:\WINDOWS\system32\d3d11.dll
0x00007ffb833a0000 - 0x00007ffb834f1000 	C:\WINDOWS\system32\dcomp.dll
0x00007ffb843a0000 - 0x00007ffb8443f000 	C:\WINDOWS\system32\dxgi.dll
0x00007ffb83e70000 - 0x00007ffb83f8c000 	C:\WINDOWS\system32\twinapi.appcore.dll
0x00007ffb7a0e0000 - 0x00007ffb7a112000 	C:\Program Files\Common Files\Microsoft Shared\Ink\rtscom.dll
0x00007ffb651d0000 - 0x00007ffb65210000 	C:\Program Files\WIDCOMM\Bluetooth Software\btmmhook.dll
0x00007ffb84ee0000 - 0x00007ffb84ef7000 	C:\WINDOWS\SYSTEM32\CRYPTSP.dll
0x00007ffb84cc0000 - 0x00007ffb84cf3000 	C:\WINDOWS\system32\rsaenh.dll
0x00007ffb84d60000 - 0x00007ffb84d7f000 	C:\WINDOWS\SYSTEM32\USERENV.dll
0x00007ffb84f00000 - 0x00007ffb84f0b000 	C:\WINDOWS\SYSTEM32\CRYPTBASE.dll
0x0000000059170000 - 0x000000005918a000 	C:\Program Files\Java\jdk1.8.0_101\jre\bin\net.dll
0x00007ffb7a660000 - 0x00007ffb7a676000 	C:\WINDOWS\SYSTEM32\dhcpcsvc6.DLL
0x00007ffb7a6f0000 - 0x00007ffb7a70a000 	C:\WINDOWS\SYSTEM32\dhcpcsvc.DLL
0x0000000059150000 - 0x0000000059161000 	C:\Program Files\Java\jdk1.8.0_101\jre\bin\nio.dll
0x00007ffb71520000 - 0x00007ffb716cb000 	C:\Windows\System32\uiautomationcore.dll
0x00007ffb852b0000 - 0x00007ffb85348000 	C:\WINDOWS\SYSTEM32\sxs.dll
0x00007ffb7fa50000 - 0x00007ffb7fab5000 	C:\WINDOWS\SYSTEM32\OLEACC.dll
0x00000000637c0000 - 0x00000000637cd000 	C:\Users\quero\AppData\Local\Temp\jogamp_0000\file_cache\jln5982104616327626812\jln9155829922672568\gluegen-rt.dll
0x0000000059140000 - 0x0000000059147000 	C:\Program Files\Java\jdk1.8.0_101\jre\bin\jawt.dll
0x000000006a440000 - 0x000000006a44d000 	C:\Users\quero\AppData\Local\Temp\jogamp_0000\file_cache\jln5982104616327626812\jln9155829922672568\nativewindow_awt.dll
0x000000006c100000 - 0x000000006c10f000 	C:\Users\quero\AppData\Local\Temp\jogamp_0000\file_cache\jln5982104616327626812\jln9155829922672568\nativewindow_win32.dll
0x00007ffb61b70000 - 0x00007ffb61c93000 	C:\WINDOWS\SYSTEM32\OpenGL32.dll
0x00007ffb619c0000 - 0x00007ffb61ab7000 	C:\WINDOWS\SYSTEM32\DDRAW.dll
0x00007ffb6aab0000 - 0x00007ffb6aadd000 	C:\WINDOWS\SYSTEM32\GLU32.dll
0x00007ffb71d50000 - 0x00007ffb71d58000 	C:\WINDOWS\SYSTEM32\DCIMAN32.dll
0x0000000064500000 - 0x00000000645a0000 	C:\Users\quero\AppData\Local\Temp\jogamp_0000\file_cache\jln5982104616327626812\jln9155829922672568\jogl_desktop.dll
0x00007ffb35a80000 - 0x00007ffb36772000 	C:\WINDOWS\SYSTEM32\ig9icd64.dll
0x00007ffb826b0000 - 0x00007ffb826c3000 	C:\WINDOWS\SYSTEM32\WTSAPI32.dll
0x00000000590f0000 - 0x0000000059137000 	C:\Program Files\Java\jdk1.8.0_101\jre\bin\fontmanager.dll
0x00000000590a0000 - 0x00000000590e2000 	C:\Program Files\Java\jdk1.8.0_101\jre\bin\t2k.dll
0x0000000059080000 - 0x0000000059091000 	C:\Program Files\Java\jdk1.8.0_101\jre\bin\prism_common.dll
0x00007ffb820c0000 - 0x00007ffb82252000 	C:\WINDOWS\SYSTEM32\dbghelp.dll

VM Arguments:
jvm_args: -agentlib:jdwp=transport=dt_socket,suspend=y,address=localhost:61416 -Xms512m -Xmx12G -Dfile.encoding=Cp1252 
java_command: mmg.gui.JFXMain
java_class_path (initial): C:\Users\quero\workspaceHackaton2015\WorldWindMarginMap\bin;C:\Users\quero\workspaceHackaton2015\WorldWindMarginMap\libs\gdal.jar;C:\Users\quero\workspaceHackaton2015\WorldWindMarginMap\libs\gluegen-rt-natives-windows-amd64.jar;C:\Users\quero\workspaceHackaton2015\WorldWindMarginMap\libs\gluegen-rt-natives-windows-i586.jar;C:\Users\quero\workspaceHackaton2015\WorldWindMarginMap\libs\gluegen-rt.jar;C:\Users\quero\workspaceHackaton2015\WorldWindMarginMap\libs\jogl-all-natives-windows-amd64.jar;C:\Users\quero\workspaceHackaton2015\WorldWindMarginMap\libs\jogl-all-natives-windows-i586.jar;C:\Users\quero\workspaceHackaton2015\WorldWindMarginMap\libs\jogl-all.jar;C:\Users\quero\workspaceHackaton2015\WorldWindMarginMap\libs\worldwind.jar;C:\Users\quero\workspaceHackaton2015\WorldWindMarginMap\libs\worldwindx.jar;C:\Users\quero\workspaceHackaton2015\WorldWindMarginMap\libs\lib\commons-pool-1.5.4.jar;C:\Users\quero\workspaceHackaton2015\WorldWindMarginMap\libs\lib\vecmath-1.3.2.jar;C:\Users\quero\workspaceHackaton2015\WorldWindMarginMap\libs\lib\jsr-275-1.0-beta-2.jar;C:\Users\quero\workspaceHackaton2015\WorldWindMarginMap\libs\lib\gt-opengis-8.0-M0.jar;C:\Users\quero\workspaceHackaton2015\WorldWindMarginMap\libs\lib\gt-metadata-8.0-M0.jar;C:\Users\quero\workspaceHackaton2015\WorldWindMarginMap\libs\lib\gt-referencing-8.0-M0.jar;C:\Users\quero\workspaceHackaton2015\WorldWindMarginMap\libs\lib\gt-api-8.0-M0.jar;C:\Users\quero\workspaceHackaton2015\WorldWindMarginMap\libs\lib\jdom-1.0.jar;C:\Users\quero\workspaceHackaton2015\WorldWindMarginMap\libs\lib\gt-main-8.0-M0.jar;C:\Users\quero\workspaceHackaton2015\WorldWindMarginMap\libs\lib\imageio-ext-tiff-1.1-RC1.jar;C:\Users\quero\workspaceHackaton2015\WorldWindMarginMap\libs\lib\imageio-ext-utilities-1.1-RC1.jar;C:\Users\quero\workspaceHackaton2015\WorldWindMarginMap\libs\lib\gt-coverage-8.0-M0.jar;C:\Users\quero\workspaceHackaton2015\WorldWindMarginMap\libs\lib\gt-cql-8.0-M0.jar;C:\Users\quero\works
Launcher Type: SUN_STANDARD

Environment Variables:
JAVA_HOME=C:\Program Files\Java\jre8
PATH=C:\Program Files\Java\jdk1.8.0_101\jre\bin;C:/Program Files/Java/jre1.8.0_101/bin/server;C:/Program Files/Java/jre1.8.0_101/bin;C:/Program Files/Java/jre1.8.0_101/lib/amd64;C:\ProgramData\Oracle\Java\javapath;C:\Program Files\Dell\DW WLAN Card;C:\Windows\system32;C:\Windows;C:\Windows\System32\Wbem;C:\Windows\System32\WindowsPowerShell\v1.0\;C:\Program Files\WIDCOMM\Bluetooth Software\;C:\Program Files\WIDCOMM\Bluetooth Software\syswow64;C:\Program Files (x86)\NVIDIA Corporation\PhysX\Common;C:\Program Files\Java\jre8;C:\Program Files (x86)\Heroku\bin;C:\Program Files (x86)\git\cmd;C:\Program Files (x86)\Git\cmd;C:\WINDOWS\system32;C:\WINDOWS;C:\WINDOWS\System32\Wbem;C:\WINDOWS\System32\WindowsPowerShell\v1.0\;C:\Users\quero\Miniconda2;C:\Users\quero\Miniconda2\Scripts;C:\Users\quero\Miniconda2\Library\bin;C:\Program Files (x86)\apache-maven-3.3.9\bin;%USERPROFILE%\AppData\Local\Microsoft\WindowsApps;;C:\Users\quero\eclipse\java-neon\eclipse;
USERNAME=quero
OS=Windows_NT
PROCESSOR_IDENTIFIER=Intel64 Family 6 Model 94 Stepping 3, GenuineIntel



---------------  S Y S T E M  ---------------

OS: Windows 10.0 , 64 bit Build 14393 (10.0.14393.0)

CPU:total 8 (4 cores per cpu, 2 threads per core) family 6 model 94 stepping 3, cmov, cx8, fxsr, mmx, sse, sse2, sse3, ssse3, sse4.1, sse4.2, popcnt, avx, avx2, aes, clmul, erms, rtm, 3dnowpref, lzcnt, ht, tsc, tscinvbit, bmi1, bmi2, adx

Memory: 4k page, physical 33408000k(25270936k free), swap 38650880k(27446496k free)

vm_info: Java HotSpot(TM) 64-Bit Server VM (25.101-b13) for windows-amd64 JRE (1.8.0_101-b13), built on Jun 22 2016 01:21:29 by "java_re" with MS VC++ 10.0 (VS2010)

time: Sat Oct 01 21:40:22 2016
elapsed time: 20 seconds (0d 0h 0m 20s)

