#
# A fatal error has been detected by the Java Runtime Environment:
#
#  EXCEPTION_ACCESS_VIOLATION (0xc0000005) at pc=0x00007ff94f01630f, pid=12748, tid=0x0000000000002d1c
#
# JRE version: Java(TM) SE Runtime Environment (8.0_101-b13) (build 1.8.0_101-b13)
# Java VM: Java HotSpot(TM) 64-Bit Server VM (25.101-b13 mixed mode windows-amd64 compressed oops)
# Problematic frame:
# C  [ig9icd64.dll+0x1630f]
#
# Failed to write core dump. Minidumps are not enabled by default on client versions of Windows
#
# If you would like to submit a bug report, please visit:
#   http://bugreport.java.com/bugreport/crash.jsp
# The crash happened outside the Java Virtual Machine in native code.
# See problematic frame for where to report the bug.
#

---------------  T H R E A D  ---------------

Current thread (0x000000003a0a4000):  JavaThread "AWT-EventQueue-0" [_thread_in_native, id=11548, stack(0x000000003df60000,0x000000003e060000)]

siginfo: ExceptionCode=0xc0000005, writing address 0x000000003c671000

Registers:
RAX=0x0000000004010007, RBX=0x0000000032408bc0, RCX=0x000000003c671010, RDX=0x0000000032448b44
RSP=0x000000003e059260, RBP=0x000000003e0593d0, RSI=0x0000000000000006, RDI=0x00000000324387b0
R8 =0x0000000000000014, R9 =0x00007ff94f000000, R10=0x00000000324488f0, R11=0x0000000032448914
R12=0x0000000032437998, R13=0x0000000032437990, R14=0x0000000032408bc0, R15=0x0000000032437990
RIP=0x00007ff94f01630f, EFLAGS=0x0000000000010206

Top of Stack: (sp=0x000000003e059260)
0x000000003e059260:   0000000000000000 0000000000000000
0x000000003e059270:   fffffffffffffffe 0000000000000001
0x000000003e059280:   00007ff94f2218f3 00007ff94f256ba9
0x000000003e059290:   0000000000000000 0000000032408bc0
0x000000003e0592a0:   407bed9bff7b6700 0000000000000000
0x000000003e0592b0:   3fd0c00e6431ae35 0000000000000000
0x000000003e0592c0:   0000000032448900 00007ff94f247555
0x000000003e0592d0:   00000000324387b0 000080040e39d000
0x000000003e0592e0:   0000000032793810 00007ff900000001
0x000000003e0592f0:   0000000000000001 0000000000000002
0x000000003e059300:   000000003c661000 0000000000000000
0x000000003e059310:   0000000000000001 0000000000000008
0x000000003e059320:   00000000324392f8 0000000000000000
0x000000003e059330:   000000003c661000 000000000000003f
0x000000003e059340:   000000003546c030 00000000000020a0
0x000000003e059350:   010000027a000004 00000000ffffffff 

Instructions: (pc=0x00007ff94f01630f)
0x00007ff94f0162ef:   42 dc 89 41 dc 8b 42 e0 89 41 e0 8b 42 e4 89 41
0x00007ff94f0162ff:   e4 8b 42 e8 89 41 e8 8b 42 ec 89 41 ec 8b 42 f0
0x00007ff94f01630f:   89 41 f0 e9 20 03 00 00 48 8b c1 83 e0 0f 74 3a
0x00007ff94f01631f:   41 b9 10 00 00 00 4c 2b c8 49 8b c1 49 03 c9 49 


Register to memory mapping:

RAX=0x0000000004010007 is at entry_point+19463 in (nmethod*)0x000000000400b150
RBX=0x0000000032408bc0 is an unknown value
RCX=0x000000003c671010 is an unknown value
RDX=0x0000000032448b44 is an unknown value
RSP=0x000000003e059260 is pointing into the stack for thread: 0x000000003a0a4000
RBP=0x000000003e0593d0 is pointing into the stack for thread: 0x000000003a0a4000
RSI=0x0000000000000006 is an unknown value
RDI=0x00000000324387b0 is an unknown value
R8 =0x0000000000000014 is an unknown value
R9 =0x00007ff94f000000 is an unknown value
R10=0x00000000324488f0 is an unknown value
R11=0x0000000032448914 is an unknown value
R12=0x0000000032437998 is an unknown value
R13=0x0000000032437990 is an unknown value
R14=0x0000000032408bc0 is an unknown value
R15=0x0000000032437990 is an unknown value


Stack: [0x000000003df60000,0x000000003e060000],  sp=0x000000003e059260,  free space=996k
Native frames: (J=compiled Java code, j=interpreted, Vv=VM code, C=native code)
C  [ig9icd64.dll+0x1630f]
C  [ig9icd64.dll+0x256ba9]
C  [ig9icd64.dll+0x247555]
C  [ig9icd64.dll+0x30b153]
C  [ig9icd64.dll+0x30b00d]
C  [ig9icd64.dll+0x30e7b3]
C  [ig9icd64.dll+0x30eb44]
C  [ig9icd64.dll+0x4f6044]
C  [ig9icd64.dll+0x4f66c1]
C  0x00000000043ba3b1

Java frames: (J=compiled Java code, j=interpreted, Vv=VM code)
J 10824  jogamp.opengl.gl4.GL4bcImpl.dispatch_glDrawElements1(IIILjava/lang/Object;IZJ)V (0 bytes) @ 0x00000000043ba333 [0x00000000043ba2c0+0x73]
J 19487 C2 gov.nasa.worldwind.render.Polygon.doDrawInterior(Lgov/nasa/worldwind/render/DrawContext;)V (172 bytes) @ 0x000000000582331c [0x0000000005822e60+0x4bc]
J 19485 C2 gov.nasa.worldwind.render.DrawContextImpl.drawOutlinedShape(Lgov/nasa/worldwind/render/OutlinedShape;Ljava/lang/Object;)V (403 bytes) @ 0x0000000005786c88 [0x00000000057866e0+0x5a8]
J 10930 C2 gov.nasa.worldwind.render.AbstractShape.drawBatched(Lgov/nasa/worldwind/render/DrawContext;)V (160 bytes) @ 0x00000000043c6fac [0x00000000043c6d60+0x24c]
J 12453 C1 gov.nasa.worldwind.render.AbstractShape.drawOrderedRenderable(Lgov/nasa/worldwind/render/DrawContext;)V (45 bytes) @ 0x0000000003c67d0c [0x0000000003c679c0+0x34c]
J 11070 C2 gov.nasa.worldwind.render.AbstractShape.render(Lgov/nasa/worldwind/render/DrawContext;)V (158 bytes) @ 0x0000000003d35110 [0x0000000003d34820+0x8f0]
J 11177 C2 gov.nasa.worldwind.render.Polygon.render(Lgov/nasa/worldwind/render/DrawContext;)V (14 bytes) @ 0x00000000034a54e4 [0x00000000034a5460+0x84]
J 19944 C2 gov.nasa.worldwind.AbstractSceneController.draw(Lgov/nasa/worldwind/render/DrawContext;)V (423 bytes) @ 0x00000000042b7c38 [0x00000000042b7340+0x8f8]
J 13516 C1 gov.nasa.worldwind.StereoOptionSceneController.draw(Lgov/nasa/worldwind/render/DrawContext;)V (186 bytes) @ 0x00000000048d28d4 [0x00000000048d1940+0xf94]
J 18206 C1 gov.nasa.worldwind.BasicSceneController.doRepaint(Lgov/nasa/worldwind/render/DrawContext;)V (62 bytes) @ 0x0000000004ea9d0c [0x0000000004ea9440+0x8cc]
J 17768 C1 gov.nasa.worldwind.AbstractSceneController.repaint()I (435 bytes) @ 0x000000000309e2e4 [0x000000000309dca0+0x644]
J 17764 C1 gov.nasa.worldwind.WorldWindowGLAutoDrawable.display(Ljavax/media/opengl/GLAutoDrawable;)V (552 bytes) @ 0x000000000526f98c [0x000000000526d220+0x276c]
J 17763 C1 jogamp.opengl.GLDrawableHelper.displayImpl(Ljavax/media/opengl/GLAutoDrawable;)V (105 bytes) @ 0x00000000043947ac [0x0000000004393e00+0x9ac]
J 14561 C1 javax.media.opengl.awt.GLJPanel$Updater.display(Ljavax/media/opengl/GLAutoDrawable;)V (206 bytes) @ 0x0000000004b5c954 [0x0000000004b5c4e0+0x474]
J 14560 C1 javax.media.opengl.awt.GLJPanel$8.run()V (15 bytes) @ 0x0000000004b5c0bc [0x0000000004b5c000+0xbc]
J 14559 C1 jogamp.opengl.GLDrawableHelper.invokeGLImpl(Ljavax/media/opengl/GLDrawable;Ljavax/media/opengl/GLContext;Ljava/lang/Runnable;Ljava/lang/Runnable;)V (481 bytes) @ 0x0000000004b57e3c [0x0000000004b56fc0+0xe7c]
J 14558 C1 jogamp.opengl.GLDrawableHelper.invokeGL(Ljavax/media/opengl/GLDrawable;Ljavax/media/opengl/GLContext;Ljava/lang/Runnable;Ljava/lang/Runnable;)V (84 bytes) @ 0x0000000004b4c704 [0x0000000004b4c640+0xc4]
J 14557 C1 javax.media.opengl.awt.GLJPanel$OffscreenBackend.doPaintComponent(Ljava/awt/Graphics;)V (117 bytes) @ 0x0000000004b56404 [0x0000000004b56280+0x184]
J 13509 C1 javax.media.opengl.awt.GLJPanel.paintComponent(Ljava/awt/Graphics;)V (204 bytes) @ 0x00000000048c60c4 [0x00000000048c5140+0xf84]
J 19683 C1 javax.swing.JComponent.paint(Ljava/awt/Graphics;)V (409 bytes) @ 0x00000000034d686c [0x00000000034d5000+0x186c]
J 19684 C1 javax.swing.JComponent.paintChildren(Ljava/awt/Graphics;)V (669 bytes) @ 0x00000000044e3e24 [0x00000000044e09a0+0x3484]
J 19683 C1 javax.swing.JComponent.paint(Ljava/awt/Graphics;)V (409 bytes) @ 0x00000000034d6c3c [0x00000000034d5000+0x1c3c]
J 19684 C1 javax.swing.JComponent.paintChildren(Ljava/awt/Graphics;)V (669 bytes) @ 0x00000000044e3e24 [0x00000000044e09a0+0x3484]
J 19683 C1 javax.swing.JComponent.paint(Ljava/awt/Graphics;)V (409 bytes) @ 0x00000000034d6c3c [0x00000000034d5000+0x1c3c]
J 13630 C1 sun.swing.JLightweightFrame$3.paint(Ljava/awt/Graphics;)V (188 bytes) @ 0x0000000004913524 [0x0000000004913320+0x204]
J 13000 C1 javax.swing.JComponent.paintToOffscreen(Ljava/awt/Graphics;IIIIII)V (108 bytes) @ 0x00000000034efc6c [0x00000000034ef900+0x36c]
J 12040 C1 javax.swing.RepaintManager.paint(Ljavax/swing/JComponent;Ljavax/swing/JComponent;Ljava/awt/Graphics;IIII)V (93 bytes) @ 0x00000000037a46c4 [0x00000000037a3fe0+0x6e4]
J 13461 C1 javax.swing.JComponent._paintImmediately(IIII)V (891 bytes) @ 0x000000000487b45c [0x0000000004877fe0+0x347c]
J 11242 C1 javax.swing.JComponent.paintImmediately(IIII)V (155 bytes) @ 0x0000000002f713ac [0x0000000002f705a0+0xe0c]
J 11242 C1 javax.swing.JComponent.paintImmediately(IIII)V (155 bytes) @ 0x0000000002f717e4 [0x0000000002f705a0+0x1244]
J 12825 C1 javax.swing.RepaintManager$4.run()Ljava/lang/Void; (278 bytes) @ 0x000000000309474c [0x00000000030940a0+0x6ac]
J 11973 C1 javax.swing.RepaintManager$4.run()Ljava/lang/Object; (5 bytes) @ 0x000000000368d84c [0x000000000368d7c0+0x8c]
v  ~StubRoutines::call_stub
J 1648  java.security.AccessController.doPrivileged(Ljava/security/PrivilegedAction;Ljava/security/AccessControlContext;)Ljava/lang/Object; (0 bytes) @ 0x0000000002b822e6 [0x0000000002b82280+0x66]
J 13626 C1 javax.swing.RepaintManager.paintDirtyRegions(Ljava/util/Map;)V (196 bytes) @ 0x00000000049112cc [0x000000000490fc80+0x164c]
J 14462 C1 javax.swing.RepaintManager.paintDirtyRegions()V (50 bytes) @ 0x0000000003e7e944 [0x0000000003e7e6c0+0x284]
J 14461 C1 javax.swing.RepaintManager.prePaintDirtyRegions()V (91 bytes) @ 0x0000000003e7f46c [0x0000000003e7ee40+0x62c]
J 13409 C1 javax.swing.RepaintManager$ProcessingRunnable.run()V (41 bytes) @ 0x0000000004832bbc [0x0000000004832960+0x25c]
J 12166 C2 java.awt.EventQueue$3.run()Ljava/lang/Object; (5 bytes) @ 0x0000000003c5c1b4 [0x0000000003c5bee0+0x2d4]
v  ~StubRoutines::call_stub
J 1648  java.security.AccessController.doPrivileged(Ljava/security/PrivilegedAction;Ljava/security/AccessControlContext;)Ljava/lang/Object; (0 bytes) @ 0x0000000002b822e6 [0x0000000002b82280+0x66]
J 12077 C2 java.awt.EventQueue.dispatchEvent(Ljava/awt/AWTEvent;)V (80 bytes) @ 0x0000000003f2a300 [0x0000000003f29e40+0x4c0]
J 12091 C2 java.awt.EventDispatchThread.pumpOneEventForFilters(I)V (295 bytes) @ 0x00000000045d1cd8 [0x00000000045d0cc0+0x1018]
J 19701% C1 java.awt.EventDispatchThread.pumpEventsForFilter(ILjava/awt/Conditional;Ljava/awt/EventFilter;)V (47 bytes) @ 0x0000000004163b6c [0x0000000004163860+0x30c]
j  java.awt.EventDispatchThread.pumpEventsForHierarchy(ILjava/awt/Conditional;Ljava/awt/Component;)V+11
j  java.awt.EventDispatchThread.pumpEvents(ILjava/awt/Conditional;)V+4
j  java.awt.EventDispatchThread.pumpEvents(Ljava/awt/Conditional;)V+3
j  java.awt.EventDispatchThread.run()V+9
v  ~StubRoutines::call_stub

---------------  P R O C E S S  ---------------

Java Threads: ( => current thread )
  0x0000000066fa1000 JavaThread "Direct Clip" daemon [_thread_blocked, id=13216, stack(0x00000000411d0000,0x00000000412d0000)]
  0x0000000066fa9800 JavaThread "Direct Clip" daemon [_thread_blocked, id=12232, stack(0x00000000410d0000,0x00000000411d0000)]
  0x0000000066fa7000 JavaThread "Direct Clip" daemon [_thread_blocked, id=7044, stack(0x000000007fa10000,0x000000007fb10000)]
  0x0000000066fa5000 JavaThread "Direct Clip" daemon [_thread_blocked, id=2500, stack(0x000000007f110000,0x000000007f210000)]
  0x0000000066fa2000 JavaThread "Direct Clip" daemon [_thread_blocked, id=12588, stack(0x000000007ee10000,0x000000007ef10000)]
  0x0000000066fa5800 JavaThread "Direct Clip" daemon [_thread_blocked, id=3540, stack(0x000000007ec10000,0x000000007ed10000)]
  0x0000000066fa6800 JavaThread "Direct Clip" daemon [_thread_blocked, id=10068, stack(0x000000007ea10000,0x000000007eb10000)]
  0x0000000066fac800 JavaThread "Direct Clip" daemon [_thread_blocked, id=1580, stack(0x000000007e910000,0x000000007ea10000)]
  0x0000000066fa8800 JavaThread "Direct Clip" daemon [_thread_blocked, id=8424, stack(0x000000007e810000,0x000000007e910000)]
  0x0000000066fa8000 JavaThread "Direct Clip" daemon [_thread_blocked, id=13152, stack(0x00000000772b0000,0x00000000773b0000)]
  0x000000002fdca800 JavaThread "Direct Clip" daemon [_thread_blocked, id=14120, stack(0x00000000728e0000,0x00000000729e0000)]
  0x000000003a0a3000 JavaThread "Direct Clip" daemon [_thread_blocked, id=7516, stack(0x0000000072450000,0x0000000072550000)]
  0x000000002fdcf000 JavaThread "Direct Clip" daemon [_thread_blocked, id=1180, stack(0x0000000072350000,0x0000000072450000)]
  0x000000002fdd1800 JavaThread "Direct Clip" daemon [_thread_blocked, id=13800, stack(0x0000000072110000,0x0000000072210000)]
  0x000000002fdcd000 JavaThread "Direct Clip" daemon [_thread_blocked, id=504, stack(0x0000000072010000,0x0000000072110000)]
  0x000000002fdcb800 JavaThread "Direct Clip" daemon [_thread_blocked, id=2824, stack(0x0000000071f10000,0x0000000072010000)]
  0x000000002fdce800 JavaThread "Idle World Wind Retriever" daemon [_thread_blocked, id=3280, stack(0x0000000071d10000,0x0000000071e10000)]
  0x000000002fdcc000 JavaThread "Idle World Wind Retriever" daemon [_thread_blocked, id=2908, stack(0x0000000071c10000,0x0000000071d10000)]
  0x000000002fdc4000 JavaThread "Idle World Wind Retriever" daemon [_thread_blocked, id=12656, stack(0x0000000071a10000,0x0000000071b10000)]
  0x000000002fdca000 JavaThread "Idle World Wind Retriever" daemon [_thread_blocked, id=13548, stack(0x0000000071910000,0x0000000071a10000)]
  0x000000002fdc2800 JavaThread "Direct Clip" daemon [_thread_blocked, id=400, stack(0x0000000071810000,0x0000000071910000)]
  0x000000002fdc8800 JavaThread "Direct Clip" daemon [_thread_blocked, id=4344, stack(0x000000006be60000,0x000000006bf60000)]
  0x000000002fdc5800 JavaThread "Direct Clip" daemon [_thread_blocked, id=2004, stack(0x000000006bd60000,0x000000006be60000)]
  0x000000002fdc3000 JavaThread "Idle World Wind Task " daemon [_thread_blocked, id=11980, stack(0x000000006b960000,0x000000006ba60000)]
  0x00000000274b6800 JavaThread "Idle World Wind Task " daemon [_thread_blocked, id=6388, stack(0x000000006b860000,0x000000006b960000)]
  0x00000000274b5800 JavaThread "Idle World Wind Task " daemon [_thread_blocked, id=2120, stack(0x000000006a750000,0x000000006a850000)]
  0x000000003a0ae800 JavaThread "Direct Clip" daemon [_thread_blocked, id=8840, stack(0x000000006a550000,0x000000006a650000)]
  0x000000003a0ad000 JavaThread "Java Sound Event Dispatcher" daemon [_thread_blocked, id=2864, stack(0x000000006a180000,0x000000006a280000)]
  0x000000003a0ab800 JavaThread "WeakCollectionCleaner" daemon [_thread_blocked, id=13848, stack(0x0000000066170000,0x0000000066270000)]
  0x000000003a0ac000 JavaThread "GT authority factory disposer" daemon [_thread_blocked, id=4180, stack(0x0000000066070000,0x0000000066170000)]
  0x000000003a0a1800 JavaThread "Idle World Wind Task " daemon [_thread_blocked, id=9252, stack(0x0000000043d40000,0x0000000043e40000)]
  0x000000003a0a1000 JavaThread "Idle World Wind Task " daemon [_thread_blocked, id=104, stack(0x0000000043c40000,0x0000000043d40000)]
  0x000000003a0a7800 JavaThread "Idle World Wind Task " daemon [_thread_blocked, id=228, stack(0x0000000043b40000,0x0000000043c40000)]
  0x000000003a0a4800 JavaThread "Idle World Wind Task " daemon [_thread_blocked, id=9448, stack(0x0000000043a40000,0x0000000043b40000)]
  0x000000003a0a7000 JavaThread "Idle World Wind Task " daemon [_thread_blocked, id=4312, stack(0x0000000043940000,0x0000000043a40000)]
=>0x000000003a0a4000 JavaThread "AWT-EventQueue-0" [_thread_in_native, id=11548, stack(0x000000003df60000,0x000000003e060000)]
  0x000000003a0a5800 JavaThread "AWT-Shutdown" [_thread_blocked, id=3300, stack(0x000000003de60000,0x000000003df60000)]
  0x000000003a0a2800 JavaThread "Thread-12" daemon [_thread_blocked, id=2696, stack(0x000000003bd60000,0x000000003be60000)]
  0x00000000274b5000 JavaThread "TimerQueue" daemon [_thread_blocked, id=3632, stack(0x000000003bc60000,0x000000003bd60000)]
  0x00000000274ba000 JavaThread "pool-2-thread-1-SharedResourceRunner" daemon [_thread_blocked, id=10384, stack(0x000000003ac60000,0x000000003ad60000)]
  0x00000000274b9800 JavaThread "Prism Font Disposer" daemon [_thread_blocked, id=2728, stack(0x0000000031c00000,0x0000000031d00000)]
  0x000000002f899000 JavaThread "AWT-Windows" daemon [_thread_in_native, id=496, stack(0x0000000031a60000,0x0000000031b60000)]
  0x000000002fb97000 JavaThread "Java2D Disposer" daemon [_thread_blocked, id=11324, stack(0x0000000031760000,0x0000000031860000)]
  0x0000000028982000 JavaThread "JavaFX-Launcher" [_thread_blocked, id=11656, stack(0x0000000030740000,0x0000000030840000)]
  0x0000000028403800 JavaThread "Thread-2" daemon [_thread_in_native, id=9132, stack(0x000000002f470000,0x000000002f570000)]
  0x00000000282cf000 JavaThread "JavaFX Application Thread" [_thread_in_native, id=7136, stack(0x0000000028e00000,0x0000000028f00000)]
  0x00000000282bc800 JavaThread "Thread-1" daemon [_thread_blocked, id=12640, stack(0x0000000028d00000,0x0000000028e00000)]
  0x000000002828d000 JavaThread "QuantumRenderer-0" daemon [_thread_blocked, id=3412, stack(0x0000000028a70000,0x0000000028b70000)]
  0x000000002754a800 JavaThread "Service Thread" daemon [_thread_blocked, id=3088, stack(0x0000000028070000,0x0000000028170000)]
  0x00000000274b7000 JavaThread "C1 CompilerThread3" daemon [_thread_blocked, id=6972, stack(0x0000000027f70000,0x0000000028070000)]
  0x00000000274b8800 JavaThread "C2 CompilerThread2" daemon [_thread_blocked, id=6880, stack(0x0000000027e70000,0x0000000027f70000)]
  0x00000000274b2800 JavaThread "C2 CompilerThread1" daemon [_thread_blocked, id=5476, stack(0x0000000027d70000,0x0000000027e70000)]
  0x00000000274ac800 JavaThread "C2 CompilerThread0" daemon [_thread_blocked, id=10320, stack(0x0000000027c70000,0x0000000027d70000)]
  0x00000000274ab000 JavaThread "Attach Listener" daemon [_thread_blocked, id=7608, stack(0x0000000027b70000,0x0000000027c70000)]
  0x00000000274aa000 JavaThread "Signal Dispatcher" daemon [_thread_blocked, id=10468, stack(0x0000000027a70000,0x0000000027b70000)]
  0x00000000274a0800 JavaThread "Finalizer" daemon [_thread_blocked, id=3156, stack(0x0000000027880000,0x0000000027980000)]
  0x00000000025db000 JavaThread "Reference Handler" daemon [_thread_blocked, id=1232, stack(0x0000000027380000,0x0000000027480000)]
  0x00000000024e5000 JavaThread "main" [_thread_blocked, id=1548, stack(0x00000000023e0000,0x00000000024e0000)]

Other Threads:
  0x0000000025598800 VMThread [stack: 0x0000000027280000,0x0000000027380000] [id=964]
  0x0000000027567000 WatcherThread [stack: 0x0000000028170000,0x0000000028270000] [id=1088]

VM state:not at safepoint (normal execution)

VM Mutex/Monitor currently owned by a thread: None

Heap:
 PSYoungGen      total 1915904K, used 1467415K [0x0000000716100000, 0x00000007c0000000, 0x00000007c0000000)
  eden space 1549312K, 71% used [0x0000000716100000,0x000000075940d330,0x0000000774a00000)
  from space 366592K, 99% used [0x00000007a9a00000,0x00000007bfff8ab0,0x00000007c0000000)
  to   space 617472K, 0% used [0x0000000774a00000,0x0000000774a00000,0x000000079a500000)
 ParOldGen       total 4987904K, used 4282132K [0x00000005c2200000, 0x00000006f2900000, 0x0000000716100000)
  object space 4987904K, 85% used [0x00000005c2200000,0x00000006c77c50c0,0x00000006f2900000)
 Metaspace       used 59209K, capacity 61627K, committed 61824K, reserved 1103872K
  class space    used 6779K, capacity 7201K, committed 7296K, reserved 1048576K

Card table byte_map: [0x00000000119a0000,0x0000000012990000] byte_map_base: 0x000000000eb8f000

Marking Bits: (ParMarkBitMap*) 0x0000000070eaa6d0
 Begin Bits: [0x0000000013c30000, 0x000000001bba8000)
 End Bits:   [0x000000001bba8000, 0x0000000023b20000)

Polling page: 0x0000000000ae0000

CodeCache: size=245760Kb used=51913Kb max_used=53075Kb free=193846Kb
 bounds [0x00000000025e0000, 0x0000000005a20000, 0x00000000115e0000]
 total_blobs=15435 nmethods=14095 adapters=1249
 compilation: enabled

Compilation events (10 events):
Event: 2968.215 Thread 0x00000000274ac800 nmethod 20352 0x0000000002b22dd0 code [0x0000000002b22f20, 0x0000000002b23198]
Event: 2968.317 Thread 0x00000000274b8800 nmethod 20351 0x00000000056ddb10 code [0x00000000056de160, 0x00000000056e2658]
Event: 2994.452 Thread 0x00000000274b2800 20353       4       com.sun.javafx.tk.quantum.PaintCollector::addDirtyScene (108 bytes)
Event: 2994.461 Thread 0x00000000274b2800 nmethod 20353 0x0000000003835f10 code [0x0000000003836060, 0x0000000003836618]
Event: 3028.883 Thread 0x00000000274b8800 20354       4       com.sun.javafx.tk.quantum.GlassScene$$Lambda$546/922284665::run (8 bytes)
Event: 3028.893 Thread 0x00000000274b8800 nmethod 20354 0x00000000038a4150 code [0x00000000038a42c0, 0x00000000038a4818]
Event: 3074.705 Thread 0x00000000274b2800 20355       4       sun.nio.cs.SingleByte$Encoder::encodeArrayLoop (236 bytes)
Event: 3074.723 Thread 0x00000000274b2800 nmethod 20355 0x000000000283f3d0 code [0x000000000283f540, 0x000000000283fbd8]
Event: 3075.307 Thread 0x00000000274b7000 20356       3       java.util.Formatter$FormatSpecifier::print (463 bytes)
Event: 3075.315 Thread 0x00000000274b7000 nmethod 20356 0x0000000004d88e10 code [0x0000000004d89360, 0x0000000004d8cf58]

GC Heap History (10 events):
Event: 2818.761 GC heap before
{Heap before GC invocations=281 (full 11):
 PSYoungGen      total 2446848K, used 2446529K [0x0000000716100000, 0x00000007c0000000, 0x00000007c0000000)
  eden space 2234368K, 100% used [0x0000000716100000,0x000000079e700000,0x000000079e700000)
  from space 212480K, 99% used [0x000000079e700000,0x00000007ab6305a8,0x00000007ab680000)
  to   space 294912K, 0% used [0x00000007ae000000,0x00000007ae000000,0x00000007c0000000)
 ParOldGen       total 4987904K, used 3806291K [0x00000005c2200000, 0x00000006f2900000, 0x0000000716100000)
  object space 4987904K, 76% used [0x00000005c2200000,0x00000006aa714ff0,0x00000006f2900000)
 Metaspace       used 59177K, capacity 61621K, committed 61824K, reserved 1103872K
  class space    used 6778K, capacity 7200K, committed 7296K, reserved 1048576K
Event: 2818.853 GC heap after
Heap after GC invocations=281 (full 11):
 PSYoungGen      total 2454528K, used 217217K [0x0000000716100000, 0x00000007c0000000, 0x00000007c0000000)
  eden space 2159616K, 0% used [0x0000000716100000,0x0000000716100000,0x0000000799e00000)
  from space 294912K, 73% used [0x00000007ae000000,0x00000007bb4205c8,0x00000007c0000000)
  to   space 312320K, 0% used [0x0000000799e00000,0x0000000799e00000,0x00000007acf00000)
 ParOldGen       total 4987904K, used 3816980K [0x00000005c2200000, 0x00000006f2900000, 0x0000000716100000)
  object space 4987904K, 76% used [0x00000005c2200000,0x00000006ab185010,0x00000006f2900000)
 Metaspace       used 59177K, capacity 61621K, committed 61824K, reserved 1103872K
  class space    used 6778K, capacity 7200K, committed 7296K, reserved 1048576K
}
Event: 2831.376 GC heap before
{Heap before GC invocations=282 (full 11):
 PSYoungGen      total 2454528K, used 2376833K [0x0000000716100000, 0x00000007c0000000, 0x00000007c0000000)
  eden space 2159616K, 100% used [0x0000000716100000,0x0000000799e00000,0x0000000799e00000)
  from space 294912K, 73% used [0x00000007ae000000,0x00000007bb4205c8,0x00000007c0000000)
  to   space 312320K, 0% used [0x0000000799e00000,0x0000000799e00000,0x00000007acf00000)
 ParOldGen       total 4987904K, used 3816980K [0x00000005c2200000, 0x00000006f2900000, 0x0000000716100000)
  object space 4987904K, 76% used [0x00000005c2200000,0x00000006ab185010,0x00000006f2900000)
 Metaspace       used 59177K, capacity 61621K, committed 61824K, reserved 1103872K
  class space    used 6778K, capacity 7200K, committed 7296K, reserved 1048576K
Event: 2831.538 GC heap after
Heap after GC invocations=282 (full 11):
 PSYoungGen      total 2406400K, used 246369K [0x0000000716100000, 0x00000007c0000000, 0x00000007c0000000)
  eden space 2159616K, 0% used [0x0000000716100000,0x0000000716100000,0x0000000799e00000)
  from space 246784K, 99% used [0x0000000799e00000,0x00000007a8e985d8,0x00000007a8f00000)
  to   space 335872K, 0% used [0x00000007ab800000,0x00000007ab800000,0x00000007c0000000)
 ParOldGen       total 4987904K, used 3824484K [0x00000005c2200000, 0x00000006f2900000, 0x0000000716100000)
  object space 4987904K, 76% used [0x00000005c2200000,0x00000006ab8d9020,0x00000006f2900000)
 Metaspace       used 59177K, capacity 61621K, committed 61824K, reserved 1103872K
  class space    used 6778K, capacity 7200K, committed 7296K, reserved 1048576K
}
Event: 2845.868 GC heap before
{Heap before GC invocations=283 (full 11):
 PSYoungGen      total 2406400K, used 2405985K [0x0000000716100000, 0x00000007c0000000, 0x00000007c0000000)
  eden space 2159616K, 100% used [0x0000000716100000,0x0000000799e00000,0x0000000799e00000)
  from space 246784K, 99% used [0x0000000799e00000,0x00000007a8e985d8,0x00000007a8f00000)
  to   space 335872K, 0% used [0x00000007ab800000,0x00000007ab800000,0x00000007c0000000)
 ParOldGen       total 4987904K, used 3824484K [0x00000005c2200000, 0x00000006f2900000, 0x0000000716100000)
  object space 4987904K, 76% used [0x00000005c2200000,0x00000006ab8d9020,0x00000006f2900000)
 Metaspace       used 59199K, capacity 61621K, committed 61824K, reserved 1103872K
  class space    used 6778K, capacity 7200K, committed 7296K, reserved 1048576K
Event: 2846.027 GC heap after
Heap after GC invocations=283 (full 11):
 PSYoungGen      total 2386944K, used 279604K [0x0000000716100000, 0x00000007c0000000, 0x00000007c0000000)
  eden space 2051072K, 0% used [0x0000000716100000,0x0000000716100000,0x0000000793400000)
  from space 335872K, 83% used [0x00000007ab800000,0x00000007bc90d3d8,0x00000007c0000000)
  to   space 366592K, 0% used [0x0000000793400000,0x0000000793400000,0x00000007a9a00000)
 ParOldGen       total 4987904K, used 3832252K [0x00000005c2200000, 0x00000006f2900000, 0x0000000716100000)
  object space 4987904K, 76% used [0x00000005c2200000,0x00000006ac06f040,0x00000006f2900000)
 Metaspace       used 59199K, capacity 61621K, committed 61824K, reserved 1103872K
  class space    used 6778K, capacity 7200K, committed 7296K, reserved 1048576K
}
Event: 2850.707 GC heap before
{Heap before GC invocations=284 (full 11):
 PSYoungGen      total 2386944K, used 2330676K [0x0000000716100000, 0x00000007c0000000, 0x00000007c0000000)
  eden space 2051072K, 100% used [0x0000000716100000,0x0000000793400000,0x0000000793400000)
  from space 335872K, 83% used [0x00000007ab800000,0x00000007bc90d3d8,0x00000007c0000000)
  to   space 366592K, 0% used [0x0000000793400000,0x0000000793400000,0x00000007a9a00000)
 ParOldGen       total 4987904K, used 3832252K [0x00000005c2200000, 0x00000006f2900000, 0x0000000716100000)
  object space 4987904K, 76% used [0x00000005c2200000,0x00000006ac06f040,0x00000006f2900000)
 Metaspace       used 59200K, capacity 61621K, committed 61824K, reserved 1103872K
  class space    used 6778K, capacity 7200K, committed 7296K, reserved 1048576K
Event: 2851.109 GC heap after
Heap after GC invocations=284 (full 11):
 PSYoungGen      total 2417664K, used 366562K [0x0000000716100000, 0x00000007c0000000, 0x00000007c0000000)
  eden space 2051072K, 0% used [0x0000000716100000,0x0000000716100000,0x0000000793400000)
  from space 366592K, 99% used [0x0000000793400000,0x00000007a99f8ae0,0x00000007a9a00000)
  to   space 366592K, 0% used [0x00000007a9a00000,0x00000007a9a00000,0x00000007c0000000)
 ParOldGen       total 4987904K, used 4094908K [0x00000005c2200000, 0x00000006f2900000, 0x0000000716100000)
  object space 4987904K, 82% used [0x00000005c2200000,0x00000006bc0ef090,0x00000006f2900000)
 Metaspace       used 59200K, capacity 61621K, committed 61824K, reserved 1103872K
  class space    used 6778K, capacity 7200K, committed 7296K, reserved 1048576K
}
Event: 2864.055 GC heap before
{Heap before GC invocations=285 (full 11):
 PSYoungGen      total 2417664K, used 2417634K [0x0000000716100000, 0x00000007c0000000, 0x00000007c0000000)
  eden space 2051072K, 100% used [0x0000000716100000,0x0000000793400000,0x0000000793400000)
  from space 366592K, 99% used [0x0000000793400000,0x00000007a99f8ae0,0x00000007a9a00000)
  to   space 366592K, 0% used [0x00000007a9a00000,0x00000007a9a00000,0x00000007c0000000)
 ParOldGen       total 4987904K, used 4094908K [0x00000005c2200000, 0x00000006f2900000, 0x0000000716100000)
  object space 4987904K, 82% used [0x00000005c2200000,0x00000006bc0ef090,0x00000006f2900000)
 Metaspace       used 59200K, capacity 61621K, committed 61824K, reserved 1103872K
  class space    used 6778K, capacity 7200K, committed 7296K, reserved 1048576K
Event: 2864.553 GC heap after
Heap after GC invocations=285 (full 11):
 PSYoungGen      total 1915904K, used 366562K [0x0000000716100000, 0x00000007c0000000, 0x00000007c0000000)
  eden space 1549312K, 0% used [0x0000000716100000,0x0000000716100000,0x0000000774a00000)
  from space 366592K, 99% used [0x00000007a9a00000,0x00000007bfff8ab0,0x00000007c0000000)
  to   space 617472K, 0% used [0x0000000774a00000,0x0000000774a00000,0x000000079a500000)
 ParOldGen       total 4987904K, used 4282132K [0x00000005c2200000, 0x00000006f2900000, 0x0000000716100000)
  object space 4987904K, 85% used [0x00000005c2200000,0x00000006c77c50c0,0x00000006f2900000)
 Metaspace       used 59200K, capacity 61621K, committed 61824K, reserved 1103872K
  class space    used 6778K, capacity 7200K, committed 7296K, reserved 1048576K
}

Deoptimization events (10 events):
Event: 3074.556 Thread 0x000000003a0a4000 Uncommon trap: reason=class_check action=maybe_recompile pc=0x000000000475cb20 method=java.util.regex.Pattern$5.isSatisfiedBy(I)Z @ 16
Event: 3074.556 Thread 0x000000003a0a4000 Uncommon trap: reason=unstable_if action=reinterpret pc=0x0000000004105da0 method=java.util.Formatter$FormatSpecifier.print(JLjava/util/Locale;)V @ 380
Event: 3074.556 Thread 0x000000003a0a4000 Uncommon trap: reason=class_check action=maybe_recompile pc=0x0000000004635ad4 method=java.util.Formatter$FormatSpecifier.printInteger(Ljava/lang/Object;Ljava/util/Locale;)V @ 58
Event: 3074.705 Thread 0x000000003a0a4000 Uncommon trap: reason=class_check action=maybe_recompile pc=0x000000000475cb20 method=java.util.regex.Pattern$5.isSatisfiedBy(I)Z @ 16
Event: 3074.705 Thread 0x000000003a0a4000 Uncommon trap: reason=class_check action=maybe_recompile pc=0x000000000475cb20 method=java.util.regex.Pattern$5.isSatisfiedBy(I)Z @ 16
Event: 3074.705 Thread 0x000000003a0a4000 Uncommon trap: reason=class_check action=maybe_recompile pc=0x0000000004635ad4 method=java.util.Formatter$FormatSpecifier.printInteger(Ljava/lang/Object;Ljava/util/Locale;)V @ 58
Event: 3074.839 Thread 0x000000003a0a4000 Uncommon trap: reason=class_check action=maybe_recompile pc=0x0000000004635ad4 method=java.util.Formatter$FormatSpecifier.printInteger(Ljava/lang/Object;Ljava/util/Locale;)V @ 58
Event: 3075.186 Thread 0x000000003a0a4000 Uncommon trap: reason=class_check action=maybe_recompile pc=0x0000000004635ad4 method=java.util.Formatter$FormatSpecifier.printInteger(Ljava/lang/Object;Ljava/util/Locale;)V @ 58
Event: 3075.307 Thread 0x000000003a0a4000 Uncommon trap: reason=class_check action=maybe_recompile pc=0x00000000038b1798 method=java.util.Formatter$FormatSpecifier.printInteger(Ljava/lang/Object;Ljava/util/Locale;)V @ 58
Event: 3075.451 Thread 0x000000003a0a4000 Uncommon trap: reason=class_check action=maybe_recompile pc=0x0000000002de9ef8 method=java.util.Formatter$FormatSpecifier.printInteger(Ljava/lang/Object;Ljava/util/Locale;)V @ 58

Internal exceptions (10 events):
Event: 2319.599 Thread 0x00000000282cf000 Exception <a 'java/io/FileNotFoundException'> (0x0000000739d8edc0) thrown at [C:\re\workspace\8-2-build-windows-amd64-cygwin\jdk8u101\7261\hotspot\src\share\vm\prims\jni.cpp, line 709]
Event: 2376.692 Thread 0x00000000282cf000 Exception <a 'java/io/FileNotFoundException'> (0x00000007513dfe30) thrown at [C:\re\workspace\8-2-build-windows-amd64-cygwin\jdk8u101\7261\hotspot\src\share\vm\prims\jni.cpp, line 709]
Event: 2421.038 Thread 0x0000000066fa2800 Implicit null exception at 0x000000000562e624 to 0x0000000005631511
Event: 2421.038 Thread 0x0000000066fa2800 Implicit null exception at 0x0000000005621f7a to 0x00000000056229c1
Event: 2422.077 Thread 0x0000000066fa2800 Exception <a 'java/io/FileNotFoundException'> (0x0000000752b4fd20) thrown at [C:\re\workspace\8-2-build-windows-amd64-cygwin\jdk8u101\7261\hotspot\src\share\vm\prims\jni.cpp, line 709]
Event: 2422.083 Thread 0x0000000066fa2800 Implicit null exception at 0x00000000056ddea6 to 0x00000000056e2269
Event: 2429.405 Thread 0x00000000282cf000 Exception <a 'java/io/FileNotFoundException'> (0x0000000734557c38) thrown at [C:\re\workspace\8-2-build-windows-amd64-cygwin\jdk8u101\7261\hotspot\src\share\vm\prims\jni.cpp, line 709]
Event: 2467.012 Thread 0x00000000282cf000 Exception <a 'java/io/FileNotFoundException'> (0x0000000719a2def8) thrown at [C:\re\workspace\8-2-build-windows-amd64-cygwin\jdk8u101\7261\hotspot\src\share\vm\prims\jni.cpp, line 709]
Event: 2943.269 Thread 0x000000002828d000 Implicit null exception at 0x0000000005794b97 to 0x0000000005794f61
Event: 2943.269 Thread 0x000000002828d000 Implicit null exception at 0x00000000059e547a to 0x00000000059e7e51

Events (10 events):
Event: 3075.186 Thread 0x000000003a0a4000 DEOPT PACKING pc=0x0000000004635ad4 sp=0x000000003e05b210
Event: 3075.186 Thread 0x000000003a0a4000 DEOPT UNPACKING pc=0x000000000262582a sp=0x000000003e05b1a0 mode 2
Event: 3075.307 Thread 0x000000003a0a4000 Uncommon trap: trap_request=0xffffffde fr.pc=0x00000000038b1798
Event: 3075.307 Thread 0x000000003a0a4000 DEOPT PACKING pc=0x00000000038b1798 sp=0x000000003e05b240
Event: 3075.307 Thread 0x000000003a0a4000 DEOPT UNPACKING pc=0x000000000262582a sp=0x000000003e05b190 mode 2
Event: 3075.315 Thread 0x00000000274b7000 flushing nmethod 0x0000000004890fd0
Event: 3075.316 Thread 0x00000000274b7000 flushing nmethod 0x0000000004a71bd0
Event: 3075.451 Thread 0x000000003a0a4000 Uncommon trap: trap_request=0xffffffde fr.pc=0x0000000002de9ef8
Event: 3075.451 Thread 0x000000003a0a4000 DEOPT PACKING pc=0x0000000002de9ef8 sp=0x000000003e05b1d0
Event: 3075.451 Thread 0x000000003a0a4000 DEOPT UNPACKING pc=0x000000000262582a sp=0x000000003e05b188 mode 2


Dynamic libraries:
0x00007ff63bd20000 - 0x00007ff63bd57000 	C:\Program Files\Java\jdk1.8.0_101\bin\javaw.exe
0x00007ff9957b0000 - 0x00007ff995981000 	C:\WINDOWS\SYSTEM32\ntdll.dll
0x00007ff9932c0000 - 0x00007ff99336b000 	C:\WINDOWS\System32\KERNEL32.DLL
0x00007ff992240000 - 0x00007ff99245d000 	C:\WINDOWS\System32\KERNELBASE.dll
0x00007ff9930b0000 - 0x00007ff993152000 	C:\WINDOWS\System32\ADVAPI32.dll
0x00007ff992e80000 - 0x00007ff992f1e000 	C:\WINDOWS\System32\msvcrt.dll
0x00007ff995490000 - 0x00007ff9954e9000 	C:\WINDOWS\System32\sechost.dll
0x00007ff992d50000 - 0x00007ff992e71000 	C:\WINDOWS\System32\RPCRT4.dll
0x00007ff992f20000 - 0x00007ff993085000 	C:\WINDOWS\System32\USER32.dll
0x00007ff992460000 - 0x00007ff99247e000 	C:\WINDOWS\System32\win32u.dll
0x00007ff993430000 - 0x00007ff993464000 	C:\WINDOWS\System32\GDI32.dll
0x00007ff992b60000 - 0x00007ff992ce2000 	C:\WINDOWS\System32\gdi32full.dll
0x00007ff98a160000 - 0x00007ff98a3d9000 	C:\WINDOWS\WinSxS\amd64_microsoft.windows.common-controls_6595b64144ccf1df_6.0.14393.447_none_42191651c6827bb3\COMCTL32.dll
0x00007ff994980000 - 0x00007ff994c48000 	C:\WINDOWS\System32\combase.dll
0x00007ff992040000 - 0x00007ff992135000 	C:\WINDOWS\System32\ucrtbase.dll
0x00007ff991ca0000 - 0x00007ff991d0a000 	C:\WINDOWS\System32\bcryptPrimitives.dll
0x00007ff995460000 - 0x00007ff99548e000 	C:\WINDOWS\System32\IMM32.DLL
0x0000000072800000 - 0x00000000728d2000 	C:\Program Files\Java\jdk1.8.0_101\jre\bin\msvcr100.dll
0x0000000070690000 - 0x0000000070f2a000 	C:\Program Files\Java\jdk1.8.0_101\jre\bin\server\jvm.dll
0x00007ff992d40000 - 0x00007ff992d48000 	C:\WINDOWS\System32\PSAPI.DLL
0x00007ff98f9c0000 - 0x00007ff98f9e3000 	C:\WINDOWS\SYSTEM32\WINMM.dll
0x00007ff98ea80000 - 0x00007ff98ea89000 	C:\WINDOWS\SYSTEM32\WSOCK32.dll
0x00007ff98de10000 - 0x00007ff98de1a000 	C:\WINDOWS\SYSTEM32\VERSION.dll
0x00007ff9954f0000 - 0x00007ff99555a000 	C:\WINDOWS\System32\WS2_32.dll
0x0000000000620000 - 0x000000000064b000 	C:\WINDOWS\SYSTEM32\WINMMBASE.dll
0x00007ff992cf0000 - 0x00007ff992d32000 	C:\WINDOWS\System32\cfgmgr32.dll
0x00000000727f0000 - 0x00000000727ff000 	C:\Program Files\Java\jdk1.8.0_101\jre\bin\verify.dll
0x00000000727c0000 - 0x00000000727e9000 	C:\Program Files\Java\jdk1.8.0_101\jre\bin\java.dll
0x00000000727a0000 - 0x00000000727b6000 	C:\Program Files\Java\jdk1.8.0_101\jre\bin\zip.dll
0x00007ff993470000 - 0x00007ff994979000 	C:\WINDOWS\System32\SHELL32.dll
0x00007ff992480000 - 0x00007ff992b5a000 	C:\WINDOWS\System32\windows.storage.dll
0x00007ff991c40000 - 0x00007ff991c8c000 	C:\WINDOWS\System32\powrprof.dll
0x00007ff995400000 - 0x00007ff995452000 	C:\WINDOWS\System32\shlwapi.dll
0x00007ff991c90000 - 0x00007ff991c9f000 	C:\WINDOWS\System32\kernel.appcore.dll
0x00007ff991dc0000 - 0x00007ff991e69000 	C:\WINDOWS\System32\shcore.dll
0x00007ff991c10000 - 0x00007ff991c24000 	C:\WINDOWS\System32\profapi.dll
0x00007ff9733b0000 - 0x00007ff97349f000 	C:\Program Files\Java\jdk1.8.0_101\jre\bin\msvcr120.dll
0x00007ff973300000 - 0x00007ff9733a6000 	C:\Program Files\Java\jdk1.8.0_101\jre\bin\msvcp120.dll
0x0000000072770000 - 0x0000000072792000 	C:\Program Files\Java\jdk1.8.0_101\jre\bin\prism_d3d.dll
0x00007ff979090000 - 0x00007ff97921d000 	C:\WINDOWS\system32\d3d9.dll
0x00007ff98edb0000 - 0x00007ff98edd6000 	C:\WINDOWS\SYSTEM32\dwmapi.dll
0x00007ff9903a0000 - 0x00007ff990435000 	C:\WINDOWS\system32\uxtheme.dll
0x00007ff95ef70000 - 0x00007ff961029000 	C:\WINDOWS\SYSTEM32\igdumdim64.dll
0x00007ff994c50000 - 0x00007ff995079000 	C:\WINDOWS\System32\SETUPAPI.dll
0x00007ff993370000 - 0x00007ff99342f000 	C:\WINDOWS\System32\OLEAUT32.dll
0x00007ff9921a0000 - 0x00007ff99223c000 	C:\WINDOWS\System32\msvcp_win.dll
0x00007ff995670000 - 0x00007ff9957a7000 	C:\WINDOWS\System32\ole32.dll
0x0000000072720000 - 0x0000000072763000 	C:\Program Files\Java\jdk1.8.0_101\jre\bin\glass.dll
0x00007ff995570000 - 0x00007ff99566a000 	C:\WINDOWS\System32\COMDLG32.dll
0x00007ff993160000 - 0x00007ff9932bb000 	C:\WINDOWS\System32\MSCTF.dll
0x00007ff98b4f0000 - 0x00007ff98c35c000 	C:\WINDOWS\SYSTEM32\igc64.dll
0x00000000704f0000 - 0x0000000070688000 	C:\Program Files\Java\jdk1.8.0_101\jre\bin\awt.dll
0x00007ff990060000 - 0x00007ff9900da000 	C:\WINDOWS\SYSTEM32\apphelp.dll
0x0000000072700000 - 0x0000000072714000 	C:\Program Files\Java\jdk1.8.0_101\jre\bin\javafx_font.dll
0x00007ff97c5c0000 - 0x00007ff97c829000 	C:\WINDOWS\SYSTEM32\dwrite.dll
0x00007ff995080000 - 0x00007ff99511f000 	C:\WINDOWS\System32\clbcatq.dll
0x00007ff98eb90000 - 0x00007ff98ed38000 	C:\WINDOWS\SYSTEM32\WindowsCodecs.dll
0x00007ff97f450000 - 0x00007ff97f499000 	C:\WINDOWS\system32\dataexchange.dll
0x00007ff98f9f0000 - 0x00007ff98fb41000 	C:\WINDOWS\system32\dcomp.dll
0x00007ff98f230000 - 0x00007ff98f4e6000 	C:\WINDOWS\system32\d3d11.dll
0x00007ff990ba0000 - 0x00007ff990c3f000 	C:\WINDOWS\system32\dxgi.dll
0x00007ff990670000 - 0x00007ff99078c000 	C:\WINDOWS\system32\twinapi.appcore.dll
0x00007ff991b50000 - 0x00007ff991b7b000 	C:\WINDOWS\system32\bcrypt.dll
0x00007ff97ae00000 - 0x00007ff97ae32000 	C:\Program Files\Common Files\Microsoft Shared\Ink\rtscom.dll
0x00007ff9508f0000 - 0x00007ff950930000 	C:\Program Files\WIDCOMM\Bluetooth Software\btmmhook.dll
0x00000000704a0000 - 0x00000000704e7000 	C:\Program Files\Java\jdk1.8.0_101\jre\bin\fontmanager.dll
0x00000000726e0000 - 0x00000000726fa000 	C:\Program Files\Java\jdk1.8.0_101\jre\bin\net.dll
0x00007ff991410000 - 0x00007ff99146c000 	C:\WINDOWS\system32\mswsock.dll
0x00000000726c0000 - 0x00000000726d1000 	C:\Program Files\Java\jdk1.8.0_101\jre\bin\nio.dll
0x00007ff991680000 - 0x00007ff991697000 	C:\WINDOWS\SYSTEM32\CRYPTSP.dll
0x00007ff991590000 - 0x00007ff9915c3000 	C:\WINDOWS\system32\rsaenh.dll
0x00007ff991290000 - 0x00007ff9912af000 	C:\WINDOWS\SYSTEM32\USERENV.dll
0x00007ff9916a0000 - 0x00007ff9916ab000 	C:\WINDOWS\SYSTEM32\CRYPTBASE.dll
0x00007ff9911a0000 - 0x00007ff9911d8000 	C:\WINDOWS\SYSTEM32\IPHLPAPI.DLL
0x00007ff995560000 - 0x00007ff995568000 	C:\WINDOWS\System32\NSI.dll
0x00007ff988b60000 - 0x00007ff988b76000 	C:\WINDOWS\SYSTEM32\dhcpcsvc6.DLL
0x00007ff988b40000 - 0x00007ff988b5a000 	C:\WINDOWS\SYSTEM32\dhcpcsvc.DLL
0x00000000637c0000 - 0x00000000637cd000 	C:\Users\quero\AppData\Local\Temp\jogamp_0000\file_cache\jln4420233653386753666\jln39960693384224390\gluegen-rt.dll
0x0000000070490000 - 0x0000000070497000 	C:\Program Files\Java\jdk1.8.0_101\jre\bin\jawt.dll
0x000000006a440000 - 0x000000006a44d000 	C:\Users\quero\AppData\Local\Temp\jogamp_0000\file_cache\jln4420233653386753666\jln39960693384224390\nativewindow_awt.dll
0x000000006c100000 - 0x000000006c10f000 	C:\Users\quero\AppData\Local\Temp\jogamp_0000\file_cache\jln4420233653386753666\jln39960693384224390\nativewindow_win32.dll
0x00007ff96d080000 - 0x00007ff96d1a3000 	C:\WINDOWS\SYSTEM32\OpenGL32.dll
0x00007ff96d010000 - 0x00007ff96d03d000 	C:\WINDOWS\SYSTEM32\GLU32.dll
0x00007ff96cf10000 - 0x00007ff96d007000 	C:\WINDOWS\SYSTEM32\DDRAW.dll
0x00007ff98abc0000 - 0x00007ff98abc8000 	C:\WINDOWS\SYSTEM32\DCIMAN32.dll
0x0000000064500000 - 0x00000000645a0000 	C:\Users\quero\AppData\Local\Temp\jogamp_0000\file_cache\jln4420233653386753666\jln39960693384224390\jogl_desktop.dll
0x00007ff94f000000 - 0x00007ff94fcf2000 	C:\WINDOWS\SYSTEM32\ig9icd64.dll
0x00007ff98ed60000 - 0x00007ff98ed73000 	C:\WINDOWS\SYSTEM32\WTSAPI32.dll
0x00007ff9911e0000 - 0x00007ff991280000 	C:\WINDOWS\SYSTEM32\DNSAPI.dll
0x00000000733f0000 - 0x0000000073416000 	C:\Program Files\Bonjour\mdnsNSP.dll
0x00007ff982cb0000 - 0x00007ff982cba000 	C:\Windows\System32\rasadhlp.dll
0x00007ff988be0000 - 0x00007ff988c4a000 	C:\WINDOWS\System32\fwpuclnt.dll
0x0000000070460000 - 0x0000000070484000 	C:\Program Files\Java\jdk1.8.0_101\jre\bin\sunec.dll
0x0000000070450000 - 0x000000007045b000 	C:\Program Files\Java\jdk1.8.0_101\jre\bin\sunmscapi.dll
0x00007ff991e70000 - 0x00007ff992039000 	C:\WINDOWS\System32\CRYPT32.dll
0x00007ff991c30000 - 0x00007ff991c40000 	C:\WINDOWS\System32\MSASN1.dll
0x0000000070440000 - 0x0000000070449000 	C:\Program Files\Java\jdk1.8.0_101\jre\bin\w2k_lsa_auth.dll
0x00007ff984790000 - 0x00007ff98479c000 	C:\WINDOWS\SYSTEM32\Secur32.dll
0x00007ff991880000 - 0x00007ff9918ac000 	C:\WINDOWS\SYSTEM32\SSPICLI.DLL
0x00007ff9823f0000 - 0x00007ff982406000 	C:\WINDOWS\system32\napinsp.dll
0x00007ff982410000 - 0x00007ff98242a000 	C:\WINDOWS\system32\pnrpnsp.dll
0x00007ff98d640000 - 0x00007ff98d658000 	C:\WINDOWS\system32\NLAapi.dll
0x00007ff982470000 - 0x00007ff98247e000 	C:\WINDOWS\System32\winrnr.dll
0x00007ff982430000 - 0x00007ff982445000 	C:\WINDOWS\System32\wshbth.dll
0x00007ff9913a0000 - 0x00007ff991408000 	C:\WINDOWS\system32\msv1_0.DLL
0x00007ff991390000 - 0x00007ff99139c000 	C:\WINDOWS\SYSTEM32\NtlmShared.dll
0x00007ff991610000 - 0x00007ff991625000 	C:\WINDOWS\SYSTEM32\cryptdll.dll
0x00000000703f0000 - 0x0000000070432000 	C:\Program Files\Java\jdk1.8.0_101\jre\bin\t2k.dll
0x00000000703d0000 - 0x00000000703e1000 	C:\Program Files\Java\jdk1.8.0_101\jre\bin\prism_common.dll
0x00007ff98eea0000 - 0x00007ff98f025000 	C:\WINDOWS\system32\propsys.dll
0x00007ff97af00000 - 0x00007ff97af98000 	C:\Program Files\Common Files\microsoft shared\ink\tiptsf.dll
0x00007ff97a950000 - 0x00007ff97a992000 	C:\WINDOWS\SYSTEM32\edputil.dll
0x00007ff96e100000 - 0x00007ff96e584000 	C:\WINDOWS\system32\explorerframe.dll
0x00007ff952c40000 - 0x00007ff952de8000 	C:\WINDOWS\system32\DUI70.dll
0x00007ff98e590000 - 0x00007ff98e624000 	C:\WINDOWS\system32\DUser.dll
0x00007ff96d770000 - 0x00007ff96d7c3000 	C:\Windows\System32\thumbcache.dll
0x00007ff9900f0000 - 0x00007ff990133000 	C:\WINDOWS\SYSTEM32\policymanager.dll
0x00007ff9905d0000 - 0x00007ff990661000 	C:\WINDOWS\SYSTEM32\msvcp110_win.dll
0x00007ff967440000 - 0x00007ff967449000 	C:\WINDOWS\SYSTEM32\atlthunk.dll
0x00007ff98e750000 - 0x00007ff98e7f0000 	C:\WINDOWS\System32\StructuredQuery.dll
0x00007ff96b010000 - 0x00007ff96b019000 	C:\WINDOWS\system32\IconCodecService.dll
0x00007ff995180000 - 0x00007ff9951ee000 	C:\WINDOWS\System32\coml2.dll
0x00007ff9808d0000 - 0x00007ff980c35000 	C:\Windows\System32\ActXPrxy.dll
0x00007ff98abf0000 - 0x00007ff98ac00000 	C:\WINDOWS\SYSTEM32\LINKINFO.dll
0x00007ff96f7d0000 - 0x00007ff96f84d000 	C:\Windows\System32\twinapi.dll
0x00007ff97b320000 - 0x00007ff97b33b000 	C:\WINDOWS\SYSTEM32\MPR.dll
0x00007ff97a730000 - 0x00007ff97a746000 	C:\WINDOWS\System32\ntlanman.dll
0x00007ff97a720000 - 0x00007ff97a72b000 	C:\WINDOWS\System32\drprov.dll

VM Arguments:
jvm_args: -Dfile.encoding=Cp1252 
java_command: mmg.gui.JFXMain
java_class_path (initial): C:\Users\quero\workspaceHackaton2015\WorldWindMarginMap\bin;C:\Users\quero\workspaceHackaton2015\WorldWindMarginMap\libs\gluegen-rt-natives-windows-amd64.jar;C:\Users\quero\workspaceHackaton2015\WorldWindMarginMap\libs\gluegen-rt-natives-windows-i586.jar;C:\Users\quero\workspaceHackaton2015\WorldWindMarginMap\libs\gluegen-rt.jar;C:\Users\quero\workspaceHackaton2015\WorldWindMarginMap\libs\jogl-all-natives-windows-amd64.jar;C:\Users\quero\workspaceHackaton2015\WorldWindMarginMap\libs\jogl-all-natives-windows-i586.jar;C:\Users\quero\workspaceHackaton2015\WorldWindMarginMap\libs\jogl-all.jar;C:\Users\quero\workspaceHackaton2015\WorldWindMarginMap\libs\lib\commons-pool-1.5.4.jar;C:\Users\quero\workspaceHackaton2015\WorldWindMarginMap\libs\lib\vecmath-1.3.2.jar;C:\Users\quero\workspaceHackaton2015\WorldWindMarginMap\libs\lib\jsr-275-1.0-beta-2.jar;C:\Users\quero\workspaceHackaton2015\WorldWindMarginMap\libs\lib\gt-opengis-8.0-M0.jar;C:\Users\quero\workspaceHackaton2015\WorldWindMarginMap\libs\lib\gt-metadata-8.0-M0.jar;C:\Users\quero\workspaceHackaton2015\WorldWindMarginMap\libs\lib\gt-referencing-8.0-M0.jar;C:\Users\quero\workspaceHackaton2015\WorldWindMarginMap\libs\lib\gt-api-8.0-M0.jar;C:\Users\quero\workspaceHackaton2015\WorldWindMarginMap\libs\lib\jdom-1.0.jar;C:\Users\quero\workspaceHackaton2015\WorldWindMarginMap\libs\lib\gt-main-8.0-M0.jar;C:\Users\quero\workspaceHackaton2015\WorldWindMarginMap\libs\lib\imageio-ext-tiff-1.1-RC1.jar;C:\Users\quero\workspaceHackaton2015\WorldWindMarginMap\libs\lib\imageio-ext-utilities-1.1-RC1.jar;C:\Users\quero\workspaceHackaton2015\WorldWindMarginMap\libs\lib\gt-coverage-8.0-M0.jar;C:\Users\quero\workspaceHackaton2015\WorldWindMarginMap\libs\lib\gt-cql-8.0-M0.jar;C:\Users\quero\workspaceHackaton2015\WorldWindMarginMap\libs\lib\gt-data-8.0-M0.jar;C:\Users\quero\workspaceHackaton2015\WorldWindMarginMap\libs\lib\gt-render-8.0-M0.jar;C:\Users\quero\workspaceHackaton2015\WorldWindMarginMap\libs\lib\gt-sha
Launcher Type: SUN_STANDARD

Environment Variables:
JAVA_HOME=C:\Program Files\Java\jdk1.8.0_101
PATH=C:/Program Files/Java/jre1.8.0_111/bin/server;C:/Program Files/Java/jre1.8.0_111/bin;C:/Program Files/Java/jre1.8.0_111/lib/amd64;C:\ProgramData\Oracle\Java\javapath;C:\Program Files\Dell\DW WLAN Card;C:\Windows\system32;C:\Windows;C:\Windows\System32\Wbem;C:\Windows\System32\WindowsPowerShell\v1.0\;C:\Program Files\WIDCOMM\Bluetooth Software\;C:\Program Files\WIDCOMM\Bluetooth Software\syswow64;C:\Program Files (x86)\NVIDIA Corporation\PhysX\Common;C:\Program Files\Java\jre8;C:\Program Files (x86)\Heroku\bin;C:\Program Files (x86)\git\cmd;C:\Program Files (x86)\Git\cmd;C:\WINDOWS\system32;C:\WINDOWS;C:\WINDOWS\System32\Wbem;C:\WINDOWS\System32\WindowsPowerShell\v1.0\;C:\Program Files\PostgreSQL\pg95\bin;C:\Program Files (x86)\Skype\Phone\;C:\Users\quero\Miniconda2;C:\Users\quero\Miniconda2\Scripts;C:\Users\quero\Miniconda2\Library\bin;C:\Program Files (x86)\apache-maven-3.3.9\bin;C:\Users\quero\AppData\Local\Microsoft\WindowsApps;C:\Users\quero\AppData\Local\atom\bin;C:\Users\quero\eclipse\java-neon\eclipse;
USERNAME=quero
OS=Windows_NT
PROCESSOR_IDENTIFIER=Intel64 Family 6 Model 94 Stepping 3, GenuineIntel



---------------  S Y S T E M  ---------------

OS: Windows 10.0 , 64 bit Build 14393 (10.0.14393.0)

CPU:total 8 (4 cores per cpu, 2 threads per core) family 6 model 94 stepping 3, cmov, cx8, fxsr, mmx, sse, sse2, sse3, ssse3, sse4.1, sse4.2, popcnt, avx, avx2, aes, clmul, erms, rtm, 3dnowpref, lzcnt, ht, tsc, tscinvbit, bmi1, bmi2, adx

Memory: 4k page, physical 33408000k(18823140k free), swap 38388736k(21342620k free)

vm_info: Java HotSpot(TM) 64-Bit Server VM (25.101-b13) for windows-amd64 JRE (1.8.0_101-b13), built on Jun 22 2016 01:21:29 by "java_re" with MS VC++ 10.0 (VS2010)

time: Tue Dec 13 18:17:57 2016
elapsed time: 3076 seconds (0d 0h 51m 16s)

