#
# A fatal error has been detected by the Java Runtime Environment:
#
#  EXCEPTION_ACCESS_VIOLATION (0xc0000005) at pc=0x00007ffd8d40a7e2, pid=20896, tid=0x000000000000422c
#
# JRE version: Java(TM) SE Runtime Environment (8.0_144-b01) (build 1.8.0_144-b01)
# Java VM: Java HotSpot(TM) 64-Bit Server VM (25.144-b01 mixed mode windows-amd64 compressed oops)
# Problematic frame:
# C  [ig9icd64.dll+0x2a7e2]
#
# Failed to write core dump. Minidumps are not enabled by default on client versions of Windows
#
# If you would like to submit a bug report, please visit:
#   http://bugreport.java.com/bugreport/crash.jsp
# The crash happened outside the Java Virtual Machine in native code.
# See problematic frame for where to report the bug.
#

---------------  T H R E A D  ---------------

Current thread (0x000000002e829800):  JavaThread "AWT-EventQueue-0" [_thread_in_native, id=16940, stack(0x000000003ff50000,0x0000000040050000)]

siginfo: ExceptionCode=0xc0000005, reading address 0x00000000000000e0

Registers:
RAX=0x00000000000000c8, RBX=0x000000004004a500, RCX=0x0000000000000000, RDX=0x000000004112d750
RSP=0x00000000400495a0, RBP=0x00000000000000c8, RSI=0x0000fffffffff000, RDI=0x00000000414e0fc0
R8 =0x0000000000000001, R9 =0x00000000ffffefff, R10=0x0000800000000000, R11=0x0000800100000000
R12=0x0000000000000000, R13=0xffff000000000fff, R14=0x0000000000000000, R15=0x000000004112d750
RIP=0x00007ffd8d40a7e2, EFLAGS=0x0000000000010202

Top of Stack: (sp=0x00000000400495a0)
0x00000000400495a0:   0000000000000000 0000000000000000
0x00000000400495b0:   0000000000000000 00000000578282a1
0x00000000400495c0:   0000000000000000 0000000000000000
0x00000000400495d0:   0000000000000000 0000000000000000
0x00000000400495e0:   0000000000000000 0000000045d3fdb8
0x00000000400495f0:   0000000000000000 00000007c0935ae0
0x0000000040049600:   0000000000000000 0000000000000000
0x0000000040049610:   0000000000000000 0000000000000000
0x0000000040049620:   0000000000000000 0000000000000000
0x0000000040049630:   0000000000000000 0000010000000000
0x0000000040049640:   0000000000000000 0000000000000000
0x0000000040049650:   0000000045d3fdb8 0000000000000000
0x0000000040049660:   0000000000000000 0000000000000000
0x0000000040049670:   ff00008004000000 000000b77fffffff
0x0000000040049680:   ff0000b802000000 000000efffffffff
0x0000000040049690:   ff0000b700000000 000000b7ffffffff 

Instructions: (pc=0x00007ffd8d40a7e2)
0x00007ffd8d40a7c2:   40 48 85 c0 75 ef 80 bd a0 03 00 00 00 74 1f 8b
0x00007ffd8d40a7d2:   c1 83 e0 0f 48 6b c0 38 48 03 c5 48 85 c0 74 0e
0x00007ffd8d40a7e2:   48 8b 40 18 48 83 f8 fd 0f 86 4f 03 00 00 49 8b
0x00007ffd8d40a7f2:   96 98 04 00 00 48 85 d2 78 f4 48 8d 4a 01 48 8b 


Register to memory mapping:

RAX=0x00000000000000c8 is an unknown value
RBX=0x000000004004a500 is pointing into the stack for thread: 0x000000002e829800
RCX=0x0000000000000000 is an unknown value
RDX=0x000000004112d750 is an unknown value
RSP=0x00000000400495a0 is pointing into the stack for thread: 0x000000002e829800
RBP=0x00000000000000c8 is an unknown value
RSI=0x0000fffffffff000 is an unknown value
RDI=0x00000000414e0fc0 is an unknown value
R8 =0x0000000000000001 is an unknown value
R9 =0x00000000ffffefff is an unknown value
R10=0x0000800000000000 is an unknown value
R11=0x0000800100000000 is an unknown value
R12=0x0000000000000000 is an unknown value
R13=0xffff000000000fff is an unknown value
R14=0x0000000000000000 is an unknown value
R15=0x000000004112d750 is an unknown value


Stack: [0x000000003ff50000,0x0000000040050000],  sp=0x00000000400495a0,  free space=997k
Native frames: (J=compiled Java code, j=interpreted, Vv=VM code, C=native code)
C  [ig9icd64.dll+0x2a7e2]
C  [ig9icd64.dll+0x8f23b]
C  [ig9icd64.dll+0x8914b]
C  [ig9icd64.dll+0xa96dd]
C  [ig9icd64.dll+0xa9795]
C  [ig9icd64.dll+0x2ce5d]
C  [ig9icd64.dll+0x2d22d]
C  [ig9icd64.dll+0x9e26d]
C  [ig9icd64.dll+0x3f128c]
C  [ig9icd64.dll+0x9ae7c]
C  [ig9icd64.dll+0x8a2f9]
C  [ig9icd64.dll+0x522453]
C  [ig9icd64.dll+0x414389]
C  [ig9icd64.dll+0x2011bd]
C  [ig9icd64.dll+0x4190a1]
C  [ig9icd64.dll+0x9945e0]
C  [opengl32.dll+0x2a71a]
C  0x00000000046b4831

Java frames: (J=compiled Java code, j=interpreted, Vv=VM code)
J 12365  jogamp.opengl.gl4.GL4bcImpl.dispatch_glDrawElements1(IIILjava/lang/Object;IZJ)V (0 bytes) @ 0x00000000046b47b3 [0x00000000046b4740+0x73]
J 16760 C2 gov.nasa.worldwind.render.ExtrudedPolygon.drawSideInteriors(Lgov/nasa/worldwind/render/DrawContext;Lgov/nasa/worldwind/render/ExtrudedPolygon$ShapeData;)V (326 bytes) @ 0x00000000042c0524 [0x00000000042bfe00+0x724]
J 17014 C2 gov.nasa.worldwind.render.DrawContextImpl.drawOutlinedShape(Lgov/nasa/worldwind/render/OutlinedShape;Ljava/lang/Object;)V (403 bytes) @ 0x00000000054cd778 [0x00000000054cd3a0+0x3d8]
J 17013 C2 gov.nasa.worldwind.render.AbstractShape.doDrawOrderedRenderable(Lgov/nasa/worldwind/render/DrawContext;Lgov/nasa/worldwind/pick/PickSupport;)V (118 bytes) @ 0x00000000054c8afc [0x00000000054c84c0+0x63c]
J 24818 C2 gov.nasa.worldwind.render.AbstractShape.drawBatched(Lgov/nasa/worldwind/render/DrawContext;)V (160 bytes) @ 0x0000000003fc56ec [0x0000000003fc5340+0x3ac]
J 25967 C2 gov.nasa.worldwind.render.AbstractShape.drawOrderedRenderable(Lgov/nasa/worldwind/render/DrawContext;)V (45 bytes) @ 0x0000000006d92f90 [0x0000000006d91a40+0x1550]
J 16798 C2 gov.nasa.worldwind.render.AbstractShape.render(Lgov/nasa/worldwind/render/DrawContext;)V (213 bytes) @ 0x000000000527b224 [0x000000000527a100+0x1124]
J 16801 C2 gov.nasa.worldwind.render.ExtrudedPolygon.render(Lgov/nasa/worldwind/render/DrawContext;)V (14 bytes) @ 0x00000000041f1c68 [0x00000000041f1be0+0x88]
J 16788 C2 gov.nasa.worldwind.AbstractSceneController.draw(Lgov/nasa/worldwind/render/DrawContext;)V (431 bytes) @ 0x000000000483be38 [0x000000000483b220+0xc18]
J 13273 C1 gov.nasa.worldwind.StereoOptionSceneController.draw(Lgov/nasa/worldwind/render/DrawContext;)V (186 bytes) @ 0x0000000004e03b94 [0x0000000004e02c00+0xf94]
J 18083 C1 gov.nasa.worldwind.BasicSceneController.doNormalRepaint(Lgov/nasa/worldwind/render/DrawContext;)V (41 bytes) @ 0x00000000058becc4 [0x00000000058be4a0+0x824]
J 18081 C1 gov.nasa.worldwind.BasicSceneController.doRepaint(Lgov/nasa/worldwind/render/DrawContext;)V (64 bytes) @ 0x000000000589a424 [0x0000000005899ce0+0x744]
J 27195 C1 gov.nasa.worldwind.AbstractSceneController.repaint()I (426 bytes) @ 0x0000000006e9883c [0x0000000006e982c0+0x57c]
J 25933 C2 gov.nasa.worldwind.WorldWindowGLAutoDrawable.display(Lcom/jogamp/opengl/GLAutoDrawable;)V (552 bytes) @ 0x00000000040a27f4 [0x00000000040a2300+0x4f4]
J 25814 C2 jogamp.opengl.GLDrawableHelper.invokeGLImpl(Lcom/jogamp/opengl/GLDrawable;Lcom/jogamp/opengl/GLContext;Ljava/lang/Runnable;Ljava/lang/Runnable;)V (579 bytes) @ 0x0000000005549970 [0x0000000005549180+0x7f0]
J 25761 C2 com.jogamp.opengl.awt.GLJPanel.paintComponent(Ljava/awt/Graphics;)V (250 bytes) @ 0x00000000046d2544 [0x00000000046d21a0+0x3a4]
J 15235 C2 javax.swing.JComponent.paint(Ljava/awt/Graphics;)V (409 bytes) @ 0x00000000047b5194 [0x00000000047b4960+0x834]
J 15389 C2 javax.swing.JComponent.paintChildren(Ljava/awt/Graphics;)V (669 bytes) @ 0x000000000385a944 [0x000000000385a1e0+0x764]
J 15235 C2 javax.swing.JComponent.paint(Ljava/awt/Graphics;)V (409 bytes) @ 0x00000000047b51c0 [0x00000000047b4960+0x860]
J 15389 C2 javax.swing.JComponent.paintChildren(Ljava/awt/Graphics;)V (669 bytes) @ 0x000000000385a944 [0x000000000385a1e0+0x764]
J 15235 C2 javax.swing.JComponent.paint(Ljava/awt/Graphics;)V (409 bytes) @ 0x00000000047b51c0 [0x00000000047b4960+0x860]
J 19785 C2 sun.swing.JLightweightFrame$3.paint(Ljava/awt/Graphics;)V (188 bytes) @ 0x000000000547fdf4 [0x000000000547fda0+0x54]
J 19838 C2 javax.swing.JComponent._paintImmediately(IIII)V (891 bytes) @ 0x0000000004a4b3ec [0x0000000004a4a580+0xe6c]
J 18190 C2 javax.swing.JComponent.paintImmediately(IIII)V (155 bytes) @ 0x0000000003d3c828 [0x0000000003d3c280+0x5a8]
J 25857 C2 javax.swing.RepaintManager$4.run()Ljava/lang/Object; (5 bytes) @ 0x00000000046a205c [0x00000000046a1e60+0x1fc]
v  ~StubRoutines::call_stub
J 2277  java.security.AccessController.doPrivileged(Ljava/security/PrivilegedAction;Ljava/security/AccessControlContext;)Ljava/lang/Object; (0 bytes) @ 0x0000000002b280a6 [0x0000000002b28040+0x66]
J 24161 C2 javax.swing.RepaintManager$ProcessingRunnable.run()V (41 bytes) @ 0x00000000062940dc [0x00000000062932e0+0xdfc]
J 27185 C2 java.awt.EventQueue.dispatchEventImpl(Ljava/awt/AWTEvent;Ljava/lang/Object;)V (149 bytes) @ 0x0000000005140050 [0x000000000513fdc0+0x290]
J 17291 C2 java.awt.EventQueue$3.run()Ljava/lang/Void; (60 bytes) @ 0x0000000003c3c5b8 [0x0000000003c3c560+0x58]
J 13398 C2 java.awt.EventQueue$3.run()Ljava/lang/Object; (5 bytes) @ 0x00000000046c1f14 [0x00000000046c1ee0+0x34]
v  ~StubRoutines::call_stub
J 2277  java.security.AccessController.doPrivileged(Ljava/security/PrivilegedAction;Ljava/security/AccessControlContext;)Ljava/lang/Object; (0 bytes) @ 0x0000000002b280a6 [0x0000000002b28040+0x66]
J 27080 C2 java.awt.EventDispatchThread.pumpOneEventForFilters(I)V (295 bytes) @ 0x00000000035862f0 [0x0000000003585240+0x10b0]
J 26630% C2 java.awt.EventDispatchThread.pumpEventsForFilter(ILjava/awt/Conditional;Ljava/awt/EventFilter;)V (47 bytes) @ 0x0000000004ee0880 [0x0000000004ee0780+0x100]
j  java.awt.EventDispatchThread.pumpEventsForHierarchy(ILjava/awt/Conditional;Ljava/awt/Component;)V+11
j  java.awt.EventDispatchThread.pumpEvents(ILjava/awt/Conditional;)V+4
j  java.awt.EventDispatchThread.pumpEvents(Ljava/awt/Conditional;)V+3
j  java.awt.EventDispatchThread.run()V+9
v  ~StubRoutines::call_stub

---------------  P R O C E S S  ---------------

Java Threads: ( => current thread )
  0x000000002e82c800 JavaThread "Keep-Alive-SocketCleaner" daemon [_thread_blocked, id=6988, stack(0x00000000310e0000,0x00000000311e0000)]
  0x000000002fd93000 JavaThread "Idle WorldWind Task " daemon [_thread_blocked, id=19288, stack(0x00000000582d0000,0x00000000583d0000)]
  0x000000002fd8d000 JavaThread "Idle WorldWind Task " daemon [_thread_blocked, id=8608, stack(0x0000000058ad0000,0x0000000058bd0000)]
  0x000000002fd8e800 JavaThread "Idle WorldWind Task " daemon [_thread_blocked, id=20524, stack(0x0000000058400000,0x0000000058500000)]
  0x000000002fd8d800 JavaThread "Thread-36" daemon [_thread_blocked, id=12016, stack(0x0000000054830000,0x0000000054930000)]
  0x000000002fd90000 JavaThread "Media Resource Disposer" daemon [_thread_blocked, id=19540, stack(0x0000000052fb0000,0x00000000530b0000)]
  0x000000002e825000 JavaThread "WeakCollectionCleaner" daemon [_thread_blocked, id=17904, stack(0x0000000031b30000,0x0000000031c30000)]
  0x000000002e824000 JavaThread "GT authority factory disposer" daemon [_thread_blocked, id=20820, stack(0x0000000031930000,0x0000000031a30000)]
  0x000000002e82a000 JavaThread "Running WorldWind Retriever: https://worldwind22.arc.nasa.gov/geoserver/wfs?version=1.0.0&TypeName=topp:wpl_geonet_p_ppla&Request=GetFeature&Service=WFS&OUTPUTFORMAT=GML2-GZIP&BBOX=-65.0,-35.0,-60.0,-30.0" daemon [_thread_in_native, id=17252, stack(0x0000000040750000,0x0000000040850000)]
  0x000000002e820800 JavaThread "Running WorldWind Retriever: https://worldwind22.arc.nasa.gov/geoserver/wfs?version=1.0.0&TypeName=topp:citiesover10k&Request=GetFeature&Service=WFS&OUTPUTFORMAT=GML2-GZIP&BBOX=-65.0,-35.0,-60.0,-30.0" daemon [_thread_in_native, id=15684, stack(0x000000003fa50000,0x000000003fb50000)]
  0x000000002e822800 JavaThread "Running WorldWind Retriever: https://worldwind22.arc.nasa.gov/geoserver/wfs?version=1.0.0&TypeName=topp:citiesover1k&Request=GetFeature&Service=WFS&OUTPUTFORMAT=GML2-GZIP&BBOX=-65.0,-35.0,-60.0,-30.0" daemon [_thread_in_native, id=6680, stack(0x000000004a0a0000,0x000000004a1a0000)]
  0x000000002e822000 JavaThread "MVStore background writer nio:C:/Users/quero/AppData/Roaming/UrsulaGIS/ursulaGIS.h2.mv.db" daemon [_thread_blocked, id=7980, stack(0x000000003f950000,0x000000003fa50000)]
  0x000000002e827000 JavaThread "Running WorldWind Retriever: https://worldwind22.arc.nasa.gov/geoserver/wfs?version=1.0.0&TypeName=topp:wpl_geonet_a_adm2&Request=GetFeature&Service=WFS&OUTPUTFORMAT=GML2-GZIP&BBOX=-65.0,-35.0,-60.0,-30.0" daemon [_thread_in_native, id=7892, stack(0x000000003fc50000,0x000000003fd50000)]
  0x000000002fd99800 JavaThread "Idle WorldWind Task " daemon [_thread_blocked, id=17228, stack(0x000000004a660000,0x000000004a760000)]
  0x000000002fd99000 JavaThread "Idle WorldWind Task " daemon [_thread_blocked, id=17580, stack(0x000000004a560000,0x000000004a660000)]
  0x000000002fd91800 JavaThread "Idle WorldWind Task " daemon [_thread_blocked, id=17932, stack(0x000000004a460000,0x000000004a560000)]
  0x000000002fd98000 JavaThread "Idle WorldWind Task " daemon [_thread_blocked, id=2044, stack(0x000000003f650000,0x000000003f750000)]
  0x000000002fd90800 JavaThread "Idle WorldWind Task " daemon [_thread_blocked, id=18676, stack(0x0000000046170000,0x0000000046270000)]
=>0x000000002e829800 JavaThread "AWT-EventQueue-0" [_thread_in_native, id=16940, stack(0x000000003ff50000,0x0000000040050000)]
  0x000000002e828800 JavaThread "AWT-Shutdown" [_thread_blocked, id=15044, stack(0x000000003fe50000,0x000000003ff50000)]
  0x000000002e828000 JavaThread "Thread-20" daemon [_thread_blocked, id=15304, stack(0x000000003fd50000,0x000000003fe50000)]
  0x000000002e82b800 JavaThread "TimerQueue" daemon [_thread_blocked, id=15736, stack(0x000000003fb50000,0x000000003fc50000)]
  0x000000002f325000 JavaThread "Disposer" daemon [_thread_blocked, id=2736, stack(0x0000000036960000,0x0000000036a60000)]
  0x000000002f326800 JavaThread "pool-2-thread-2-SharedResourceRunner" daemon [_thread_blocked, id=2980, stack(0x0000000036860000,0x0000000036960000)]
  0x000000002f324800 JavaThread "pool-3-thread-1" [_thread_blocked, id=18468, stack(0x0000000031730000,0x0000000031830000)]
  0x000000002f32a800 JavaThread "Prism Font Disposer" daemon [_thread_blocked, id=6756, stack(0x00000000311e0000,0x00000000312e0000)]
  0x000000002f329800 JavaThread "AWT-Windows" daemon [_thread_in_native, id=9468, stack(0x0000000031830000,0x0000000031930000)]
  0x000000002f329000 JavaThread "Java2D Disposer" daemon [_thread_blocked, id=20884, stack(0x0000000031630000,0x0000000031730000)]
  0x000000002eda2000 JavaThread "JavaFX-Launcher" [_thread_blocked, id=4476, stack(0x000000002f730000,0x000000002f830000)]
  0x000000002882f000 JavaThread "Thread-2" daemon [_thread_in_native, id=15772, stack(0x000000002e340000,0x000000002e440000)]
  0x00000000287bd000 JavaThread "JavaFX Application Thread" [_thread_in_native, id=11472, stack(0x0000000029530000,0x0000000029630000)]
  0x00000000287ba000 JavaThread "Thread-1" daemon [_thread_blocked, id=4716, stack(0x0000000029430000,0x0000000029530000)]
  0x0000000028796000 JavaThread "QuantumRenderer-0" daemon [_thread_blocked, id=2560, stack(0x0000000028f30000,0x0000000029030000)]
  0x00000000279ff000 JavaThread "Service Thread" daemon [_thread_blocked, id=5348, stack(0x0000000028530000,0x0000000028630000)]
  0x00000000279d1000 JavaThread "C1 CompilerThread3" daemon [_thread_blocked, id=14772, stack(0x0000000028430000,0x0000000028530000)]
  0x00000000279c9800 JavaThread "C2 CompilerThread2" daemon [_thread_blocked, id=13260, stack(0x0000000028330000,0x0000000028430000)]
  0x00000000279b7800 JavaThread "C2 CompilerThread1" daemon [_thread_blocked, id=9184, stack(0x0000000028230000,0x0000000028330000)]
  0x0000000027965000 JavaThread "C2 CompilerThread0" daemon [_thread_blocked, id=14828, stack(0x0000000028130000,0x0000000028230000)]
  0x0000000027963000 JavaThread "Attach Listener" daemon [_thread_blocked, id=8928, stack(0x0000000028030000,0x0000000028130000)]
  0x0000000027962000 JavaThread "Signal Dispatcher" daemon [_thread_blocked, id=11436, stack(0x0000000027f30000,0x0000000028030000)]
  0x0000000025a64000 JavaThread "Finalizer" daemon [_thread_blocked, id=8004, stack(0x0000000027d30000,0x0000000027e30000)]
  0x00000000029ee800 JavaThread "Reference Handler" daemon [_thread_blocked, id=144, stack(0x0000000027830000,0x0000000027930000)]
  0x00000000028f7000 JavaThread "main" [_thread_blocked, id=12100, stack(0x0000000002790000,0x0000000002890000)]

Other Threads:
  0x0000000025a59800 VMThread [stack: 0x0000000027730000,0x0000000027830000] [id=13648]
  0x0000000027a56000 WatcherThread [stack: 0x0000000028630000,0x0000000028730000] [id=10812]

VM state:not at safepoint (normal execution)

VM Mutex/Monitor currently owned by a thread: None

Heap:
 PSYoungGen      total 2253824K, used 1395148K [0x0000000715580000, 0x00000007bcd80000, 0x00000007c0000000)
  eden space 2168832K, 60% used [0x0000000715580000,0x0000000765526210,0x0000000799b80000)
  from space 84992K, 99% used [0x0000000799b80000,0x000000079ee4cf00,0x000000079ee80000)
  to   space 287744K, 0% used [0x00000007ab480000,0x00000007ab480000,0x00000007bcd80000)
 ParOldGen       total 2660864K, used 1209900K [0x00000005c0000000, 0x0000000662680000, 0x0000000715580000)
  object space 2660864K, 45% used [0x00000005c0000000,0x0000000609d8b350,0x0000000662680000)
 Metaspace       used 87512K, capacity 91528K, committed 91904K, reserved 1130496K
  class space    used 10008K, capacity 10625K, committed 10752K, reserved 1048576K

Card table byte_map: [0x0000000011db0000,0x0000000012dc0000] byte_map_base: 0x000000000efb0000

Marking Bits: (ParMarkBitMap*) 0x0000000057f4d850
 Begin Bits: [0x0000000014070000, 0x000000001c070000)
 End Bits:   [0x000000001c070000, 0x0000000024070000)

Polling page: 0x0000000000d70000

CodeCache: size=245760Kb used=72067Kb max_used=72097Kb free=173692Kb
 bounds [0x00000000029f0000, 0x00000000070f0000, 0x00000000119f0000]
 total_blobs=20686 nmethods=19178 adapters=1417
 compilation: enabled

Compilation events (10 events):
Event: 16460.511 Thread 0x00000000279d1000 nmethod 27555 0x000000000706e010 code [0x000000000706e160, 0x000000000706e2b0]
Event: 16476.438 Thread 0x00000000279d1000 27556       3       java.awt.Color::toString (62 bytes)
Event: 16476.440 Thread 0x00000000279d1000 nmethod 27556 0x000000000518a410 code [0x000000000518a6a0, 0x000000000518baf8]
Event: 16476.444 Thread 0x00000000279d1000 27557       3       java.util.Collections::unmodifiableList (27 bytes)
Event: 16476.445 Thread 0x00000000279d1000 nmethod 27557 0x0000000005189610 code [0x00000000051897e0, 0x000000000518a018]
Event: 16476.488 Thread 0x00000000279b7800 27558       4       java.lang.String::valueOf (5 bytes)
Event: 16476.504 Thread 0x00000000279b7800 nmethod 27558 0x00000000058dafd0 code [0x00000000058db140, 0x00000000058db658]
Event: 16540.607 Thread 0x0000000027965000 27559       4       com.sun.prism.impl.Disposer::cleanUp (13 bytes)
Event: 16540.610 Thread 0x0000000027965000 nmethod 27559 0x00000000058d7c10 code [0x00000000058d7d60, 0x00000000058d7fe8]
Event: 16540.615 Thread 0x00000000279d1000 27560   !   3       com.sun.javafx.tk.quantum.PresentingPainter::run (675 bytes)

GC Heap History (10 events):
Event: 15998.529 GC heap before
{Heap before GC invocations=144 (full 13):
 PSYoungGen      total 2475008K, used 65038K [0x0000000715580000, 0x00000007c0000000, 0x00000007c0000000)
  eden space 2152960K, 3% used [0x0000000715580000,0x0000000719503af8,0x0000000798c00000)
  from space 322048K, 0% used [0x00000007ac580000,0x00000007ac580000,0x00000007c0000000)
  to   space 321024K, 0% used [0x0000000798c00000,0x0000000798c00000,0x00000007ac580000)
 ParOldGen       total 2660864K, used 1209924K [0x00000005c0000000, 0x0000000662680000, 0x0000000715580000)
  object space 2660864K, 45% used [0x00000005c0000000,0x0000000609d91120,0x0000000662680000)
 Metaspace       used 87212K, capacity 91126K, committed 91520K, reserved 1130496K
  class space    used 9965K, capacity 10570K, committed 10624K, reserved 1048576K
Event: 15998.533 GC heap after
Heap after GC invocations=144 (full 13):
 PSYoungGen      total 2473984K, used 128K [0x0000000715580000, 0x00000007c0000000, 0x00000007c0000000)
  eden space 2152960K, 0% used [0x0000000715580000,0x0000000715580000,0x0000000798c00000)
  from space 321024K, 0% used [0x0000000798c00000,0x0000000798c20000,0x00000007ac580000)
  to   space 316928K, 0% used [0x00000007aca80000,0x00000007aca80000,0x00000007c0000000)
 ParOldGen       total 2660864K, used 1209924K [0x00000005c0000000, 0x0000000662680000, 0x0000000715580000)
  object space 2660864K, 45% used [0x00000005c0000000,0x0000000609d91120,0x0000000662680000)
 Metaspace       used 87212K, capacity 91126K, committed 91520K, reserved 1130496K
  class space    used 9965K, capacity 10570K, committed 10624K, reserved 1048576K
}
Event: 15998.533 GC heap before
{Heap before GC invocations=145 (full 14):
 PSYoungGen      total 2473984K, used 128K [0x0000000715580000, 0x00000007c0000000, 0x00000007c0000000)
  eden space 2152960K, 0% used [0x0000000715580000,0x0000000715580000,0x0000000798c00000)
  from space 321024K, 0% used [0x0000000798c00000,0x0000000798c20000,0x00000007ac580000)
  to   space 316928K, 0% used [0x00000007aca80000,0x00000007aca80000,0x00000007c0000000)
 ParOldGen       total 2660864K, used 1209924K [0x00000005c0000000, 0x0000000662680000, 0x0000000715580000)
  object space 2660864K, 45% used [0x00000005c0000000,0x0000000609d91120,0x0000000662680000)
 Metaspace       used 87212K, capacity 91126K, committed 91520K, reserved 1130496K
  class space    used 9965K, capacity 10570K, committed 10624K, reserved 1048576K
Event: 16001.477 GC heap after
Heap after GC invocations=145 (full 14):
 PSYoungGen      total 2473984K, used 0K [0x0000000715580000, 0x00000007c0000000, 0x00000007c0000000)
  eden space 2152960K, 0% used [0x0000000715580000,0x0000000715580000,0x0000000798c00000)
  from space 321024K, 0% used [0x0000000798c00000,0x0000000798c00000,0x00000007ac580000)
  to   space 316928K, 0% used [0x00000007aca80000,0x00000007aca80000,0x00000007c0000000)
 ParOldGen       total 2660864K, used 1209904K [0x00000005c0000000, 0x0000000662680000, 0x0000000715580000)
  object space 2660864K, 45% used [0x00000005c0000000,0x0000000609d8c0c0,0x0000000662680000)
 Metaspace       used 87212K, capacity 91126K, committed 91520K, reserved 1130496K
  class space    used 9965K, capacity 10570K, committed 10624K, reserved 1048576K
}
Event: 16028.529 GC heap before
{Heap before GC invocations=146 (full 14):
 PSYoungGen      total 2473984K, used 39865K [0x0000000715580000, 0x00000007c0000000, 0x00000007c0000000)
  eden space 2152960K, 1% used [0x0000000715580000,0x0000000717c6e420,0x0000000798c00000)
  from space 321024K, 0% used [0x0000000798c00000,0x0000000798c00000,0x00000007ac580000)
  to   space 316928K, 0% used [0x00000007aca80000,0x00000007aca80000,0x00000007c0000000)
 ParOldGen       total 2660864K, used 1209904K [0x00000005c0000000, 0x0000000662680000, 0x0000000715580000)
  object space 2660864K, 45% used [0x00000005c0000000,0x0000000609d8c0c0,0x0000000662680000)
 Metaspace       used 87212K, capacity 91126K, committed 91520K, reserved 1130496K
  class space    used 9965K, capacity 10570K, committed 10624K, reserved 1048576K
Event: 16028.533 GC heap after
Heap after GC invocations=146 (full 14):
 PSYoungGen      total 2485760K, used 160K [0x0000000715580000, 0x00000007c0000000, 0x00000007c0000000)
  eden space 2168832K, 0% used [0x0000000715580000,0x0000000715580000,0x0000000799b80000)
  from space 316928K, 0% used [0x00000007aca80000,0x00000007acaa8000,0x00000007c0000000)
  to   space 310272K, 0% used [0x0000000799b80000,0x0000000799b80000,0x00000007aca80000)
 ParOldGen       total 2660864K, used 1209904K [0x00000005c0000000, 0x0000000662680000, 0x0000000715580000)
  object space 2660864K, 45% used [0x00000005c0000000,0x0000000609d8c0c0,0x0000000662680000)
 Metaspace       used 87212K, capacity 91126K, committed 91520K, reserved 1130496K
  class space    used 9965K, capacity 10570K, committed 10624K, reserved 1048576K
}
Event: 16028.533 GC heap before
{Heap before GC invocations=147 (full 15):
 PSYoungGen      total 2485760K, used 160K [0x0000000715580000, 0x00000007c0000000, 0x00000007c0000000)
  eden space 2168832K, 0% used [0x0000000715580000,0x0000000715580000,0x0000000799b80000)
  from space 316928K, 0% used [0x00000007aca80000,0x00000007acaa8000,0x00000007c0000000)
  to   space 310272K, 0% used [0x0000000799b80000,0x0000000799b80000,0x00000007aca80000)
 ParOldGen       total 2660864K, used 1209904K [0x00000005c0000000, 0x0000000662680000, 0x0000000715580000)
  object space 2660864K, 45% used [0x00000005c0000000,0x0000000609d8c0c0,0x0000000662680000)
 Metaspace       used 87212K, capacity 91126K, committed 91520K, reserved 1130496K
  class space    used 9965K, capacity 10570K, committed 10624K, reserved 1048576K
Event: 16029.490 GC heap after
Heap after GC invocations=147 (full 15):
 PSYoungGen      total 2485760K, used 0K [0x0000000715580000, 0x00000007c0000000, 0x00000007c0000000)
  eden space 2168832K, 0% used [0x0000000715580000,0x0000000715580000,0x0000000799b80000)
  from space 316928K, 0% used [0x00000007aca80000,0x00000007aca80000,0x00000007c0000000)
  to   space 310272K, 0% used [0x0000000799b80000,0x0000000799b80000,0x00000007aca80000)
 ParOldGen       total 2660864K, used 1209892K [0x00000005c0000000, 0x0000000662680000, 0x0000000715580000)
  object space 2660864K, 45% used [0x00000005c0000000,0x0000000609d89350,0x0000000662680000)
 Metaspace       used 87212K, capacity 91126K, committed 91520K, reserved 1130496K
  class space    used 9965K, capacity 10570K, committed 10624K, reserved 1048576K
}
Event: 16291.420 GC heap before
{Heap before GC invocations=148 (full 15):
 PSYoungGen      total 2485760K, used 2168832K [0x0000000715580000, 0x00000007c0000000, 0x00000007c0000000)
  eden space 2168832K, 100% used [0x0000000715580000,0x0000000799b80000,0x0000000799b80000)
  from space 316928K, 0% used [0x00000007aca80000,0x00000007aca80000,0x00000007c0000000)
  to   space 310272K, 0% used [0x0000000799b80000,0x0000000799b80000,0x00000007aca80000)
 ParOldGen       total 2660864K, used 1209892K [0x00000005c0000000, 0x0000000662680000, 0x0000000715580000)
  object space 2660864K, 45% used [0x00000005c0000000,0x0000000609d89350,0x0000000662680000)
 Metaspace       used 87489K, capacity 91518K, committed 91520K, reserved 1130496K
  class space    used 10007K, capacity 10624K, committed 10624K, reserved 1048576K
Event: 16291.479 GC heap after
Heap after GC invocations=148 (full 15):
 PSYoungGen      total 2253824K, used 84787K [0x0000000715580000, 0x00000007bcd80000, 0x00000007c0000000)
  eden space 2168832K, 0% used [0x0000000715580000,0x0000000715580000,0x0000000799b80000)
  from space 84992K, 99% used [0x0000000799b80000,0x000000079ee4cf00,0x000000079ee80000)
  to   space 287744K, 0% used [0x00000007ab480000,0x00000007ab480000,0x00000007bcd80000)
 ParOldGen       total 2660864K, used 1209900K [0x00000005c0000000, 0x0000000662680000, 0x0000000715580000)
  object space 2660864K, 45% used [0x00000005c0000000,0x0000000609d8b350,0x0000000662680000)
 Metaspace       used 87489K, capacity 91518K, committed 91520K, reserved 1130496K
  class space    used 10007K, capacity 10624K, committed 10624K, reserved 1048576K
}

Deoptimization events (10 events):
Event: 16302.234 Thread 0x00000000287bd000 Uncommon trap: reason=unstable_if action=reinterpret pc=0x0000000006ee6ebc method=com.sun.javafx.scene.control.skin.VirtualFlow.updateScrollBarsAndCells(Z)V @ 585
Event: 16302.240 Thread 0x000000002fd93800 Uncommon trap: reason=unstable_if action=reinterpret pc=0x0000000005ef7458 method=com.vividsolutions.jts.algorithm.RobustDeterminant.signOfDet2x2(DDDD)I @ 29
Event: 16302.240 Thread 0x000000002fd93800 Uncommon trap: reason=unstable_if action=reinterpret pc=0x0000000003418a0c method=com.vividsolutions.jts.algorithm.RayCrossingCounter.countSegment(Lcom/vividsolutions/jts/geom/Coordinate;Lcom/vividsolutions/jts/geom/Coordinate;)V @ 289
Event: 16308.355 Thread 0x000000002e829800 Uncommon trap: reason=unstable_if action=reinterpret pc=0x000000000634f224 method=jogamp.opengl.glu.tessellator.Sweep.ConnectLeftVertex(Ljogamp/opengl/glu/tessellator/GLUtessellatorImpl;Ljogamp/opengl/glu/tessellator/GLUvertex;)V @ 73
Event: 16308.358 Thread 0x000000002e829800 Uncommon trap: reason=unstable_if action=reinterpret pc=0x000000000615d760 method=jogamp.opengl.glu.tessellator.Sweep.__gl_computeInterior(Ljogamp/opengl/glu/tessellator/GLUtessellatorImpl;)Z @ 57
Event: 16540.590 Thread 0x000000002e829800 Uncommon trap: reason=unstable_if action=reinterpret pc=0x000000000524add8 method=java.awt.MouseInfo.areScreenDevicesIndependent([Ljava/awt/GraphicsDevice;)Z @ 22
Event: 16540.591 Thread 0x0000000028796000 Uncommon trap: reason=unstable_if action=reinterpret pc=0x00000000069a7ac8 method=com.sun.prism.d3d.D3DContext.FAILED(I)Z @ 1
Event: 16540.603 Thread 0x000000002e829800 Uncommon trap: reason=unstable_if action=reinterpret pc=0x00000000059afa24 method=gov.nasa.worldwind.layers.ScalebarLayer.computePixelSize(Lgov/nasa/worldwind/render/DrawContext;Lgov/nasa/worldwind/geom/Position;)D @ 1
Event: 16540.604 Thread 0x0000000028796000 Uncommon trap: reason=unstable_if action=reinterpret pc=0x0000000005c71280 method=com.sun.prism.d3d.D3DContext.FAILED(I)Z @ 1
Event: 16540.605 Thread 0x0000000028796000 Uncommon trap: reason=unstable_if action=reinterpret pc=0x000000000603442c method=com.sun.prism.d3d.D3DContext.FAILED(I)Z @ 1

Internal exceptions (10 events):
Event: 16272.969 Thread 0x000000002e82a000 Exception <a 'java/net/SocketTimeoutException': connect timed out> (0x000000071883ba68) thrown at [C:\re\workspace\8-2-build-windows-amd64-cygwin\jdk8u144\9417\hotspot\src\share\vm\prims\jni.cpp, line 735]
Event: 16278.601 Thread 0x000000002e827000 Exception <a 'java/net/SocketTimeoutException': connect timed out> (0x00000007565e6518) thrown at [C:\re\workspace\8-2-build-windows-amd64-cygwin\jdk8u144\9417\hotspot\src\share\vm\prims\jni.cpp, line 735]
Event: 16280.969 Thread 0x000000002e822800 Exception <a 'java/net/SocketTimeoutException': connect timed out> (0x000000076b348920) thrown at [C:\re\workspace\8-2-build-windows-amd64-cygwin\jdk8u144\9417\hotspot\src\share\vm\prims\jni.cpp, line 735]
Event: 16280.970 Thread 0x000000002e820800 Exception <a 'java/net/SocketTimeoutException': connect timed out> (0x00000007565c5728) thrown at [C:\re\workspace\8-2-build-windows-amd64-cygwin\jdk8u144\9417\hotspot\src\share\vm\prims\jni.cpp, line 735]
Event: 16280.970 Thread 0x000000002e82a000 Exception <a 'java/net/SocketTimeoutException': connect timed out> (0x000000071884a8d8) thrown at [C:\re\workspace\8-2-build-windows-amd64-cygwin\jdk8u144\9417\hotspot\src\share\vm\prims\jni.cpp, line 735]
Event: 16295.214 Thread 0x000000002e827000 Exception <a 'java/net/SocketTimeoutException': connect timed out> (0x000000072724c4c0) thrown at [C:\re\workspace\8-2-build-windows-amd64-cygwin\jdk8u144\9417\hotspot\src\share\vm\prims\jni.cpp, line 735]
Event: 16295.214 Thread 0x000000002e822800 Exception <a 'java/net/SocketTimeoutException': connect timed out> (0x0000000727263270) thrown at [C:\re\workspace\8-2-build-windows-amd64-cygwin\jdk8u144\9417\hotspot\src\share\vm\prims\jni.cpp, line 735]
Event: 16295.214 Thread 0x000000002e820800 Exception <a 'java/net/SocketTimeoutException': connect timed out> (0x000000072727e790) thrown at [C:\re\workspace\8-2-build-windows-amd64-cygwin\jdk8u144\9417\hotspot\src\share\vm\prims\jni.cpp, line 735]
Event: 16314.312 Thread 0x000000002e82a000 Exception <a 'java/net/SocketTimeoutException': connect timed out> (0x000000075760a658) thrown at [C:\re\workspace\8-2-build-windows-amd64-cygwin\jdk8u144\9417\hotspot\src\share\vm\prims\jni.cpp, line 735]
Event: 16540.603 Thread 0x000000002e829800 Implicit null exception at 0x00000000059af4ef to 0x00000000059afa11

Events (10 events):
Event: 16540.592 loading class com/sun/javafx/tk/quantum/GlassScene done
Event: 16540.603 Thread 0x000000002e829800 Uncommon trap: trap_request=0xffffff65 fr.pc=0x00000000059afa24
Event: 16540.603 Thread 0x000000002e829800 DEOPT PACKING pc=0x00000000059afa24 sp=0x000000004004c7a0
Event: 16540.603 Thread 0x000000002e829800 DEOPT UNPACKING pc=0x0000000002a3582a sp=0x000000004004c758 mode 2
Event: 16540.604 Thread 0x0000000028796000 Uncommon trap: trap_request=0xffffff65 fr.pc=0x0000000005c71280
Event: 16540.604 Thread 0x0000000028796000 DEOPT PACKING pc=0x0000000005c71280 sp=0x000000002902eda0
Event: 16540.604 Thread 0x0000000028796000 DEOPT UNPACKING pc=0x0000000002a3582a sp=0x000000002902ec88 mode 2
Event: 16540.605 Thread 0x0000000028796000 Uncommon trap: trap_request=0xffffff65 fr.pc=0x000000000603442c
Event: 16540.605 Thread 0x0000000028796000 DEOPT PACKING pc=0x000000000603442c sp=0x000000002902ed50
Event: 16540.605 Thread 0x0000000028796000 DEOPT UNPACKING pc=0x0000000002a3582a sp=0x000000002902ec90 mode 2


Dynamic libraries:
0x00007ff7cc460000 - 0x00007ff7cc497000 	C:\Program Files\Java\jdk1.8.0_144\bin\javaw.exe
0x00007ffe008d0000 - 0x00007ffe00ac8000 	C:\WINDOWS\SYSTEM32\ntdll.dll
0x00007ffdff0e0000 - 0x00007ffdff19d000 	C:\WINDOWS\System32\KERNEL32.DLL
0x00007ffdfe1c0000 - 0x00007ffdfe48e000 	C:\WINDOWS\System32\KERNELBASE.dll
0x00007ffdfa0e0000 - 0x00007ffdfa170000 	C:\WINDOWS\SYSTEM32\apphelp.dll
0x00007ffdfefc0000 - 0x00007ffdff06e000 	C:\WINDOWS\System32\ADVAPI32.dll
0x00007ffe00750000 - 0x00007ffe007ee000 	C:\WINDOWS\System32\msvcrt.dll
0x00007ffe007f0000 - 0x00007ffe0088c000 	C:\WINDOWS\System32\sechost.dll
0x00007ffdff7c0000 - 0x00007ffdff8e5000 	C:\WINDOWS\System32\RPCRT4.dll
0x00007ffdfe990000 - 0x00007ffdfeb30000 	C:\WINDOWS\System32\USER32.dll
0x00007ffdfe7b0000 - 0x00007ffdfe7d2000 	C:\WINDOWS\System32\win32u.dll
0x00007ffdfef60000 - 0x00007ffdfef8a000 	C:\WINDOWS\System32\GDI32.dll
0x00007ffdfe520000 - 0x00007ffdfe62b000 	C:\WINDOWS\System32\gdi32full.dll
0x00007ffdfe6e0000 - 0x00007ffdfe77d000 	C:\WINDOWS\System32\msvcp_win.dll
0x00007ffdfe7e0000 - 0x00007ffdfe8e0000 	C:\WINDOWS\System32\ucrtbase.dll
0x00007ffded500000 - 0x00007ffded79a000 	C:\WINDOWS\WinSxS\amd64_microsoft.windows.common-controls_6595b64144ccf1df_6.0.19041.1110_none_60b5254171f9507e\COMCTL32.dll
0x00007ffdfef90000 - 0x00007ffdfefc0000 	C:\WINDOWS\System32\IMM32.DLL
0x00000000575b0000 - 0x0000000057682000 	C:\Program Files\Java\jdk1.8.0_144\jre\bin\msvcr100.dll
0x0000000057730000 - 0x0000000057fcd000 	C:\Program Files\Java\jdk1.8.0_144\jre\bin\server\jvm.dll
0x00007ffe00620000 - 0x00007ffe00628000 	C:\WINDOWS\System32\PSAPI.DLL
0x00007ffdfaec0000 - 0x00007ffdfaec9000 	C:\WINDOWS\SYSTEM32\WSOCK32.dll
0x00007ffdff2e0000 - 0x00007ffdff34b000 	C:\WINDOWS\System32\WS2_32.dll
0x00007ffded950000 - 0x00007ffded977000 	C:\WINDOWS\SYSTEM32\WINMM.dll
0x00007ffdf72c0000 - 0x00007ffdf72ca000 	C:\WINDOWS\SYSTEM32\VERSION.dll
0x0000000059f10000 - 0x0000000059f1f000 	C:\Program Files\Java\jdk1.8.0_144\jre\bin\verify.dll
0x0000000059960000 - 0x0000000059989000 	C:\Program Files\Java\jdk1.8.0_144\jre\bin\java.dll
0x00000000591d0000 - 0x00000000591e6000 	C:\Program Files\Java\jdk1.8.0_144\jre\bin\zip.dll
0x00007ffdffda0000 - 0x00007ffe004e4000 	C:\WINDOWS\System32\SHELL32.dll
0x00007ffdfc0d0000 - 0x00007ffdfc864000 	C:\WINDOWS\SYSTEM32\windows.storage.dll
0x00007ffdfeb30000 - 0x00007ffdfee84000 	C:\WINDOWS\System32\combase.dll
0x00007ffdfda50000 - 0x00007ffdfda80000 	C:\WINDOWS\SYSTEM32\Wldp.dll
0x00007ffdfee90000 - 0x00007ffdfef3d000 	C:\WINDOWS\System32\SHCORE.dll
0x00007ffdfe930000 - 0x00007ffdfe985000 	C:\WINDOWS\System32\shlwapi.dll
0x00007ffdfdf30000 - 0x00007ffdfdf4f000 	C:\WINDOWS\SYSTEM32\profapi.dll
0x00007ffdcb550000 - 0x00007ffdcb63f000 	C:\Program Files\Java\jdk1.8.0_144\jre\bin\msvcr120.dll
0x00007ffdcb210000 - 0x00007ffdcb2b6000 	C:\Program Files\Java\jdk1.8.0_144\jre\bin\msvcp120.dll
0x0000000057580000 - 0x00000000575a2000 	C:\Program Files\Java\jdk1.8.0_144\jre\bin\prism_d3d.dll
0x00007ffdee640000 - 0x00007ffdee80f000 	C:\WINDOWS\system32\d3d9.dll
0x00007ffdfc880000 - 0x00007ffdfc892000 	C:\WINDOWS\SYSTEM32\kernel.appcore.dll
0x00007ffdfba30000 - 0x00007ffdfba5f000 	C:\WINDOWS\SYSTEM32\dwmapi.dll
0x00007ffdfa260000 - 0x00007ffdfa2fe000 	C:\WINDOWS\system32\uxtheme.dll
0x00007ffdc7ea0000 - 0x00007ffdc7ffd000 	C:\WINDOWS\System32\DriverStore\FileRepository\igdlh64.inf_amd64_143a24a56dc6c029\igdumdim64.dll
0x00007ffdfe780000 - 0x00007ffdfe7a7000 	C:\WINDOWS\System32\bcrypt.dll
0x00007ffd794f0000 - 0x00007ffd7cdf6000 	C:\WINDOWS\System32\DriverStore\FileRepository\igdlh64.inf_amd64_143a24a56dc6c029\igd9dxva64.dll
0x00007ffe004f0000 - 0x00007ffe0061a000 	C:\WINDOWS\System32\ole32.dll
0x00007ffdffb40000 - 0x00007ffdffc0d000 	C:\WINDOWS\System32\OLEAUT32.dll
0x00007ffdff350000 - 0x00007ffdff7bf000 	C:\WINDOWS\System32\SETUPAPI.dll
0x00007ffdfe8e0000 - 0x00007ffdfe92e000 	C:\WINDOWS\System32\cfgmgr32.dll
0x00007ffdf1c10000 - 0x00007ffdf1db4000 	C:\WINDOWS\System32\DriverStore\FileRepository\igdlh64.inf_amd64_143a24a56dc6c029\igdgmm64.dll
0x0000000057530000 - 0x0000000057573000 	C:\Program Files\Java\jdk1.8.0_144\jre\bin\glass.dll
0x00007ffdffc10000 - 0x00007ffdffcea000 	C:\WINDOWS\System32\COMDLG32.dll
0x00007ffe00630000 - 0x00007ffe00745000 	C:\WINDOWS\System32\MSCTF.dll
0x00007ffdf62f0000 - 0x00007ffdf6330000 	C:\Program Files\WIDCOMM\Bluetooth Software\btmmhook.dll
0x00007ffdfe490000 - 0x00007ffdfe512000 	C:\WINDOWS\System32\bcryptPrimitives.dll
0x00007ffdd8210000 - 0x00007ffdd8236000 	C:\WINDOWS\System32\DriverStore\FileRepository\igdlh64.inf_amd64_143a24a56dc6c029\igdinfo64.dll
0x00007ffdef600000 - 0x00007ffdf1c01000 	C:\WINDOWS\System32\DriverStore\FileRepository\igdlh64.inf_amd64_143a24a56dc6c029\igc64.dll
0x00007ffdf31e0000 - 0x00007ffdf321b000 	C:\WINDOWS\SYSTEM32\dxcore.dll
0x0000000057390000 - 0x0000000057528000 	C:\Program Files\Java\jdk1.8.0_144\jre\bin\awt.dll
0x0000000057370000 - 0x0000000057384000 	C:\Program Files\Java\jdk1.8.0_144\jre\bin\javafx_font.dll
0x00007ffdfa940000 - 0x00007ffdfabbf000 	C:\WINDOWS\SYSTEM32\dwrite.dll
0x00007ffdffcf0000 - 0x00007ffdffd99000 	C:\WINDOWS\System32\clbcatq.dll
0x00007ffdf6530000 - 0x00007ffdf66e4000 	C:\WINDOWS\SYSTEM32\WindowsCodecs.dll
0x00007ffdda820000 - 0x00007ffdda85e000 	C:\WINDOWS\system32\dataexchange.dll
0x00007ffdfac50000 - 0x00007ffdfaeb3000 	C:\WINDOWS\system32\d3d11.dll
0x00007ffdf9400000 - 0x00007ffdf95e4000 	C:\WINDOWS\system32\dcomp.dll
0x00007ffdfc8f0000 - 0x00007ffdfc9e3000 	C:\WINDOWS\system32\dxgi.dll
0x00007ffdf67e0000 - 0x00007ffdf69e0000 	C:\WINDOWS\system32\twinapi.appcore.dll
0x00007ffdf4340000 - 0x00007ffdf4374000 	C:\Program Files\Common Files\Microsoft Shared\Ink\rtscom.dll
0x0000000057690000 - 0x00000000576b4000 	C:\Program Files\Java\jdk1.8.0_144\jre\bin\sunec.dll
0x0000000057320000 - 0x0000000057367000 	C:\Program Files\Java\jdk1.8.0_144\jre\bin\fontmanager.dll
0x00007ffde8bd0000 - 0x00007ffde8cc9000 	C:\WINDOWS\SYSTEM32\textinputframework.dll
0x00007ffdf9970000 - 0x00007ffdf9cce000 	C:\WINDOWS\System32\CoreUIComponents.dll
0x00007ffdf9cd0000 - 0x00007ffdf9dc2000 	C:\WINDOWS\System32\CoreMessaging.dll
0x00007ffdfce10000 - 0x00007ffdfce43000 	C:\WINDOWS\SYSTEM32\ntmarta.dll
0x00007ffdf92a0000 - 0x00007ffdf93f4000 	C:\WINDOWS\SYSTEM32\wintypes.dll
0x00007ffded3c0000 - 0x00007ffded426000 	C:\WINDOWS\system32\Oleacc.dll
0x00000000576e0000 - 0x00000000576fa000 	C:\Program Files\Java\jdk1.8.0_144\jre\bin\net.dll
0x00007ffdfd7b0000 - 0x00007ffdfd81a000 	C:\WINDOWS\system32\mswsock.dll
0x00000000576c0000 - 0x00000000576d1000 	C:\Program Files\Java\jdk1.8.0_144\jre\bin\nio.dll
0x00007ffdfd450000 - 0x00007ffdfd48b000 	C:\WINDOWS\SYSTEM32\IPHLPAPI.DLL
0x00007ffdff0d0000 - 0x00007ffdff0d8000 	C:\WINDOWS\System32\NSI.dll
0x00007ffdfa1b0000 - 0x00007ffdfa1c7000 	C:\WINDOWS\SYSTEM32\dhcpcsvc6.DLL
0x00007ffdfa190000 - 0x00007ffdfa1ad000 	C:\WINDOWS\SYSTEM32\dhcpcsvc.DLL
0x00007ffdfd4a0000 - 0x00007ffdfd56a000 	C:\WINDOWS\SYSTEM32\DNSAPI.dll
0x00007ffdfd9a0000 - 0x00007ffdfd9b8000 	C:\WINDOWS\SYSTEM32\CRYPTSP.dll
0x00007ffdfd0c0000 - 0x00007ffdfd0f4000 	C:\WINDOWS\system32\rsaenh.dll
0x00007ffdfdef0000 - 0x00007ffdfdf1e000 	C:\WINDOWS\SYSTEM32\USERENV.dll
0x00007ffdfd9c0000 - 0x00007ffdfd9cc000 	C:\WINDOWS\SYSTEM32\CRYPTBASE.dll
0x00000000637c0000 - 0x00000000637cd000 	C:\Users\quero\AppData\Local\Temp\jogamp_0000\file_cache\jln2211396617749050208\jln4741212831984109460\natives\windows-amd64\gluegen-rt.dll
0x0000000057310000 - 0x0000000057317000 	C:\Program Files\Java\jdk1.8.0_144\jre\bin\jawt.dll
0x000000006a440000 - 0x000000006a44d000 	C:\Users\quero\AppData\Local\Temp\jogamp_0000\file_cache\jln2211396617749050208\jln4741212831984109460\natives\windows-amd64\nativewindow_awt.dll
0x00007ffdd5ac0000 - 0x00007ffdd5be7000 	C:\WINDOWS\system32\opengl32.dll
0x00007ffdd5a90000 - 0x00007ffdd5abc000 	C:\WINDOWS\SYSTEM32\GLU32.dll
0x0000000059f00000 - 0x0000000059f0b000 	C:\Program Files\Java\jdk1.8.0_144\jre\bin\sunmscapi.dll
0x00007ffdfe060000 - 0x00007ffdfe1b6000 	C:\WINDOWS\System32\CRYPT32.dll
0x00007ffdef410000 - 0x00007ffdef41a000 	C:\Windows\System32\rasadhlp.dll
0x000000006c100000 - 0x000000006c10f000 	C:\Users\quero\AppData\Local\Temp\jogamp_0000\file_cache\jln2211396617749050208\jln4741212831984109460\natives\windows-amd64\nativewindow_win32.dll
0x00007ffdeedb0000 - 0x00007ffdeee30000 	C:\WINDOWS\System32\fwpuclnt.dll
0x0000000064500000 - 0x00000000645b1000 	C:\Users\quero\AppData\Local\Temp\jogamp_0000\file_cache\jln2211396617749050208\jln4741212831984109460\natives\windows-amd64\jogl_desktop.dll
0x0000000054b50000 - 0x0000000057304000 	C:\Program Files\Java\jdk1.8.0_144\jre\bin\jfxwebkit.dll
0x0000000064340000 - 0x00000000643a2000 	C:\Users\quero\AppData\Local\Temp\jogamp_0000\file_cache\jln2211396617749050208\jln4741212831984109460\natives\windows-amd64\jogl_mobile.dll
0x00007ffd8d3e0000 - 0x00007ffd8e2f7000 	C:\WINDOWS\System32\DriverStore\FileRepository\igdlh64.inf_amd64_143a24a56dc6c029\ig9icd64.dll
0x00007ffdc7b40000 - 0x00007ffdc7e9b000 	C:\WINDOWS\System32\DriverStore\FileRepository\igdlh64.inf_amd64_143a24a56dc6c029\igdml64.dll
0x00007ffdfd570000 - 0x00007ffdfd5bb000 	C:\WINDOWS\SYSTEM32\powrprof.dll
0x00007ffdfd430000 - 0x00007ffdfd442000 	C:\WINDOWS\SYSTEM32\UMPDC.dll
0x0000000054b00000 - 0x0000000054b42000 	C:\Program Files\Java\jdk1.8.0_144\jre\bin\t2k.dll
0x0000000054a80000 - 0x0000000054af3000 	C:\Program Files\Java\jdk1.8.0_144\jre\bin\glib-lite.dll
0x00000000549e0000 - 0x0000000054a7c000 	C:\Program Files\Java\jdk1.8.0_144\jre\bin\gstreamer-lite.dll
0x00007ffde22d0000 - 0x00007ffde236c000 	C:\WINDOWS\SYSTEM32\DSOUND.dll
0x00007ffdce850000 - 0x00007ffdce876000 	C:\WINDOWS\SYSTEM32\winmmbase.dll
0x00000000549b0000 - 0x00000000549d5000 	C:\Program Files\Java\jdk1.8.0_144\jre\bin\jfxmedia.dll
0x0000000054990000 - 0x00000000549a1000 	C:\Program Files\Java\jdk1.8.0_144\jre\bin\prism_common.dll
0x0000000054960000 - 0x0000000054983000 	C:\Program Files\Java\jdk1.8.0_144\jre\bin\javafx_iio.dll
0x00007ffdf9f00000 - 0x00007ffdf9ff6000 	C:\WINDOWS\system32\propsys.dll
0x00007ffdca0f0000 - 0x00007ffdca29e000 	C:\WINDOWS\SYSTEM32\DUI70.dll
0x00007ffdca050000 - 0x00007ffdca0e5000 	C:\WINDOWS\SYSTEM32\DUser.dll
0x00007ffde25d0000 - 0x00007ffde2679000 	C:\Program Files\Common Files\microsoft shared\ink\tiptsf.dll
0x00007ffdd8b60000 - 0x00007ffdd8b6d000 	C:\WINDOWS\SYSTEM32\atlthunk.dll
0x00007ffddb390000 - 0x00007ffddb43c000 	C:\WINDOWS\SYSTEM32\TextShaping.dll
0x00007ffddef60000 - 0x00007ffddef84000 	C:\WINDOWS\SYSTEM32\edputil.dll
0x00007ffdda300000 - 0x00007ffdda520000 	C:\WINDOWS\system32\explorerframe.dll
0x00007ffddef90000 - 0x00007ffddeff6000 	C:\Windows\System32\thumbcache.dll
0x00007ffdf8030000 - 0x00007ffdf80d0000 	C:\WINDOWS\SYSTEM32\policymanager.dll
0x00007ffdfd150000 - 0x00007ffdfd1da000 	C:\WINDOWS\SYSTEM32\msvcp110_win.dll
0x00007ffdd4c80000 - 0x00007ffdd4cc8000 	C:\Windows\System32\Windows.UI.FileExplorer.dll
0x00007ffdd8990000 - 0x00007ffdd89f1000 	C:\Windows\System32\Windows.FileExplorer.Common.dll
0x00007ffde8260000 - 0x00007ffde8511000 	C:\Windows\System32\iertutil.dll
0x00007ffdcf4f0000 - 0x00007ffdcf7e5000 	C:\Windows\System32\uiautomationcore.dll

VM Arguments:
jvm_args: -Xms1g -Xmx8g -Dfile.encoding=Cp1252 
java_command: gui.JFXMain
java_class_path (initial): C:\Program Files\Java\jdk1.8.0_144\jre\lib\resources.jar;C:\Program Files\Java\jdk1.8.0_144\jre\lib\rt.jar;C:\Program Files\Java\jdk1.8.0_144\jre\lib\jsse.jar;C:\Program Files\Java\jdk1.8.0_144\jre\lib\jce.jar;C:\Program Files\Java\jdk1.8.0_144\jre\lib\charsets.jar;C:\Program Files\Java\jdk1.8.0_144\jre\lib\jfr.jar;C:\Program Files\Java\jdk1.8.0_144\jre\lib\ext\access-bridge-64.jar;C:\Program Files\Java\jdk1.8.0_144\jre\lib\ext\cldrdata.jar;C:\Program Files\Java\jdk1.8.0_144\jre\lib\ext\dnsns.jar;C:\Program Files\Java\jdk1.8.0_144\jre\lib\ext\jaccess.jar;C:\Program Files\Java\jdk1.8.0_144\jre\lib\ext\jfxrt.jar;C:\Program Files\Java\jdk1.8.0_144\jre\lib\ext\localedata.jar;C:\Program Files\Java\jdk1.8.0_144\jre\lib\ext\nashorn.jar;C:\Program Files\Java\jdk1.8.0_144\jre\lib\ext\sunec.jar;C:\Program Files\Java\jdk1.8.0_144\jre\lib\ext\sunjce_provider.jar;C:\Program Files\Java\jdk1.8.0_144\jre\lib\ext\sunmscapi.jar;C:\Program Files\Java\jdk1.8.0_144\jre\lib\ext\sunpkcs11.jar;C:\Program Files\Java\jdk1.8.0_144\jre\lib\ext\zipfs.jar;C:\Users\quero\Downloads\workspaceHackaton2015\UrsulaGIS-Desktop\bin;C:\Users\quero\Downloads\workspaceHackaton2015\UrsulaGIS-Desktop\libs\lib\commons-pool-1.5.4.jar;C:\Users\quero\Downloads\workspaceHackaton2015\UrsulaGIS-Desktop\libs\lib\vecmath-1.3.2.jar;C:\Users\quero\Downloads\workspaceHackaton2015\UrsulaGIS-Desktop\libs\lib\jsr-275-1.0-beta-2.jar;C:\Users\quero\Downloads\workspaceHackaton2015\UrsulaGIS-Desktop\libs\lib\gt-opengis-8.0-M0.jar;C:\Users\quero\Downloads\workspaceHackaton2015\UrsulaGIS-Desktop\libs\lib\gt-metadata-8.0-M0.jar;C:\Users\quero\Downloads\workspaceHackaton2015\UrsulaGIS-Desktop\libs\lib\gt-referencing-8.0-M0.jar;C:\Users\quero\Downloads\workspaceHackaton2015\UrsulaGIS-Desktop\libs\lib\gt-api-8.0-M0.jar;C:\Users\quero\Downloads\workspaceHackaton2015\UrsulaGIS-Desktop\libs\lib\jdom-1.0.jar;C:\Users\quero\Downloads\workspaceHackaton2015\UrsulaGIS-Desktop\libs\lib\gt-main-8.0-M0.jar;C:\Users\
Launcher Type: SUN_STANDARD

Environment Variables:
JAVA_HOME=C:\Program Files\Java\jdk1.8.0_144
USERNAME=quero
OS=Windows_NT
PROCESSOR_IDENTIFIER=Intel64 Family 6 Model 94 Stepping 3, GenuineIntel



---------------  S Y S T E M  ---------------

OS: Windows 10.0 , 64 bit Build 19041 (10.0.19041.1889)

CPU:total 8 (initial active 8) (4 cores per cpu, 2 threads per core) family 6 model 94 stepping 3, cmov, cx8, fxsr, mmx, sse, sse2, sse3, ssse3, sse4.1, sse4.2, popcnt, avx, avx2, aes, clmul, erms, rtm, 3dnowpref, lzcnt, ht, tsc, tscinvbit, bmi1, bmi2, adx

Memory: 4k page, physical 33414164k(16230604k free), swap 38394900k(16549352k free)

vm_info: Java HotSpot(TM) 64-Bit Server VM (25.144-b01) for windows-amd64 JRE (1.8.0_144-b01), built on Jul 21 2017 21:57:33 by "java_re" with MS VC++ 10.0 (VS2010)

time: Tue Sep 13 23:54:31 2022
elapsed time: 16541 seconds (0d 4h 35m 41s)

