java.lang.RuntimeException: Unable to construct Application instance: class gui.JFXMain
	at com.sun.javafx.application.LauncherImpl.launchApplication1(LauncherImpl.java:907)
	at com.sun.javafx.application.LauncherImpl.lambda$launchApplication$1(LauncherImpl.java:182)
	at java.lang.Thread.run(Unknown Source)
Caused by: java.lang.reflect.InvocationTargetException
	at sun.reflect.NativeConstructorAccessorImpl.newInstance0(Native Method)
	at sun.reflect.NativeConstructorAccessorImpl.newInstance(Unknown Source)
	at sun.reflect.DelegatingConstructorAccessorImpl.newInstance(Unknown Source)
	at java.lang.reflect.Constructor.newInstance(Unknown Source)
	at com.sun.javafx.application.LauncherImpl.lambda$launchApplication1$7(LauncherImpl.java:819)
	at com.sun.javafx.application.PlatformImpl.lambda$runAndWait$7(PlatformImpl.java:326)
	at com.sun.javafx.application.PlatformImpl.lambda$null$5(PlatformImpl.java:295)
	at java.security.AccessController.doPrivileged(Native Method)
	at com.sun.javafx.application.PlatformImpl.lambda$runLater$6(PlatformImpl.java:294)
	at com.sun.glass.ui.InvokeLaterDispatcher$Future.run(InvokeLaterDispatcher.java:95)
	at com.sun.glass.ui.win.WinApplication._runLoop(Native Method)
	at com.sun.glass.ui.win.WinApplication.lambda$null$4(WinApplication.java:185)
	... 1 more
Caused by: java.lang.Error: Unresolved compilation problem: 
	The method getAllOrdenesSiembra() is undefined for the type DAH

	at gui.controller.ConfigGUI.<init>(ConfigGUI.java:838)
	at gui.JFXMain.<init>(JFXMain.java:179)
	... 13 more
