------------------------------------------------------------------------------------------------------------------------

[2017-06-02 10:30:53 #1 store] 
Database 'C:\Users\quero\AppData\Roaming\$ursulaGIS.odb' has been recovered (tr. 130-130)

[2017-06-02 10:30:53 #2 store] 
Database 'C:\Users\quero\AppData\Roaming\$ursulaGIS.odb' is opened by 12868@dellRed

[2017-06-02 10:30:54 #3 type] 
Type dao.config.Lote is not enhanced.

[2017-06-02 10:30:54 #4 type] 
Type dao.config.Establecimiento is not enhanced.

[2017-06-02 10:30:54 #5 type] 
Type dao.config.Empresa is not enhanced.

[2017-06-02 10:30:54 #6 type] 
Type dao.config.Fertilizante is not enhanced.

[2017-06-02 10:30:54 #7 type] 
Type dao.Poligono is not enhanced.

[2017-06-02 10:30:54 #8 type] 
Type dao.config.Semilla is not enhanced.

[2017-06-02 10:30:54 #9 type] 
Type dao.config.Cultivo is not enhanced.

------------------------------------------------------------------------------------------------------------------------

[2017-06-02 10:31:27 #1 store] 
Database 'C:\Users\quero\AppData\Roaming\$ursulaGIS.odb' has been recovered (tr. 131-132)

[2017-06-02 10:31:27 #2 store] 
Database 'C:\Users\quero\AppData\Roaming\$ursulaGIS.odb' is opened by 2384@dellRed

[2017-06-02 10:31:27 #3 type] 
Type dao.config.Lote is not enhanced.

[2017-06-02 10:31:27 #4 type] 
Type dao.config.Establecimiento is not enhanced.

[2017-06-02 10:31:27 #5 type] 
Type dao.config.Empresa is not enhanced.

[2017-06-02 10:31:27 #6 type] 
Type dao.config.Fertilizante is not enhanced.

[2017-06-02 10:31:27 #7 type] 
Type dao.Poligono is not enhanced.

[2017-06-02 10:31:27 #8 type] 
Type dao.config.Semilla is not enhanced.

[2017-06-02 10:31:27 #9 type] 
Type dao.config.Cultivo is not enhanced.

------------------------------------------------------------------------------------------------------------------------

[2017-06-02 10:33:02 #1 store] 
Database 'C:\Users\quero\AppData\Roaming\$ursulaGIS.odb' is opened by 15516@dellRed

[2017-06-02 10:33:02 #2 type] 
Type dao.config.Lote is not enhanced.

[2017-06-02 10:33:02 #3 type] 
Type dao.config.Establecimiento is not enhanced.

[2017-06-02 10:33:02 #4 type] 
Type dao.config.Empresa is not enhanced.

[2017-06-02 10:33:02 #5 type] 
Type dao.config.Fertilizante is not enhanced.

[2017-06-02 10:33:02 #6 type] 
Type dao.Poligono is not enhanced.

[2017-06-02 10:33:02 #7 type] 
Type dao.config.Semilla is not enhanced.

[2017-06-02 10:33:02 #8 type] 
Type dao.config.Cultivo is not enhanced.

------------------------------------------------------------------------------------------------------------------------

[2017-06-02 10:36:42 #1 store] 
Database 'C:\Users\quero\AppData\Roaming\$ursulaGIS.odb' is opened by 10900@dellRed

[2017-06-02 10:36:43 #2 type] 
Type dao.config.Lote is not enhanced.

[2017-06-02 10:36:43 #3 type] 
Type dao.config.Establecimiento is not enhanced.

[2017-06-02 10:36:43 #4 type] 
Type dao.config.Empresa is not enhanced.

[2017-06-02 10:36:43 #5 type] 
Type dao.config.Fertilizante is not enhanced.

[2017-06-02 10:36:43 #6 type] 
Type dao.Poligono is not enhanced.

[2017-06-02 10:36:43 #7 type] 
Type dao.config.Semilla is not enhanced.

[2017-06-02 10:36:43 #8 type] 
Type dao.config.Cultivo is not enhanced.

------------------------------------------------------------------------------------------------------------------------

[2017-06-02 10:38:10 #1 store] 
Database 'C:\Users\quero\AppData\Roaming\$ursulaGIS.odb' has been recovered (tr. 139-141)

[2017-06-02 10:38:10 #2 store] 
Database 'C:\Users\quero\AppData\Roaming\$ursulaGIS.odb' is opened by 10388@dellRed

[2017-06-02 10:38:10 #3 type] 
Type dao.config.Lote is not enhanced.

[2017-06-02 10:38:10 #4 type] 
Type dao.config.Establecimiento is not enhanced.

[2017-06-02 10:38:10 #5 type] 
Type dao.config.Empresa is not enhanced.

[2017-06-02 10:38:10 #6 type] 
Type dao.config.Fertilizante is not enhanced.

[2017-06-02 10:38:10 #7 type] 
Type dao.Poligono is not enhanced.

[2017-06-02 10:38:10 #8 type] 
Type dao.config.Semilla is not enhanced.

[2017-06-02 10:38:10 #9 type] 
Type dao.config.Cultivo is not enhanced.

------------------------------------------------------------------------------------------------------------------------

[2017-06-02 10:40:57 #1 store] 
Database 'C:\Users\quero\AppData\Roaming\$ursulaGIS.odb' is opened by 11868@dellRed

[2017-06-02 10:40:57 #2 type] 
Type dao.config.Lote is not enhanced.

[2017-06-02 10:40:57 #3 type] 
Type dao.config.Establecimiento is not enhanced.

[2017-06-02 10:40:57 #4 type] 
Type dao.config.Empresa is not enhanced.

[2017-06-02 10:40:57 #5 type] 
Type dao.config.Fertilizante is not enhanced.

[2017-06-02 10:40:57 #6 type] 
Type dao.Poligono is not enhanced.

[2017-06-02 10:40:57 #7 type] 
Type dao.config.Semilla is not enhanced.

[2017-06-02 10:40:57 #8 type] 
Type dao.config.Cultivo is not enhanced.

------------------------------------------------------------------------------------------------------------------------

[2017-06-02 10:46:13 #1 store] 
Database 'C:\Users\quero\AppData\Roaming\$ursulaGIS.odb' has been recovered (tr. 144-144)

[2017-06-02 10:46:13 #2 store] 
Database 'C:\Users\quero\AppData\Roaming\$ursulaGIS.odb' is opened by 7412@dellRed

[2017-06-02 10:46:13 #3 type] 
Type dao.config.Lote is not enhanced.

[2017-06-02 10:46:14 #4 type] 
Type dao.config.Establecimiento is not enhanced.

[2017-06-02 10:46:14 #5 type] 
Type dao.config.Empresa is not enhanced.

[2017-06-02 10:46:14 #6 type] 
Type dao.config.Fertilizante is not enhanced.

[2017-06-02 10:46:14 #7 type] 
Type dao.Poligono is not enhanced.

[2017-06-02 10:46:14 #8 type] 
Type dao.config.Semilla is not enhanced.

[2017-06-02 10:46:14 #9 type] 
Type dao.config.Cultivo is not enhanced.

------------------------------------------------------------------------------------------------------------------------

[2017-06-02 10:48:21 #1 store] 
Database 'C:\Users\quero\AppData\Roaming\$ursulaGIS.odb' has been recovered (tr. 145-145)

[2017-06-02 10:48:21 #2 store] 
Database 'C:\Users\quero\AppData\Roaming\$ursulaGIS.odb' is opened by 1492@dellRed

[2017-06-02 10:48:21 #3 type] 
Type dao.config.Lote is not enhanced.

[2017-06-02 10:48:21 #4 type] 
Type dao.config.Establecimiento is not enhanced.

[2017-06-02 10:48:21 #5 type] 
Type dao.config.Empresa is not enhanced.

[2017-06-02 10:48:21 #6 type] 
Type dao.config.Fertilizante is not enhanced.

[2017-06-02 10:48:21 #7 type] 
Type dao.Poligono is not enhanced.

[2017-06-02 10:48:21 #8 type] 
Type dao.config.Semilla is not enhanced.

[2017-06-02 10:48:21 #9 type] 
Type dao.config.Cultivo is not enhanced.

------------------------------------------------------------------------------------------------------------------------

[2017-06-02 10:49:07 #1 store] 
Database 'C:\Users\quero\AppData\Roaming\$ursulaGIS.odb' has been recovered (tr. 146-147)

[2017-06-02 10:49:07 #2 store] 
Database 'C:\Users\quero\AppData\Roaming\$ursulaGIS.odb' is opened by 11844@dellRed

[2017-06-02 10:49:07 #3 type] 
Type dao.config.Lote is not enhanced.

[2017-06-02 10:49:07 #4 type] 
Type dao.config.Establecimiento is not enhanced.

[2017-06-02 10:49:07 #5 type] 
Type dao.config.Empresa is not enhanced.

[2017-06-02 10:49:07 #6 type] 
Type dao.config.Fertilizante is not enhanced.

[2017-06-02 10:49:07 #7 type] 
Type dao.Poligono is not enhanced.

[2017-06-02 10:49:07 #8 type] 
Type dao.config.Semilla is not enhanced.

[2017-06-02 10:49:07 #9 type] 
Type dao.config.Cultivo is not enhanced.

------------------------------------------------------------------------------------------------------------------------

[2017-06-02 10:58:34 #1 store] 
Database 'C:\Users\quero\AppData\Roaming\$ursulaGIS.odb' is opened by 2868@dellRed

[2017-06-02 10:58:34 #2 type] 
Type dao.config.Lote is not enhanced.

[2017-06-02 10:58:34 #3 type] 
Type dao.config.Establecimiento is not enhanced.

[2017-06-02 10:58:34 #4 type] 
Type dao.config.Empresa is not enhanced.

[2017-06-02 10:58:34 #5 type] 
Type dao.config.Fertilizante is not enhanced.

[2017-06-02 10:58:34 #6 type] 
Type dao.Poligono is not enhanced.

[2017-06-02 10:58:34 #7 type] 
Type dao.config.Semilla is not enhanced.

[2017-06-02 10:58:34 #8 type] 
Type dao.config.Cultivo is not enhanced.

------------------------------------------------------------------------------------------------------------------------

[2017-06-02 10:59:10 #1 store] 
Database 'C:\Users\quero\AppData\Roaming\$ursulaGIS.odb' has been recovered (tr. 148-151)

[2017-06-02 10:59:10 #2 store] 
Database 'C:\Users\quero\AppData\Roaming\$ursulaGIS.odb' is opened by 15332@dellRed

[2017-06-02 10:59:10 #3 type] 
Type dao.config.Lote is not enhanced.

[2017-06-02 10:59:10 #4 type] 
Type dao.config.Establecimiento is not enhanced.

[2017-06-02 10:59:10 #5 type] 
Type dao.config.Empresa is not enhanced.

[2017-06-02 10:59:10 #6 type] 
Type dao.config.Fertilizante is not enhanced.

[2017-06-02 10:59:10 #7 type] 
Type dao.Poligono is not enhanced.

[2017-06-02 10:59:10 #8 type] 
Type dao.config.Semilla is not enhanced.

[2017-06-02 10:59:10 #9 type] 
Type dao.config.Cultivo is not enhanced.

------------------------------------------------------------------------------------------------------------------------

[2017-06-02 11:00:33 #1 store] 
Database 'C:\Users\quero\AppData\Roaming\$ursulaGIS.odb' has been recovered (tr. 152-155)

[2017-06-02 11:00:33 #2 store] 
Database 'C:\Users\quero\AppData\Roaming\$ursulaGIS.odb' is opened by 15228@dellRed

[2017-06-02 11:00:33 #3 type] 
Type dao.config.Lote is not enhanced.

[2017-06-02 11:00:33 #4 type] 
Type dao.config.Establecimiento is not enhanced.

[2017-06-02 11:00:33 #5 type] 
Type dao.config.Empresa is not enhanced.

[2017-06-02 11:00:33 #6 type] 
Type dao.config.Fertilizante is not enhanced.

[2017-06-02 11:00:33 #7 type] 
Type dao.Poligono is not enhanced.

[2017-06-02 11:00:33 #8 type] 
Type dao.config.Semilla is not enhanced.

[2017-06-02 11:00:33 #9 type] 
Type dao.config.Cultivo is not enhanced.

------------------------------------------------------------------------------------------------------------------------

[2017-06-02 11:03:03 #1 store] 
Database 'C:\Users\quero\AppData\Roaming\$ursulaGIS.odb' is opened by 1712@dellRed

[2017-06-02 11:03:03 #2 type] 
Type dao.config.Lote is not enhanced.

[2017-06-02 11:03:03 #3 type] 
Type dao.config.Establecimiento is not enhanced.

[2017-06-02 11:03:03 #4 type] 
Type dao.config.Empresa is not enhanced.

[2017-06-02 11:03:03 #5 type] 
Type dao.config.Fertilizante is not enhanced.

[2017-06-02 11:03:03 #6 type] 
Type dao.Poligono is not enhanced.

[2017-06-02 11:03:03 #7 type] 
Type dao.config.Semilla is not enhanced.

[2017-06-02 11:03:03 #8 type] 
Type dao.config.Cultivo is not enhanced.

------------------------------------------------------------------------------------------------------------------------

[2017-06-02 15:56:12 #1 store] 
Database 'C:\Users\quero\AppData\Roaming\$ursulaGIS.odb' has been recovered (tr. 156-157)

[2017-06-02 15:56:12 #2 store] 
Database 'C:\Users\quero\AppData\Roaming\$ursulaGIS.odb' is opened by 14580@dellRed

[2017-06-02 15:56:12 #3 type] 
Type dao.config.Lote is not enhanced.

[2017-06-02 15:56:12 #4 type] 
Type dao.config.Establecimiento is not enhanced.

[2017-06-02 15:56:12 #5 type] 
Type dao.config.Empresa is not enhanced.

[2017-06-02 15:56:12 #6 type] 
Type dao.config.Fertilizante is not enhanced.

[2017-06-02 15:56:12 #7 type] 
Type dao.Poligono is not enhanced.

[2017-06-02 15:56:12 #8 type] 
Type dao.config.Semilla is not enhanced.

[2017-06-02 15:56:12 #9 type] 
Type dao.config.Cultivo is not enhanced.

------------------------------------------------------------------------------------------------------------------------

[2017-06-02 15:56:49 #1 store] 
Database 'C:\Users\quero\AppData\Roaming\$ursulaGIS.odb' is opened by 5048@dellRed

[2017-06-02 15:56:50 #2 type] 
Type dao.config.Lote is not enhanced.

[2017-06-02 15:56:50 #3 type] 
Type dao.config.Establecimiento is not enhanced.

[2017-06-02 15:56:50 #4 type] 
Type dao.config.Empresa is not enhanced.

[2017-06-02 15:56:50 #5 type] 
Type dao.config.Fertilizante is not enhanced.

[2017-06-02 15:56:50 #6 type] 
Type dao.Poligono is not enhanced.

[2017-06-02 15:56:50 #7 type] 
Type dao.config.Semilla is not enhanced.

[2017-06-02 15:56:50 #8 type] 
Type dao.config.Cultivo is not enhanced.

------------------------------------------------------------------------------------------------------------------------

[2017-06-02 15:57:13 #1 store] 
Database 'C:\Users\quero\AppData\Roaming\$ursulaGIS.odb' is opened by 10684@dellRed

[2017-06-02 15:57:13 #2 type] 
Type dao.config.Lote is not enhanced.

[2017-06-02 15:57:13 #3 type] 
Type dao.config.Establecimiento is not enhanced.

[2017-06-02 15:57:13 #4 type] 
Type dao.config.Empresa is not enhanced.

[2017-06-02 15:57:13 #5 type] 
Type dao.config.Fertilizante is not enhanced.

[2017-06-02 15:57:13 #6 type] 
Type dao.Poligono is not enhanced.

[2017-06-02 15:57:13 #7 type] 
Type dao.config.Semilla is not enhanced.

[2017-06-02 15:57:13 #8 type] 
Type dao.config.Cultivo is not enhanced.

------------------------------------------------------------------------------------------------------------------------

[2017-06-02 16:10:11 #1 store] 
Database 'C:\Users\quero\AppData\Roaming\$ursulaGIS.odb' has been recovered (tr. 158-158)

[2017-06-02 16:10:12 #2 store] 
Database 'C:\Users\quero\AppData\Roaming\$ursulaGIS.odb' is opened by 10724@dellRed

[2017-06-02 16:10:12 #3 type] 
Type dao.config.Lote is not enhanced.

[2017-06-02 16:10:12 #4 type] 
Type dao.config.Establecimiento is not enhanced.

[2017-06-02 16:10:12 #5 type] 
Type dao.config.Empresa is not enhanced.

[2017-06-02 16:10:12 #6 type] 
Type dao.config.Fertilizante is not enhanced.

[2017-06-02 16:10:12 #7 type] 
Type dao.Poligono is not enhanced.

[2017-06-02 16:10:12 #8 type] 
Type dao.config.Semilla is not enhanced.

[2017-06-02 16:10:12 #9 type] 
Type dao.config.Cultivo is not enhanced.

------------------------------------------------------------------------------------------------------------------------

[2017-06-02 16:13:27 #1 store] 
Database 'C:\Users\quero\AppData\Roaming\$ursulaGIS.odb' is opened by 8004@dellRed

[2017-06-02 16:13:27 #2 type] 
Type dao.config.Lote is not enhanced.

[2017-06-02 16:13:27 #3 type] 
Type dao.config.Establecimiento is not enhanced.

[2017-06-02 16:13:27 #4 type] 
Type dao.config.Empresa is not enhanced.

[2017-06-02 16:13:27 #5 type] 
Type dao.config.Fertilizante is not enhanced.

[2017-06-02 16:13:27 #6 type] 
Type dao.Poligono is not enhanced.

[2017-06-02 16:13:27 #7 type] 
Type dao.config.Semilla is not enhanced.

[2017-06-02 16:13:27 #8 type] 
Type dao.config.Cultivo is not enhanced.

------------------------------------------------------------------------------------------------------------------------

[2017-06-02 16:15:10 #1 store] 
Database 'C:\Users\quero\AppData\Roaming\$ursulaGIS.odb' is opened by 11356@dellRed

[2017-06-02 16:15:10 #2 type] 
Type dao.config.Lote is not enhanced.

[2017-06-02 16:15:10 #3 type] 
Type dao.config.Establecimiento is not enhanced.

[2017-06-02 16:15:10 #4 type] 
Type dao.config.Empresa is not enhanced.

[2017-06-02 16:15:10 #5 type] 
Type dao.config.Fertilizante is not enhanced.

[2017-06-02 16:15:10 #6 type] 
Type dao.Poligono is not enhanced.

[2017-06-02 16:15:10 #7 type] 
Type dao.config.Semilla is not enhanced.

[2017-06-02 16:15:11 #8 type] 
Type dao.config.Cultivo is not enhanced.

------------------------------------------------------------------------------------------------------------------------

[2017-06-02 16:15:18 #1 store] 
Database 'C:\Users\quero\AppData\Roaming\$ursulaGIS.odb' is opened by 15144@dellRed

[2017-06-02 16:15:18 #2 type] 
Type dao.config.Lote is not enhanced.

[2017-06-02 16:15:18 #3 type] 
Type dao.config.Establecimiento is not enhanced.

[2017-06-02 16:15:18 #4 type] 
Type dao.config.Empresa is not enhanced.

[2017-06-02 16:15:18 #5 type] 
Type dao.config.Fertilizante is not enhanced.

[2017-06-02 16:15:18 #6 type] 
Type dao.Poligono is not enhanced.

[2017-06-02 16:15:18 #7 type] 
Type dao.config.Semilla is not enhanced.

[2017-06-02 16:15:18 #8 type] 
Type dao.config.Cultivo is not enhanced.

------------------------------------------------------------------------------------------------------------------------

[2017-06-02 16:32:36 #1 store] 
Database 'C:\Users\quero\AppData\Roaming\$ursulaGIS.odb' has been recovered (tr. 159-159)

[2017-06-02 16:32:36 #2 store] 
Database 'C:\Users\quero\AppData\Roaming\$ursulaGIS.odb' is opened by 8740@dellRed

[2017-06-02 16:32:37 #3 type] 
Type dao.config.Lote is not enhanced.

[2017-06-02 16:32:37 #4 type] 
Type dao.config.Establecimiento is not enhanced.

[2017-06-02 16:32:37 #5 type] 
Type dao.config.Empresa is not enhanced.

[2017-06-02 16:32:37 #6 type] 
Type dao.config.Fertilizante is not enhanced.

[2017-06-02 16:32:37 #7 type] 
Type dao.Poligono is not enhanced.

[2017-06-02 16:32:37 #8 type] 
Type dao.config.Semilla is not enhanced.

[2017-06-02 16:32:37 #9 type] 
Type dao.config.Cultivo is not enhanced.

------------------------------------------------------------------------------------------------------------------------

[2017-06-02 16:41:06 #1 store] 
Database 'C:\Users\quero\AppData\Roaming\$ursulaGIS.odb' has been recovered (tr. 160-160)

[2017-06-02 16:41:06 #2 store] 
Database 'C:\Users\quero\AppData\Roaming\$ursulaGIS.odb' is opened by 3180@dellRed

[2017-06-02 16:41:06 #3 type] 
Type dao.config.Lote is not enhanced.

[2017-06-02 16:41:06 #4 type] 
Type dao.config.Establecimiento is not enhanced.

[2017-06-02 16:41:06 #5 type] 
Type dao.config.Empresa is not enhanced.

[2017-06-02 16:41:06 #6 type] 
Type dao.config.Fertilizante is not enhanced.

[2017-06-02 16:41:06 #7 type] 
Type dao.Poligono is not enhanced.

[2017-06-02 16:41:06 #8 type] 
Type dao.config.Semilla is not enhanced.

[2017-06-02 16:41:06 #9 type] 
Type dao.config.Cultivo is not enhanced.

------------------------------------------------------------------------------------------------------------------------

[2017-06-02 16:41:59 #1 store] 
Database 'C:\Users\quero\AppData\Roaming\$ursulaGIS.odb' has been recovered (tr. 161-161)

[2017-06-02 16:42:00 #2 store] 
Database 'C:\Users\quero\AppData\Roaming\$ursulaGIS.odb' is opened by 16296@dellRed

[2017-06-02 16:42:00 #3 type] 
Type dao.config.Lote is not enhanced.

[2017-06-02 16:42:00 #4 type] 
Type dao.config.Establecimiento is not enhanced.

[2017-06-02 16:42:00 #5 type] 
Type dao.config.Empresa is not enhanced.

[2017-06-02 16:42:00 #6 type] 
Type dao.config.Fertilizante is not enhanced.

[2017-06-02 16:42:00 #7 type] 
Type dao.Poligono is not enhanced.

[2017-06-02 16:42:00 #8 type] 
Type dao.config.Semilla is not enhanced.

[2017-06-02 16:42:00 #9 type] 
Type dao.config.Cultivo is not enhanced.

------------------------------------------------------------------------------------------------------------------------

[2017-06-02 16:43:43 #1 store] 
Database 'C:\Users\quero\AppData\Roaming\$ursulaGIS.odb' is opened by 15728@dellRed

[2017-06-02 16:43:43 #2 type] 
Type dao.config.Lote is not enhanced.

[2017-06-02 16:43:43 #3 type] 
Type dao.config.Establecimiento is not enhanced.

[2017-06-02 16:43:43 #4 type] 
Type dao.config.Empresa is not enhanced.

[2017-06-02 16:43:43 #5 type] 
Type dao.config.Fertilizante is not enhanced.

[2017-06-02 16:43:43 #6 type] 
Type dao.Poligono is not enhanced.

[2017-06-02 16:43:43 #7 type] 
Type dao.config.Semilla is not enhanced.

[2017-06-02 16:43:43 #8 type] 
Type dao.config.Cultivo is not enhanced.

------------------------------------------------------------------------------------------------------------------------

[2017-06-02 16:44:10 #1 store] 
Database 'C:\Users\quero\AppData\Roaming\$ursulaGIS.odb' has been recovered (tr. 162-163)

[2017-06-02 16:44:10 #2 store] 
Database 'C:\Users\quero\AppData\Roaming\$ursulaGIS.odb' is opened by 1624@dellRed

[2017-06-02 16:44:11 #3 type] 
Type dao.config.Lote is not enhanced.

[2017-06-02 16:44:11 #4 type] 
Type dao.config.Establecimiento is not enhanced.

[2017-06-02 16:44:11 #5 type] 
Type dao.config.Empresa is not enhanced.

[2017-06-02 16:44:11 #6 type] 
Type dao.config.Fertilizante is not enhanced.

[2017-06-02 16:44:11 #7 type] 
Type dao.Poligono is not enhanced.

[2017-06-02 16:44:11 #8 type] 
Type dao.config.Semilla is not enhanced.

[2017-06-02 16:44:11 #9 type] 
Type dao.config.Cultivo is not enhanced.

------------------------------------------------------------------------------------------------------------------------

[2017-06-02 16:48:48 #1 store] 
Database 'C:\Users\quero\AppData\Roaming\$ursulaGIS.odb' is opened by 8672@dellRed

[2017-06-02 16:48:48 #2 type] 
Type dao.config.Lote is not enhanced.

[2017-06-02 16:48:48 #3 type] 
Type dao.config.Establecimiento is not enhanced.

[2017-06-02 16:48:48 #4 type] 
Type dao.config.Empresa is not enhanced.

[2017-06-02 16:48:48 #5 type] 
Type dao.config.Fertilizante is not enhanced.

[2017-06-02 16:48:48 #6 type] 
Type dao.Poligono is not enhanced.

[2017-06-02 16:48:48 #7 type] 
Type dao.config.Semilla is not enhanced.

[2017-06-02 16:48:49 #8 type] 
Type dao.config.Cultivo is not enhanced.

[2017-06-02 16:50:40 #9 type.registry] 
New type dao.config.Campania

[2017-06-02 16:50:41 #10 type] 
Type dao.config.Campania is not enhanced.

------------------------------------------------------------------------------------------------------------------------

[2017-06-02 17:07:14 #1 store] 
Database 'C:\Users\quero\AppData\Roaming\$ursulaGIS.odb' has been recovered (tr. 164-185)

[2017-06-02 17:07:14 #2 store] 
Database 'C:\Users\quero\AppData\Roaming\$ursulaGIS.odb' is opened by 5308@dellRed

[2017-06-02 17:07:14 #3 type] 
Type dao.config.Lote is not enhanced.

[2017-06-02 17:07:14 #4 type] 
Type dao.config.Establecimiento is not enhanced.

[2017-06-02 17:07:14 #5 type] 
Type dao.config.Empresa is not enhanced.

[2017-06-02 17:07:14 #6 type] 
Type dao.config.Fertilizante is not enhanced.

[2017-06-02 17:07:14 #7 type] 
Type dao.Poligono is not enhanced.

[2017-06-02 17:07:14 #8 type] 
Type dao.config.Semilla is not enhanced.

[2017-06-02 17:07:14 #9 type] 
Type dao.config.Cultivo is not enhanced.

[2017-06-02 17:07:14 #10 type] 
Type dao.config.Campania is not enhanced.

------------------------------------------------------------------------------------------------------------------------

[2017-06-02 17:11:37 #1 store] 
Database 'C:\Users\quero\AppData\Roaming\$ursulaGIS.odb' is opened by 15416@dellRed

[2017-06-02 17:11:37 #2 type] 
Type dao.config.Lote is not enhanced.

[2017-06-02 17:11:37 #3 type] 
Type dao.config.Establecimiento is not enhanced.

[2017-06-02 17:11:37 #4 type] 
Type dao.config.Empresa is not enhanced.

[2017-06-02 17:11:37 #5 type] 
Type dao.config.Fertilizante is not enhanced.

[2017-06-02 17:11:37 #6 type] 
Type dao.Poligono is not enhanced.

[2017-06-02 17:11:37 #7 type] 
Type dao.config.Semilla is not enhanced.

[2017-06-02 17:11:37 #8 type] 
Type dao.config.Cultivo is not enhanced.

[2017-06-02 17:11:37 #9 type] 
Type dao.config.Campania is not enhanced.

------------------------------------------------------------------------------------------------------------------------

[2017-06-02 17:16:05 #1 store] 
Database 'C:\Users\quero\AppData\Roaming\$ursulaGIS.odb' is opened by 6240@dellRed

[2017-06-02 17:16:05 #2 type] 
Type dao.config.Lote is not enhanced.

[2017-06-02 17:16:05 #3 type] 
Type dao.config.Establecimiento is not enhanced.

[2017-06-02 17:16:05 #4 type] 
Type dao.config.Empresa is not enhanced.

[2017-06-02 17:16:05 #5 type] 
Type dao.config.Fertilizante is not enhanced.

[2017-06-02 17:16:05 #6 type] 
Type dao.Poligono is not enhanced.

[2017-06-02 17:16:05 #7 type] 
Type dao.config.Semilla is not enhanced.

[2017-06-02 17:16:05 #8 type] 
Type dao.config.Cultivo is not enhanced.

[2017-06-02 17:16:05 #9 type] 
Type dao.config.Campania is not enhanced.

------------------------------------------------------------------------------------------------------------------------

[2017-06-02 17:16:45 #1 store] 
Database 'C:\Users\quero\AppData\Roaming\$ursulaGIS.odb' is opened by 15428@dellRed

[2017-06-02 17:16:45 #2 type] 
Type dao.config.Lote is not enhanced.

[2017-06-02 17:16:45 #3 type] 
Type dao.config.Establecimiento is not enhanced.

[2017-06-02 17:16:45 #4 type] 
Type dao.config.Empresa is not enhanced.

[2017-06-02 17:16:45 #5 type] 
Type dao.config.Fertilizante is not enhanced.

[2017-06-02 17:16:46 #6 type] 
Type dao.Poligono is not enhanced.

[2017-06-02 17:16:46 #7 type] 
Type dao.config.Semilla is not enhanced.

[2017-06-02 17:16:46 #8 type] 
Type dao.config.Cultivo is not enhanced.

[2017-06-02 17:16:46 #9 type] 
Type dao.config.Campania is not enhanced.

------------------------------------------------------------------------------------------------------------------------

[2017-06-02 17:17:54 #1 store] 
Database 'C:\Users\quero\AppData\Roaming\$ursulaGIS.odb' is opened by 1564@dellRed

[2017-06-02 17:17:54 #2 type] 
Type dao.config.Lote is not enhanced.

[2017-06-02 17:17:54 #3 type] 
Type dao.config.Establecimiento is not enhanced.

[2017-06-02 17:17:54 #4 type] 
Type dao.config.Empresa is not enhanced.

[2017-06-02 17:17:54 #5 type] 
Type dao.config.Fertilizante is not enhanced.

[2017-06-02 17:17:54 #6 type] 
Type dao.Poligono is not enhanced.

[2017-06-02 17:17:54 #7 type] 
Type dao.config.Semilla is not enhanced.

[2017-06-02 17:17:54 #8 type] 
Type dao.config.Cultivo is not enhanced.

[2017-06-02 17:17:54 #9 type] 
Type dao.config.Campania is not enhanced.

------------------------------------------------------------------------------------------------------------------------

[2017-06-02 17:56:08 #1 store] 
Database 'C:\Users\quero\AppData\Roaming\$ursulaGIS.odb' is opened by 13512@dellRed

[2017-06-02 17:56:08 #2 type] 
Type dao.config.Lote is not enhanced.

[2017-06-02 17:56:08 #3 type] 
Type dao.config.Establecimiento is not enhanced.

[2017-06-02 17:56:08 #4 type] 
Type dao.config.Empresa is not enhanced.

[2017-06-02 17:56:08 #5 type] 
Type dao.config.Fertilizante is not enhanced.

[2017-06-02 17:56:08 #6 type] 
Type dao.Poligono is not enhanced.

[2017-06-02 17:56:08 #7 type] 
Type dao.config.Semilla is not enhanced.

[2017-06-02 17:56:08 #8 type] 
Type dao.config.Cultivo is not enhanced.

[2017-06-02 17:56:08 #9 type] 
Type dao.config.Campania is not enhanced.

------------------------------------------------------------------------------------------------------------------------

[2017-06-02 17:58:27 #1 store] 
Database 'C:\Users\quero\AppData\Roaming\$ursulaGIS.odb' is opened by 6532@dellRed

[2017-06-02 17:58:27 #2 type] 
Type dao.config.Lote is not enhanced.

[2017-06-02 17:58:27 #3 type] 
Type dao.config.Establecimiento is not enhanced.

[2017-06-02 17:58:27 #4 type] 
Type dao.config.Empresa is not enhanced.

[2017-06-02 17:58:27 #5 type] 
Type dao.config.Fertilizante is not enhanced.

[2017-06-02 17:58:27 #6 type] 
Type dao.Poligono is not enhanced.

[2017-06-02 17:58:27 #7 type] 
Type dao.config.Semilla is not enhanced.

[2017-06-02 17:58:27 #8 type] 
Type dao.config.Cultivo is not enhanced.

[2017-06-02 17:58:27 #9 type] 
Type dao.config.Campania is not enhanced.

------------------------------------------------------------------------------------------------------------------------

[2017-06-02 17:59:14 #1 store] 
Database 'C:\Users\quero\AppData\Roaming\$ursulaGIS.odb' is opened by 16008@dellRed

[2017-06-02 17:59:14 #2 type] 
Type dao.config.Lote is not enhanced.

[2017-06-02 17:59:14 #3 type] 
Type dao.config.Establecimiento is not enhanced.

[2017-06-02 17:59:14 #4 type] 
Type dao.config.Empresa is not enhanced.

[2017-06-02 17:59:14 #5 type] 
Type dao.config.Fertilizante is not enhanced.

[2017-06-02 17:59:14 #6 type] 
Type dao.Poligono is not enhanced.

[2017-06-02 17:59:14 #7 type] 
Type dao.config.Semilla is not enhanced.

[2017-06-02 17:59:14 #8 type] 
Type dao.config.Cultivo is not enhanced.

[2017-06-02 17:59:14 #9 type] 
Type dao.config.Campania is not enhanced.

------------------------------------------------------------------------------------------------------------------------

[2017-06-02 17:59:34 #1 store] 
Database 'C:\Users\quero\AppData\Roaming\$ursulaGIS.odb' is opened by 14132@dellRed

[2017-06-02 17:59:35 #2 type] 
Type dao.config.Lote is not enhanced.

[2017-06-02 17:59:35 #3 type] 
Type dao.config.Establecimiento is not enhanced.

[2017-06-02 17:59:35 #4 type] 
Type dao.config.Empresa is not enhanced.

[2017-06-02 17:59:35 #5 type] 
Type dao.config.Fertilizante is not enhanced.

[2017-06-02 17:59:35 #6 type] 
Type dao.Poligono is not enhanced.

[2017-06-02 17:59:35 #7 type] 
Type dao.config.Semilla is not enhanced.

[2017-06-02 17:59:35 #8 type] 
Type dao.config.Cultivo is not enhanced.

[2017-06-02 17:59:35 #9 type] 
Type dao.config.Campania is not enhanced.

------------------------------------------------------------------------------------------------------------------------

[2017-06-02 18:00:39 #1 store] 
Database 'C:\Users\quero\AppData\Roaming\$ursulaGIS.odb' is opened by 14128@dellRed

[2017-06-02 18:00:39 #2 type] 
Type dao.config.Lote is not enhanced.

[2017-06-02 18:00:39 #3 type] 
Type dao.config.Establecimiento is not enhanced.

[2017-06-02 18:00:39 #4 type] 
Type dao.config.Empresa is not enhanced.

[2017-06-02 18:00:39 #5 type] 
Type dao.config.Fertilizante is not enhanced.

[2017-06-02 18:00:39 #6 type] 
Type dao.Poligono is not enhanced.

[2017-06-02 18:00:39 #7 type] 
Type dao.config.Semilla is not enhanced.

[2017-06-02 18:00:39 #8 type] 
Type dao.config.Cultivo is not enhanced.

[2017-06-02 18:00:39 #9 type] 
Type dao.config.Campania is not enhanced.

------------------------------------------------------------------------------------------------------------------------

[2017-06-02 18:02:14 #1 store] 
Database 'C:\Users\quero\AppData\Roaming\$ursulaGIS.odb' is opened by 8240@dellRed

[2017-06-02 18:02:14 #2 type] 
Type dao.config.Lote is not enhanced.

[2017-06-02 18:02:14 #3 type] 
Type dao.config.Establecimiento is not enhanced.

[2017-06-02 18:02:14 #4 type] 
Type dao.config.Empresa is not enhanced.

[2017-06-02 18:02:14 #5 type] 
Type dao.config.Fertilizante is not enhanced.

[2017-06-02 18:02:14 #6 type] 
Type dao.Poligono is not enhanced.

[2017-06-02 18:02:14 #7 type] 
Type dao.config.Semilla is not enhanced.

[2017-06-02 18:02:14 #8 type] 
Type dao.config.Cultivo is not enhanced.

[2017-06-02 18:02:14 #9 type] 
Type dao.config.Campania is not enhanced.

------------------------------------------------------------------------------------------------------------------------

[2017-06-02 18:06:46 #1 store] 
Database 'C:\Users\quero\AppData\Roaming\$ursulaGIS.odb' is opened by 11488@dellRed

[2017-06-02 18:06:46 #2 type] 
Type dao.config.Lote is not enhanced.

[2017-06-02 18:06:46 #3 type] 
Type dao.config.Establecimiento is not enhanced.

[2017-06-02 18:06:46 #4 type] 
Type dao.config.Empresa is not enhanced.

[2017-06-02 18:06:46 #5 type] 
Type dao.config.Fertilizante is not enhanced.

[2017-06-02 18:06:46 #6 type] 
Type dao.Poligono is not enhanced.

[2017-06-02 18:06:46 #7 type] 
Type dao.config.Semilla is not enhanced.

[2017-06-02 18:06:46 #8 type] 
Type dao.config.Cultivo is not enhanced.

[2017-06-02 18:06:46 #9 type] 
Type dao.config.Campania is not enhanced.

------------------------------------------------------------------------------------------------------------------------

[2017-06-02 18:08:10 #1 store] 
Database 'C:\Users\quero\AppData\Roaming\$ursulaGIS.odb' is opened by 2184@dellRed

[2017-06-02 18:08:10 #2 type] 
Type dao.config.Lote is not enhanced.

[2017-06-02 18:08:10 #3 type] 
Type dao.config.Establecimiento is not enhanced.

[2017-06-02 18:08:10 #4 type] 
Type dao.config.Empresa is not enhanced.

[2017-06-02 18:08:10 #5 type] 
Type dao.config.Fertilizante is not enhanced.

[2017-06-02 18:08:10 #6 type] 
Type dao.Poligono is not enhanced.

[2017-06-02 18:08:10 #7 type] 
Type dao.config.Semilla is not enhanced.

[2017-06-02 18:08:10 #8 type] 
Type dao.config.Cultivo is not enhanced.

[2017-06-02 18:08:11 #9 type] 
Type dao.config.Campania is not enhanced.

------------------------------------------------------------------------------------------------------------------------

[2017-06-02 18:16:07 #1 store] 
Database 'C:\Users\quero\AppData\Roaming\$ursulaGIS.odb' is opened by 13984@dellRed

[2017-06-02 18:16:07 #2 type] 
Type dao.config.Lote is not enhanced.

[2017-06-02 18:16:07 #3 type] 
Type dao.config.Establecimiento is not enhanced.

[2017-06-02 18:16:07 #4 type] 
Type dao.config.Empresa is not enhanced.

[2017-06-02 18:16:07 #5 type] 
Type dao.config.Fertilizante is not enhanced.

[2017-06-02 18:16:07 #6 type] 
Type dao.Poligono is not enhanced.

[2017-06-02 18:16:07 #7 type] 
Type dao.config.Semilla is not enhanced.

[2017-06-02 18:16:07 #8 type] 
Type dao.config.Cultivo is not enhanced.

[2017-06-02 18:16:07 #9 type] 
Type dao.config.Campania is not enhanced.

------------------------------------------------------------------------------------------------------------------------

[2017-06-02 18:29:02 #1 store] 
Database 'C:\Users\quero\AppData\Roaming\$ursulaGIS.odb' is opened by 10100@dellRed

[2017-06-02 18:29:02 #2 type] 
Type dao.config.Lote is not enhanced.

[2017-06-02 18:29:02 #3 type] 
Type dao.config.Establecimiento is not enhanced.

[2017-06-02 18:29:02 #4 type] 
Type dao.config.Empresa is not enhanced.

[2017-06-02 18:29:02 #5 type] 
Type dao.config.Fertilizante is not enhanced.

[2017-06-02 18:29:02 #6 type] 
Type dao.Poligono is not enhanced.

[2017-06-02 18:29:02 #7 type] 
Type dao.config.Semilla is not enhanced.

[2017-06-02 18:29:02 #8 type] 
Type dao.config.Cultivo is not enhanced.

[2017-06-02 18:29:02 #9 type] 
Type dao.config.Campania is not enhanced.

------------------------------------------------------------------------------------------------------------------------

[2017-06-02 18:31:34 #1 store] 
Database 'C:\Users\quero\AppData\Roaming\$ursulaGIS.odb' is opened by 12404@dellRed

[2017-06-02 18:31:34 #2 type] 
Type dao.config.Lote is not enhanced.

[2017-06-02 18:31:34 #3 type] 
Type dao.config.Establecimiento is not enhanced.

[2017-06-02 18:31:34 #4 type] 
Type dao.config.Empresa is not enhanced.

[2017-06-02 18:31:34 #5 type] 
Type dao.config.Fertilizante is not enhanced.

[2017-06-02 18:31:34 #6 type] 
Type dao.Poligono is not enhanced.

[2017-06-02 18:31:34 #7 type] 
Type dao.config.Semilla is not enhanced.

[2017-06-02 18:31:34 #8 type] 
Type dao.config.Cultivo is not enhanced.

[2017-06-02 18:31:34 #9 type] 
Type dao.config.Campania is not enhanced.

------------------------------------------------------------------------------------------------------------------------

[2017-06-02 18:33:31 #1 store] 
Database 'C:\Users\quero\AppData\Roaming\$ursulaGIS.odb' is opened by 5868@dellRed

[2017-06-02 18:33:31 #2 type] 
Type dao.config.Lote is not enhanced.

[2017-06-02 18:33:31 #3 type] 
Type dao.config.Establecimiento is not enhanced.

[2017-06-02 18:33:31 #4 type] 
Type dao.config.Empresa is not enhanced.

[2017-06-02 18:33:31 #5 type] 
Type dao.config.Fertilizante is not enhanced.

[2017-06-02 18:33:31 #6 type] 
Type dao.Poligono is not enhanced.

[2017-06-02 18:33:31 #7 type] 
Type dao.config.Semilla is not enhanced.

[2017-06-02 18:33:31 #8 type] 
Type dao.config.Cultivo is not enhanced.

[2017-06-02 18:33:31 #9 type] 
Type dao.config.Campania is not enhanced.

------------------------------------------------------------------------------------------------------------------------

[2017-06-02 18:36:55 #1 store] 
Database 'C:\Users\quero\AppData\Roaming\$ursulaGIS.odb' is opened by 5228@dellRed

[2017-06-02 18:36:55 #2 type] 
Type dao.config.Lote is not enhanced.

[2017-06-02 18:36:55 #3 type] 
Type dao.config.Establecimiento is not enhanced.

[2017-06-02 18:36:55 #4 type] 
Type dao.config.Empresa is not enhanced.

[2017-06-02 18:36:55 #5 type] 
Type dao.config.Fertilizante is not enhanced.

[2017-06-02 18:36:55 #6 type] 
Type dao.Poligono is not enhanced.

[2017-06-02 18:36:55 #7 type] 
Type dao.config.Semilla is not enhanced.

[2017-06-02 18:36:55 #8 type] 
Type dao.config.Cultivo is not enhanced.

[2017-06-02 18:36:55 #9 type] 
Type dao.config.Campania is not enhanced.

------------------------------------------------------------------------------------------------------------------------

[2017-06-02 18:42:36 #1 store] 
Database 'C:\Users\quero\AppData\Roaming\$ursulaGIS.odb' is opened by 4928@dellRed

[2017-06-02 18:42:36 #2 type] 
Type dao.config.Lote is not enhanced.

[2017-06-02 18:42:36 #3 type] 
Type dao.config.Establecimiento is not enhanced.

[2017-06-02 18:42:36 #4 type] 
Type dao.config.Empresa is not enhanced.

[2017-06-02 18:42:36 #5 type] 
Type dao.config.Fertilizante is not enhanced.

[2017-06-02 18:42:36 #6 type] 
Type dao.Poligono is not enhanced.

[2017-06-02 18:42:37 #7 type] 
Type dao.config.Semilla is not enhanced.

[2017-06-02 18:42:37 #8 type] 
Type dao.config.Cultivo is not enhanced.

[2017-06-02 18:42:37 #9 type] 
Type dao.config.Campania is not enhanced.

------------------------------------------------------------------------------------------------------------------------

[2017-06-02 18:46:16 #1 store] 
Database 'C:\Users\quero\AppData\Roaming\$ursulaGIS.odb' is opened by 2396@dellRed

[2017-06-02 18:46:16 #2 type] 
Type dao.config.Lote is not enhanced.

[2017-06-02 18:46:16 #3 type] 
Type dao.config.Establecimiento is not enhanced.

[2017-06-02 18:46:16 #4 type] 
Type dao.config.Empresa is not enhanced.

[2017-06-02 18:46:16 #5 type] 
Type dao.config.Fertilizante is not enhanced.

[2017-06-02 18:46:16 #6 type] 
Type dao.Poligono is not enhanced.

[2017-06-02 18:46:16 #7 type] 
Type dao.config.Semilla is not enhanced.

[2017-06-02 18:46:16 #8 type] 
Type dao.config.Cultivo is not enhanced.

[2017-06-02 18:46:16 #9 type] 
Type dao.config.Campania is not enhanced.

------------------------------------------------------------------------------------------------------------------------

[2017-06-02 18:48:24 #1 store] 
Database 'C:\Users\quero\AppData\Roaming\$ursulaGIS.odb' is opened by 16088@dellRed

[2017-06-02 18:48:24 #2 type] 
Type dao.config.Lote is not enhanced.

[2017-06-02 18:48:24 #3 type] 
Type dao.config.Establecimiento is not enhanced.

[2017-06-02 18:48:24 #4 type] 
Type dao.config.Empresa is not enhanced.

[2017-06-02 18:48:24 #5 type] 
Type dao.config.Fertilizante is not enhanced.

[2017-06-02 18:48:25 #6 type] 
Type dao.Poligono is not enhanced.

[2017-06-02 18:48:25 #7 type] 
Type dao.config.Semilla is not enhanced.

[2017-06-02 18:48:25 #8 type] 
Type dao.config.Cultivo is not enhanced.

[2017-06-02 18:48:25 #9 type] 
Type dao.config.Campania is not enhanced.

------------------------------------------------------------------------------------------------------------------------

[2017-06-02 18:51:31 #1 store] 
Database 'C:\Users\quero\AppData\Roaming\$ursulaGIS.odb' is opened by 7964@dellRed

[2017-06-02 18:51:31 #2 type] 
Type dao.config.Lote is not enhanced.

[2017-06-02 18:51:31 #3 type] 
Type dao.config.Establecimiento is not enhanced.

[2017-06-02 18:51:31 #4 type] 
Type dao.config.Empresa is not enhanced.

[2017-06-02 18:51:31 #5 type] 
Type dao.config.Fertilizante is not enhanced.

[2017-06-02 18:51:31 #6 type] 
Type dao.Poligono is not enhanced.

[2017-06-02 18:51:31 #7 type] 
Type dao.config.Semilla is not enhanced.

[2017-06-02 18:51:31 #8 type] 
Type dao.config.Cultivo is not enhanced.

[2017-06-02 18:51:31 #9 type] 
Type dao.config.Campania is not enhanced.

------------------------------------------------------------------------------------------------------------------------

[2017-06-02 20:44:49 #1 store] 
Database 'C:\Users\quero\AppData\Roaming\$ursulaGIS.odb' has been recovered (tr. 186-191)

[2017-06-02 20:44:49 #2 store] 
Database 'C:\Users\quero\AppData\Roaming\$ursulaGIS.odb' is opened by 15168@dellRed

[2017-06-02 20:44:49 #3 type] 
Type dao.config.Lote is not enhanced.

[2017-06-02 20:44:49 #4 type] 
Type dao.config.Establecimiento is not enhanced.

[2017-06-02 20:44:49 #5 type] 
Type dao.config.Empresa is not enhanced.

[2017-06-02 20:44:49 #6 type] 
Type dao.config.Fertilizante is not enhanced.

[2017-06-02 20:44:49 #7 type] 
Type dao.Poligono is not enhanced.

[2017-06-02 20:44:49 #8 type] 
Type dao.config.Semilla is not enhanced.

[2017-06-02 20:44:49 #9 type] 
Type dao.config.Cultivo is not enhanced.

[2017-06-02 20:44:49 #10 type] 
Type dao.config.Campania is not enhanced.

------------------------------------------------------------------------------------------------------------------------

[2017-06-02 20:49:07 #1 store] 
Database 'C:\Users\quero\AppData\Roaming\$ursulaGIS.odb' has been recovered (tr. 192-192)

[2017-06-02 20:49:07 #2 store] 
Database 'C:\Users\quero\AppData\Roaming\$ursulaGIS.odb' is opened by 13268@dellRed

[2017-06-02 20:49:08 #3 type] 
Type dao.config.Lote is not enhanced.

[2017-06-02 20:49:08 #4 type] 
Type dao.config.Establecimiento is not enhanced.

[2017-06-02 20:49:08 #5 type] 
Type dao.config.Empresa is not enhanced.

[2017-06-02 20:49:08 #6 type] 
Type dao.config.Fertilizante is not enhanced.

[2017-06-02 20:49:08 #7 type] 
Type dao.Poligono is not enhanced.

[2017-06-02 20:49:08 #8 type] 
Type dao.config.Semilla is not enhanced.

[2017-06-02 20:49:08 #9 type] 
Type dao.config.Cultivo is not enhanced.

[2017-06-02 20:49:08 #10 type] 
Type dao.config.Campania is not enhanced.

------------------------------------------------------------------------------------------------------------------------

[2017-06-02 20:50:30 #1 store] 
Database 'C:\Users\quero\AppData\Roaming\$ursulaGIS.odb' is opened by 2140@dellRed

[2017-06-02 20:50:30 #2 type] 
Type dao.config.Lote is not enhanced.

[2017-06-02 20:50:30 #3 type] 
Type dao.config.Establecimiento is not enhanced.

[2017-06-02 20:50:30 #4 type] 
Type dao.config.Empresa is not enhanced.

[2017-06-02 20:50:30 #5 type] 
Type dao.config.Fertilizante is not enhanced.

[2017-06-02 20:50:30 #6 type] 
Type dao.Poligono is not enhanced.

[2017-06-02 20:50:30 #7 type] 
Type dao.config.Semilla is not enhanced.

[2017-06-02 20:50:30 #8 type] 
Type dao.config.Cultivo is not enhanced.

[2017-06-02 20:50:30 #9 type] 
Type dao.config.Campania is not enhanced.

------------------------------------------------------------------------------------------------------------------------

[2017-06-02 20:53:25 #1 store] 
Database 'C:\Users\quero\AppData\Roaming\$ursulaGIS.odb' is opened by 16312@dellRed

[2017-06-02 20:53:25 #2 type] 
Type dao.config.Lote is not enhanced.

[2017-06-02 20:53:25 #3 type] 
Type dao.config.Establecimiento is not enhanced.

[2017-06-02 20:53:25 #4 type] 
Type dao.config.Empresa is not enhanced.

[2017-06-02 20:53:25 #5 type] 
Type dao.config.Fertilizante is not enhanced.

[2017-06-02 20:53:25 #6 type] 
Type dao.Poligono is not enhanced.

[2017-06-02 20:53:25 #7 type] 
Type dao.config.Semilla is not enhanced.

[2017-06-02 20:53:25 #8 type] 
Type dao.config.Cultivo is not enhanced.

[2017-06-02 20:53:25 #9 type] 
Type dao.config.Campania is not enhanced.

------------------------------------------------------------------------------------------------------------------------

[2017-06-02 20:58:23 #1 store] 
Database 'C:\Users\quero\AppData\Roaming\$ursulaGIS.odb' is opened by 1084@dellRed

[2017-06-02 20:58:23 #2 type] 
Type dao.config.Lote is not enhanced.

[2017-06-02 20:58:23 #3 type] 
Type dao.config.Establecimiento is not enhanced.

[2017-06-02 20:58:23 #4 type] 
Type dao.config.Empresa is not enhanced.

[2017-06-02 20:58:23 #5 type] 
Type dao.config.Fertilizante is not enhanced.

[2017-06-02 20:58:23 #6 type] 
Type dao.Poligono is not enhanced.

[2017-06-02 20:58:23 #7 type] 
Type dao.config.Semilla is not enhanced.

[2017-06-02 20:58:23 #8 type] 
Type dao.config.Cultivo is not enhanced.

[2017-06-02 20:58:23 #9 type] 
Type dao.config.Campania is not enhanced.

------------------------------------------------------------------------------------------------------------------------

[2017-06-02 21:01:06 #1 store] 
Database 'C:\Users\quero\AppData\Roaming\$ursulaGIS.odb' has been recovered (tr. 193-193)

[2017-06-02 21:01:06 #2 store] 
Database 'C:\Users\quero\AppData\Roaming\$ursulaGIS.odb' is opened by 9824@dellRed

[2017-06-02 21:01:06 #3 type] 
Type dao.config.Lote is not enhanced.

[2017-06-02 21:01:06 #4 type] 
Type dao.config.Establecimiento is not enhanced.

[2017-06-02 21:01:06 #5 type] 
Type dao.config.Empresa is not enhanced.

[2017-06-02 21:01:06 #6 type] 
Type dao.config.Fertilizante is not enhanced.

[2017-06-02 21:01:06 #7 type] 
Type dao.Poligono is not enhanced.

[2017-06-02 21:01:06 #8 type] 
Type dao.config.Semilla is not enhanced.

[2017-06-02 21:01:06 #9 type] 
Type dao.config.Cultivo is not enhanced.

[2017-06-02 21:01:06 #10 type] 
Type dao.config.Campania is not enhanced.

------------------------------------------------------------------------------------------------------------------------

[2017-06-02 21:12:05 #1 store] 
Database 'C:\Users\quero\AppData\Roaming\$ursulaGIS.odb' is opened by 13804@dellRed

[2017-06-02 21:12:05 #2 type] 
Type dao.config.Lote is not enhanced.

[2017-06-02 21:12:05 #3 type] 
Type dao.config.Establecimiento is not enhanced.

[2017-06-02 21:12:05 #4 type] 
Type dao.config.Empresa is not enhanced.

[2017-06-02 21:12:05 #5 type] 
Type dao.config.Fertilizante is not enhanced.

[2017-06-02 21:12:05 #6 type] 
Type dao.Poligono is not enhanced.

[2017-06-02 21:12:05 #7 type] 
Type dao.config.Semilla is not enhanced.

[2017-06-02 21:12:05 #8 type] 
Type dao.config.Cultivo is not enhanced.

[2017-06-02 21:12:05 #9 type] 
Type dao.config.Campania is not enhanced.

------------------------------------------------------------------------------------------------------------------------

[2017-06-02 21:19:23 #1 store] 
Database 'C:\Users\quero\AppData\Roaming\$ursulaGIS.odb' is opened by 13876@dellRed

[2017-06-02 21:19:23 #2 type] 
Type dao.config.Lote is not enhanced.

[2017-06-02 21:19:23 #3 type] 
Type dao.config.Establecimiento is not enhanced.

[2017-06-02 21:19:23 #4 type] 
Type dao.config.Empresa is not enhanced.

[2017-06-02 21:19:23 #5 type] 
Type dao.config.Fertilizante is not enhanced.

[2017-06-02 21:19:23 #6 type] 
Type dao.Poligono is not enhanced.

[2017-06-02 21:19:23 #7 type] 
Type dao.config.Semilla is not enhanced.

[2017-06-02 21:19:23 #8 type] 
Type dao.config.Cultivo is not enhanced.

[2017-06-02 21:19:23 #9 type] 
Type dao.config.Campania is not enhanced.

------------------------------------------------------------------------------------------------------------------------

[2017-06-02 21:21:58 #1 store] 
Database 'C:\Users\quero\AppData\Roaming\$ursulaGIS.odb' has been recovered (tr. 194-195)

[2017-06-02 21:21:58 #2 store] 
Database 'C:\Users\quero\AppData\Roaming\$ursulaGIS.odb' is opened by 16208@dellRed

[2017-06-02 21:21:58 #3 type] 
Type dao.config.Lote is not enhanced.

[2017-06-02 21:21:58 #4 type] 
Type dao.config.Establecimiento is not enhanced.

[2017-06-02 21:21:58 #5 type] 
Type dao.config.Empresa is not enhanced.

[2017-06-02 21:21:58 #6 type] 
Type dao.config.Fertilizante is not enhanced.

[2017-06-02 21:21:58 #7 type] 
Type dao.Poligono is not enhanced.

[2017-06-02 21:21:59 #8 type] 
Type dao.config.Semilla is not enhanced.

[2017-06-02 21:21:59 #9 type] 
Type dao.config.Cultivo is not enhanced.

[2017-06-02 21:21:59 #10 type] 
Type dao.config.Campania is not enhanced.

------------------------------------------------------------------------------------------------------------------------

[2017-06-02 21:31:01 #1 store] 
Database 'C:\Users\quero\AppData\Roaming\$ursulaGIS.odb' is opened by 8012@dellRed

[2017-06-02 21:31:01 #2 type] 
Type dao.config.Lote is not enhanced.

[2017-06-02 21:31:01 #3 type] 
Type dao.config.Establecimiento is not enhanced.

[2017-06-02 21:31:01 #4 type] 
Type dao.config.Empresa is not enhanced.

[2017-06-02 21:31:01 #5 type] 
Type dao.config.Fertilizante is not enhanced.

[2017-06-02 21:31:01 #6 type] 
Type dao.Poligono is not enhanced.

[2017-06-02 21:31:01 #7 type] 
Type dao.config.Semilla is not enhanced.

[2017-06-02 21:31:01 #8 type] 
Type dao.config.Cultivo is not enhanced.

[2017-06-02 21:31:02 #9 type] 
Type dao.config.Campania is not enhanced.

------------------------------------------------------------------------------------------------------------------------

[2017-06-02 21:32:29 #1 store] 
Database 'C:\Users\quero\AppData\Roaming\$ursulaGIS.odb' is opened by 15932@dellRed

[2017-06-02 21:32:30 #2 type] 
Type dao.config.Lote is not enhanced.

[2017-06-02 21:32:30 #3 type] 
Type dao.config.Establecimiento is not enhanced.

[2017-06-02 21:32:30 #4 type] 
Type dao.config.Empresa is not enhanced.

[2017-06-02 21:32:30 #5 type] 
Type dao.config.Fertilizante is not enhanced.

[2017-06-02 21:32:30 #6 type] 
Type dao.Poligono is not enhanced.

[2017-06-02 21:32:30 #7 type] 
Type dao.config.Semilla is not enhanced.

[2017-06-02 21:32:30 #8 type] 
Type dao.config.Cultivo is not enhanced.

[2017-06-02 21:32:30 #9 type] 
Type dao.config.Campania is not enhanced.

------------------------------------------------------------------------------------------------------------------------

[2017-06-02 21:34:44 #1 store] 
Database 'C:\Users\quero\AppData\Roaming\$ursulaGIS.odb' is opened by 8876@dellRed

[2017-06-02 21:34:44 #2 type] 
Type dao.config.Lote is not enhanced.

[2017-06-02 21:34:44 #3 type] 
Type dao.config.Establecimiento is not enhanced.

[2017-06-02 21:34:44 #4 type] 
Type dao.config.Empresa is not enhanced.

[2017-06-02 21:34:44 #5 type] 
Type dao.config.Fertilizante is not enhanced.

[2017-06-02 21:34:44 #6 type] 
Type dao.Poligono is not enhanced.

[2017-06-02 21:34:44 #7 type] 
Type dao.config.Semilla is not enhanced.

[2017-06-02 21:34:44 #8 type] 
Type dao.config.Cultivo is not enhanced.

[2017-06-02 21:34:44 #9 type] 
Type dao.config.Campania is not enhanced.

------------------------------------------------------------------------------------------------------------------------

[2017-06-02 21:36:35 #1 store] 
Database 'C:\Users\quero\AppData\Roaming\$ursulaGIS.odb' is opened by 7892@dellRed

[2017-06-02 21:36:35 #2 type] 
Type dao.config.Lote is not enhanced.

[2017-06-02 21:36:35 #3 type] 
Type dao.config.Establecimiento is not enhanced.

[2017-06-02 21:36:35 #4 type] 
Type dao.config.Empresa is not enhanced.

[2017-06-02 21:36:35 #5 type] 
Type dao.config.Fertilizante is not enhanced.

[2017-06-02 21:36:35 #6 type] 
Type dao.Poligono is not enhanced.

[2017-06-02 21:36:35 #7 type] 
Type dao.config.Semilla is not enhanced.

[2017-06-02 21:36:35 #8 type] 
Type dao.config.Cultivo is not enhanced.

[2017-06-02 21:36:35 #9 type] 
Type dao.config.Campania is not enhanced.

------------------------------------------------------------------------------------------------------------------------

[2017-06-02 21:38:10 #1 store] 
Database 'C:\Users\quero\AppData\Roaming\$ursulaGIS.odb' is opened by 6956@dellRed

[2017-06-02 21:38:10 #2 type] 
Type dao.config.Lote is not enhanced.

[2017-06-02 21:38:10 #3 type] 
Type dao.config.Establecimiento is not enhanced.

[2017-06-02 21:38:10 #4 type] 
Type dao.config.Empresa is not enhanced.

[2017-06-02 21:38:10 #5 type] 
Type dao.config.Fertilizante is not enhanced.

[2017-06-02 21:38:10 #6 type] 
Type dao.Poligono is not enhanced.

[2017-06-02 21:38:10 #7 type] 
Type dao.config.Semilla is not enhanced.

[2017-06-02 21:38:10 #8 type] 
Type dao.config.Cultivo is not enhanced.

[2017-06-02 21:38:10 #9 type] 
Type dao.config.Campania is not enhanced.

------------------------------------------------------------------------------------------------------------------------

[2017-06-02 21:43:26 #1 store] 
Database 'C:\Users\quero\AppData\Roaming\$ursulaGIS.odb' is opened by 16200@dellRed

[2017-06-02 21:43:26 #2 type] 
Type dao.config.Lote is not enhanced.

[2017-06-02 21:43:26 #3 type] 
Type dao.config.Establecimiento is not enhanced.

[2017-06-02 21:43:26 #4 type] 
Type dao.config.Empresa is not enhanced.

[2017-06-02 21:43:26 #5 type] 
Type dao.config.Fertilizante is not enhanced.

[2017-06-02 21:43:26 #6 type] 
Type dao.Poligono is not enhanced.

[2017-06-02 21:43:26 #7 type] 
Type dao.config.Semilla is not enhanced.

[2017-06-02 21:43:26 #8 type] 
Type dao.config.Cultivo is not enhanced.

[2017-06-02 21:43:26 #9 type] 
Type dao.config.Campania is not enhanced.

------------------------------------------------------------------------------------------------------------------------

[2017-06-02 21:47:15 #1 store] 
Database 'C:\Users\quero\AppData\Roaming\$ursulaGIS.odb' is opened by 13840@dellRed

[2017-06-02 21:47:16 #2 type] 
Type dao.config.Lote is not enhanced.

[2017-06-02 21:47:16 #3 type] 
Type dao.config.Establecimiento is not enhanced.

[2017-06-02 21:47:16 #4 type] 
Type dao.config.Empresa is not enhanced.

[2017-06-02 21:47:16 #5 type] 
Type dao.config.Fertilizante is not enhanced.

[2017-06-02 21:47:16 #6 type] 
Type dao.Poligono is not enhanced.

[2017-06-02 21:47:16 #7 type] 
Type dao.config.Semilla is not enhanced.

[2017-06-02 21:47:16 #8 type] 
Type dao.config.Cultivo is not enhanced.

[2017-06-02 21:47:16 #9 type] 
Type dao.config.Campania is not enhanced.

------------------------------------------------------------------------------------------------------------------------

[2017-06-02 21:49:19 #1 store] 
Database 'C:\Users\quero\AppData\Roaming\$ursulaGIS.odb' is opened by 10456@dellRed

[2017-06-02 21:49:19 #2 type] 
Type dao.config.Lote is not enhanced.

[2017-06-02 21:49:19 #3 type] 
Type dao.config.Establecimiento is not enhanced.

[2017-06-02 21:49:19 #4 type] 
Type dao.config.Empresa is not enhanced.

[2017-06-02 21:49:19 #5 type] 
Type dao.config.Fertilizante is not enhanced.

[2017-06-02 21:49:19 #6 type] 
Type dao.Poligono is not enhanced.

[2017-06-02 21:49:19 #7 type] 
Type dao.config.Semilla is not enhanced.

[2017-06-02 21:49:19 #8 type] 
Type dao.config.Cultivo is not enhanced.

[2017-06-02 21:49:19 #9 type] 
Type dao.config.Campania is not enhanced.

------------------------------------------------------------------------------------------------------------------------

[2017-06-02 21:50:28 #1 store] 
Database 'C:\Users\quero\AppData\Roaming\$ursulaGIS.odb' is opened by 12468@dellRed

[2017-06-02 21:50:28 #2 type] 
Type dao.config.Lote is not enhanced.

[2017-06-02 21:50:28 #3 type] 
Type dao.config.Establecimiento is not enhanced.

[2017-06-02 21:50:28 #4 type] 
Type dao.config.Empresa is not enhanced.

[2017-06-02 21:50:28 #5 type] 
Type dao.config.Fertilizante is not enhanced.

[2017-06-02 21:50:28 #6 type] 
Type dao.Poligono is not enhanced.

[2017-06-02 21:50:28 #7 type] 
Type dao.config.Semilla is not enhanced.

[2017-06-02 21:50:28 #8 type] 
Type dao.config.Cultivo is not enhanced.

[2017-06-02 21:50:28 #9 type] 
Type dao.config.Campania is not enhanced.

------------------------------------------------------------------------------------------------------------------------

[2017-06-02 21:51:25 #1 store] 
Database 'C:\Users\quero\AppData\Roaming\$ursulaGIS.odb' is opened by 7396@dellRed

[2017-06-02 21:51:25 #2 type] 
Type dao.config.Lote is not enhanced.

[2017-06-02 21:51:25 #3 type] 
Type dao.config.Establecimiento is not enhanced.

[2017-06-02 21:51:25 #4 type] 
Type dao.config.Empresa is not enhanced.

[2017-06-02 21:51:25 #5 type] 
Type dao.config.Fertilizante is not enhanced.

[2017-06-02 21:51:25 #6 type] 
Type dao.Poligono is not enhanced.

[2017-06-02 21:51:25 #7 type] 
Type dao.config.Semilla is not enhanced.

[2017-06-02 21:51:25 #8 type] 
Type dao.config.Cultivo is not enhanced.

[2017-06-02 21:51:25 #9 type] 
Type dao.config.Campania is not enhanced.

------------------------------------------------------------------------------------------------------------------------

[2017-06-02 21:52:22 #1 store] 
Database 'C:\Users\quero\AppData\Roaming\$ursulaGIS.odb' is opened by 15188@dellRed

[2017-06-02 21:52:22 #2 type] 
Type dao.config.Lote is not enhanced.

[2017-06-02 21:52:22 #3 type] 
Type dao.config.Establecimiento is not enhanced.

[2017-06-02 21:52:22 #4 type] 
Type dao.config.Empresa is not enhanced.

[2017-06-02 21:52:22 #5 type] 
Type dao.config.Fertilizante is not enhanced.

[2017-06-02 21:52:22 #6 type] 
Type dao.Poligono is not enhanced.

[2017-06-02 21:52:22 #7 type] 
Type dao.config.Semilla is not enhanced.

[2017-06-02 21:52:22 #8 type] 
Type dao.config.Cultivo is not enhanced.

[2017-06-02 21:52:22 #9 type] 
Type dao.config.Campania is not enhanced.

------------------------------------------------------------------------------------------------------------------------

[2017-06-02 21:54:39 #1 store] 
Database 'C:\Users\quero\AppData\Roaming\$ursulaGIS.odb' has been recovered (tr. 196-196)

[2017-06-02 21:54:39 #2 store] 
Database 'C:\Users\quero\AppData\Roaming\$ursulaGIS.odb' is opened by 1756@dellRed

[2017-06-02 21:54:39 #3 type] 
Type dao.config.Lote is not enhanced.

[2017-06-02 21:54:39 #4 type] 
Type dao.config.Establecimiento is not enhanced.

[2017-06-02 21:54:39 #5 type] 
Type dao.config.Empresa is not enhanced.

[2017-06-02 21:54:39 #6 type] 
Type dao.config.Fertilizante is not enhanced.

[2017-06-02 21:54:39 #7 type] 
Type dao.Poligono is not enhanced.

[2017-06-02 21:54:39 #8 type] 
Type dao.config.Semilla is not enhanced.

[2017-06-02 21:54:39 #9 type] 
Type dao.config.Cultivo is not enhanced.

[2017-06-02 21:54:39 #10 type] 
Type dao.config.Campania is not enhanced.

------------------------------------------------------------------------------------------------------------------------

[2017-06-02 21:55:57 #1 store] 
Database 'C:\Users\quero\AppData\Roaming\$ursulaGIS.odb' is opened by 14044@dellRed

[2017-06-02 21:55:57 #2 type] 
Type dao.config.Lote is not enhanced.

[2017-06-02 21:55:57 #3 type] 
Type dao.config.Establecimiento is not enhanced.

[2017-06-02 21:55:58 #4 type] 
Type dao.config.Empresa is not enhanced.

[2017-06-02 21:55:58 #5 type] 
Type dao.config.Fertilizante is not enhanced.

[2017-06-02 21:55:58 #6 type] 
Type dao.Poligono is not enhanced.

[2017-06-02 21:55:58 #7 type] 
Type dao.config.Semilla is not enhanced.

[2017-06-02 21:55:58 #8 type] 
Type dao.config.Cultivo is not enhanced.

[2017-06-02 21:55:58 #9 type] 
Type dao.config.Campania is not enhanced.

------------------------------------------------------------------------------------------------------------------------

[2017-06-02 22:00:09 #1 store] 
Database 'C:\Users\quero\AppData\Roaming\$ursulaGIS.odb' is opened by 15832@dellRed

[2017-06-02 22:00:09 #2 type] 
Type dao.config.Lote is not enhanced.

[2017-06-02 22:00:09 #3 type] 
Type dao.config.Establecimiento is not enhanced.

[2017-06-02 22:00:09 #4 type] 
Type dao.config.Empresa is not enhanced.

[2017-06-02 22:00:09 #5 type] 
Type dao.config.Fertilizante is not enhanced.

[2017-06-02 22:00:09 #6 type] 
Type dao.Poligono is not enhanced.

[2017-06-02 22:00:09 #7 type] 
Type dao.config.Semilla is not enhanced.

[2017-06-02 22:00:09 #8 type] 
Type dao.config.Cultivo is not enhanced.

[2017-06-02 22:00:09 #9 type] 
Type dao.config.Campania is not enhanced.

------------------------------------------------------------------------------------------------------------------------

[2017-06-02 22:02:34 #1 store] 
Database 'C:\Users\quero\AppData\Roaming\$ursulaGIS.odb' is opened by 14652@dellRed

[2017-06-02 22:02:34 #2 type] 
Type dao.config.Lote is not enhanced.

[2017-06-02 22:02:34 #3 type] 
Type dao.config.Establecimiento is not enhanced.

[2017-06-02 22:02:34 #4 type] 
Type dao.config.Empresa is not enhanced.

[2017-06-02 22:02:34 #5 type] 
Type dao.config.Fertilizante is not enhanced.

[2017-06-02 22:02:34 #6 type] 
Type dao.Poligono is not enhanced.

[2017-06-02 22:02:34 #7 type] 
Type dao.config.Semilla is not enhanced.

[2017-06-02 22:02:34 #8 type] 
Type dao.config.Cultivo is not enhanced.

[2017-06-02 22:02:34 #9 type] 
Type dao.config.Campania is not enhanced.

------------------------------------------------------------------------------------------------------------------------

[2017-06-02 22:24:35 #1 store] 
Database 'C:\Users\quero\AppData\Roaming\$ursulaGIS.odb' has been recovered (tr. 197-203)

[2017-06-02 22:24:35 #2 store] 
Database 'C:\Users\quero\AppData\Roaming\$ursulaGIS.odb' is opened by 5792@dellRed

[2017-06-02 22:24:36 #3 type] 
Type dao.config.Lote is not enhanced.

[2017-06-02 22:24:36 #4 type] 
Type dao.config.Establecimiento is not enhanced.

[2017-06-02 22:24:36 #5 type] 
Type dao.config.Empresa is not enhanced.

[2017-06-02 22:24:36 #6 type] 
Type dao.config.Fertilizante is not enhanced.

[2017-06-02 22:24:36 #7 type] 
Type dao.Poligono is not enhanced.

[2017-06-02 22:24:36 #8 type] 
Type dao.config.Semilla is not enhanced.

[2017-06-02 22:24:36 #9 type] 
Type dao.config.Cultivo is not enhanced.

[2017-06-02 22:24:36 #10 type] 
Type dao.config.Campania is not enhanced.

------------------------------------------------------------------------------------------------------------------------

[2017-06-02 22:25:02 #1 store] 
Database 'C:\Users\quero\AppData\Roaming\$ursulaGIS.odb' has been recovered (tr. 204-204)

[2017-06-02 22:25:02 #2 store] 
Database 'C:\Users\quero\AppData\Roaming\$ursulaGIS.odb' is opened by 9336@dellRed

[2017-06-02 22:25:02 #3 type] 
Type dao.config.Lote is not enhanced.

[2017-06-02 22:25:02 #4 type] 
Type dao.config.Establecimiento is not enhanced.

[2017-06-02 22:25:02 #5 type] 
Type dao.config.Empresa is not enhanced.

[2017-06-02 22:25:02 #6 type] 
Type dao.config.Fertilizante is not enhanced.

[2017-06-02 22:25:02 #7 type] 
Type dao.Poligono is not enhanced.

[2017-06-02 22:25:02 #8 type] 
Type dao.config.Semilla is not enhanced.

[2017-06-02 22:25:02 #9 type] 
Type dao.config.Cultivo is not enhanced.

[2017-06-02 22:25:02 #10 type] 
Type dao.config.Campania is not enhanced.

------------------------------------------------------------------------------------------------------------------------

[2017-06-02 22:26:38 #1 store] 
Database 'C:\Users\quero\AppData\Roaming\$ursulaGIS.odb' is opened by 668@dellRed

[2017-06-02 22:26:38 #2 type] 
Type dao.config.Lote is not enhanced.

[2017-06-02 22:26:38 #3 type] 
Type dao.config.Establecimiento is not enhanced.

[2017-06-02 22:26:38 #4 type] 
Type dao.config.Empresa is not enhanced.

[2017-06-02 22:26:38 #5 type] 
Type dao.config.Fertilizante is not enhanced.

[2017-06-02 22:26:38 #6 type] 
Type dao.Poligono is not enhanced.

[2017-06-02 22:26:38 #7 type] 
Type dao.config.Semilla is not enhanced.

[2017-06-02 22:26:38 #8 type] 
Type dao.config.Cultivo is not enhanced.

[2017-06-02 22:26:38 #9 type] 
Type dao.config.Campania is not enhanced.

------------------------------------------------------------------------------------------------------------------------

[2017-06-02 22:27:02 #1 store] 
Database 'C:\Users\quero\AppData\Roaming\$ursulaGIS.odb' is opened by 5956@dellRed

[2017-06-02 22:27:02 #2 type] 
Type dao.config.Lote is not enhanced.

[2017-06-02 22:27:02 #3 type] 
Type dao.config.Establecimiento is not enhanced.

[2017-06-02 22:27:02 #4 type] 
Type dao.config.Empresa is not enhanced.

[2017-06-02 22:27:02 #5 type] 
Type dao.config.Fertilizante is not enhanced.

[2017-06-02 22:27:02 #6 type] 
Type dao.Poligono is not enhanced.

[2017-06-02 22:27:02 #7 type] 
Type dao.config.Semilla is not enhanced.

[2017-06-02 22:27:02 #8 type] 
Type dao.config.Cultivo is not enhanced.

[2017-06-02 22:27:02 #9 type] 
Type dao.config.Campania is not enhanced.

------------------------------------------------------------------------------------------------------------------------

[2017-06-02 22:28:37 #1 store] 
Database 'C:\Users\quero\AppData\Roaming\$ursulaGIS.odb' has been recovered (tr. 205-205)

[2017-06-02 22:28:37 #2 store] 
Database 'C:\Users\quero\AppData\Roaming\$ursulaGIS.odb' is opened by 1356@dellRed

[2017-06-02 22:28:37 #3 type] 
Type dao.config.Lote is not enhanced.

[2017-06-02 22:28:37 #4 type] 
Type dao.config.Establecimiento is not enhanced.

[2017-06-02 22:28:37 #5 type] 
Type dao.config.Empresa is not enhanced.

[2017-06-02 22:28:37 #6 type] 
Type dao.config.Fertilizante is not enhanced.

[2017-06-02 22:28:37 #7 type] 
Type dao.Poligono is not enhanced.

[2017-06-02 22:28:37 #8 type] 
Type dao.config.Semilla is not enhanced.

[2017-06-02 22:28:37 #9 type] 
Type dao.config.Cultivo is not enhanced.

[2017-06-02 22:28:37 #10 type] 
Type dao.config.Campania is not enhanced.

------------------------------------------------------------------------------------------------------------------------

[2017-06-02 22:29:43 #1 store] 
Database 'C:\Users\quero\AppData\Roaming\$ursulaGIS.odb' is opened by 15664@dellRed

[2017-06-02 22:29:43 #2 type] 
Type dao.config.Lote is not enhanced.

[2017-06-02 22:29:43 #3 type] 
Type dao.config.Establecimiento is not enhanced.

[2017-06-02 22:29:43 #4 type] 
Type dao.config.Empresa is not enhanced.

[2017-06-02 22:29:43 #5 type] 
Type dao.config.Fertilizante is not enhanced.

[2017-06-02 22:29:43 #6 type] 
Type dao.Poligono is not enhanced.

[2017-06-02 22:29:43 #7 type] 
Type dao.config.Semilla is not enhanced.

[2017-06-02 22:29:43 #8 type] 
Type dao.config.Cultivo is not enhanced.

[2017-06-02 22:29:43 #9 type] 
Type dao.config.Campania is not enhanced.

------------------------------------------------------------------------------------------------------------------------

[2017-06-02 22:30:26 #1 store] 
Database 'C:\Users\quero\AppData\Roaming\$ursulaGIS.odb' is opened by 12668@dellRed

[2017-06-02 22:30:26 #2 type] 
Type dao.config.Lote is not enhanced.

[2017-06-02 22:30:26 #3 type] 
Type dao.config.Establecimiento is not enhanced.

[2017-06-02 22:30:26 #4 type] 
Type dao.config.Empresa is not enhanced.

[2017-06-02 22:30:26 #5 type] 
Type dao.config.Fertilizante is not enhanced.

[2017-06-02 22:30:26 #6 type] 
Type dao.Poligono is not enhanced.

[2017-06-02 22:30:26 #7 type] 
Type dao.config.Semilla is not enhanced.

[2017-06-02 22:30:26 #8 type] 
Type dao.config.Cultivo is not enhanced.

[2017-06-02 22:30:26 #9 type] 
Type dao.config.Campania is not enhanced.

------------------------------------------------------------------------------------------------------------------------

[2017-06-02 22:30:53 #1 store] 
Database 'C:\Users\quero\AppData\Roaming\$ursulaGIS.odb' is opened by 4016@dellRed

[2017-06-02 22:30:53 #2 type] 
Type dao.config.Lote is not enhanced.

[2017-06-02 22:30:53 #3 type] 
Type dao.config.Establecimiento is not enhanced.

[2017-06-02 22:30:53 #4 type] 
Type dao.config.Empresa is not enhanced.

[2017-06-02 22:30:53 #5 type] 
Type dao.config.Fertilizante is not enhanced.

[2017-06-02 22:30:53 #6 type] 
Type dao.Poligono is not enhanced.

[2017-06-02 22:30:53 #7 type] 
Type dao.config.Semilla is not enhanced.

[2017-06-02 22:30:53 #8 type] 
Type dao.config.Cultivo is not enhanced.

[2017-06-02 22:30:53 #9 type] 
Type dao.config.Campania is not enhanced.

------------------------------------------------------------------------------------------------------------------------

[2017-06-02 22:31:26 #1 store] 
Database 'C:\Users\quero\AppData\Roaming\$ursulaGIS.odb' is opened by 512@dellRed

[2017-06-02 22:31:26 #2 type] 
Type dao.config.Lote is not enhanced.

[2017-06-02 22:31:26 #3 type] 
Type dao.config.Establecimiento is not enhanced.

[2017-06-02 22:31:26 #4 type] 
Type dao.config.Empresa is not enhanced.

[2017-06-02 22:31:26 #5 type] 
Type dao.config.Fertilizante is not enhanced.

[2017-06-02 22:31:26 #6 type] 
Type dao.Poligono is not enhanced.

[2017-06-02 22:31:26 #7 type] 
Type dao.config.Semilla is not enhanced.

[2017-06-02 22:31:26 #8 type] 
Type dao.config.Cultivo is not enhanced.

[2017-06-02 22:31:26 #9 type] 
Type dao.config.Campania is not enhanced.

------------------------------------------------------------------------------------------------------------------------

[2017-06-02 22:32:05 #1 store] 
Database 'C:\Users\quero\AppData\Roaming\$ursulaGIS.odb' is opened by 8580@dellRed

[2017-06-02 22:32:05 #2 type] 
Type dao.config.Lote is not enhanced.

[2017-06-02 22:32:05 #3 type] 
Type dao.config.Establecimiento is not enhanced.

[2017-06-02 22:32:05 #4 type] 
Type dao.config.Empresa is not enhanced.

[2017-06-02 22:32:05 #5 type] 
Type dao.config.Fertilizante is not enhanced.

[2017-06-02 22:32:05 #6 type] 
Type dao.Poligono is not enhanced.

[2017-06-02 22:32:05 #7 type] 
Type dao.config.Semilla is not enhanced.

[2017-06-02 22:32:05 #8 type] 
Type dao.config.Cultivo is not enhanced.

[2017-06-02 22:32:05 #9 type] 
Type dao.config.Campania is not enhanced.

------------------------------------------------------------------------------------------------------------------------

[2017-06-02 22:33:00 #1 store] 
Database 'C:\Users\quero\AppData\Roaming\$ursulaGIS.odb' is opened by 12668@dellRed

[2017-06-02 22:33:00 #2 type] 
Type dao.config.Lote is not enhanced.

[2017-06-02 22:33:00 #3 type] 
Type dao.config.Establecimiento is not enhanced.

[2017-06-02 22:33:00 #4 type] 
Type dao.config.Empresa is not enhanced.

[2017-06-02 22:33:00 #5 type] 
Type dao.config.Fertilizante is not enhanced.

[2017-06-02 22:33:00 #6 type] 
Type dao.Poligono is not enhanced.

[2017-06-02 22:33:00 #7 type] 
Type dao.config.Semilla is not enhanced.

[2017-06-02 22:33:00 #8 type] 
Type dao.config.Cultivo is not enhanced.

[2017-06-02 22:33:00 #9 type] 
Type dao.config.Campania is not enhanced.

------------------------------------------------------------------------------------------------------------------------

[2017-06-02 22:35:31 #1 store] 
Database 'C:\Users\quero\AppData\Roaming\$ursulaGIS.odb' is opened by 11640@dellRed

[2017-06-02 22:35:31 #2 type] 
Type dao.config.Lote is not enhanced.

[2017-06-02 22:35:31 #3 type] 
Type dao.config.Establecimiento is not enhanced.

[2017-06-02 22:35:31 #4 type] 
Type dao.config.Empresa is not enhanced.

[2017-06-02 22:35:31 #5 type] 
Type dao.config.Fertilizante is not enhanced.

[2017-06-02 22:35:31 #6 type] 
Type dao.Poligono is not enhanced.

[2017-06-02 22:35:31 #7 type] 
Type dao.config.Semilla is not enhanced.

[2017-06-02 22:35:31 #8 type] 
Type dao.config.Cultivo is not enhanced.

[2017-06-02 22:35:31 #9 type] 
Type dao.config.Campania is not enhanced.

------------------------------------------------------------------------------------------------------------------------

[2017-06-02 22:36:22 #1 store] 
Database 'C:\Users\quero\AppData\Roaming\$ursulaGIS.odb' is opened by 10544@dellRed

[2017-06-02 22:36:23 #2 type] 
Type dao.config.Lote is not enhanced.

[2017-06-02 22:36:23 #3 type] 
Type dao.config.Establecimiento is not enhanced.

[2017-06-02 22:36:23 #4 type] 
Type dao.config.Empresa is not enhanced.

[2017-06-02 22:36:23 #5 type] 
Type dao.config.Fertilizante is not enhanced.

[2017-06-02 22:36:23 #6 type] 
Type dao.Poligono is not enhanced.

[2017-06-02 22:36:23 #7 type] 
Type dao.config.Semilla is not enhanced.

[2017-06-02 22:36:23 #8 type] 
Type dao.config.Cultivo is not enhanced.

[2017-06-02 22:36:23 #9 type] 
Type dao.config.Campania is not enhanced.

------------------------------------------------------------------------------------------------------------------------

[2017-06-02 22:36:49 #1 store] 
Database 'C:\Users\quero\AppData\Roaming\$ursulaGIS.odb' is opened by 12724@dellRed

[2017-06-02 22:36:49 #2 type] 
Type dao.config.Lote is not enhanced.

[2017-06-02 22:36:49 #3 type] 
Type dao.config.Establecimiento is not enhanced.

[2017-06-02 22:36:49 #4 type] 
Type dao.config.Empresa is not enhanced.

[2017-06-02 22:36:49 #5 type] 
Type dao.config.Fertilizante is not enhanced.

[2017-06-02 22:36:49 #6 type] 
Type dao.Poligono is not enhanced.

[2017-06-02 22:36:49 #7 type] 
Type dao.config.Semilla is not enhanced.

[2017-06-02 22:36:49 #8 type] 
Type dao.config.Cultivo is not enhanced.

[2017-06-02 22:36:49 #9 type] 
Type dao.config.Campania is not enhanced.

------------------------------------------------------------------------------------------------------------------------

[2017-06-02 22:39:13 #1 store] 
Database 'C:\Users\quero\AppData\Roaming\$ursulaGIS.odb' is opened by 15676@dellRed

[2017-06-02 22:39:14 #2 type] 
Type dao.config.Lote is not enhanced.

[2017-06-02 22:39:14 #3 type] 
Type dao.config.Establecimiento is not enhanced.

[2017-06-02 22:39:14 #4 type] 
Type dao.config.Empresa is not enhanced.

[2017-06-02 22:39:14 #5 type] 
Type dao.config.Fertilizante is not enhanced.

[2017-06-02 22:39:14 #6 type] 
Type dao.Poligono is not enhanced.

[2017-06-02 22:39:14 #7 type] 
Type dao.config.Semilla is not enhanced.

[2017-06-02 22:39:14 #8 type] 
Type dao.config.Cultivo is not enhanced.

[2017-06-02 22:39:14 #9 type] 
Type dao.config.Campania is not enhanced.

------------------------------------------------------------------------------------------------------------------------

[2017-06-02 22:40:21 #1 store] 
Database 'C:\Users\quero\AppData\Roaming\$ursulaGIS.odb' is opened by 15996@dellRed

[2017-06-02 22:40:22 #2 type] 
Type dao.config.Lote is not enhanced.

[2017-06-02 22:40:22 #3 type] 
Type dao.config.Establecimiento is not enhanced.

[2017-06-02 22:40:22 #4 type] 
Type dao.config.Empresa is not enhanced.

[2017-06-02 22:40:22 #5 type] 
Type dao.config.Fertilizante is not enhanced.

[2017-06-02 22:40:22 #6 type] 
Type dao.Poligono is not enhanced.

[2017-06-02 22:40:22 #7 type] 
Type dao.config.Semilla is not enhanced.

[2017-06-02 22:40:22 #8 type] 
Type dao.config.Cultivo is not enhanced.

[2017-06-02 22:40:22 #9 type] 
Type dao.config.Campania is not enhanced.

------------------------------------------------------------------------------------------------------------------------

[2017-06-02 22:41:49 #1 store] 
Database 'C:\Users\quero\AppData\Roaming\$ursulaGIS.odb' is opened by 6140@dellRed

[2017-06-02 22:41:49 #2 type] 
Type dao.config.Lote is not enhanced.

[2017-06-02 22:41:49 #3 type] 
Type dao.config.Establecimiento is not enhanced.

[2017-06-02 22:41:49 #4 type] 
Type dao.config.Empresa is not enhanced.

[2017-06-02 22:41:49 #5 type] 
Type dao.config.Fertilizante is not enhanced.

[2017-06-02 22:41:49 #6 type] 
Type dao.Poligono is not enhanced.

[2017-06-02 22:41:49 #7 type] 
Type dao.config.Semilla is not enhanced.

[2017-06-02 22:41:49 #8 type] 
Type dao.config.Cultivo is not enhanced.

[2017-06-02 22:41:49 #9 type] 
Type dao.config.Campania is not enhanced.

------------------------------------------------------------------------------------------------------------------------

[2017-06-02 22:43:57 #1 store] 
Database 'C:\Users\quero\AppData\Roaming\$ursulaGIS.odb' is opened by 6156@dellRed

[2017-06-02 22:43:57 #2 type] 
Type dao.config.Lote is not enhanced.

[2017-06-02 22:43:57 #3 type] 
Type dao.config.Establecimiento is not enhanced.

[2017-06-02 22:43:57 #4 type] 
Type dao.config.Empresa is not enhanced.

[2017-06-02 22:43:57 #5 type] 
Type dao.config.Fertilizante is not enhanced.

[2017-06-02 22:43:57 #6 type] 
Type dao.Poligono is not enhanced.

[2017-06-02 22:43:57 #7 type] 
Type dao.config.Semilla is not enhanced.

[2017-06-02 22:43:57 #8 type] 
Type dao.config.Cultivo is not enhanced.

[2017-06-02 22:43:57 #9 type] 
Type dao.config.Campania is not enhanced.

------------------------------------------------------------------------------------------------------------------------

[2017-06-02 22:47:01 #1 store] 
Database 'C:\Users\quero\AppData\Roaming\$ursulaGIS.odb' is opened by 10512@dellRed

[2017-06-02 22:47:02 #2 type] 
Type dao.config.Lote is not enhanced.

[2017-06-02 22:47:02 #3 type] 
Type dao.config.Establecimiento is not enhanced.

[2017-06-02 22:47:02 #4 type] 
Type dao.config.Empresa is not enhanced.

[2017-06-02 22:47:02 #5 type] 
Type dao.config.Fertilizante is not enhanced.

[2017-06-02 22:47:02 #6 type] 
Type dao.Poligono is not enhanced.

[2017-06-02 22:47:02 #7 type] 
Type dao.config.Semilla is not enhanced.

[2017-06-02 22:47:02 #8 type] 
Type dao.config.Cultivo is not enhanced.

[2017-06-02 22:47:02 #9 type] 
Type dao.config.Campania is not enhanced.

------------------------------------------------------------------------------------------------------------------------

[2017-06-02 22:48:23 #1 store] 
Database 'C:\Users\quero\AppData\Roaming\$ursulaGIS.odb' has been recovered (tr. 206-206)

[2017-06-02 22:48:23 #2 store] 
Database 'C:\Users\quero\AppData\Roaming\$ursulaGIS.odb' is opened by 14132@dellRed

[2017-06-02 22:48:23 #3 type] 
Type dao.config.Lote is not enhanced.

[2017-06-02 22:48:23 #4 type] 
Type dao.config.Establecimiento is not enhanced.

[2017-06-02 22:48:23 #5 type] 
Type dao.config.Empresa is not enhanced.

[2017-06-02 22:48:23 #6 type] 
Type dao.config.Fertilizante is not enhanced.

[2017-06-02 22:48:23 #7 type] 
Type dao.Poligono is not enhanced.

[2017-06-02 22:48:23 #8 type] 
Type dao.config.Semilla is not enhanced.

[2017-06-02 22:48:23 #9 type] 
Type dao.config.Cultivo is not enhanced.

[2017-06-02 22:48:23 #10 type] 
Type dao.config.Campania is not enhanced.

------------------------------------------------------------------------------------------------------------------------

[2017-06-02 22:52:07 #1 store] 
Database 'C:\Users\quero\AppData\Roaming\$ursulaGIS.odb' has been recovered (tr. 207-207)

[2017-06-02 22:52:07 #2 store] 
Database 'C:\Users\quero\AppData\Roaming\$ursulaGIS.odb' is opened by 5916@dellRed

[2017-06-02 22:52:07 #3 type] 
Type dao.config.Lote is not enhanced.

[2017-06-02 22:52:07 #4 type] 
Type dao.config.Establecimiento is not enhanced.

[2017-06-02 22:52:07 #5 type] 
Type dao.config.Empresa is not enhanced.

[2017-06-02 22:52:07 #6 type] 
Type dao.config.Fertilizante is not enhanced.

[2017-06-02 22:52:07 #7 type] 
Type dao.Poligono is not enhanced.

[2017-06-02 22:52:07 #8 type] 
Type dao.config.Semilla is not enhanced.

[2017-06-02 22:52:07 #9 type] 
Type dao.config.Cultivo is not enhanced.

[2017-06-02 22:52:07 #10 type] 
Type dao.config.Campania is not enhanced.

------------------------------------------------------------------------------------------------------------------------

[2017-06-02 22:52:22 #1 store] 
Database 'C:\Users\quero\AppData\Roaming\$ursulaGIS.odb' is opened by 16212@dellRed

[2017-06-02 22:52:22 #2 type] 
Type dao.config.Lote is not enhanced.

[2017-06-02 22:52:22 #3 type] 
Type dao.config.Establecimiento is not enhanced.

[2017-06-02 22:52:22 #4 type] 
Type dao.config.Empresa is not enhanced.

[2017-06-02 22:52:22 #5 type] 
Type dao.config.Fertilizante is not enhanced.

[2017-06-02 22:52:22 #6 type] 
Type dao.Poligono is not enhanced.

[2017-06-02 22:52:22 #7 type] 
Type dao.config.Semilla is not enhanced.

[2017-06-02 22:52:23 #8 type] 
Type dao.config.Cultivo is not enhanced.

[2017-06-02 22:52:23 #9 type] 
Type dao.config.Campania is not enhanced.

------------------------------------------------------------------------------------------------------------------------

[2017-06-02 22:55:19 #1 store] 
Database 'C:\Users\quero\AppData\Roaming\$ursulaGIS.odb' is opened by 8252@dellRed

[2017-06-02 22:55:19 #2 type] 
Type dao.config.Lote is not enhanced.

[2017-06-02 22:55:19 #3 type] 
Type dao.config.Establecimiento is not enhanced.

[2017-06-02 22:55:19 #4 type] 
Type dao.config.Empresa is not enhanced.

[2017-06-02 22:55:19 #5 type] 
Type dao.config.Fertilizante is not enhanced.

[2017-06-02 22:55:19 #6 type] 
Type dao.Poligono is not enhanced.

[2017-06-02 22:55:19 #7 type] 
Type dao.config.Semilla is not enhanced.

[2017-06-02 22:55:19 #8 type] 
Type dao.config.Cultivo is not enhanced.

[2017-06-02 22:55:19 #9 type] 
Type dao.config.Campania is not enhanced.

------------------------------------------------------------------------------------------------------------------------

[2017-06-02 23:00:44 #1 store] 
Database 'C:\Users\quero\AppData\Roaming\$ursulaGIS.odb' is opened by 13696@dellRed

[2017-06-02 23:00:44 #2 type] 
Type dao.config.Lote is not enhanced.

[2017-06-02 23:00:44 #3 type] 
Type dao.config.Establecimiento is not enhanced.

[2017-06-02 23:00:44 #4 type] 
Type dao.config.Empresa is not enhanced.

[2017-06-02 23:00:44 #5 type] 
Type dao.config.Fertilizante is not enhanced.

[2017-06-02 23:00:44 #6 type] 
Type dao.Poligono is not enhanced.

[2017-06-02 23:00:44 #7 type] 
Type dao.config.Semilla is not enhanced.

[2017-06-02 23:00:44 #8 type] 
Type dao.config.Cultivo is not enhanced.

[2017-06-02 23:00:44 #9 type] 
Type dao.config.Campania is not enhanced.

------------------------------------------------------------------------------------------------------------------------

[2017-06-02 23:02:51 #1 store] 
Database 'C:\Users\quero\AppData\Roaming\$ursulaGIS.odb' has been recovered (tr. 208-211)

[2017-06-02 23:02:51 #2 store] 
Database 'C:\Users\quero\AppData\Roaming\$ursulaGIS.odb' is opened by 8844@dellRed

[2017-06-02 23:02:51 #3 type] 
Type dao.config.Lote is not enhanced.

[2017-06-02 23:02:51 #4 type] 
Type dao.config.Establecimiento is not enhanced.

[2017-06-02 23:02:51 #5 type] 
Type dao.config.Empresa is not enhanced.

[2017-06-02 23:02:51 #6 type] 
Type dao.config.Fertilizante is not enhanced.

[2017-06-02 23:02:51 #7 type] 
Type dao.Poligono is not enhanced.

[2017-06-02 23:02:51 #8 type] 
Type dao.config.Semilla is not enhanced.

[2017-06-02 23:02:52 #9 type] 
Type dao.config.Cultivo is not enhanced.

[2017-06-02 23:02:52 #10 type] 
Type dao.config.Campania is not enhanced.

------------------------------------------------------------------------------------------------------------------------

[2017-06-02 23:04:14 #1 store] 
Database 'C:\Users\quero\AppData\Roaming\$ursulaGIS.odb' has been recovered (tr. 212-214)

[2017-06-02 23:04:14 #2 store] 
Database 'C:\Users\quero\AppData\Roaming\$ursulaGIS.odb' is opened by 16292@dellRed

[2017-06-02 23:04:14 #3 type] 
Type dao.config.Lote is not enhanced.

[2017-06-02 23:04:14 #4 type] 
Type dao.config.Establecimiento is not enhanced.

[2017-06-02 23:04:14 #5 type] 
Type dao.config.Empresa is not enhanced.

[2017-06-02 23:04:14 #6 type] 
Type dao.config.Fertilizante is not enhanced.

[2017-06-02 23:04:14 #7 type] 
Type dao.Poligono is not enhanced.

[2017-06-02 23:04:14 #8 type] 
Type dao.config.Semilla is not enhanced.

[2017-06-02 23:04:14 #9 type] 
Type dao.config.Cultivo is not enhanced.

[2017-06-02 23:04:14 #10 type] 
Type dao.config.Campania is not enhanced.

------------------------------------------------------------------------------------------------------------------------

[2017-06-02 23:12:26 #1 store] 
Database 'C:\Users\quero\AppData\Roaming\$ursulaGIS.odb' has been recovered (tr. 215-217)

[2017-06-02 23:12:26 #2 store] 
Database 'C:\Users\quero\AppData\Roaming\$ursulaGIS.odb' is opened by 11056@dellRed

[2017-06-02 23:12:26 #3 type] 
Type dao.config.Lote is not enhanced.

[2017-06-02 23:12:26 #4 type] 
Type dao.config.Establecimiento is not enhanced.

[2017-06-02 23:12:26 #5 type] 
Type dao.config.Empresa is not enhanced.

[2017-06-02 23:12:26 #6 type] 
Type dao.config.Fertilizante is not enhanced.

[2017-06-02 23:12:26 #7 type] 
Type dao.Poligono is not enhanced.

[2017-06-02 23:12:26 #8 type] 
Type dao.config.Semilla is not enhanced.

[2017-06-02 23:12:26 #9 type] 
Type dao.config.Cultivo is not enhanced.

[2017-06-02 23:12:26 #10 type] 
Type dao.config.Campania is not enhanced.

------------------------------------------------------------------------------------------------------------------------

[2017-06-02 23:13:21 #1 store] 
Database 'C:\Users\quero\AppData\Roaming\$ursulaGIS.odb' has been recovered (tr. 218-218)

[2017-06-02 23:13:21 #2 store] 
Database 'C:\Users\quero\AppData\Roaming\$ursulaGIS.odb' is opened by 16352@dellRed

[2017-06-02 23:13:21 #3 type] 
Type dao.config.Lote is not enhanced.

[2017-06-02 23:13:21 #4 type] 
Type dao.config.Establecimiento is not enhanced.

[2017-06-02 23:13:21 #5 type] 
Type dao.config.Empresa is not enhanced.

[2017-06-02 23:13:21 #6 type] 
Type dao.config.Fertilizante is not enhanced.

[2017-06-02 23:13:21 #7 type] 
Type dao.Poligono is not enhanced.

[2017-06-02 23:13:21 #8 type] 
Type dao.config.Semilla is not enhanced.

[2017-06-02 23:13:21 #9 type] 
Type dao.config.Cultivo is not enhanced.

[2017-06-02 23:13:21 #10 type] 
Type dao.config.Campania is not enhanced.

------------------------------------------------------------------------------------------------------------------------

[2017-06-02 23:30:31 #1 store] 
Database 'C:\Users\quero\AppData\Roaming\$ursulaGIS.odb' is opened by 10364@dellRed

[2017-06-02 23:30:31 #2 type] 
Type dao.config.Lote is not enhanced.

[2017-06-02 23:30:31 #3 type] 
Type dao.config.Establecimiento is not enhanced.

[2017-06-02 23:30:31 #4 type] 
Type dao.config.Empresa is not enhanced.

[2017-06-02 23:30:31 #5 type] 
Type dao.config.Fertilizante is not enhanced.

[2017-06-02 23:30:31 #6 type] 
Type dao.Poligono is not enhanced.

[2017-06-02 23:30:31 #7 type] 
Type dao.config.Semilla is not enhanced.

[2017-06-02 23:30:31 #8 type] 
Type dao.config.Cultivo is not enhanced.

[2017-06-02 23:30:31 #9 type] 
Type dao.config.Campania is not enhanced.

------------------------------------------------------------------------------------------------------------------------

[2017-06-02 23:33:44 #1 store] 
Database 'C:\Users\quero\AppData\Roaming\$ursulaGIS.odb' is opened by 2020@dellRed

[2017-06-02 23:33:44 #2 type] 
Type dao.config.Lote is not enhanced.

[2017-06-02 23:33:44 #3 type] 
Type dao.config.Establecimiento is not enhanced.

[2017-06-02 23:33:44 #4 type] 
Type dao.config.Empresa is not enhanced.

[2017-06-02 23:33:44 #5 type] 
Type dao.config.Fertilizante is not enhanced.

[2017-06-02 23:33:44 #6 type] 
Type dao.Poligono is not enhanced.

[2017-06-02 23:33:44 #7 type] 
Type dao.config.Semilla is not enhanced.

[2017-06-02 23:33:44 #8 type] 
Type dao.config.Cultivo is not enhanced.

[2017-06-02 23:33:44 #9 type] 
Type dao.config.Campania is not enhanced.

------------------------------------------------------------------------------------------------------------------------

[2017-06-02 23:36:08 #1 store] 
Database 'C:\Users\quero\AppData\Roaming\$ursulaGIS.odb' is opened by 14296@dellRed

[2017-06-02 23:36:08 #2 type] 
Type dao.config.Lote is not enhanced.

[2017-06-02 23:36:08 #3 type] 
Type dao.config.Establecimiento is not enhanced.

[2017-06-02 23:36:08 #4 type] 
Type dao.config.Empresa is not enhanced.

[2017-06-02 23:36:08 #5 type] 
Type dao.config.Fertilizante is not enhanced.

[2017-06-02 23:36:09 #6 type] 
Type dao.Poligono is not enhanced.

[2017-06-02 23:36:10 #7 type] 
Type dao.config.Semilla is not enhanced.

[2017-06-02 23:36:25 #8 type] 
Type dao.config.Cultivo is not enhanced.

[2017-06-02 23:36:27 #9 type] 
Type dao.config.Campania is not enhanced.

------------------------------------------------------------------------------------------------------------------------

[2017-06-02 23:36:36 #1 store] 
Database 'C:\Users\quero\AppData\Roaming\$ursulaGIS.odb' is opened by 9080@dellRed

[2017-06-02 23:36:37 #2 type] 
Type dao.config.Lote is not enhanced.

[2017-06-02 23:36:37 #3 type] 
Type dao.config.Establecimiento is not enhanced.

[2017-06-02 23:36:37 #4 type] 
Type dao.config.Empresa is not enhanced.

[2017-06-02 23:36:37 #5 type] 
Type dao.config.Fertilizante is not enhanced.

[2017-06-02 23:36:38 #6 type] 
Type dao.Poligono is not enhanced.

[2017-06-02 23:36:39 #7 type] 
Type dao.config.Semilla is not enhanced.

[2017-06-02 23:36:53 #8 type] 
Type dao.config.Cultivo is not enhanced.

[2017-06-02 23:36:54 #9 type] 
Type dao.config.Campania is not enhanced.

------------------------------------------------------------------------------------------------------------------------

[2017-06-02 23:39:47 #1 store] 
Database 'C:\Users\quero\AppData\Roaming\$ursulaGIS.odb' is opened by 1880@dellRed

[2017-06-02 23:39:47 #2 type] 
Type dao.config.Lote is not enhanced.

[2017-06-02 23:39:47 #3 type] 
Type dao.config.Establecimiento is not enhanced.

[2017-06-02 23:39:47 #4 type] 
Type dao.config.Empresa is not enhanced.

[2017-06-02 23:39:47 #5 type] 
Type dao.config.Fertilizante is not enhanced.

[2017-06-02 23:39:48 #6 type] 
Type dao.Poligono is not enhanced.

[2017-06-02 23:39:49 #7 type] 
Type dao.config.Semilla is not enhanced.

[2017-06-02 23:40:03 #8 type] 
Type dao.config.Cultivo is not enhanced.

[2017-06-02 23:40:06 #9 type] 
Type dao.config.Campania is not enhanced.

------------------------------------------------------------------------------------------------------------------------

[2017-06-02 23:42:13 #1 store] 
Database 'C:\Users\quero\AppData\Roaming\$ursulaGIS.odb' is opened by 3696@dellRed

[2017-06-02 23:42:13 #2 type] 
Type dao.config.Lote is not enhanced.

[2017-06-02 23:42:13 #3 type] 
Type dao.config.Establecimiento is not enhanced.

[2017-06-02 23:42:13 #4 type] 
Type dao.config.Empresa is not enhanced.

[2017-06-02 23:42:13 #5 type] 
Type dao.config.Fertilizante is not enhanced.

[2017-06-02 23:42:14 #6 type] 
Type dao.Poligono is not enhanced.

[2017-06-02 23:42:15 #7 type] 
Type dao.config.Semilla is not enhanced.

[2017-06-02 23:42:28 #8 type] 
Type dao.config.Cultivo is not enhanced.

------------------------------------------------------------------------------------------------------------------------

[2017-06-02 23:47:30 #1 store] 
Database 'C:\Users\quero\AppData\Roaming\$ursulaGIS.odb' is opened by 12348@dellRed

[2017-06-02 23:47:30 #2 type] 
Type dao.config.Lote is not enhanced.

[2017-06-02 23:47:30 #3 type] 
Type dao.config.Establecimiento is not enhanced.

[2017-06-02 23:47:30 #4 type] 
Type dao.config.Empresa is not enhanced.

[2017-06-02 23:47:30 #5 type] 
Type dao.config.Fertilizante is not enhanced.

[2017-06-02 23:47:30 #6 type] 
Type dao.Poligono is not enhanced.

[2017-06-02 23:47:30 #7 type] 
Type dao.config.Semilla is not enhanced.

[2017-06-02 23:47:30 #8 type] 
Type dao.config.Cultivo is not enhanced.

[2017-06-02 23:47:30 #9 type] 
Type dao.config.Campania is not enhanced.

------------------------------------------------------------------------------------------------------------------------

[2017-06-02 23:50:57 #1 store] 
Database 'C:\Users\quero\AppData\Roaming\$ursulaGIS.odb' is opened by 10808@dellRed

[2017-06-02 23:50:57 #2 type] 
Type dao.config.Lote is not enhanced.

[2017-06-02 23:50:57 #3 type] 
Type dao.config.Establecimiento is not enhanced.

[2017-06-02 23:50:57 #4 type] 
Type dao.config.Empresa is not enhanced.

[2017-06-02 23:50:57 #5 type] 
Type dao.config.Fertilizante is not enhanced.

[2017-06-02 23:50:58 #6 type] 
Type dao.Poligono is not enhanced.

[2017-06-02 23:50:59 #7 type] 
Type dao.config.Semilla is not enhanced.

[2017-06-02 23:51:08 #8 type] 
Type dao.config.Cultivo is not enhanced.

[2017-06-02 23:51:09 #9 type] 
Type dao.config.Campania is not enhanced.

