------------------------------------------------------------------------------------------------------------------------

[2017-06-05 13:44:46 #1 store] 
Database 'C:\Users\quero\AppData\Roaming\$ursulaGIS.odb' is opened by 12000@dellRed

[2017-06-05 13:44:46 #2 type] 
Type dao.config.Lote is not enhanced.

[2017-06-05 13:44:46 #3 type] 
Type dao.config.Establecimiento is not enhanced.

[2017-06-05 13:44:46 #4 type] 
Type dao.config.Empresa is not enhanced.

[2017-06-05 13:44:46 #5 type] 
Type dao.config.Fertilizante is not enhanced.

[2017-06-05 13:44:46 #6 type] 
Type dao.Poligono is not enhanced.

[2017-06-05 13:44:46 #7 type] 
Type dao.config.Semilla is not enhanced.

[2017-06-05 13:44:46 #8 type] 
Type dao.config.Cultivo is not enhanced.

[2017-06-05 13:44:46 #9 type] 
Type dao.config.Campania is not enhanced.

------------------------------------------------------------------------------------------------------------------------

[2017-06-05 13:53:42 #1 store] 
Database 'C:\Users\quero\AppData\Roaming\$ursulaGIS.odb' is opened by 16064@dellRed

[2017-06-05 13:53:42 #2 type] 
Type dao.config.Lote is not enhanced.

[2017-06-05 13:53:42 #3 type] 
Type dao.config.Establecimiento is not enhanced.

[2017-06-05 13:53:42 #4 type] 
Type dao.config.Empresa is not enhanced.

[2017-06-05 13:53:42 #5 type] 
Type dao.config.Fertilizante is not enhanced.

[2017-06-05 13:53:42 #6 type] 
Type dao.Poligono is not enhanced.

[2017-06-05 13:53:42 #7 type] 
Type dao.config.Semilla is not enhanced.

[2017-06-05 13:53:42 #8 type] 
Type dao.config.Cultivo is not enhanced.

[2017-06-05 13:53:42 #9 type] 
Type dao.config.Campania is not enhanced.

------------------------------------------------------------------------------------------------------------------------

[2017-06-05 13:59:48 #1 store] 
Database 'C:\Users\quero\AppData\Roaming\$ursulaGIS.odb' is opened by 1744@dellRed

[2017-06-05 13:59:48 #2 type] 
Type dao.config.Lote is not enhanced.

[2017-06-05 13:59:48 #3 type] 
Type dao.config.Establecimiento is not enhanced.

[2017-06-05 13:59:48 #4 type] 
Type dao.config.Empresa is not enhanced.

[2017-06-05 13:59:48 #5 type] 
Type dao.config.Fertilizante is not enhanced.

[2017-06-05 13:59:48 #6 type] 
Type dao.Poligono is not enhanced.

[2017-06-05 13:59:48 #7 type] 
Type dao.config.Semilla is not enhanced.

[2017-06-05 13:59:48 #8 type] 
Type dao.config.Cultivo is not enhanced.

[2017-06-05 13:59:48 #9 type] 
Type dao.config.Campania is not enhanced.

------------------------------------------------------------------------------------------------------------------------

[2017-06-05 18:41:57 #1 store] 
Database 'C:\Users\quero\AppData\Roaming\$ursulaGIS.odb' has been recovered (tr. 219-221)

[2017-06-05 18:41:57 #2 store] 
Database 'C:\Users\quero\AppData\Roaming\$ursulaGIS.odb' is opened by 2820@dellRed

[2017-06-05 18:41:57 #3 type] 
Type dao.config.Lote is not enhanced.

[2017-06-05 18:41:57 #4 type] 
Type dao.config.Establecimiento is not enhanced.

[2017-06-05 18:41:57 #5 type] 
Type dao.config.Empresa is not enhanced.

[2017-06-05 18:41:57 #6 type] 
Type dao.config.Fertilizante is not enhanced.

[2017-06-05 18:41:57 #7 type] 
Type dao.Poligono is not enhanced.

[2017-06-05 18:41:57 #8 type] 
Type dao.config.Semilla is not enhanced.

[2017-06-05 18:41:57 #9 type] 
Type dao.config.Cultivo is not enhanced.

[2017-06-05 18:41:57 #10 type] 
Type dao.config.Campania is not enhanced.

------------------------------------------------------------------------------------------------------------------------

[2017-06-05 20:09:01 #1 store] 
Database 'C:\Users\quero\AppData\Roaming\$ursulaGIS.odb' has been recovered (tr. 222-222)

[2017-06-05 20:09:01 #2 store] 
Database 'C:\Users\quero\AppData\Roaming\$ursulaGIS.odb' is opened by 9808@dellRed

[2017-06-05 20:09:02 #3 type] 
Type dao.config.Lote is not enhanced.

[2017-06-05 20:09:02 #4 type] 
Type dao.config.Establecimiento is not enhanced.

[2017-06-05 20:09:02 #5 type] 
Type dao.config.Empresa is not enhanced.

[2017-06-05 20:09:02 #6 type] 
Type dao.config.Fertilizante is not enhanced.

[2017-06-05 20:09:02 #7 type] 
Type dao.Poligono is not enhanced.

[2017-06-05 20:09:02 #8 type] 
Type dao.config.Semilla is not enhanced.

[2017-06-05 20:09:02 #9 type] 
Type dao.config.Cultivo is not enhanced.

[2017-06-05 20:09:02 #10 type] 
Type dao.config.Campania is not enhanced.

------------------------------------------------------------------------------------------------------------------------

[2017-06-05 20:38:02 #1 store] 
Database 'C:\Users\quero\AppData\Roaming\$ursulaGIS.odb' has been recovered (tr. 223-223)

[2017-06-05 20:38:03 #2 store] 
Database 'C:\Users\quero\AppData\Roaming\$ursulaGIS.odb' is opened by 11220@dellRed

[2017-06-05 20:38:03 #3 type] 
Type dao.config.Lote is not enhanced.

[2017-06-05 20:38:03 #4 type] 
Type dao.config.Establecimiento is not enhanced.

[2017-06-05 20:38:03 #5 type] 
Type dao.config.Empresa is not enhanced.

[2017-06-05 20:38:03 #6 type] 
Type dao.config.Fertilizante is not enhanced.

[2017-06-05 20:38:03 #7 type] 
Type dao.Poligono is not enhanced.

[2017-06-05 20:38:03 #8 type] 
Type dao.config.Semilla is not enhanced.

[2017-06-05 20:38:03 #9 type] 
Type dao.config.Cultivo is not enhanced.

[2017-06-05 20:38:03 #10 type] 
Type dao.config.Campania is not enhanced.

------------------------------------------------------------------------------------------------------------------------

[2017-06-05 20:50:59 #1 store] 
Database 'C:\Users\quero\AppData\Roaming\$ursulaGIS.odb' is opened by 16652@dellRed

[2017-06-05 20:50:59 #2 type] 
Type dao.config.Lote is not enhanced.

[2017-06-05 20:50:59 #3 type] 
Type dao.config.Establecimiento is not enhanced.

[2017-06-05 20:50:59 #4 type] 
Type dao.config.Empresa is not enhanced.

[2017-06-05 20:50:59 #5 type] 
Type dao.config.Fertilizante is not enhanced.

[2017-06-05 20:50:59 #6 type] 
Type dao.Poligono is not enhanced.

[2017-06-05 20:50:59 #7 type] 
Type dao.config.Semilla is not enhanced.

[2017-06-05 20:50:59 #8 type] 
Type dao.config.Cultivo is not enhanced.

[2017-06-05 20:50:59 #9 type] 
Type dao.config.Campania is not enhanced.

------------------------------------------------------------------------------------------------------------------------

[2017-06-05 21:14:59 #1 store] 
Database 'C:\Users\quero\AppData\Roaming\$ursulaGIS.odb' is opened by 4504@dellRed

[2017-06-05 21:14:59 #2 type] 
Type dao.config.Lote is not enhanced.

[2017-06-05 21:14:59 #3 type] 
Type dao.config.Establecimiento is not enhanced.

[2017-06-05 21:14:59 #4 type] 
Type dao.config.Empresa is not enhanced.

[2017-06-05 21:14:59 #5 type] 
Type dao.config.Fertilizante is not enhanced.

[2017-06-05 21:14:59 #6 type] 
Type dao.Poligono is not enhanced.

[2017-06-05 21:14:59 #7 type] 
Type dao.config.Semilla is not enhanced.

[2017-06-05 21:14:59 #8 type] 
Type dao.config.Cultivo is not enhanced.

[2017-06-05 21:14:59 #9 type] 
Type dao.config.Campania is not enhanced.

------------------------------------------------------------------------------------------------------------------------

[2017-06-05 21:20:55 #1 store] 
Database 'C:\Users\quero\AppData\Roaming\$ursulaGIS.odb' is opened by 3676@dellRed

[2017-06-05 21:20:55 #2 type] 
Type dao.config.Lote is not enhanced.

[2017-06-05 21:20:55 #3 type] 
Type dao.config.Establecimiento is not enhanced.

[2017-06-05 21:20:55 #4 type] 
Type dao.config.Empresa is not enhanced.

[2017-06-05 21:20:55 #5 type] 
Type dao.config.Fertilizante is not enhanced.

[2017-06-05 21:20:55 #6 type] 
Type dao.Poligono is not enhanced.

[2017-06-05 21:20:55 #7 type] 
Type dao.config.Semilla is not enhanced.

[2017-06-05 21:20:55 #8 type] 
Type dao.config.Cultivo is not enhanced.

[2017-06-05 21:20:55 #9 type] 
Type dao.config.Campania is not enhanced.

------------------------------------------------------------------------------------------------------------------------

[2017-06-05 21:27:17 #1 store] 
Database 'C:\Users\quero\AppData\Roaming\$ursulaGIS.odb' is opened by 15124@dellRed

[2017-06-05 21:27:17 #2 type] 
Type dao.config.Lote is not enhanced.

[2017-06-05 21:27:17 #3 type] 
Type dao.config.Establecimiento is not enhanced.

[2017-06-05 21:27:17 #4 type] 
Type dao.config.Empresa is not enhanced.

[2017-06-05 21:27:17 #5 type] 
Type dao.config.Fertilizante is not enhanced.

[2017-06-05 21:27:17 #6 type] 
Type dao.Poligono is not enhanced.

[2017-06-05 21:27:17 #7 type] 
Type dao.config.Semilla is not enhanced.

[2017-06-05 21:27:17 #8 type] 
Type dao.config.Cultivo is not enhanced.

[2017-06-05 21:27:17 #9 type] 
Type dao.config.Campania is not enhanced.

------------------------------------------------------------------------------------------------------------------------

[2017-06-05 21:30:26 #1 store] 
Database 'C:\Users\quero\AppData\Roaming\$ursulaGIS.odb' is opened by 11288@dellRed

[2017-06-05 21:30:26 #2 type] 
Type dao.config.Lote is not enhanced.

[2017-06-05 21:30:26 #3 type] 
Type dao.config.Establecimiento is not enhanced.

[2017-06-05 21:30:26 #4 type] 
Type dao.config.Empresa is not enhanced.

[2017-06-05 21:30:26 #5 type] 
Type dao.config.Fertilizante is not enhanced.

[2017-06-05 21:30:26 #6 type] 
Type dao.Poligono is not enhanced.

[2017-06-05 21:30:26 #7 type] 
Type dao.config.Semilla is not enhanced.

[2017-06-05 21:30:26 #8 type] 
Type dao.config.Cultivo is not enhanced.

[2017-06-05 21:30:26 #9 type] 
Type dao.config.Campania is not enhanced.

------------------------------------------------------------------------------------------------------------------------

[2017-06-05 22:20:04 #1 store] 
Database 'C:\Users\quero\AppData\Roaming\$ursulaGIS.odb' has been recovered (tr. 224-226)

[2017-06-05 22:20:04 #2 store] 
Database 'C:\Users\quero\AppData\Roaming\$ursulaGIS.odb' is opened by 8212@dellRed

[2017-06-05 22:20:04 #3 type] 
Type dao.config.Lote is not enhanced.

[2017-06-05 22:20:04 #4 type] 
Type dao.config.Establecimiento is not enhanced.

[2017-06-05 22:20:04 #5 type] 
Type dao.config.Empresa is not enhanced.

[2017-06-05 22:20:04 #6 type] 
Type dao.config.Fertilizante is not enhanced.

[2017-06-05 22:20:04 #7 type] 
Type dao.Poligono is not enhanced.

[2017-06-05 22:20:04 #8 type] 
Type dao.config.Semilla is not enhanced.

[2017-06-05 22:20:04 #9 type] 
Type dao.config.Cultivo is not enhanced.

[2017-06-05 22:20:04 #10 type] 
Type dao.config.Campania is not enhanced.

------------------------------------------------------------------------------------------------------------------------

[2017-06-05 22:20:57 #1 store] 
Database 'C:\Users\quero\AppData\Roaming\$ursulaGIS.odb' has been recovered (tr. 227-227)

[2017-06-05 22:20:57 #2 store] 
Database 'C:\Users\quero\AppData\Roaming\$ursulaGIS.odb' is opened by 16388@dellRed

[2017-06-05 22:20:57 #3 type] 
Type dao.config.Lote is not enhanced.

[2017-06-05 22:20:57 #4 type] 
Type dao.config.Establecimiento is not enhanced.

[2017-06-05 22:20:57 #5 type] 
Type dao.config.Empresa is not enhanced.

[2017-06-05 22:20:57 #6 type] 
Type dao.config.Fertilizante is not enhanced.

[2017-06-05 22:20:58 #7 type] 
Type dao.Poligono is not enhanced.

[2017-06-05 22:20:58 #8 type] 
Type dao.config.Semilla is not enhanced.

[2017-06-05 22:20:58 #9 type] 
Type dao.config.Cultivo is not enhanced.

[2017-06-05 22:20:58 #10 type] 
Type dao.config.Campania is not enhanced.

------------------------------------------------------------------------------------------------------------------------

[2017-06-05 22:25:54 #1 store] 
Database 'C:\Users\quero\AppData\Roaming\$ursulaGIS.odb' is opened by 16512@dellRed

[2017-06-05 22:25:55 #2 type] 
Type dao.config.Lote is not enhanced.

[2017-06-05 22:25:55 #3 type] 
Type dao.config.Establecimiento is not enhanced.

[2017-06-05 22:25:55 #4 type] 
Type dao.config.Empresa is not enhanced.

[2017-06-05 22:25:55 #5 type] 
Type dao.config.Fertilizante is not enhanced.

[2017-06-05 22:25:55 #6 type] 
Type dao.Poligono is not enhanced.

[2017-06-05 22:25:55 #7 type] 
Type dao.config.Semilla is not enhanced.

[2017-06-05 22:25:55 #8 type] 
Type dao.config.Cultivo is not enhanced.

[2017-06-05 22:25:55 #9 type] 
Type dao.config.Campania is not enhanced.

------------------------------------------------------------------------------------------------------------------------

[2017-06-05 23:37:06 #1 store] 
Database 'C:\Users\quero\AppData\Roaming\$ursulaGIS.odb' has been recovered (tr. 228-229)

[2017-06-05 23:37:06 #2 store] 
Database 'C:\Users\quero\AppData\Roaming\$ursulaGIS.odb' is opened by 15084@dellRed

[2017-06-05 23:37:06 #3 type] 
Type dao.config.Lote is not enhanced.

[2017-06-05 23:37:06 #4 type] 
Type dao.config.Establecimiento is not enhanced.

[2017-06-05 23:37:06 #5 type] 
Type dao.config.Empresa is not enhanced.

[2017-06-05 23:37:06 #6 type] 
Type dao.config.Fertilizante is not enhanced.

[2017-06-05 23:37:06 #7 type] 
Type dao.Poligono is not enhanced.

[2017-06-05 23:37:06 #8 type] 
Type dao.config.Semilla is not enhanced.

[2017-06-05 23:37:06 #9 type] 
Type dao.config.Cultivo is not enhanced.

[2017-06-05 23:37:06 #10 type] 
Type dao.config.Campania is not enhanced.

------------------------------------------------------------------------------------------------------------------------

[2017-06-05 23:42:23 #1 store] 
Database 'C:\Users\quero\AppData\Roaming\UrsulaGIS\$ursulaGIS.odb' is opened by 15748@dellRed

[2017-06-05 23:42:23 #2 type] 
Type dao.config.Lote is not enhanced.

[2017-06-05 23:42:23 #3 type] 
Type dao.config.Establecimiento is not enhanced.

[2017-06-05 23:42:23 #4 type] 
Type dao.config.Empresa is not enhanced.

[2017-06-05 23:42:23 #5 type] 
Type dao.config.Fertilizante is not enhanced.

[2017-06-05 23:42:23 #6 type] 
Type dao.Poligono is not enhanced.

[2017-06-05 23:42:23 #7 type] 
Type dao.config.Semilla is not enhanced.

[2017-06-05 23:42:23 #8 type] 
Type dao.config.Cultivo is not enhanced.

[2017-06-05 23:42:23 #9 type] 
Type dao.config.Campania is not enhanced.

------------------------------------------------------------------------------------------------------------------------

[2017-06-05 23:52:46 #1 store] 
Database 'C:\Users\quero\AppData\Roaming\UrsulaGIS\$ursulaGIS.odb' is opened by 8764@dellRed

[2017-06-05 23:52:46 #2 type] 
Type dao.config.Lote is not enhanced.

[2017-06-05 23:52:46 #3 type] 
Type dao.config.Establecimiento is not enhanced.

[2017-06-05 23:52:46 #4 type] 
Type dao.config.Empresa is not enhanced.

[2017-06-05 23:52:46 #5 type] 
Type dao.config.Fertilizante is not enhanced.

[2017-06-05 23:52:46 #6 type] 
Type dao.Poligono is not enhanced.

[2017-06-05 23:52:46 #7 type] 
Type dao.config.Semilla is not enhanced.

[2017-06-05 23:52:46 #8 type] 
Type dao.config.Cultivo is not enhanced.

[2017-06-05 23:52:46 #9 type] 
Type dao.config.Campania is not enhanced.

------------------------------------------------------------------------------------------------------------------------

[2017-06-05 23:53:53 #1 store] 
Database 'C:\Users\quero\AppData\Roaming\UrsulaGIS\$ursulaGIS.odb' is opened by 15780@dellRed

[2017-06-05 23:53:53 #2 type.registry] 
New type dao.Poligono

[2017-06-05 23:53:53 #3 type] 
Type dao.Poligono is not enhanced.

[2017-06-05 23:53:53 #4 type.registry] 
New type gov.nasa.worldwind.avlist.AVList

[2017-06-05 23:53:53 #5 type.registry] 
New type gov.nasa.worldwind.event.MessageListener

[2017-06-05 23:53:53 #6 type.registry] 
New type gov.nasa.worldwind.WWObject

[2017-06-05 23:53:53 #7 type.registry] 
New type gov.nasa.worldwind.Disposable

[2017-06-05 23:53:53 #8 type.registry] 
New type gov.nasa.worldwind.Restorable

[2017-06-05 23:53:53 #9 type.registry] 
New type gov.nasa.worldwind.layers.Layer

[2017-06-05 23:53:53 #10 type.registry] 
New type gov.nasa.worldwind.geom.LatLon

[2017-06-05 23:53:53 #11 type.registry] 
New type gov.nasa.worldwind.geom.Position

------------------------------------------------------------------------------------------------------------------------

[2017-06-05 23:55:19 #1 store] 
Database 'C:\Users\quero\AppData\Roaming\UrsulaGIS\$ursulaGIS.odb' is opened by 9928@dellRed

[2017-06-05 23:55:20 #2 type] 
Type dao.config.Lote is not enhanced.

[2017-06-05 23:55:20 #3 type] 
Type dao.config.Establecimiento is not enhanced.

[2017-06-05 23:55:20 #4 type] 
Type dao.config.Empresa is not enhanced.

[2017-06-05 23:55:20 #5 type] 
Type dao.config.Fertilizante is not enhanced.

[2017-06-05 23:55:20 #6 type] 
Type dao.Poligono is not enhanced.

[2017-06-05 23:55:20 #7 type] 
Type dao.config.Semilla is not enhanced.

[2017-06-05 23:55:20 #8 type] 
Type dao.config.Cultivo is not enhanced.

[2017-06-05 23:55:20 #9 type] 
Type dao.config.Campania is not enhanced.

