------------------------------------------------------------------------------------------------------------------------

[2017-06-01 00:56:37 #1 store] 
Database 'C:\Users\quero\AppData\Roaming\$ursulaGIS.odb' has been recovered (tr. 32-35)

[2017-06-01 00:56:37 #2 store] 
Database 'C:\Users\quero\AppData\Roaming\$ursulaGIS.odb' is opened by 10964@dellRed

[2017-06-01 00:56:38 #3 type] 
Type dao.config.Lote is not enhanced.

[2017-06-01 00:56:38 #4 type] 
Type dao.config.Establecimiento is not enhanced.

[2017-06-01 00:56:38 #5 type] 
Type dao.config.Empresa is not enhanced.

[2017-06-01 00:56:38 #6 type] 
Type dao.config.Fertilizante is not enhanced.

[2017-06-01 00:56:38 #7 type] 
Type dao.Poligono is not enhanced.

------------------------------------------------------------------------------------------------------------------------

[2017-06-01 01:15:16 #1 store] 
Database 'C:\Users\quero\AppData\Roaming\$ursulaGIS.odb' has been recovered (tr. 36-37)

[2017-06-01 01:15:16 #2 store] 
Database 'C:\Users\quero\AppData\Roaming\$ursulaGIS.odb' is opened by 192@dellRed

[2017-06-01 01:15:16 #3 type] 
Type dao.config.Lote is not enhanced.

[2017-06-01 01:15:16 #4 type] 
Type dao.config.Establecimiento is not enhanced.

[2017-06-01 01:15:16 #5 type] 
Type dao.config.Empresa is not enhanced.

[2017-06-01 01:15:16 #6 type] 
Type dao.config.Fertilizante is not enhanced.

[2017-06-01 01:15:16 #7 type] 
Type dao.Poligono is not enhanced.

------------------------------------------------------------------------------------------------------------------------

[2017-06-01 02:00:36 #1 store] 
Database 'C:\Users\quero\AppData\Roaming\$ursulaGIS.odb' has been recovered (tr. 38-38)

[2017-06-01 02:00:36 #2 store] 
Database 'C:\Users\quero\AppData\Roaming\$ursulaGIS.odb' is opened by 10888@dellRed

[2017-06-01 02:00:36 #3 type] 
Type dao.config.Lote is not enhanced.

[2017-06-01 02:00:36 #4 type] 
Type dao.config.Establecimiento is not enhanced.

[2017-06-01 02:00:36 #5 type] 
Type dao.config.Empresa is not enhanced.

[2017-06-01 02:00:36 #6 type] 
Type dao.config.Fertilizante is not enhanced.

[2017-06-01 02:00:36 #7 type] 
Type dao.Poligono is not enhanced.

------------------------------------------------------------------------------------------------------------------------

[2017-06-01 02:04:52 #1 store] 
Database 'C:\Users\quero\AppData\Roaming\$ursulaGIS.odb' has been recovered (tr. 39-39)

[2017-06-01 02:04:52 #2 store] 
Database 'C:\Users\quero\AppData\Roaming\$ursulaGIS.odb' is opened by 13904@dellRed

[2017-06-01 02:04:52 #3 type] 
Type dao.config.Lote is not enhanced.

[2017-06-01 02:04:52 #4 type] 
Type dao.config.Establecimiento is not enhanced.

[2017-06-01 02:04:52 #5 type] 
Type dao.config.Empresa is not enhanced.

[2017-06-01 02:04:52 #6 type] 
Type dao.config.Fertilizante is not enhanced.

[2017-06-01 02:04:52 #7 type] 
Type dao.Poligono is not enhanced.

------------------------------------------------------------------------------------------------------------------------

[2017-06-01 02:06:37 #1 store] 
Database 'C:\Users\quero\AppData\Roaming\$ursulaGIS.odb' is opened by 13132@dellRed

[2017-06-01 02:06:37 #2 type] 
Type dao.config.Lote is not enhanced.

[2017-06-01 02:06:37 #3 type] 
Type dao.config.Establecimiento is not enhanced.

[2017-06-01 02:06:37 #4 type] 
Type dao.config.Empresa is not enhanced.

[2017-06-01 02:06:37 #5 type] 
Type dao.config.Fertilizante is not enhanced.

[2017-06-01 02:06:37 #6 type] 
Type dao.Poligono is not enhanced.

------------------------------------------------------------------------------------------------------------------------

[2017-06-01 02:10:29 #1 store] 
Database 'C:\Users\quero\AppData\Roaming\$ursulaGIS.odb' is opened by 13532@dellRed

[2017-06-01 02:10:30 #2 type] 
Type dao.config.Lote is not enhanced.

[2017-06-01 02:10:30 #3 type] 
Type dao.config.Establecimiento is not enhanced.

[2017-06-01 02:10:30 #4 type] 
Type dao.config.Empresa is not enhanced.

[2017-06-01 02:10:30 #5 type] 
Type dao.config.Fertilizante is not enhanced.

[2017-06-01 02:10:30 #6 type] 
Type dao.Poligono is not enhanced.

------------------------------------------------------------------------------------------------------------------------

[2017-06-01 02:13:58 #1 store] 
Database 'C:\Users\quero\AppData\Roaming\$ursulaGIS.odb' is opened by 3632@dellRed

[2017-06-01 02:13:58 #2 type] 
Type dao.config.Lote is not enhanced.

[2017-06-01 02:13:58 #3 type] 
Type dao.config.Establecimiento is not enhanced.

[2017-06-01 02:13:58 #4 type] 
Type dao.config.Empresa is not enhanced.

[2017-06-01 02:13:58 #5 type] 
Type dao.config.Fertilizante is not enhanced.

[2017-06-01 02:13:58 #6 type] 
Type dao.Poligono is not enhanced.

------------------------------------------------------------------------------------------------------------------------

[2017-06-01 02:14:20 #1 store] 
Database 'C:\Users\quero\AppData\Roaming\$ursulaGIS.odb' has been recovered (tr. 40-43)

[2017-06-01 02:14:20 #2 store] 
Database 'C:\Users\quero\AppData\Roaming\$ursulaGIS.odb' is opened by 12420@dellRed

[2017-06-01 02:14:20 #3 type] 
Type dao.config.Lote is not enhanced.

[2017-06-01 02:14:20 #4 type] 
Type dao.config.Establecimiento is not enhanced.

[2017-06-01 02:14:20 #5 type] 
Type dao.config.Empresa is not enhanced.

[2017-06-01 02:14:20 #6 type] 
Type dao.config.Fertilizante is not enhanced.

[2017-06-01 02:14:20 #7 type] 
Type dao.Poligono is not enhanced.

------------------------------------------------------------------------------------------------------------------------

[2017-06-01 02:14:34 #1 store] 
Database 'C:\Users\quero\AppData\Roaming\$ursulaGIS.odb' is opened by 2136@dellRed

[2017-06-01 02:14:35 #2 type] 
Type dao.config.Lote is not enhanced.

[2017-06-01 02:14:35 #3 type] 
Type dao.config.Establecimiento is not enhanced.

[2017-06-01 02:14:35 #4 type] 
Type dao.config.Empresa is not enhanced.

[2017-06-01 02:14:35 #5 type] 
Type dao.config.Fertilizante is not enhanced.

[2017-06-01 02:14:35 #6 type] 
Type dao.Poligono is not enhanced.

------------------------------------------------------------------------------------------------------------------------

[2017-06-01 02:15:00 #1 store] 
Database 'C:\Users\quero\AppData\Roaming\$ursulaGIS.odb' has been recovered (tr. 44-44)

[2017-06-01 02:15:00 #2 store] 
Database 'C:\Users\quero\AppData\Roaming\$ursulaGIS.odb' is opened by 15000@dellRed

[2017-06-01 02:15:00 #3 type] 
Type dao.config.Lote is not enhanced.

[2017-06-01 02:15:00 #4 type] 
Type dao.config.Establecimiento is not enhanced.

[2017-06-01 02:15:00 #5 type] 
Type dao.config.Empresa is not enhanced.

[2017-06-01 02:15:00 #6 type] 
Type dao.config.Fertilizante is not enhanced.

[2017-06-01 02:15:00 #7 type] 
Type dao.Poligono is not enhanced.

------------------------------------------------------------------------------------------------------------------------

[2017-06-01 02:15:54 #1 store] 
Database 'C:\Users\quero\AppData\Roaming\$ursulaGIS.odb' has been recovered (tr. 45-45)

[2017-06-01 02:15:54 #2 store] 
Database 'C:\Users\quero\AppData\Roaming\$ursulaGIS.odb' is opened by 1688@dellRed

[2017-06-01 02:15:54 #3 type] 
Type dao.config.Lote is not enhanced.

[2017-06-01 02:15:54 #4 type] 
Type dao.config.Establecimiento is not enhanced.

[2017-06-01 02:15:54 #5 type] 
Type dao.config.Empresa is not enhanced.

[2017-06-01 02:15:54 #6 type] 
Type dao.config.Fertilizante is not enhanced.

[2017-06-01 02:15:54 #7 type] 
Type dao.Poligono is not enhanced.

------------------------------------------------------------------------------------------------------------------------

[2017-06-01 02:20:04 #1 store] 
Database 'C:\Users\quero\AppData\Roaming\$ursulaGIS.odb' has been recovered (tr. 46-58)

[2017-06-01 02:20:04 #2 store] 
Database 'C:\Users\quero\AppData\Roaming\$ursulaGIS.odb' is opened by 12360@dellRed

[2017-06-01 02:20:04 #3 type] 
Type dao.config.Lote is not enhanced.

[2017-06-01 02:20:04 #4 type] 
Type dao.config.Establecimiento is not enhanced.

[2017-06-01 02:20:04 #5 type] 
Type dao.config.Empresa is not enhanced.

[2017-06-01 02:20:04 #6 type] 
Type dao.config.Fertilizante is not enhanced.

[2017-06-01 02:20:04 #7 type] 
Type dao.Poligono is not enhanced.

------------------------------------------------------------------------------------------------------------------------

[2017-06-01 02:24:21 #1 store] 
Database 'C:\Users\quero\AppData\Roaming\$ursulaGIS.odb' is opened by 13664@dellRed

[2017-06-01 02:24:21 #2 type] 
Type dao.config.Lote is not enhanced.

[2017-06-01 02:24:21 #3 type] 
Type dao.config.Establecimiento is not enhanced.

[2017-06-01 02:24:21 #4 type] 
Type dao.config.Empresa is not enhanced.

[2017-06-01 02:24:21 #5 type] 
Type dao.config.Fertilizante is not enhanced.

[2017-06-01 02:24:21 #6 type] 
Type dao.Poligono is not enhanced.

------------------------------------------------------------------------------------------------------------------------

[2017-06-01 02:31:43 #1 store] 
Database 'C:\Users\quero\AppData\Roaming\$ursulaGIS.odb' is opened by 11524@dellRed

[2017-06-01 02:31:43 #2 type] 
Type dao.config.Lote is not enhanced.

[2017-06-01 02:31:43 #3 type] 
Type dao.config.Establecimiento is not enhanced.

[2017-06-01 02:31:43 #4 type] 
Type dao.config.Empresa is not enhanced.

[2017-06-01 02:31:43 #5 type] 
Type dao.config.Fertilizante is not enhanced.

[2017-06-01 02:31:43 #6 type] 
Type dao.Poligono is not enhanced.

------------------------------------------------------------------------------------------------------------------------

[2017-06-01 15:24:46 #1 store] 
Database 'C:\Users\quero\AppData\Roaming\$ursulaGIS.odb' has been recovered (tr. 59-71)

[2017-06-01 15:24:46 #2 store] 
Database 'C:\Users\quero\AppData\Roaming\$ursulaGIS.odb' is opened by 3740@dellRed

[2017-06-01 15:24:46 #3 type] 
Type dao.config.Lote is not enhanced.

[2017-06-01 15:24:46 #4 type] 
Type dao.config.Establecimiento is not enhanced.

[2017-06-01 15:24:46 #5 type] 
Type dao.config.Empresa is not enhanced.

[2017-06-01 15:24:46 #6 type] 
Type dao.config.Fertilizante is not enhanced.

[2017-06-01 15:24:46 #7 type] 
Type dao.Poligono is not enhanced.

------------------------------------------------------------------------------------------------------------------------

[2017-06-01 15:25:10 #1 store] 
Database 'C:\Users\quero\AppData\Roaming\$ursulaGIS.odb' has been recovered (tr. 72-72)

[2017-06-01 15:25:10 #2 store] 
Database 'C:\Users\quero\AppData\Roaming\$ursulaGIS.odb' is opened by 12160@dellRed

[2017-06-01 15:25:10 #3 type] 
Type dao.config.Lote is not enhanced.

[2017-06-01 15:25:10 #4 type] 
Type dao.config.Establecimiento is not enhanced.

[2017-06-01 15:25:10 #5 type] 
Type dao.config.Empresa is not enhanced.

[2017-06-01 15:25:10 #6 type] 
Type dao.config.Fertilizante is not enhanced.

[2017-06-01 15:25:11 #7 type] 
Type dao.Poligono is not enhanced.

------------------------------------------------------------------------------------------------------------------------

[2017-06-01 15:26:23 #1 store] 
Database 'C:\Users\quero\AppData\Roaming\$ursulaGIS.odb' is opened by 14896@dellRed

[2017-06-01 15:26:23 #2 type] 
Type dao.config.Lote is not enhanced.

[2017-06-01 15:26:23 #3 type] 
Type dao.config.Establecimiento is not enhanced.

[2017-06-01 15:26:23 #4 type] 
Type dao.config.Empresa is not enhanced.

[2017-06-01 15:26:23 #5 type] 
Type dao.config.Fertilizante is not enhanced.

[2017-06-01 15:26:23 #6 type] 
Type dao.Poligono is not enhanced.

------------------------------------------------------------------------------------------------------------------------

[2017-06-01 15:26:56 #1 store] 
Database 'C:\Users\quero\AppData\Roaming\$ursulaGIS.odb' has been recovered (tr. 73-73)

[2017-06-01 15:26:56 #2 store] 
Database 'C:\Users\quero\AppData\Roaming\$ursulaGIS.odb' is opened by 4520@dellRed

[2017-06-01 15:26:56 #3 type] 
Type dao.config.Lote is not enhanced.

[2017-06-01 15:26:56 #4 type] 
Type dao.config.Establecimiento is not enhanced.

[2017-06-01 15:26:56 #5 type] 
Type dao.config.Empresa is not enhanced.

[2017-06-01 15:26:56 #6 type] 
Type dao.config.Fertilizante is not enhanced.

[2017-06-01 15:26:56 #7 type] 
Type dao.Poligono is not enhanced.

------------------------------------------------------------------------------------------------------------------------

[2017-06-01 15:28:11 #1 store] 
Database 'C:\Users\quero\AppData\Roaming\$ursulaGIS.odb' is opened by 3012@dellRed

[2017-06-01 15:28:11 #2 type] 
Type dao.config.Lote is not enhanced.

[2017-06-01 15:28:11 #3 type] 
Type dao.config.Establecimiento is not enhanced.

[2017-06-01 15:28:11 #4 type] 
Type dao.config.Empresa is not enhanced.

[2017-06-01 15:28:11 #5 type] 
Type dao.config.Fertilizante is not enhanced.

[2017-06-01 15:28:12 #6 type] 
Type dao.Poligono is not enhanced.

------------------------------------------------------------------------------------------------------------------------

[2017-06-01 15:40:04 #1 store] 
Database 'C:\Users\quero\AppData\Roaming\$ursulaGIS.odb' is opened by 16336@dellRed

[2017-06-01 15:40:04 #2 type] 
Type dao.config.Lote is not enhanced.

[2017-06-01 15:40:04 #3 type] 
Type dao.config.Establecimiento is not enhanced.

[2017-06-01 15:40:04 #4 type] 
Type dao.config.Empresa is not enhanced.

[2017-06-01 15:40:04 #5 type] 
Type dao.config.Fertilizante is not enhanced.

[2017-06-01 15:40:04 #6 type] 
Type dao.Poligono is not enhanced.

------------------------------------------------------------------------------------------------------------------------

[2017-06-01 15:44:19 #1 store] 
Database 'C:\Users\quero\AppData\Roaming\$ursulaGIS.odb' has been recovered (tr. 74-74)

[2017-06-01 15:44:19 #2 store] 
Database 'C:\Users\quero\AppData\Roaming\$ursulaGIS.odb' is opened by 12400@dellRed

[2017-06-01 15:44:19 #3 type] 
Type dao.config.Lote is not enhanced.

[2017-06-01 15:44:19 #4 type] 
Type dao.config.Establecimiento is not enhanced.

[2017-06-01 15:44:19 #5 type] 
Type dao.config.Empresa is not enhanced.

[2017-06-01 15:44:19 #6 type] 
Type dao.config.Fertilizante is not enhanced.

[2017-06-01 15:44:19 #7 type] 
Type dao.Poligono is not enhanced.

------------------------------------------------------------------------------------------------------------------------

[2017-06-01 15:45:10 #1 store] 
Database 'C:\Users\quero\AppData\Roaming\$ursulaGIS.odb' is opened by 10580@dellRed

[2017-06-01 15:45:10 #2 type] 
Type dao.config.Lote is not enhanced.

[2017-06-01 15:45:10 #3 type] 
Type dao.config.Establecimiento is not enhanced.

[2017-06-01 15:45:10 #4 type] 
Type dao.config.Empresa is not enhanced.

[2017-06-01 15:45:11 #5 type] 
Type dao.config.Fertilizante is not enhanced.

[2017-06-01 15:45:11 #6 type] 
Type dao.Poligono is not enhanced.

------------------------------------------------------------------------------------------------------------------------

[2017-06-01 15:57:04 #1 store] 
Database 'C:\Users\quero\AppData\Roaming\$ursulaGIS.odb' is opened by 13772@dellRed

[2017-06-01 15:57:04 #2 type] 
Type dao.config.Lote is not enhanced.

[2017-06-01 15:57:04 #3 type] 
Type dao.config.Establecimiento is not enhanced.

[2017-06-01 15:57:04 #4 type] 
Type dao.config.Empresa is not enhanced.

[2017-06-01 15:57:04 #5 type] 
Type dao.config.Fertilizante is not enhanced.

[2017-06-01 15:57:04 #6 type] 
Type dao.Poligono is not enhanced.

------------------------------------------------------------------------------------------------------------------------

[2017-06-01 16:14:10 #1 store] 
Database 'C:\Users\quero\AppData\Roaming\$ursulaGIS.odb' has been recovered (tr. 75-75)

[2017-06-01 16:14:10 #2 store] 
Database 'C:\Users\quero\AppData\Roaming\$ursulaGIS.odb' is opened by 5228@dellRed

[2017-06-01 16:14:10 #3 type] 
Type dao.config.Lote is not enhanced.

[2017-06-01 16:14:10 #4 type] 
Type dao.config.Establecimiento is not enhanced.

[2017-06-01 16:14:10 #5 type] 
Type dao.config.Empresa is not enhanced.

[2017-06-01 16:14:10 #6 type] 
Type dao.config.Fertilizante is not enhanced.

[2017-06-01 16:14:10 #7 type] 
Type dao.Poligono is not enhanced.

------------------------------------------------------------------------------------------------------------------------

[2017-06-01 16:21:56 #1 store] 
Database 'C:\Users\quero\AppData\Roaming\$ursulaGIS.odb' has been recovered (tr. 76-76)

[2017-06-01 16:21:56 #2 store] 
Database 'C:\Users\quero\AppData\Roaming\$ursulaGIS.odb' is opened by 5064@dellRed

[2017-06-01 16:21:56 #3 type] 
Type dao.config.Lote is not enhanced.

[2017-06-01 16:21:56 #4 type] 
Type dao.config.Establecimiento is not enhanced.

[2017-06-01 16:21:56 #5 type] 
Type dao.config.Empresa is not enhanced.

[2017-06-01 16:21:56 #6 type] 
Type dao.config.Fertilizante is not enhanced.

[2017-06-01 16:21:56 #7 type] 
Type dao.Poligono is not enhanced.

------------------------------------------------------------------------------------------------------------------------

[2017-06-01 16:24:59 #1 store] 
Database 'C:\Users\quero\AppData\Roaming\$ursulaGIS.odb' has been recovered (tr. 77-80)

[2017-06-01 16:24:59 #2 store] 
Database 'C:\Users\quero\AppData\Roaming\$ursulaGIS.odb' is opened by 8360@dellRed

[2017-06-01 16:24:59 #3 type] 
Type dao.config.Lote is not enhanced.

[2017-06-01 16:24:59 #4 type] 
Type dao.config.Establecimiento is not enhanced.

[2017-06-01 16:24:59 #5 type] 
Type dao.config.Empresa is not enhanced.

[2017-06-01 16:24:59 #6 type] 
Type dao.config.Fertilizante is not enhanced.

[2017-06-01 16:24:59 #7 type] 
Type dao.Poligono is not enhanced.

------------------------------------------------------------------------------------------------------------------------

[2017-06-01 16:30:01 #1 store] 
Database 'C:\Users\quero\AppData\Roaming\$ursulaGIS.odb' is opened by 6952@dellRed

[2017-06-01 16:30:01 #2 type] 
Type dao.config.Lote is not enhanced.

[2017-06-01 16:30:01 #3 type] 
Type dao.config.Establecimiento is not enhanced.

[2017-06-01 16:30:01 #4 type] 
Type dao.config.Empresa is not enhanced.

[2017-06-01 16:30:01 #5 type] 
Type dao.config.Fertilizante is not enhanced.

[2017-06-01 16:30:01 #6 type] 
Type dao.Poligono is not enhanced.

------------------------------------------------------------------------------------------------------------------------

[2017-06-01 16:32:08 #1 store] 
Database 'C:\Users\quero\AppData\Roaming\$ursulaGIS.odb' is opened by 11220@dellRed

[2017-06-01 16:32:09 #2 type] 
Type dao.config.Lote is not enhanced.

[2017-06-01 16:32:09 #3 type] 
Type dao.config.Establecimiento is not enhanced.

[2017-06-01 16:32:09 #4 type] 
Type dao.config.Empresa is not enhanced.

[2017-06-01 16:32:09 #5 type] 
Type dao.config.Fertilizante is not enhanced.

[2017-06-01 16:32:09 #6 type] 
Type dao.Poligono is not enhanced.

------------------------------------------------------------------------------------------------------------------------

[2017-06-01 16:34:45 #1 store] 
Database 'C:\Users\quero\AppData\Roaming\$ursulaGIS.odb' is opened by 11996@dellRed

[2017-06-01 16:34:45 #2 type] 
Type dao.config.Lote is not enhanced.

[2017-06-01 16:34:45 #3 type] 
Type dao.config.Establecimiento is not enhanced.

[2017-06-01 16:34:45 #4 type] 
Type dao.config.Empresa is not enhanced.

[2017-06-01 16:34:45 #5 type] 
Type dao.config.Fertilizante is not enhanced.

[2017-06-01 16:34:45 #6 type] 
Type dao.Poligono is not enhanced.

------------------------------------------------------------------------------------------------------------------------

[2017-06-01 16:39:26 #1 store] 
Database 'C:\Users\quero\AppData\Roaming\$ursulaGIS.odb' is opened by 14896@dellRed

[2017-06-01 16:39:26 #2 type] 
Type dao.config.Lote is not enhanced.

[2017-06-01 16:39:26 #3 type] 
Type dao.config.Establecimiento is not enhanced.

[2017-06-01 16:39:26 #4 type] 
Type dao.config.Empresa is not enhanced.

[2017-06-01 16:39:26 #5 type] 
Type dao.config.Fertilizante is not enhanced.

[2017-06-01 16:39:26 #6 type] 
Type dao.Poligono is not enhanced.

------------------------------------------------------------------------------------------------------------------------

[2017-06-01 17:03:03 #1 store] 
Database 'C:\Users\quero\AppData\Roaming\$ursulaGIS.odb' is opened by 8360@dellRed

[2017-06-01 17:03:03 #2 type] 
Type dao.config.Lote is not enhanced.

[2017-06-01 17:03:03 #3 type] 
Type dao.config.Establecimiento is not enhanced.

[2017-06-01 17:03:03 #4 type] 
Type dao.config.Empresa is not enhanced.

[2017-06-01 17:03:03 #5 type] 
Type dao.config.Fertilizante is not enhanced.

[2017-06-01 17:03:03 #6 type] 
Type dao.Poligono is not enhanced.

------------------------------------------------------------------------------------------------------------------------

[2017-06-01 17:11:05 #1 store] 
Database 'C:\Users\quero\AppData\Roaming\$ursulaGIS.odb' has been recovered (tr. 81-83)

[2017-06-01 17:11:06 #2 store] 
Database 'C:\Users\quero\AppData\Roaming\$ursulaGIS.odb' is opened by 13264@dellRed

[2017-06-01 17:11:06 #3 type] 
Type dao.config.Lote is not enhanced.

[2017-06-01 17:11:06 #4 type] 
Type dao.config.Establecimiento is not enhanced.

[2017-06-01 17:11:06 #5 type] 
Type dao.config.Empresa is not enhanced.

[2017-06-01 17:11:06 #6 type] 
Type dao.config.Fertilizante is not enhanced.

[2017-06-01 17:11:06 #7 type] 
Type dao.Poligono is not enhanced.

------------------------------------------------------------------------------------------------------------------------

[2017-06-01 17:21:20 #1 store] 
Database 'C:\Users\quero\AppData\Roaming\$ursulaGIS.odb' is opened by 13640@dellRed

[2017-06-01 17:21:20 #2 type] 
Type dao.config.Lote is not enhanced.

[2017-06-01 17:21:20 #3 type] 
Type dao.config.Establecimiento is not enhanced.

[2017-06-01 17:21:20 #4 type] 
Type dao.config.Empresa is not enhanced.

[2017-06-01 17:21:20 #5 type] 
Type dao.config.Fertilizante is not enhanced.

[2017-06-01 17:21:20 #6 type] 
Type dao.Poligono is not enhanced.

------------------------------------------------------------------------------------------------------------------------

[2017-06-01 17:23:15 #1 store] 
Database 'C:\Users\quero\AppData\Roaming\$ursulaGIS.odb' has been recovered (tr. 84-85)

[2017-06-01 17:23:15 #2 store] 
Database 'C:\Users\quero\AppData\Roaming\$ursulaGIS.odb' is opened by 6020@dellRed

[2017-06-01 17:23:15 #3 type] 
Type dao.config.Lote is not enhanced.

[2017-06-01 17:23:15 #4 type] 
Type dao.config.Establecimiento is not enhanced.

[2017-06-01 17:23:15 #5 type] 
Type dao.config.Empresa is not enhanced.

[2017-06-01 17:23:15 #6 type] 
Type dao.config.Fertilizante is not enhanced.

[2017-06-01 17:23:15 #7 type] 
Type dao.Poligono is not enhanced.

------------------------------------------------------------------------------------------------------------------------

[2017-06-01 17:37:59 #1 store] 
Database 'C:\Users\quero\AppData\Roaming\$ursulaGIS.odb' is opened by 13032@dellRed

[2017-06-01 17:37:59 #2 type] 
Type dao.config.Lote is not enhanced.

[2017-06-01 17:37:59 #3 type] 
Type dao.config.Establecimiento is not enhanced.

[2017-06-01 17:37:59 #4 type] 
Type dao.config.Empresa is not enhanced.

[2017-06-01 17:37:59 #5 type] 
Type dao.config.Fertilizante is not enhanced.

[2017-06-01 17:37:59 #6 type] 
Type dao.Poligono is not enhanced.

------------------------------------------------------------------------------------------------------------------------

[2017-06-01 17:39:45 #1 store] 
Database 'C:\Users\quero\AppData\Roaming\$ursulaGIS.odb' has been recovered (tr. 86-86)

[2017-06-01 17:39:45 #2 store] 
Database 'C:\Users\quero\AppData\Roaming\$ursulaGIS.odb' is opened by 15160@dellRed

[2017-06-01 17:39:45 #3 type] 
Type dao.config.Lote is not enhanced.

[2017-06-01 17:39:45 #4 type] 
Type dao.config.Establecimiento is not enhanced.

[2017-06-01 17:39:45 #5 type] 
Type dao.config.Empresa is not enhanced.

[2017-06-01 17:39:45 #6 type] 
Type dao.config.Fertilizante is not enhanced.

[2017-06-01 17:39:46 #7 type] 
Type dao.Poligono is not enhanced.

------------------------------------------------------------------------------------------------------------------------

[2017-06-01 17:53:17 #1 store] 
Database 'C:\Users\quero\AppData\Roaming\$ursulaGIS.odb' has been recovered (tr. 87-87)

[2017-06-01 17:53:17 #2 store] 
Database 'C:\Users\quero\AppData\Roaming\$ursulaGIS.odb' is opened by 14356@dellRed

[2017-06-01 17:53:17 #3 type] 
Type dao.config.Lote is not enhanced.

[2017-06-01 17:53:17 #4 type] 
Type dao.config.Establecimiento is not enhanced.

[2017-06-01 17:53:17 #5 type] 
Type dao.config.Empresa is not enhanced.

[2017-06-01 17:53:17 #6 type] 
Type dao.config.Fertilizante is not enhanced.

[2017-06-01 17:53:17 #7 type] 
Type dao.Poligono is not enhanced.

------------------------------------------------------------------------------------------------------------------------

[2017-06-01 17:55:42 #1 store] 
Database 'C:\Users\quero\AppData\Roaming\$ursulaGIS.odb' has been recovered (tr. 88-88)

[2017-06-01 17:55:43 #2 store] 
Database 'C:\Users\quero\AppData\Roaming\$ursulaGIS.odb' is opened by 1732@dellRed

[2017-06-01 17:55:43 #3 type] 
Type dao.config.Lote is not enhanced.

[2017-06-01 17:55:43 #4 type] 
Type dao.config.Establecimiento is not enhanced.

[2017-06-01 17:55:43 #5 type] 
Type dao.config.Empresa is not enhanced.

[2017-06-01 17:55:43 #6 type] 
Type dao.config.Fertilizante is not enhanced.

[2017-06-01 17:55:43 #7 type] 
Type dao.Poligono is not enhanced.

------------------------------------------------------------------------------------------------------------------------

[2017-06-01 17:57:39 #1 store] 
Database 'C:\Users\quero\AppData\Roaming\$ursulaGIS.odb' has been recovered (tr. 89-90)

[2017-06-01 17:57:39 #2 store] 
Database 'C:\Users\quero\AppData\Roaming\$ursulaGIS.odb' is opened by 11372@dellRed

[2017-06-01 17:57:39 #3 type] 
Type dao.config.Lote is not enhanced.

[2017-06-01 17:57:39 #4 type] 
Type dao.config.Establecimiento is not enhanced.

[2017-06-01 17:57:39 #5 type] 
Type dao.config.Empresa is not enhanced.

[2017-06-01 17:57:39 #6 type] 
Type dao.config.Fertilizante is not enhanced.

[2017-06-01 17:57:39 #7 type] 
Type dao.Poligono is not enhanced.

------------------------------------------------------------------------------------------------------------------------

[2017-06-01 18:03:35 #1 store] 
Database 'C:\Users\quero\AppData\Roaming\$ursulaGIS.odb' is opened by 14592@dellRed

[2017-06-01 18:03:35 #2 type] 
Type dao.config.Lote is not enhanced.

[2017-06-01 18:03:35 #3 type] 
Type dao.config.Establecimiento is not enhanced.

[2017-06-01 18:03:35 #4 type] 
Type dao.config.Empresa is not enhanced.

[2017-06-01 18:03:35 #5 type] 
Type dao.config.Fertilizante is not enhanced.

[2017-06-01 18:03:35 #6 type] 
Type dao.Poligono is not enhanced.

------------------------------------------------------------------------------------------------------------------------

[2017-06-01 18:04:41 #1 store] 
Database 'C:\Users\quero\AppData\Roaming\$ursulaGIS.odb' has been recovered (tr. 91-91)

[2017-06-01 18:04:41 #2 store] 
Database 'C:\Users\quero\AppData\Roaming\$ursulaGIS.odb' is opened by 15060@dellRed

[2017-06-01 18:04:41 #3 type] 
Type dao.config.Lote is not enhanced.

[2017-06-01 18:04:41 #4 type] 
Type dao.config.Establecimiento is not enhanced.

[2017-06-01 18:04:41 #5 type] 
Type dao.config.Empresa is not enhanced.

[2017-06-01 18:04:41 #6 type] 
Type dao.config.Fertilizante is not enhanced.

[2017-06-01 18:04:41 #7 type] 
Type dao.Poligono is not enhanced.

[2017-06-01 18:07:57 #8 type.registry] 
New type dao.config.Semilla

[2017-06-01 18:07:57 #9 type] 
Type dao.config.Semilla is not enhanced.

[2017-06-01 18:07:57 #10 type.registry] 
New type javafx.beans.Observable

[2017-06-01 18:07:57 #11 type.registry] 
New type javafx.beans.value.ObservableValue

[2017-06-01 18:07:57 #12 type.registry] 
New type javafx.beans.property.ReadOnlyProperty

[2017-06-01 18:07:57 #13 type.registry] 
New type javafx.beans.value.WritableValue

[2017-06-01 18:07:57 #14 type.registry] 
New type javafx.beans.property.Property

[2017-06-01 18:07:57 #15 type.registry] 
New type javafx.beans.value.ObservableObjectValue

[2017-06-01 18:07:57 #16 type.registry] 
New type javafx.beans.value.ObservableStringValue

[2017-06-01 18:07:57 #17 type.registry] 
New type javafx.beans.binding.StringExpression

[2017-06-01 18:07:57 #18 type.registry] 
New type javafx.beans.property.ReadOnlyStringProperty

[2017-06-01 18:07:57 #19 type.registry] 
New type javafx.beans.value.WritableObjectValue

[2017-06-01 18:07:57 #20 type.registry] 
New type javafx.beans.value.WritableStringValue

[2017-06-01 18:07:57 #21 type.registry] 
New type javafx.beans.property.StringProperty

[2017-06-01 18:07:57 #22 type.registry] 
New type javafx.beans.property.StringPropertyBase

[2017-06-01 18:07:57 #23 type.registry] 
New type javafx.beans.property.SimpleStringProperty

[2017-06-01 18:07:57 #24 type.registry] 
New type javafx.beans.binding.ObjectExpression

[2017-06-01 18:07:57 #25 type.registry] 
New type javafx.beans.property.ReadOnlyObjectProperty

[2017-06-01 18:07:57 #26 type.registry] 
New type javafx.beans.property.ObjectProperty

[2017-06-01 18:07:57 #27 type.registry] 
New type javafx.beans.property.ObjectPropertyBase

[2017-06-01 18:07:57 #28 type.registry] 
New type javafx.beans.property.SimpleObjectProperty

------------------------------------------------------------------------------------------------------------------------

[2017-06-01 18:10:53 #1 store] 
Database 'C:\Users\quero\AppData\Roaming\$ursulaGIS.odb' has been recovered (tr. 92-96)

[2017-06-01 18:10:54 #2 store] 
Database 'C:\Users\quero\AppData\Roaming\$ursulaGIS.odb' is opened by 10952@dellRed

[2017-06-01 18:10:54 #3 type] 
Type dao.config.Lote is not enhanced.

[2017-06-01 18:10:54 #4 type] 
Type dao.config.Establecimiento is not enhanced.

[2017-06-01 18:10:54 #5 type] 
Type dao.config.Empresa is not enhanced.

[2017-06-01 18:10:54 #6 type] 
Type dao.config.Fertilizante is not enhanced.

[2017-06-01 18:10:54 #7 type] 
Type dao.Poligono is not enhanced.

[2017-06-01 18:10:54 #8 type] 
Type dao.config.Semilla is not enhanced.

[2017-06-01 18:10:54 #9 type.registry] 
New type dao.config.Cultivo

[2017-06-01 18:10:54 #10 type] 
Type dao.config.Cultivo is not enhanced.

------------------------------------------------------------------------------------------------------------------------

[2017-06-01 18:11:53 #1 store] 
Database 'C:\Users\quero\AppData\Roaming\$ursulaGIS.odb' has been recovered (tr. 97-97)

[2017-06-01 18:11:53 #2 store] 
Database 'C:\Users\quero\AppData\Roaming\$ursulaGIS.odb' is opened by 6796@dellRed

[2017-06-01 18:11:53 #3 type] 
Type dao.config.Lote is not enhanced.

[2017-06-01 18:11:53 #4 type] 
Type dao.config.Establecimiento is not enhanced.

[2017-06-01 18:11:53 #5 type] 
Type dao.config.Empresa is not enhanced.

[2017-06-01 18:11:53 #6 type] 
Type dao.config.Fertilizante is not enhanced.

[2017-06-01 18:11:53 #7 type] 
Type dao.Poligono is not enhanced.

[2017-06-01 18:11:53 #8 type] 
Type dao.config.Semilla is not enhanced.

[2017-06-01 18:11:53 #9 type] 
Type dao.config.Cultivo is not enhanced.

------------------------------------------------------------------------------------------------------------------------

[2017-06-01 18:12:29 #1 store] 
Database 'C:\Users\quero\AppData\Roaming\$ursulaGIS.odb' has been recovered (tr. 98-99)

[2017-06-01 18:12:29 #2 store] 
Database 'C:\Users\quero\AppData\Roaming\$ursulaGIS.odb' is opened by 1584@dellRed

[2017-06-01 18:12:29 #3 type] 
Type dao.config.Lote is not enhanced.

[2017-06-01 18:12:29 #4 type] 
Type dao.config.Establecimiento is not enhanced.

[2017-06-01 18:12:29 #5 type] 
Type dao.config.Empresa is not enhanced.

[2017-06-01 18:12:29 #6 type] 
Type dao.config.Fertilizante is not enhanced.

[2017-06-01 18:12:29 #7 type] 
Type dao.Poligono is not enhanced.

[2017-06-01 18:12:29 #8 type] 
Type dao.config.Semilla is not enhanced.

[2017-06-01 18:12:29 #9 type] 
Type dao.config.Cultivo is not enhanced.

------------------------------------------------------------------------------------------------------------------------

[2017-06-01 18:33:31 #1 store] 
Database 'C:\Users\quero\AppData\Roaming\$ursulaGIS.odb' is opened by 13440@dellRed

[2017-06-01 18:33:31 #2 type] 
Type dao.config.Lote is not enhanced.

[2017-06-01 18:33:31 #3 type] 
Type dao.config.Establecimiento is not enhanced.

[2017-06-01 18:33:31 #4 type] 
Type dao.config.Empresa is not enhanced.

[2017-06-01 18:33:31 #5 type] 
Type dao.config.Fertilizante is not enhanced.

[2017-06-01 18:33:31 #6 type] 
Type dao.Poligono is not enhanced.

[2017-06-01 18:33:31 #7 type] 
Type dao.config.Semilla is not enhanced.

[2017-06-01 18:33:31 #8 type] 
Type dao.config.Cultivo is not enhanced.

------------------------------------------------------------------------------------------------------------------------

[2017-06-01 18:34:11 #1 store] 
Database 'C:\Users\quero\AppData\Roaming\$ursulaGIS.odb' has been recovered (tr. 100-102)

[2017-06-01 18:34:11 #2 store] 
Database 'C:\Users\quero\AppData\Roaming\$ursulaGIS.odb' is opened by 2068@dellRed

[2017-06-01 18:34:11 #3 type] 
Type dao.config.Lote is not enhanced.

[2017-06-01 18:34:11 #4 type] 
Type dao.config.Establecimiento is not enhanced.

[2017-06-01 18:34:11 #5 type] 
Type dao.config.Empresa is not enhanced.

[2017-06-01 18:34:11 #6 type] 
Type dao.config.Fertilizante is not enhanced.

[2017-06-01 18:34:11 #7 type] 
Type dao.Poligono is not enhanced.

[2017-06-01 18:34:11 #8 type] 
Type dao.config.Semilla is not enhanced.

[2017-06-01 18:34:11 #9 type] 
Type dao.config.Cultivo is not enhanced.

[2017-06-01 18:34:56 #10 type.registry] 
New type java.util.ArrayList<dao.config.Lote>

[2017-06-01 18:34:56 #11 type.registry] 
New type com.objectdb.o.LMT

[2017-06-01 18:34:56 #12 type.registry] 
New type com.objectdb.o.VAL

[2017-06-01 18:34:56 #13 type.registry] 
New type com.objectdb.o.RFV

------------------------------------------------------------------------------------------------------------------------

[2017-06-01 18:35:46 #1 store] 
Database 'C:\Users\quero\AppData\Roaming\$ursulaGIS.odb' has been recovered (tr. 103-105)

[2017-06-01 18:35:46 #2 store] 
Database 'C:\Users\quero\AppData\Roaming\$ursulaGIS.odb' is opened by 9220@dellRed

[2017-06-01 18:35:46 #3 type] 
Type dao.config.Lote is not enhanced.

[2017-06-01 18:35:46 #4 type] 
Type dao.config.Establecimiento is not enhanced.

[2017-06-01 18:35:46 #5 type] 
Type dao.config.Empresa is not enhanced.

[2017-06-01 18:35:46 #6 type] 
Type dao.config.Fertilizante is not enhanced.

[2017-06-01 18:35:46 #7 type] 
Type dao.Poligono is not enhanced.

[2017-06-01 18:35:46 #8 type] 
Type dao.config.Semilla is not enhanced.

[2017-06-01 18:35:46 #9 type] 
Type dao.config.Cultivo is not enhanced.

------------------------------------------------------------------------------------------------------------------------

[2017-06-01 18:46:58 #1 store] 
Database 'C:\Users\quero\AppData\Roaming\$ursulaGIS.odb' has been recovered (tr. 106-106)

[2017-06-01 18:46:58 #2 store] 
Database 'C:\Users\quero\AppData\Roaming\$ursulaGIS.odb' is opened by 11288@dellRed

[2017-06-01 18:46:58 #3 type] 
Type dao.config.Lote is not enhanced.

[2017-06-01 18:46:58 #4 type] 
Type dao.config.Establecimiento is not enhanced.

[2017-06-01 18:46:58 #5 type] 
Type dao.config.Empresa is not enhanced.

[2017-06-01 18:46:58 #6 type] 
Type dao.config.Fertilizante is not enhanced.

[2017-06-01 18:46:58 #7 type] 
Type dao.Poligono is not enhanced.

[2017-06-01 18:46:58 #8 type] 
Type dao.config.Semilla is not enhanced.

[2017-06-01 18:46:58 #9 type] 
Type dao.config.Cultivo is not enhanced.

------------------------------------------------------------------------------------------------------------------------

[2017-06-01 18:48:12 #1 store] 
Database 'C:\Users\quero\AppData\Roaming\$ursulaGIS.odb' has been recovered (tr. 107-107)

[2017-06-01 18:48:12 #2 store] 
Database 'C:\Users\quero\AppData\Roaming\$ursulaGIS.odb' is opened by 13560@dellRed

[2017-06-01 18:48:12 #3 type] 
Type dao.config.Lote is not enhanced.

[2017-06-01 18:48:12 #4 type] 
Type dao.config.Establecimiento is not enhanced.

[2017-06-01 18:48:12 #5 type] 
Type dao.config.Empresa is not enhanced.

[2017-06-01 18:48:12 #6 type] 
Type dao.config.Fertilizante is not enhanced.

[2017-06-01 18:48:12 #7 type] 
Type dao.Poligono is not enhanced.

[2017-06-01 18:48:12 #8 type] 
Type dao.config.Semilla is not enhanced.

[2017-06-01 18:48:12 #9 type] 
Type dao.config.Cultivo is not enhanced.

------------------------------------------------------------------------------------------------------------------------

[2017-06-01 18:51:56 #1 store] 
Database 'C:\Users\quero\AppData\Roaming\$ursulaGIS.odb' has been recovered (tr. 108-108)

[2017-06-01 18:51:56 #2 store] 
Database 'C:\Users\quero\AppData\Roaming\$ursulaGIS.odb' is opened by 10444@dellRed

[2017-06-01 18:51:56 #3 type] 
Type dao.config.Lote is not enhanced.

[2017-06-01 18:51:56 #4 type] 
Type dao.config.Establecimiento is not enhanced.

[2017-06-01 18:51:56 #5 type] 
Type dao.config.Empresa is not enhanced.

[2017-06-01 18:51:56 #6 type] 
Type dao.config.Fertilizante is not enhanced.

[2017-06-01 18:51:56 #7 type] 
Type dao.Poligono is not enhanced.

[2017-06-01 18:51:56 #8 type] 
Type dao.config.Semilla is not enhanced.

[2017-06-01 18:51:56 #9 type] 
Type dao.config.Cultivo is not enhanced.

------------------------------------------------------------------------------------------------------------------------

[2017-06-01 18:54:21 #1 store] 
Database 'C:\Users\quero\AppData\Roaming\$ursulaGIS.odb' has been recovered (tr. 109-109)

[2017-06-01 18:54:21 #2 store] 
Database 'C:\Users\quero\AppData\Roaming\$ursulaGIS.odb' is opened by 9020@dellRed

[2017-06-01 18:54:21 #3 type] 
Type dao.config.Lote is not enhanced.

[2017-06-01 18:54:21 #4 type] 
Type dao.config.Establecimiento is not enhanced.

[2017-06-01 18:54:21 #5 type] 
Type dao.config.Empresa is not enhanced.

[2017-06-01 18:54:21 #6 type] 
Type dao.config.Fertilizante is not enhanced.

[2017-06-01 18:54:21 #7 type] 
Type dao.Poligono is not enhanced.

[2017-06-01 18:54:21 #8 type] 
Type dao.config.Semilla is not enhanced.

[2017-06-01 18:54:21 #9 type] 
Type dao.config.Cultivo is not enhanced.

------------------------------------------------------------------------------------------------------------------------

[2017-06-01 18:56:02 #1 store] 
Database 'C:\Users\quero\AppData\Roaming\$ursulaGIS.odb' has been recovered (tr. 110-110)

[2017-06-01 18:56:02 #2 store] 
Database 'C:\Users\quero\AppData\Roaming\$ursulaGIS.odb' is opened by 4280@dellRed

[2017-06-01 18:56:02 #3 type] 
Type dao.config.Lote is not enhanced.

[2017-06-01 18:56:02 #4 type] 
Type dao.config.Establecimiento is not enhanced.

[2017-06-01 18:56:02 #5 type] 
Type dao.config.Empresa is not enhanced.

[2017-06-01 18:56:02 #6 type] 
Type dao.config.Fertilizante is not enhanced.

[2017-06-01 18:56:02 #7 type] 
Type dao.Poligono is not enhanced.

[2017-06-01 18:56:02 #8 type] 
Type dao.config.Semilla is not enhanced.

[2017-06-01 18:56:02 #9 type] 
Type dao.config.Cultivo is not enhanced.

------------------------------------------------------------------------------------------------------------------------

[2017-06-01 18:58:14 #1 store] 
Database 'C:\Users\quero\AppData\Roaming\$ursulaGIS.odb' is opened by 2012@dellRed

[2017-06-01 18:58:14 #2 type] 
Type dao.config.Lote is not enhanced.

[2017-06-01 18:58:14 #3 type] 
Type dao.config.Establecimiento is not enhanced.

[2017-06-01 18:58:14 #4 type] 
Type dao.config.Empresa is not enhanced.

[2017-06-01 18:58:14 #5 type] 
Type dao.config.Fertilizante is not enhanced.

[2017-06-01 18:58:14 #6 type] 
Type dao.Poligono is not enhanced.

[2017-06-01 18:58:14 #7 type] 
Type dao.config.Semilla is not enhanced.

[2017-06-01 18:58:14 #8 type] 
Type dao.config.Cultivo is not enhanced.

------------------------------------------------------------------------------------------------------------------------

[2017-06-01 19:03:34 #1 store] 
Database 'C:\Users\quero\AppData\Roaming\$ursulaGIS.odb' has been recovered (tr. 111-112)

[2017-06-01 19:03:34 #2 store] 
Database 'C:\Users\quero\AppData\Roaming\$ursulaGIS.odb' is opened by 14492@dellRed

[2017-06-01 19:03:34 #3 type] 
Type dao.config.Lote is not enhanced.

[2017-06-01 19:03:34 #4 type] 
Type dao.config.Establecimiento is not enhanced.

[2017-06-01 19:03:34 #5 type] 
Type dao.config.Empresa is not enhanced.

[2017-06-01 19:03:34 #6 type] 
Type dao.config.Fertilizante is not enhanced.

[2017-06-01 19:03:34 #7 type] 
Type dao.Poligono is not enhanced.

[2017-06-01 19:03:34 #8 type] 
Type dao.config.Semilla is not enhanced.

[2017-06-01 19:03:34 #9 type] 
Type dao.config.Cultivo is not enhanced.

------------------------------------------------------------------------------------------------------------------------

[2017-06-01 19:04:16 #1 store] 
Database 'C:\Users\quero\AppData\Roaming\$ursulaGIS.odb' has been recovered (tr. 113-113)

[2017-06-01 19:04:16 #2 store] 
Database 'C:\Users\quero\AppData\Roaming\$ursulaGIS.odb' is opened by 2820@dellRed

[2017-06-01 19:04:16 #3 type] 
Type dao.config.Lote is not enhanced.

[2017-06-01 19:04:16 #4 type] 
Type dao.config.Establecimiento is not enhanced.

[2017-06-01 19:04:16 #5 type] 
Type dao.config.Empresa is not enhanced.

[2017-06-01 19:04:16 #6 type] 
Type dao.config.Fertilizante is not enhanced.

[2017-06-01 19:04:16 #7 type] 
Type dao.Poligono is not enhanced.

[2017-06-01 19:04:16 #8 type] 
Type dao.config.Semilla is not enhanced.

[2017-06-01 19:04:16 #9 type] 
Type dao.config.Cultivo is not enhanced.

------------------------------------------------------------------------------------------------------------------------

[2017-06-01 19:06:57 #1 store] 
Database 'C:\Users\quero\AppData\Roaming\$ursulaGIS.odb' is opened by 2632@dellRed

[2017-06-01 19:06:57 #2 type] 
Type dao.config.Lote is not enhanced.

[2017-06-01 19:06:57 #3 type] 
Type dao.config.Establecimiento is not enhanced.

[2017-06-01 19:06:57 #4 type] 
Type dao.config.Empresa is not enhanced.

[2017-06-01 19:06:57 #5 type] 
Type dao.config.Fertilizante is not enhanced.

[2017-06-01 19:06:57 #6 type] 
Type dao.Poligono is not enhanced.

[2017-06-01 19:06:57 #7 type] 
Type dao.config.Semilla is not enhanced.

[2017-06-01 19:06:57 #8 type] 
Type dao.config.Cultivo is not enhanced.

------------------------------------------------------------------------------------------------------------------------

[2017-06-01 19:08:08 #1 store] 
Database 'C:\Users\quero\AppData\Roaming\$ursulaGIS.odb' is opened by 14732@dellRed

[2017-06-01 19:08:08 #2 type] 
Type dao.config.Lote is not enhanced.

[2017-06-01 19:08:08 #3 type] 
Type dao.config.Establecimiento is not enhanced.

[2017-06-01 19:08:08 #4 type] 
Type dao.config.Empresa is not enhanced.

[2017-06-01 19:08:08 #5 type] 
Type dao.config.Fertilizante is not enhanced.

[2017-06-01 19:08:08 #6 type] 
Type dao.Poligono is not enhanced.

[2017-06-01 19:08:08 #7 type] 
Type dao.config.Semilla is not enhanced.

[2017-06-01 19:08:08 #8 type] 
Type dao.config.Cultivo is not enhanced.

------------------------------------------------------------------------------------------------------------------------

[2017-06-01 19:09:32 #1 store] 
Database 'C:\Users\quero\AppData\Roaming\$ursulaGIS.odb' has been recovered (tr. 114-114)

[2017-06-01 19:09:32 #2 store] 
Database 'C:\Users\quero\AppData\Roaming\$ursulaGIS.odb' is opened by 3388@dellRed

[2017-06-01 19:09:32 #3 type] 
Type dao.config.Lote is not enhanced.

[2017-06-01 19:09:32 #4 type] 
Type dao.config.Establecimiento is not enhanced.

[2017-06-01 19:09:32 #5 type] 
Type dao.config.Empresa is not enhanced.

[2017-06-01 19:09:32 #6 type] 
Type dao.config.Fertilizante is not enhanced.

[2017-06-01 19:09:32 #7 type] 
Type dao.Poligono is not enhanced.

[2017-06-01 19:09:32 #8 type] 
Type dao.config.Semilla is not enhanced.

[2017-06-01 19:09:32 #9 type] 
Type dao.config.Cultivo is not enhanced.

------------------------------------------------------------------------------------------------------------------------

[2017-06-01 19:11:56 #1 store] 
Database 'C:\Users\quero\AppData\Roaming\$ursulaGIS.odb' is opened by 16144@dellRed

[2017-06-01 19:11:56 #2 type] 
Type dao.config.Lote is not enhanced.

[2017-06-01 19:11:56 #3 type] 
Type dao.config.Establecimiento is not enhanced.

[2017-06-01 19:11:56 #4 type] 
Type dao.config.Empresa is not enhanced.

[2017-06-01 19:11:56 #5 type] 
Type dao.config.Fertilizante is not enhanced.

[2017-06-01 19:11:56 #6 type] 
Type dao.Poligono is not enhanced.

[2017-06-01 19:11:56 #7 type] 
Type dao.config.Semilla is not enhanced.

[2017-06-01 19:11:56 #8 type] 
Type dao.config.Cultivo is not enhanced.

------------------------------------------------------------------------------------------------------------------------

[2017-06-01 19:12:46 #1 store] 
Database 'C:\Users\quero\AppData\Roaming\$ursulaGIS.odb' has been recovered (tr. 115-115)

[2017-06-01 19:12:47 #2 store] 
Database 'C:\Users\quero\AppData\Roaming\$ursulaGIS.odb' is opened by 15404@dellRed

[2017-06-01 19:12:47 #3 type] 
Type dao.config.Lote is not enhanced.

[2017-06-01 19:12:47 #4 type] 
Type dao.config.Establecimiento is not enhanced.

[2017-06-01 19:12:47 #5 type] 
Type dao.config.Empresa is not enhanced.

[2017-06-01 19:12:47 #6 type] 
Type dao.config.Fertilizante is not enhanced.

[2017-06-01 19:12:47 #7 type] 
Type dao.Poligono is not enhanced.

[2017-06-01 19:12:47 #8 type] 
Type dao.config.Semilla is not enhanced.

[2017-06-01 19:12:47 #9 type] 
Type dao.config.Cultivo is not enhanced.

------------------------------------------------------------------------------------------------------------------------

[2017-06-01 19:14:43 #1 store] 
Database 'C:\Users\quero\AppData\Roaming\$ursulaGIS.odb' has been recovered (tr. 116-116)

[2017-06-01 19:14:43 #2 store] 
Database 'C:\Users\quero\AppData\Roaming\$ursulaGIS.odb' is opened by 15436@dellRed

[2017-06-01 19:14:43 #3 type] 
Type dao.config.Lote is not enhanced.

[2017-06-01 19:14:43 #4 type] 
Type dao.config.Establecimiento is not enhanced.

[2017-06-01 19:14:43 #5 type] 
Type dao.config.Empresa is not enhanced.

[2017-06-01 19:14:43 #6 type] 
Type dao.config.Fertilizante is not enhanced.

[2017-06-01 19:14:43 #7 type] 
Type dao.Poligono is not enhanced.

[2017-06-01 19:14:43 #8 type] 
Type dao.config.Semilla is not enhanced.

[2017-06-01 19:14:43 #9 type] 
Type dao.config.Cultivo is not enhanced.

------------------------------------------------------------------------------------------------------------------------

[2017-06-01 19:15:03 #1 store] 
Database 'C:\Users\quero\AppData\Roaming\$ursulaGIS.odb' has been recovered (tr. 117-118)

[2017-06-01 19:15:03 #2 store] 
Database 'C:\Users\quero\AppData\Roaming\$ursulaGIS.odb' is opened by 3460@dellRed

[2017-06-01 19:15:03 #3 type] 
Type dao.config.Lote is not enhanced.

[2017-06-01 19:15:03 #4 type] 
Type dao.config.Establecimiento is not enhanced.

[2017-06-01 19:15:03 #5 type] 
Type dao.config.Empresa is not enhanced.

[2017-06-01 19:15:03 #6 type] 
Type dao.config.Fertilizante is not enhanced.

[2017-06-01 19:15:03 #7 type] 
Type dao.Poligono is not enhanced.

[2017-06-01 19:15:03 #8 type] 
Type dao.config.Semilla is not enhanced.

[2017-06-01 19:15:03 #9 type] 
Type dao.config.Cultivo is not enhanced.

------------------------------------------------------------------------------------------------------------------------

[2017-06-01 19:23:14 #1 store] 
Database 'C:\Users\quero\AppData\Roaming\$ursulaGIS.odb' is opened by 10800@dellRed

[2017-06-01 19:23:14 #2 type] 
Type dao.config.Lote is not enhanced.

[2017-06-01 19:23:14 #3 type] 
Type dao.config.Establecimiento is not enhanced.

[2017-06-01 19:23:14 #4 type] 
Type dao.config.Empresa is not enhanced.

[2017-06-01 19:23:14 #5 type] 
Type dao.config.Fertilizante is not enhanced.

[2017-06-01 19:23:14 #6 type] 
Type dao.Poligono is not enhanced.

[2017-06-01 19:23:14 #7 type] 
Type dao.config.Semilla is not enhanced.

[2017-06-01 19:23:14 #8 type] 
Type dao.config.Cultivo is not enhanced.

------------------------------------------------------------------------------------------------------------------------

[2017-06-01 19:23:58 #1 store] 
Database 'C:\Users\quero\AppData\Roaming\$ursulaGIS.odb' has been recovered (tr. 119-120)

[2017-06-01 19:23:58 #2 store] 
Database 'C:\Users\quero\AppData\Roaming\$ursulaGIS.odb' is opened by 4752@dellRed

[2017-06-01 19:23:58 #3 type] 
Type dao.config.Lote is not enhanced.

[2017-06-01 19:23:58 #4 type] 
Type dao.config.Establecimiento is not enhanced.

[2017-06-01 19:23:58 #5 type] 
Type dao.config.Empresa is not enhanced.

[2017-06-01 19:23:58 #6 type] 
Type dao.config.Fertilizante is not enhanced.

[2017-06-01 19:23:58 #7 type] 
Type dao.Poligono is not enhanced.

[2017-06-01 19:23:58 #8 type] 
Type dao.config.Semilla is not enhanced.

[2017-06-01 19:23:58 #9 type] 
Type dao.config.Cultivo is not enhanced.

------------------------------------------------------------------------------------------------------------------------

[2017-06-01 19:28:09 #1 store] 
Database 'C:\Users\quero\AppData\Roaming\$ursulaGIS.odb' is opened by 2832@dellRed

[2017-06-01 19:28:09 #2 type] 
Type dao.config.Lote is not enhanced.

[2017-06-01 19:28:09 #3 type] 
Type dao.config.Establecimiento is not enhanced.

[2017-06-01 19:28:09 #4 type] 
Type dao.config.Empresa is not enhanced.

[2017-06-01 19:28:09 #5 type] 
Type dao.config.Fertilizante is not enhanced.

[2017-06-01 19:28:09 #6 type] 
Type dao.Poligono is not enhanced.

[2017-06-01 19:28:09 #7 type] 
Type dao.config.Semilla is not enhanced.

[2017-06-01 19:28:09 #8 type] 
Type dao.config.Cultivo is not enhanced.

------------------------------------------------------------------------------------------------------------------------

[2017-06-01 19:29:42 #1 store] 
Database 'C:\Users\quero\AppData\Roaming\$ursulaGIS.odb' has been recovered (tr. 121-129)

[2017-06-01 19:29:43 #2 store] 
Database 'C:\Users\quero\AppData\Roaming\$ursulaGIS.odb' is opened by 12160@dellRed

[2017-06-01 19:29:43 #3 type] 
Type dao.config.Lote is not enhanced.

[2017-06-01 19:29:43 #4 type] 
Type dao.config.Establecimiento is not enhanced.

[2017-06-01 19:29:43 #5 type] 
Type dao.config.Empresa is not enhanced.

[2017-06-01 19:29:43 #6 type] 
Type dao.config.Fertilizante is not enhanced.

[2017-06-01 19:29:43 #7 type] 
Type dao.Poligono is not enhanced.

[2017-06-01 19:29:43 #8 type] 
Type dao.config.Semilla is not enhanced.

[2017-06-01 19:29:43 #9 type] 
Type dao.config.Cultivo is not enhanced.

