------------------------------------------------------------------------------------------------------------------------

[2017-06-03 00:53:10 #1 store] 
Database 'C:\Users\quero\AppData\Roaming\$ursulaGIS.odb' is opened by 4184@dellRed

[2017-06-03 00:53:10 #2 type] 
Type dao.config.Lote is not enhanced.

[2017-06-03 00:53:10 #3 type] 
Type dao.config.Establecimiento is not enhanced.

[2017-06-03 00:53:10 #4 type] 
Type dao.config.Empresa is not enhanced.

[2017-06-03 00:53:10 #5 type] 
Type dao.config.Fertilizante is not enhanced.

[2017-06-03 00:53:10 #6 type] 
Type dao.Poligono is not enhanced.

[2017-06-03 00:53:10 #7 type] 
Type dao.config.Semilla is not enhanced.

[2017-06-03 00:53:10 #8 type] 
Type dao.config.Cultivo is not enhanced.

[2017-06-03 00:53:10 #9 type] 
Type dao.config.Campania is not enhanced.

------------------------------------------------------------------------------------------------------------------------

[2017-06-03 01:04:49 #1 store] 
Database 'C:\Users\quero\AppData\Roaming\$ursulaGIS.odb' is opened by 7256@dellRed

[2017-06-03 01:04:49 #2 type] 
Type dao.config.Lote is not enhanced.

[2017-06-03 01:04:49 #3 type] 
Type dao.config.Establecimiento is not enhanced.

[2017-06-03 01:04:49 #4 type] 
Type dao.config.Empresa is not enhanced.

[2017-06-03 01:04:49 #5 type] 
Type dao.config.Fertilizante is not enhanced.

[2017-06-03 01:04:49 #6 type] 
Type dao.Poligono is not enhanced.

[2017-06-03 01:04:49 #7 type] 
Type dao.config.Semilla is not enhanced.

[2017-06-03 01:04:49 #8 type] 
Type dao.config.Cultivo is not enhanced.

[2017-06-03 01:04:49 #9 type] 
Type dao.config.Campania is not enhanced.

------------------------------------------------------------------------------------------------------------------------

[2017-06-03 01:25:07 #1 store] 
Database 'C:\Users\quero\AppData\Roaming\$ursulaGIS.odb' is opened by 16276@dellRed

[2017-06-03 01:25:07 #2 type] 
Type dao.config.Lote is not enhanced.

[2017-06-03 01:25:07 #3 type] 
Type dao.config.Establecimiento is not enhanced.

[2017-06-03 01:25:07 #4 type] 
Type dao.config.Empresa is not enhanced.

[2017-06-03 01:25:07 #5 type] 
Type dao.config.Fertilizante is not enhanced.

[2017-06-03 01:25:07 #6 type] 
Type dao.Poligono is not enhanced.

[2017-06-03 01:25:07 #7 type] 
Type dao.config.Semilla is not enhanced.

[2017-06-03 01:25:08 #8 type] 
Type dao.config.Cultivo is not enhanced.

[2017-06-03 01:25:08 #9 type] 
Type dao.config.Campania is not enhanced.

------------------------------------------------------------------------------------------------------------------------

[2017-06-03 01:27:09 #1 store] 
Database 'C:\Users\quero\AppData\Roaming\$ursulaGIS.odb' is opened by 9824@dellRed

[2017-06-03 01:27:09 #2 type] 
Type dao.config.Lote is not enhanced.

[2017-06-03 01:27:09 #3 type] 
Type dao.config.Establecimiento is not enhanced.

[2017-06-03 01:27:09 #4 type] 
Type dao.config.Empresa is not enhanced.

[2017-06-03 01:27:09 #5 type] 
Type dao.config.Fertilizante is not enhanced.

[2017-06-03 01:27:09 #6 type] 
Type dao.Poligono is not enhanced.

[2017-06-03 01:27:09 #7 type] 
Type dao.config.Semilla is not enhanced.

[2017-06-03 01:27:09 #8 type] 
Type dao.config.Cultivo is not enhanced.

[2017-06-03 01:27:09 #9 type] 
Type dao.config.Campania is not enhanced.

------------------------------------------------------------------------------------------------------------------------

[2017-06-03 01:29:14 #1 store] 
Database 'C:\Users\quero\AppData\Roaming\$ursulaGIS.odb' is opened by 13904@dellRed

[2017-06-03 01:29:14 #2 type] 
Type dao.config.Lote is not enhanced.

[2017-06-03 01:29:14 #3 type] 
Type dao.config.Establecimiento is not enhanced.

[2017-06-03 01:29:14 #4 type] 
Type dao.config.Empresa is not enhanced.

[2017-06-03 01:29:14 #5 type] 
Type dao.config.Fertilizante is not enhanced.

[2017-06-03 01:29:14 #6 type] 
Type dao.Poligono is not enhanced.

[2017-06-03 01:29:14 #7 type] 
Type dao.config.Semilla is not enhanced.

[2017-06-03 01:29:14 #8 type] 
Type dao.config.Cultivo is not enhanced.

[2017-06-03 01:29:14 #9 type] 
Type dao.config.Campania is not enhanced.

------------------------------------------------------------------------------------------------------------------------

[2017-06-03 01:31:44 #1 store] 
Database 'C:\Users\quero\AppData\Roaming\$ursulaGIS.odb' is opened by 15120@dellRed

[2017-06-03 01:31:44 #2 type] 
Type dao.config.Lote is not enhanced.

[2017-06-03 01:31:44 #3 type] 
Type dao.config.Establecimiento is not enhanced.

[2017-06-03 01:31:44 #4 type] 
Type dao.config.Empresa is not enhanced.

[2017-06-03 01:31:44 #5 type] 
Type dao.config.Fertilizante is not enhanced.

[2017-06-03 01:31:44 #6 type] 
Type dao.Poligono is not enhanced.

[2017-06-03 01:31:44 #7 type] 
Type dao.config.Semilla is not enhanced.

[2017-06-03 01:31:44 #8 type] 
Type dao.config.Cultivo is not enhanced.

[2017-06-03 01:31:44 #9 type] 
Type dao.config.Campania is not enhanced.

------------------------------------------------------------------------------------------------------------------------

[2017-06-03 01:42:30 #1 store] 
Database 'C:\Users\quero\AppData\Roaming\$ursulaGIS.odb' is opened by 5588@dellRed

[2017-06-03 01:42:30 #2 type] 
Type dao.config.Lote is not enhanced.

[2017-06-03 01:42:30 #3 type] 
Type dao.config.Establecimiento is not enhanced.

[2017-06-03 01:42:30 #4 type] 
Type dao.config.Empresa is not enhanced.

[2017-06-03 01:42:30 #5 type] 
Type dao.config.Fertilizante is not enhanced.

[2017-06-03 01:42:30 #6 type] 
Type dao.Poligono is not enhanced.

[2017-06-03 01:42:30 #7 type] 
Type dao.config.Semilla is not enhanced.

[2017-06-03 01:42:30 #8 type] 
Type dao.config.Cultivo is not enhanced.

[2017-06-03 01:42:30 #9 type] 
Type dao.config.Campania is not enhanced.

------------------------------------------------------------------------------------------------------------------------

[2017-06-03 01:55:18 #1 store] 
Database 'C:\Users\quero\AppData\Roaming\$ursulaGIS.odb' is opened by 16284@dellRed

[2017-06-03 01:55:18 #2 type] 
Type dao.config.Lote is not enhanced.

[2017-06-03 01:55:18 #3 type] 
Type dao.config.Establecimiento is not enhanced.

[2017-06-03 01:55:18 #4 type] 
Type dao.config.Empresa is not enhanced.

[2017-06-03 01:55:18 #5 type] 
Type dao.config.Fertilizante is not enhanced.

[2017-06-03 01:55:18 #6 type] 
Type dao.Poligono is not enhanced.

[2017-06-03 01:55:18 #7 type] 
Type dao.config.Semilla is not enhanced.

[2017-06-03 01:55:18 #8 type] 
Type dao.config.Cultivo is not enhanced.

[2017-06-03 01:55:18 #9 type] 
Type dao.config.Campania is not enhanced.

------------------------------------------------------------------------------------------------------------------------

[2017-06-03 01:57:13 #1 store] 
Database 'C:\Users\quero\AppData\Roaming\$ursulaGIS.odb' is opened by 8612@dellRed

[2017-06-03 01:57:13 #2 type] 
Type dao.config.Lote is not enhanced.

[2017-06-03 01:57:13 #3 type] 
Type dao.config.Establecimiento is not enhanced.

[2017-06-03 01:57:13 #4 type] 
Type dao.config.Empresa is not enhanced.

[2017-06-03 01:57:13 #5 type] 
Type dao.config.Fertilizante is not enhanced.

[2017-06-03 01:57:13 #6 type] 
Type dao.Poligono is not enhanced.

[2017-06-03 01:57:13 #7 type] 
Type dao.config.Semilla is not enhanced.

[2017-06-03 01:57:13 #8 type] 
Type dao.config.Cultivo is not enhanced.

[2017-06-03 01:57:13 #9 type] 
Type dao.config.Campania is not enhanced.

